ERROR - 2022-06-02 00:46:18 --> Column 'last_updated_by' cannot be null
CRITICAL - 2022-06-02 02:41:19 --> Call to a member function getExtension() on array
#0 C:\xampp\htdocs\oee-module_new\system\CodeIgniter.php(825): App\Controllers\Home->UploadDowntime('Settings_Goals_...')
#1 C:\xampp\htdocs\oee-module_new\system\CodeIgniter.php(412): CodeIgniter\CodeIgniter->runController(Object(App\Controllers\Home))
#2 C:\xampp\htdocs\oee-module_new\system\CodeIgniter.php(320): CodeIgniter\CodeIgniter->handleRequest(NULL, Object(Config\Cache), false)
#3 C:\xampp\htdocs\oee-module_new\index.php(37): CodeIgniter\CodeIgniter->run()
#4 {main}
CRITICAL - 2022-06-02 02:41:39 --> Call to a member function getExtension() on array
#0 C:\xampp\htdocs\oee-module_new\system\CodeIgniter.php(825): App\Controllers\Home->UploadDowntime('Settings_Goals_...')
#1 C:\xampp\htdocs\oee-module_new\system\CodeIgniter.php(412): CodeIgniter\CodeIgniter->runController(Object(App\Controllers\Home))
#2 C:\xampp\htdocs\oee-module_new\system\CodeIgniter.php(320): CodeIgniter\CodeIgniter->handleRequest(NULL, Object(Config\Cache), false)
#3 C:\xampp\htdocs\oee-module_new\index.php(37): CodeIgniter\CodeIgniter->run()
#4 {main}
CRITICAL - 2022-06-02 02:42:08 --> Call to a member function getExtension() on array
#0 C:\xampp\htdocs\oee-module_new\system\CodeIgniter.php(825): App\Controllers\Home->UploadDowntime('Settings_Goals_...')
#1 C:\xampp\htdocs\oee-module_new\system\CodeIgniter.php(412): CodeIgniter\CodeIgniter->runController(Object(App\Controllers\Home))
#2 C:\xampp\htdocs\oee-module_new\system\CodeIgniter.php(320): CodeIgniter\CodeIgniter->handleRequest(NULL, Object(Config\Cache), false)
#3 C:\xampp\htdocs\oee-module_new\index.php(37): CodeIgniter\CodeIgniter->run()
#4 {main}
CRITICAL - 2022-06-02 09:32:01 --> Invalid file: javascript;;.php
#0 C:\xampp\htdocs\oee-module_new\system\View\View.php(198): CodeIgniter\Exceptions\FrameworkException::forInvalidFile('javascript;;.ph...')
#1 C:\xampp\htdocs\oee-module_new\system\Common.php(1089): CodeIgniter\View\View->render('javascript;;', Array, true)
#2 C:\xampp\htdocs\oee-module_new\app\Views\Grafana_Home.php(254): view('javascript;;', Array)
#3 C:\xampp\htdocs\oee-module_new\system\View\View.php(210): include('C:\\xampp\\htdocs...')
#4 C:\xampp\htdocs\oee-module_new\system\View\View.php(213): CodeIgniter\View\View->CodeIgniter\View\{closure}()
#5 C:\xampp\htdocs\oee-module_new\system\Common.php(1089): CodeIgniter\View\View->render('Grafana_Home', Array, true)
#6 C:\xampp\htdocs\oee-module_new\app\Controllers\Home.php(41): view('Grafana_Home', Array)
#7 C:\xampp\htdocs\oee-module_new\system\CodeIgniter.php(825): App\Controllers\Home->dashboard('javascript;;')
#8 C:\xampp\htdocs\oee-module_new\system\CodeIgniter.php(412): CodeIgniter\CodeIgniter->runController(Object(App\Controllers\Home))
#9 C:\xampp\htdocs\oee-module_new\system\CodeIgniter.php(320): CodeIgniter\CodeIgniter->handleRequest(NULL, Object(Config\Cache), false)
#10 C:\xampp\htdocs\oee-module_new\index.php(37): CodeIgniter\CodeIgniter->run()
#11 {main}
CRITICAL - 2022-06-02 09:34:07 --> Invalid file: javascript;;.php
#0 C:\xampp\htdocs\oee-module_new\system\View\View.php(198): CodeIgniter\Exceptions\FrameworkException::forInvalidFile('javascript;;.ph...')
#1 C:\xampp\htdocs\oee-module_new\system\Common.php(1089): CodeIgniter\View\View->render('javascript;;', Array, true)
#2 C:\xampp\htdocs\oee-module_new\app\Views\Grafana_Home.php(254): view('javascript;;', Array)
#3 C:\xampp\htdocs\oee-module_new\system\View\View.php(210): include('C:\\xampp\\htdocs...')
#4 C:\xampp\htdocs\oee-module_new\system\View\View.php(213): CodeIgniter\View\View->CodeIgniter\View\{closure}()
#5 C:\xampp\htdocs\oee-module_new\system\Common.php(1089): CodeIgniter\View\View->render('Grafana_Home', Array, true)
#6 C:\xampp\htdocs\oee-module_new\app\Controllers\Home.php(41): view('Grafana_Home', Array)
#7 C:\xampp\htdocs\oee-module_new\system\CodeIgniter.php(825): App\Controllers\Home->dashboard('javascript;;')
#8 C:\xampp\htdocs\oee-module_new\system\CodeIgniter.php(412): CodeIgniter\CodeIgniter->runController(Object(App\Controllers\Home))
#9 C:\xampp\htdocs\oee-module_new\system\CodeIgniter.php(320): CodeIgniter\CodeIgniter->handleRequest(NULL, Object(Config\Cache), false)
#10 C:\xampp\htdocs\oee-module_new\index.php(37): CodeIgniter\CodeIgniter->run()
#11 {main}
CRITICAL - 2022-06-02 09:54:01 --> Invalid file: javascript;;.php
#0 C:\xampp\htdocs\oee-module_new\system\View\View.php(198): CodeIgniter\Exceptions\FrameworkException::forInvalidFile('javascript;;.ph...')
#1 C:\xampp\htdocs\oee-module_new\system\Common.php(1089): CodeIgniter\View\View->render('javascript;;', Array, true)
#2 C:\xampp\htdocs\oee-module_new\app\Views\Grafana_Home.php(254): view('javascript;;', Array)
#3 C:\xampp\htdocs\oee-module_new\system\View\View.php(210): include('C:\\xampp\\htdocs...')
#4 C:\xampp\htdocs\oee-module_new\system\View\View.php(213): CodeIgniter\View\View->CodeIgniter\View\{closure}()
#5 C:\xampp\htdocs\oee-module_new\system\Common.php(1089): CodeIgniter\View\View->render('Grafana_Home', Array, true)
#6 C:\xampp\htdocs\oee-module_new\app\Controllers\Home.php(41): view('Grafana_Home', Array)
#7 C:\xampp\htdocs\oee-module_new\system\CodeIgniter.php(825): App\Controllers\Home->dashboard('javascript;;')
#8 C:\xampp\htdocs\oee-module_new\system\CodeIgniter.php(412): CodeIgniter\CodeIgniter->runController(Object(App\Controllers\Home))
#9 C:\xampp\htdocs\oee-module_new\system\CodeIgniter.php(320): CodeIgniter\CodeIgniter->handleRequest(NULL, Object(Config\Cache), false)
#10 C:\xampp\htdocs\oee-module_new\index.php(37): CodeIgniter\CodeIgniter->run()
#11 {main}
CRITICAL - 2022-06-02 09:54:57 --> Invalid file: javascript;;.php
#0 C:\xampp\htdocs\oee-module_new\system\View\View.php(198): CodeIgniter\Exceptions\FrameworkException::forInvalidFile('javascript;;.ph...')
#1 C:\xampp\htdocs\oee-module_new\system\Common.php(1089): CodeIgniter\View\View->render('javascript;;', Array, true)
#2 C:\xampp\htdocs\oee-module_new\app\Views\Grafana_Home.php(254): view('javascript;;', Array)
#3 C:\xampp\htdocs\oee-module_new\system\View\View.php(210): include('C:\\xampp\\htdocs...')
#4 C:\xampp\htdocs\oee-module_new\system\View\View.php(213): CodeIgniter\View\View->CodeIgniter\View\{closure}()
#5 C:\xampp\htdocs\oee-module_new\system\Common.php(1089): CodeIgniter\View\View->render('Grafana_Home', Array, true)
#6 C:\xampp\htdocs\oee-module_new\app\Controllers\Home.php(41): view('Grafana_Home', Array)
#7 C:\xampp\htdocs\oee-module_new\system\CodeIgniter.php(825): App\Controllers\Home->dashboard('javascript;;')
#8 C:\xampp\htdocs\oee-module_new\system\CodeIgniter.php(412): CodeIgniter\CodeIgniter->runController(Object(App\Controllers\Home))
#9 C:\xampp\htdocs\oee-module_new\system\CodeIgniter.php(320): CodeIgniter\CodeIgniter->handleRequest(NULL, Object(Config\Cache), false)
#10 C:\xampp\htdocs\oee-module_new\index.php(37): CodeIgniter\CodeIgniter->run()
#11 {main}
CRITICAL - 2022-06-02 09:54:58 --> Invalid file: javascript;;.php
#0 C:\xampp\htdocs\oee-module_new\system\View\View.php(198): CodeIgniter\Exceptions\FrameworkException::forInvalidFile('javascript;;.ph...')
#1 C:\xampp\htdocs\oee-module_new\system\Common.php(1089): CodeIgniter\View\View->render('javascript;;', Array, true)
#2 C:\xampp\htdocs\oee-module_new\app\Views\Grafana_Home.php(254): view('javascript;;', Array)
#3 C:\xampp\htdocs\oee-module_new\system\View\View.php(210): include('C:\\xampp\\htdocs...')
#4 C:\xampp\htdocs\oee-module_new\system\View\View.php(213): CodeIgniter\View\View->CodeIgniter\View\{closure}()
#5 C:\xampp\htdocs\oee-module_new\system\Common.php(1089): CodeIgniter\View\View->render('Grafana_Home', Array, true)
#6 C:\xampp\htdocs\oee-module_new\app\Controllers\Home.php(41): view('Grafana_Home', Array)
#7 C:\xampp\htdocs\oee-module_new\system\CodeIgniter.php(825): App\Controllers\Home->dashboard('javascript;;')
#8 C:\xampp\htdocs\oee-module_new\system\CodeIgniter.php(412): CodeIgniter\CodeIgniter->runController(Object(App\Controllers\Home))
#9 C:\xampp\htdocs\oee-module_new\system\CodeIgniter.php(320): CodeIgniter\CodeIgniter->handleRequest(NULL, Object(Config\Cache), false)
#10 C:\xampp\htdocs\oee-module_new\index.php(37): CodeIgniter\CodeIgniter->run()
#11 {main}
CRITICAL - 2022-06-02 09:55:42 --> Invalid file: javascript;;.php
#0 C:\xampp\htdocs\oee-module_new\system\View\View.php(198): CodeIgniter\Exceptions\FrameworkException::forInvalidFile('javascript;;.ph...')
#1 C:\xampp\htdocs\oee-module_new\system\Common.php(1089): CodeIgniter\View\View->render('javascript;;', Array, true)
#2 C:\xampp\htdocs\oee-module_new\app\Views\Grafana_Home.php(254): view('javascript;;', Array)
#3 C:\xampp\htdocs\oee-module_new\system\View\View.php(210): include('C:\\xampp\\htdocs...')
#4 C:\xampp\htdocs\oee-module_new\system\View\View.php(213): CodeIgniter\View\View->CodeIgniter\View\{closure}()
#5 C:\xampp\htdocs\oee-module_new\system\Common.php(1089): CodeIgniter\View\View->render('Grafana_Home', Array, true)
#6 C:\xampp\htdocs\oee-module_new\app\Controllers\Home.php(41): view('Grafana_Home', Array)
#7 C:\xampp\htdocs\oee-module_new\system\CodeIgniter.php(825): App\Controllers\Home->dashboard('javascript;;')
#8 C:\xampp\htdocs\oee-module_new\system\CodeIgniter.php(412): CodeIgniter\CodeIgniter->runController(Object(App\Controllers\Home))
#9 C:\xampp\htdocs\oee-module_new\system\CodeIgniter.php(320): CodeIgniter\CodeIgniter->handleRequest(NULL, Object(Config\Cache), false)
#10 C:\xampp\htdocs\oee-module_new\index.php(37): CodeIgniter\CodeIgniter->run()
#11 {main}
CRITICAL - 2022-06-02 09:55:43 --> Invalid file: javascript;;.php
#0 C:\xampp\htdocs\oee-module_new\system\View\View.php(198): CodeIgniter\Exceptions\FrameworkException::forInvalidFile('javascript;;.ph...')
#1 C:\xampp\htdocs\oee-module_new\system\Common.php(1089): CodeIgniter\View\View->render('javascript;;', Array, true)
#2 C:\xampp\htdocs\oee-module_new\app\Views\Grafana_Home.php(254): view('javascript;;', Array)
#3 C:\xampp\htdocs\oee-module_new\system\View\View.php(210): include('C:\\xampp\\htdocs...')
#4 C:\xampp\htdocs\oee-module_new\system\View\View.php(213): CodeIgniter\View\View->CodeIgniter\View\{closure}()
#5 C:\xampp\htdocs\oee-module_new\system\Common.php(1089): CodeIgniter\View\View->render('Grafana_Home', Array, true)
#6 C:\xampp\htdocs\oee-module_new\app\Controllers\Home.php(41): view('Grafana_Home', Array)
#7 C:\xampp\htdocs\oee-module_new\system\CodeIgniter.php(825): App\Controllers\Home->dashboard('javascript;;')
#8 C:\xampp\htdocs\oee-module_new\system\CodeIgniter.php(412): CodeIgniter\CodeIgniter->runController(Object(App\Controllers\Home))
#9 C:\xampp\htdocs\oee-module_new\system\CodeIgniter.php(320): CodeIgniter\CodeIgniter->handleRequest(NULL, Object(Config\Cache), false)
#10 C:\xampp\htdocs\oee-module_new\index.php(37): CodeIgniter\CodeIgniter->run()
#11 {main}
CRITICAL - 2022-06-02 09:55:43 --> Invalid file: javascript;;.php
#0 C:\xampp\htdocs\oee-module_new\system\View\View.php(198): CodeIgniter\Exceptions\FrameworkException::forInvalidFile('javascript;;.ph...')
#1 C:\xampp\htdocs\oee-module_new\system\Common.php(1089): CodeIgniter\View\View->render('javascript;;', Array, true)
#2 C:\xampp\htdocs\oee-module_new\app\Views\Grafana_Home.php(254): view('javascript;;', Array)
#3 C:\xampp\htdocs\oee-module_new\system\View\View.php(210): include('C:\\xampp\\htdocs...')
#4 C:\xampp\htdocs\oee-module_new\system\View\View.php(213): CodeIgniter\View\View->CodeIgniter\View\{closure}()
#5 C:\xampp\htdocs\oee-module_new\system\Common.php(1089): CodeIgniter\View\View->render('Grafana_Home', Array, true)
#6 C:\xampp\htdocs\oee-module_new\app\Controllers\Home.php(41): view('Grafana_Home', Array)
#7 C:\xampp\htdocs\oee-module_new\system\CodeIgniter.php(825): App\Controllers\Home->dashboard('javascript;;')
#8 C:\xampp\htdocs\oee-module_new\system\CodeIgniter.php(412): CodeIgniter\CodeIgniter->runController(Object(App\Controllers\Home))
#9 C:\xampp\htdocs\oee-module_new\system\CodeIgniter.php(320): CodeIgniter\CodeIgniter->handleRequest(NULL, Object(Config\Cache), false)
#10 C:\xampp\htdocs\oee-module_new\index.php(37): CodeIgniter\CodeIgniter->run()
#11 {main}
CRITICAL - 2022-06-02 09:55:43 --> Invalid file: javascript;;.php
#0 C:\xampp\htdocs\oee-module_new\system\View\View.php(198): CodeIgniter\Exceptions\FrameworkException::forInvalidFile('javascript;;.ph...')
#1 C:\xampp\htdocs\oee-module_new\system\Common.php(1089): CodeIgniter\View\View->render('javascript;;', Array, true)
#2 C:\xampp\htdocs\oee-module_new\app\Views\Grafana_Home.php(254): view('javascript;;', Array)
#3 C:\xampp\htdocs\oee-module_new\system\View\View.php(210): include('C:\\xampp\\htdocs...')
#4 C:\xampp\htdocs\oee-module_new\system\View\View.php(213): CodeIgniter\View\View->CodeIgniter\View\{closure}()
#5 C:\xampp\htdocs\oee-module_new\system\Common.php(1089): CodeIgniter\View\View->render('Grafana_Home', Array, true)
#6 C:\xampp\htdocs\oee-module_new\app\Controllers\Home.php(41): view('Grafana_Home', Array)
#7 C:\xampp\htdocs\oee-module_new\system\CodeIgniter.php(825): App\Controllers\Home->dashboard('javascript;;')
#8 C:\xampp\htdocs\oee-module_new\system\CodeIgniter.php(412): CodeIgniter\CodeIgniter->runController(Object(App\Controllers\Home))
#9 C:\xampp\htdocs\oee-module_new\system\CodeIgniter.php(320): CodeIgniter\CodeIgniter->handleRequest(NULL, Object(Config\Cache), false)
#10 C:\xampp\htdocs\oee-module_new\index.php(37): CodeIgniter\CodeIgniter->run()
#11 {main}
CRITICAL - 2022-06-02 09:58:07 --> Invalid file: javascript;;.php
#0 C:\xampp\htdocs\oee-module_new\system\View\View.php(198): CodeIgniter\Exceptions\FrameworkException::forInvalidFile('javascript;;.ph...')
#1 C:\xampp\htdocs\oee-module_new\system\Common.php(1089): CodeIgniter\View\View->render('javascript;;', Array, true)
#2 C:\xampp\htdocs\oee-module_new\app\Views\Grafana_Home.php(254): view('javascript;;', Array)
#3 C:\xampp\htdocs\oee-module_new\system\View\View.php(210): include('C:\\xampp\\htdocs...')
#4 C:\xampp\htdocs\oee-module_new\system\View\View.php(213): CodeIgniter\View\View->CodeIgniter\View\{closure}()
#5 C:\xampp\htdocs\oee-module_new\system\Common.php(1089): CodeIgniter\View\View->render('Grafana_Home', Array, true)
#6 C:\xampp\htdocs\oee-module_new\app\Controllers\Home.php(41): view('Grafana_Home', Array)
#7 C:\xampp\htdocs\oee-module_new\system\CodeIgniter.php(825): App\Controllers\Home->dashboard('javascript;;')
#8 C:\xampp\htdocs\oee-module_new\system\CodeIgniter.php(412): CodeIgniter\CodeIgniter->runController(Object(App\Controllers\Home))
#9 C:\xampp\htdocs\oee-module_new\system\CodeIgniter.php(320): CodeIgniter\CodeIgniter->handleRequest(NULL, Object(Config\Cache), false)
#10 C:\xampp\htdocs\oee-module_new\index.php(37): CodeIgniter\CodeIgniter->run()
#11 {main}
CRITICAL - 2022-06-02 09:58:21 --> Invalid file: javascript;;.php
#0 C:\xampp\htdocs\oee-module_new\system\View\View.php(198): CodeIgniter\Exceptions\FrameworkException::forInvalidFile('javascript;;.ph...')
#1 C:\xampp\htdocs\oee-module_new\system\Common.php(1089): CodeIgniter\View\View->render('javascript;;', Array, true)
#2 C:\xampp\htdocs\oee-module_new\app\Views\Grafana_Home.php(254): view('javascript;;', Array)
#3 C:\xampp\htdocs\oee-module_new\system\View\View.php(210): include('C:\\xampp\\htdocs...')
#4 C:\xampp\htdocs\oee-module_new\system\View\View.php(213): CodeIgniter\View\View->CodeIgniter\View\{closure}()
#5 C:\xampp\htdocs\oee-module_new\system\Common.php(1089): CodeIgniter\View\View->render('Grafana_Home', Array, true)
#6 C:\xampp\htdocs\oee-module_new\app\Controllers\Home.php(41): view('Grafana_Home', Array)
#7 C:\xampp\htdocs\oee-module_new\system\CodeIgniter.php(825): App\Controllers\Home->dashboard('javascript;;')
#8 C:\xampp\htdocs\oee-module_new\system\CodeIgniter.php(412): CodeIgniter\CodeIgniter->runController(Object(App\Controllers\Home))
#9 C:\xampp\htdocs\oee-module_new\system\CodeIgniter.php(320): CodeIgniter\CodeIgniter->handleRequest(NULL, Object(Config\Cache), false)
#10 C:\xampp\htdocs\oee-module_new\index.php(37): CodeIgniter\CodeIgniter->run()
#11 {main}
CRITICAL - 2022-06-02 09:58:22 --> Invalid file: javascript;;.php
#0 C:\xampp\htdocs\oee-module_new\system\View\View.php(198): CodeIgniter\Exceptions\FrameworkException::forInvalidFile('javascript;;.ph...')
#1 C:\xampp\htdocs\oee-module_new\system\Common.php(1089): CodeIgniter\View\View->render('javascript;;', Array, true)
#2 C:\xampp\htdocs\oee-module_new\app\Views\Grafana_Home.php(254): view('javascript;;', Array)
#3 C:\xampp\htdocs\oee-module_new\system\View\View.php(210): include('C:\\xampp\\htdocs...')
#4 C:\xampp\htdocs\oee-module_new\system\View\View.php(213): CodeIgniter\View\View->CodeIgniter\View\{closure}()
#5 C:\xampp\htdocs\oee-module_new\system\Common.php(1089): CodeIgniter\View\View->render('Grafana_Home', Array, true)
#6 C:\xampp\htdocs\oee-module_new\app\Controllers\Home.php(41): view('Grafana_Home', Array)
#7 C:\xampp\htdocs\oee-module_new\system\CodeIgniter.php(825): App\Controllers\Home->dashboard('javascript;;')
#8 C:\xampp\htdocs\oee-module_new\system\CodeIgniter.php(412): CodeIgniter\CodeIgniter->runController(Object(App\Controllers\Home))
#9 C:\xampp\htdocs\oee-module_new\system\CodeIgniter.php(320): CodeIgniter\CodeIgniter->handleRequest(NULL, Object(Config\Cache), false)
#10 C:\xampp\htdocs\oee-module_new\index.php(37): CodeIgniter\CodeIgniter->run()
#11 {main}
CRITICAL - 2022-06-02 10:00:06 --> Invalid file: javascript;;.php
#0 C:\xampp\htdocs\oee-module_new\system\View\View.php(198): CodeIgniter\Exceptions\FrameworkException::forInvalidFile('javascript;;.ph...')
#1 C:\xampp\htdocs\oee-module_new\system\Common.php(1089): CodeIgniter\View\View->render('javascript;;', Array, true)
#2 C:\xampp\htdocs\oee-module_new\app\Views\Grafana_Home.php(256): view('javascript;;', Array)
#3 C:\xampp\htdocs\oee-module_new\system\View\View.php(210): include('C:\\xampp\\htdocs...')
#4 C:\xampp\htdocs\oee-module_new\system\View\View.php(213): CodeIgniter\View\View->CodeIgniter\View\{closure}()
#5 C:\xampp\htdocs\oee-module_new\system\Common.php(1089): CodeIgniter\View\View->render('Grafana_Home', Array, true)
#6 C:\xampp\htdocs\oee-module_new\app\Controllers\Home.php(41): view('Grafana_Home', Array)
#7 C:\xampp\htdocs\oee-module_new\system\CodeIgniter.php(825): App\Controllers\Home->dashboard('javascript;;')
#8 C:\xampp\htdocs\oee-module_new\system\CodeIgniter.php(412): CodeIgniter\CodeIgniter->runController(Object(App\Controllers\Home))
#9 C:\xampp\htdocs\oee-module_new\system\CodeIgniter.php(320): CodeIgniter\CodeIgniter->handleRequest(NULL, Object(Config\Cache), false)
#10 C:\xampp\htdocs\oee-module_new\index.php(37): CodeIgniter\CodeIgniter->run()
#11 {main}
CRITICAL - 2022-06-02 10:00:07 --> Invalid file: javascript;;.php
#0 C:\xampp\htdocs\oee-module_new\system\View\View.php(198): CodeIgniter\Exceptions\FrameworkException::forInvalidFile('javascript;;.ph...')
#1 C:\xampp\htdocs\oee-module_new\system\Common.php(1089): CodeIgniter\View\View->render('javascript;;', Array, true)
#2 C:\xampp\htdocs\oee-module_new\app\Views\Grafana_Home.php(256): view('javascript;;', Array)
#3 C:\xampp\htdocs\oee-module_new\system\View\View.php(210): include('C:\\xampp\\htdocs...')
#4 C:\xampp\htdocs\oee-module_new\system\View\View.php(213): CodeIgniter\View\View->CodeIgniter\View\{closure}()
#5 C:\xampp\htdocs\oee-module_new\system\Common.php(1089): CodeIgniter\View\View->render('Grafana_Home', Array, true)
#6 C:\xampp\htdocs\oee-module_new\app\Controllers\Home.php(41): view('Grafana_Home', Array)
#7 C:\xampp\htdocs\oee-module_new\system\CodeIgniter.php(825): App\Controllers\Home->dashboard('javascript;;')
#8 C:\xampp\htdocs\oee-module_new\system\CodeIgniter.php(412): CodeIgniter\CodeIgniter->runController(Object(App\Controllers\Home))
#9 C:\xampp\htdocs\oee-module_new\system\CodeIgniter.php(320): CodeIgniter\CodeIgniter->handleRequest(NULL, Object(Config\Cache), false)
#10 C:\xampp\htdocs\oee-module_new\index.php(37): CodeIgniter\CodeIgniter->run()
#11 {main}
CRITICAL - 2022-06-02 10:00:36 --> Invalid file: javascript;;.php
#0 C:\xampp\htdocs\oee-module_new\system\View\View.php(198): CodeIgniter\Exceptions\FrameworkException::forInvalidFile('javascript;;.ph...')
#1 C:\xampp\htdocs\oee-module_new\system\Common.php(1089): CodeIgniter\View\View->render('javascript;;', Array, true)
#2 C:\xampp\htdocs\oee-module_new\app\Views\Grafana_Home.php(256): view('javascript;;', Array)
#3 C:\xampp\htdocs\oee-module_new\system\View\View.php(210): include('C:\\xampp\\htdocs...')
#4 C:\xampp\htdocs\oee-module_new\system\View\View.php(213): CodeIgniter\View\View->CodeIgniter\View\{closure}()
#5 C:\xampp\htdocs\oee-module_new\system\Common.php(1089): CodeIgniter\View\View->render('Grafana_Home', Array, true)
#6 C:\xampp\htdocs\oee-module_new\app\Controllers\Home.php(41): view('Grafana_Home', Array)
#7 C:\xampp\htdocs\oee-module_new\system\CodeIgniter.php(825): App\Controllers\Home->dashboard('javascript;;')
#8 C:\xampp\htdocs\oee-module_new\system\CodeIgniter.php(412): CodeIgniter\CodeIgniter->runController(Object(App\Controllers\Home))
#9 C:\xampp\htdocs\oee-module_new\system\CodeIgniter.php(320): CodeIgniter\CodeIgniter->handleRequest(NULL, Object(Config\Cache), false)
#10 C:\xampp\htdocs\oee-module_new\index.php(37): CodeIgniter\CodeIgniter->run()
#11 {main}
CRITICAL - 2022-06-02 10:00:37 --> Invalid file: javascript;;.php
#0 C:\xampp\htdocs\oee-module_new\system\View\View.php(198): CodeIgniter\Exceptions\FrameworkException::forInvalidFile('javascript;;.ph...')
#1 C:\xampp\htdocs\oee-module_new\system\Common.php(1089): CodeIgniter\View\View->render('javascript;;', Array, true)
#2 C:\xampp\htdocs\oee-module_new\app\Views\Grafana_Home.php(256): view('javascript;;', Array)
#3 C:\xampp\htdocs\oee-module_new\system\View\View.php(210): include('C:\\xampp\\htdocs...')
#4 C:\xampp\htdocs\oee-module_new\system\View\View.php(213): CodeIgniter\View\View->CodeIgniter\View\{closure}()
#5 C:\xampp\htdocs\oee-module_new\system\Common.php(1089): CodeIgniter\View\View->render('Grafana_Home', Array, true)
#6 C:\xampp\htdocs\oee-module_new\app\Controllers\Home.php(41): view('Grafana_Home', Array)
#7 C:\xampp\htdocs\oee-module_new\system\CodeIgniter.php(825): App\Controllers\Home->dashboard('javascript;;')
#8 C:\xampp\htdocs\oee-module_new\system\CodeIgniter.php(412): CodeIgniter\CodeIgniter->runController(Object(App\Controllers\Home))
#9 C:\xampp\htdocs\oee-module_new\system\CodeIgniter.php(320): CodeIgniter\CodeIgniter->handleRequest(NULL, Object(Config\Cache), false)
#10 C:\xampp\htdocs\oee-module_new\index.php(37): CodeIgniter\CodeIgniter->run()
#11 {main}
