CRITICAL - 2022-04-08 02:13:42 --> Division by zero
#0 C:\xampp\htdocs\SmartTech\app\Controllers\Home.php(2466): CodeIgniter\Debug\Exceptions->errorHandler(2, 'Division by zer...', 'C:\\xampp\\htdocs...', 2466, Array)
#1 C:\xampp\htdocs\SmartTech\system\CodeIgniter.php(825): App\Controllers\Home->OEETrendDay()
#2 C:\xampp\htdocs\SmartTech\system\CodeIgniter.php(412): CodeIgniter\CodeIgniter->runController(Object(App\Controllers\Home))
#3 C:\xampp\htdocs\SmartTech\system\CodeIgniter.php(320): CodeIgniter\CodeIgniter->handleRequest(NULL, Object(Config\Cache), false)
#4 C:\xampp\htdocs\SmartTech\index.php(37): CodeIgniter\CodeIgniter->run()
#5 {main}
CRITICAL - 2022-04-08 02:13:42 --> Division by zero
#0 C:\xampp\htdocs\SmartTech\app\Controllers\Home.php(3209): CodeIgniter\Debug\Exceptions->errorHandler(2, 'Division by zer...', 'C:\\xampp\\htdocs...', 3209, Array)
#1 C:\xampp\htdocs\SmartTech\system\CodeIgniter.php(825): App\Controllers\Home->getGraph()
#2 C:\xampp\htdocs\SmartTech\system\CodeIgniter.php(412): CodeIgniter\CodeIgniter->runController(Object(App\Controllers\Home))
#3 C:\xampp\htdocs\SmartTech\system\CodeIgniter.php(320): CodeIgniter\CodeIgniter->handleRequest(NULL, Object(Config\Cache), false)
#4 C:\xampp\htdocs\SmartTech\index.php(37): CodeIgniter\CodeIgniter->run()
#5 {main}
CRITICAL - 2022-04-08 02:16:17 --> Division by zero
#0 C:\xampp\htdocs\SmartTech\app\Controllers\Home.php(2466): CodeIgniter\Debug\Exceptions->errorHandler(2, 'Division by zer...', 'C:\\xampp\\htdocs...', 2466, Array)
#1 C:\xampp\htdocs\SmartTech\system\CodeIgniter.php(825): App\Controllers\Home->OEETrendDay()
#2 C:\xampp\htdocs\SmartTech\system\CodeIgniter.php(412): CodeIgniter\CodeIgniter->runController(Object(App\Controllers\Home))
#3 C:\xampp\htdocs\SmartTech\system\CodeIgniter.php(320): CodeIgniter\CodeIgniter->handleRequest(NULL, Object(Config\Cache), false)
#4 C:\xampp\htdocs\SmartTech\index.php(37): CodeIgniter\CodeIgniter->run()
#5 {main}
CRITICAL - 2022-04-08 02:16:17 --> Division by zero
#0 C:\xampp\htdocs\SmartTech\app\Controllers\Home.php(3209): CodeIgniter\Debug\Exceptions->errorHandler(2, 'Division by zer...', 'C:\\xampp\\htdocs...', 3209, Array)
#1 C:\xampp\htdocs\SmartTech\system\CodeIgniter.php(825): App\Controllers\Home->getGraph()
#2 C:\xampp\htdocs\SmartTech\system\CodeIgniter.php(412): CodeIgniter\CodeIgniter->runController(Object(App\Controllers\Home))
#3 C:\xampp\htdocs\SmartTech\system\CodeIgniter.php(320): CodeIgniter\CodeIgniter->handleRequest(NULL, Object(Config\Cache), false)
#4 C:\xampp\htdocs\SmartTech\index.php(37): CodeIgniter\CodeIgniter->run()
#5 {main}
CRITICAL - 2022-04-08 02:16:33 --> Division by zero
#0 C:\xampp\htdocs\SmartTech\app\Controllers\Home.php(2466): CodeIgniter\Debug\Exceptions->errorHandler(2, 'Division by zer...', 'C:\\xampp\\htdocs...', 2466, Array)
#1 C:\xampp\htdocs\SmartTech\system\CodeIgniter.php(825): App\Controllers\Home->OEETrendDay()
#2 C:\xampp\htdocs\SmartTech\system\CodeIgniter.php(412): CodeIgniter\CodeIgniter->runController(Object(App\Controllers\Home))
#3 C:\xampp\htdocs\SmartTech\system\CodeIgniter.php(320): CodeIgniter\CodeIgniter->handleRequest(NULL, Object(Config\Cache), false)
#4 C:\xampp\htdocs\SmartTech\index.php(37): CodeIgniter\CodeIgniter->run()
#5 {main}
CRITICAL - 2022-04-08 02:16:33 --> Division by zero
#0 C:\xampp\htdocs\SmartTech\app\Controllers\Home.php(3209): CodeIgniter\Debug\Exceptions->errorHandler(2, 'Division by zer...', 'C:\\xampp\\htdocs...', 3209, Array)
#1 C:\xampp\htdocs\SmartTech\system\CodeIgniter.php(825): App\Controllers\Home->getGraph()
#2 C:\xampp\htdocs\SmartTech\system\CodeIgniter.php(412): CodeIgniter\CodeIgniter->runController(Object(App\Controllers\Home))
#3 C:\xampp\htdocs\SmartTech\system\CodeIgniter.php(320): CodeIgniter\CodeIgniter->handleRequest(NULL, Object(Config\Cache), false)
#4 C:\xampp\htdocs\SmartTech\index.php(37): CodeIgniter\CodeIgniter->run()
#5 {main}
CRITICAL - 2022-04-08 02:17:27 --> Division by zero
#0 C:\xampp\htdocs\SmartTech\app\Controllers\Home.php(2466): CodeIgniter\Debug\Exceptions->errorHandler(2, 'Division by zer...', 'C:\\xampp\\htdocs...', 2466, Array)
#1 C:\xampp\htdocs\SmartTech\system\CodeIgniter.php(825): App\Controllers\Home->OEETrendDay()
#2 C:\xampp\htdocs\SmartTech\system\CodeIgniter.php(412): CodeIgniter\CodeIgniter->runController(Object(App\Controllers\Home))
#3 C:\xampp\htdocs\SmartTech\system\CodeIgniter.php(320): CodeIgniter\CodeIgniter->handleRequest(NULL, Object(Config\Cache), false)
#4 C:\xampp\htdocs\SmartTech\index.php(37): CodeIgniter\CodeIgniter->run()
#5 {main}
CRITICAL - 2022-04-08 02:17:27 --> Division by zero
#0 C:\xampp\htdocs\SmartTech\app\Controllers\Home.php(3209): CodeIgniter\Debug\Exceptions->errorHandler(2, 'Division by zer...', 'C:\\xampp\\htdocs...', 3209, Array)
#1 C:\xampp\htdocs\SmartTech\system\CodeIgniter.php(825): App\Controllers\Home->getGraph()
#2 C:\xampp\htdocs\SmartTech\system\CodeIgniter.php(412): CodeIgniter\CodeIgniter->runController(Object(App\Controllers\Home))
#3 C:\xampp\htdocs\SmartTech\system\CodeIgniter.php(320): CodeIgniter\CodeIgniter->handleRequest(NULL, Object(Config\Cache), false)
#4 C:\xampp\htdocs\SmartTech\index.php(37): CodeIgniter\CodeIgniter->run()
#5 {main}
CRITICAL - 2022-04-08 02:18:05 --> Division by zero
#0 C:\xampp\htdocs\SmartTech\app\Controllers\Home.php(3209): CodeIgniter\Debug\Exceptions->errorHandler(2, 'Division by zer...', 'C:\\xampp\\htdocs...', 3209, Array)
#1 C:\xampp\htdocs\SmartTech\system\CodeIgniter.php(825): App\Controllers\Home->getGraph()
#2 C:\xampp\htdocs\SmartTech\system\CodeIgniter.php(412): CodeIgniter\CodeIgniter->runController(Object(App\Controllers\Home))
#3 C:\xampp\htdocs\SmartTech\system\CodeIgniter.php(320): CodeIgniter\CodeIgniter->handleRequest(NULL, Object(Config\Cache), false)
#4 C:\xampp\htdocs\SmartTech\index.php(37): CodeIgniter\CodeIgniter->run()
#5 {main}
CRITICAL - 2022-04-08 02:18:05 --> Division by zero
#0 C:\xampp\htdocs\SmartTech\app\Controllers\Home.php(2466): CodeIgniter\Debug\Exceptions->errorHandler(2, 'Division by zer...', 'C:\\xampp\\htdocs...', 2466, Array)
#1 C:\xampp\htdocs\SmartTech\system\CodeIgniter.php(825): App\Controllers\Home->OEETrendDay()
#2 C:\xampp\htdocs\SmartTech\system\CodeIgniter.php(412): CodeIgniter\CodeIgniter->runController(Object(App\Controllers\Home))
#3 C:\xampp\htdocs\SmartTech\system\CodeIgniter.php(320): CodeIgniter\CodeIgniter->handleRequest(NULL, Object(Config\Cache), false)
#4 C:\xampp\htdocs\SmartTech\index.php(37): CodeIgniter\CodeIgniter->run()
#5 {main}
CRITICAL - 2022-04-08 05:03:58 --> Division by zero
#0 C:\xampp\htdocs\SmartTech\app\Controllers\Home.php(3209): CodeIgniter\Debug\Exceptions->errorHandler(2, 'Division by zer...', 'C:\\xampp\\htdocs...', 3209, Array)
#1 C:\xampp\htdocs\SmartTech\system\CodeIgniter.php(825): App\Controllers\Home->getGraph()
#2 C:\xampp\htdocs\SmartTech\system\CodeIgniter.php(412): CodeIgniter\CodeIgniter->runController(Object(App\Controllers\Home))
#3 C:\xampp\htdocs\SmartTech\system\CodeIgniter.php(320): CodeIgniter\CodeIgniter->handleRequest(NULL, Object(Config\Cache), false)
#4 C:\xampp\htdocs\SmartTech\index.php(37): CodeIgniter\CodeIgniter->run()
#5 {main}
CRITICAL - 2022-04-08 05:03:58 --> Division by zero
#0 C:\xampp\htdocs\SmartTech\app\Controllers\Home.php(2466): CodeIgniter\Debug\Exceptions->errorHandler(2, 'Division by zer...', 'C:\\xampp\\htdocs...', 2466, Array)
#1 C:\xampp\htdocs\SmartTech\system\CodeIgniter.php(825): App\Controllers\Home->OEETrendDay()
#2 C:\xampp\htdocs\SmartTech\system\CodeIgniter.php(412): CodeIgniter\CodeIgniter->runController(Object(App\Controllers\Home))
#3 C:\xampp\htdocs\SmartTech\system\CodeIgniter.php(320): CodeIgniter\CodeIgniter->handleRequest(NULL, Object(Config\Cache), false)
#4 C:\xampp\htdocs\SmartTech\index.php(37): CodeIgniter\CodeIgniter->run()
#5 {main}
CRITICAL - 2022-04-08 05:04:30 --> Division by zero
#0 C:\xampp\htdocs\SmartTech\app\Controllers\Home.php(3209): CodeIgniter\Debug\Exceptions->errorHandler(2, 'Division by zer...', 'C:\\xampp\\htdocs...', 3209, Array)
#1 C:\xampp\htdocs\SmartTech\system\CodeIgniter.php(825): App\Controllers\Home->getGraph()
#2 C:\xampp\htdocs\SmartTech\system\CodeIgniter.php(412): CodeIgniter\CodeIgniter->runController(Object(App\Controllers\Home))
#3 C:\xampp\htdocs\SmartTech\system\CodeIgniter.php(320): CodeIgniter\CodeIgniter->handleRequest(NULL, Object(Config\Cache), false)
#4 C:\xampp\htdocs\SmartTech\index.php(37): CodeIgniter\CodeIgniter->run()
#5 {main}
CRITICAL - 2022-04-08 05:04:30 --> Division by zero
#0 C:\xampp\htdocs\SmartTech\app\Controllers\Home.php(2466): CodeIgniter\Debug\Exceptions->errorHandler(2, 'Division by zer...', 'C:\\xampp\\htdocs...', 2466, Array)
#1 C:\xampp\htdocs\SmartTech\system\CodeIgniter.php(825): App\Controllers\Home->OEETrendDay()
#2 C:\xampp\htdocs\SmartTech\system\CodeIgniter.php(412): CodeIgniter\CodeIgniter->runController(Object(App\Controllers\Home))
#3 C:\xampp\htdocs\SmartTech\system\CodeIgniter.php(320): CodeIgniter\CodeIgniter->handleRequest(NULL, Object(Config\Cache), false)
#4 C:\xampp\htdocs\SmartTech\index.php(37): CodeIgniter\CodeIgniter->run()
#5 {main}
CRITICAL - 2022-04-08 05:50:19 --> Division by zero
#0 C:\xampp\htdocs\SmartTech\app\Controllers\Home.php(3209): CodeIgniter\Debug\Exceptions->errorHandler(2, 'Division by zer...', 'C:\\xampp\\htdocs...', 3209, Array)
#1 C:\xampp\htdocs\SmartTech\system\CodeIgniter.php(825): App\Controllers\Home->getGraph()
#2 C:\xampp\htdocs\SmartTech\system\CodeIgniter.php(412): CodeIgniter\CodeIgniter->runController(Object(App\Controllers\Home))
#3 C:\xampp\htdocs\SmartTech\system\CodeIgniter.php(320): CodeIgniter\CodeIgniter->handleRequest(NULL, Object(Config\Cache), false)
#4 C:\xampp\htdocs\SmartTech\index.php(37): CodeIgniter\CodeIgniter->run()
#5 {main}
CRITICAL - 2022-04-08 05:50:19 --> Division by zero
#0 C:\xampp\htdocs\SmartTech\app\Controllers\Home.php(2466): CodeIgniter\Debug\Exceptions->errorHandler(2, 'Division by zer...', 'C:\\xampp\\htdocs...', 2466, Array)
#1 C:\xampp\htdocs\SmartTech\system\CodeIgniter.php(825): App\Controllers\Home->OEETrendDay()
#2 C:\xampp\htdocs\SmartTech\system\CodeIgniter.php(412): CodeIgniter\CodeIgniter->runController(Object(App\Controllers\Home))
#3 C:\xampp\htdocs\SmartTech\system\CodeIgniter.php(320): CodeIgniter\CodeIgniter->handleRequest(NULL, Object(Config\Cache), false)
#4 C:\xampp\htdocs\SmartTech\index.php(37): CodeIgniter\CodeIgniter->run()
#5 {main}
CRITICAL - 2022-04-08 05:58:49 --> Division by zero
#0 C:\xampp\htdocs\SmartTech\app\Controllers\Home.php(3209): CodeIgniter\Debug\Exceptions->errorHandler(2, 'Division by zer...', 'C:\\xampp\\htdocs...', 3209, Array)
#1 C:\xampp\htdocs\SmartTech\system\CodeIgniter.php(825): App\Controllers\Home->getGraph()
#2 C:\xampp\htdocs\SmartTech\system\CodeIgniter.php(412): CodeIgniter\CodeIgniter->runController(Object(App\Controllers\Home))
#3 C:\xampp\htdocs\SmartTech\system\CodeIgniter.php(320): CodeIgniter\CodeIgniter->handleRequest(NULL, Object(Config\Cache), false)
#4 C:\xampp\htdocs\SmartTech\index.php(37): CodeIgniter\CodeIgniter->run()
#5 {main}
CRITICAL - 2022-04-08 06:01:58 --> Division by zero
#0 C:\xampp\htdocs\SmartTech\app\Controllers\Home.php(2466): CodeIgniter\Debug\Exceptions->errorHandler(2, 'Division by zer...', 'C:\\xampp\\htdocs...', 2466, Array)
#1 C:\xampp\htdocs\SmartTech\system\CodeIgniter.php(825): App\Controllers\Home->OEETrendDay()
#2 C:\xampp\htdocs\SmartTech\system\CodeIgniter.php(412): CodeIgniter\CodeIgniter->runController(Object(App\Controllers\Home))
#3 C:\xampp\htdocs\SmartTech\system\CodeIgniter.php(320): CodeIgniter\CodeIgniter->handleRequest(NULL, Object(Config\Cache), false)
#4 C:\xampp\htdocs\SmartTech\index.php(37): CodeIgniter\CodeIgniter->run()
#5 {main}
CRITICAL - 2022-04-08 06:04:40 --> Division by zero
#0 C:\xampp\htdocs\SmartTech\app\Controllers\Home.php(2466): CodeIgniter\Debug\Exceptions->errorHandler(2, 'Division by zer...', 'C:\\xampp\\htdocs...', 2466, Array)
#1 C:\xampp\htdocs\SmartTech\system\CodeIgniter.php(825): App\Controllers\Home->OEETrendDay()
#2 C:\xampp\htdocs\SmartTech\system\CodeIgniter.php(412): CodeIgniter\CodeIgniter->runController(Object(App\Controllers\Home))
#3 C:\xampp\htdocs\SmartTech\system\CodeIgniter.php(320): CodeIgniter\CodeIgniter->handleRequest(NULL, Object(Config\Cache), false)
#4 C:\xampp\htdocs\SmartTech\index.php(37): CodeIgniter\CodeIgniter->run()
#5 {main}
CRITICAL - 2022-04-08 06:05:38 --> Division by zero
#0 C:\xampp\htdocs\SmartTech\app\Controllers\Home.php(2466): CodeIgniter\Debug\Exceptions->errorHandler(2, 'Division by zer...', 'C:\\xampp\\htdocs...', 2466, Array)
#1 C:\xampp\htdocs\SmartTech\system\CodeIgniter.php(825): App\Controllers\Home->OEETrendDay()
#2 C:\xampp\htdocs\SmartTech\system\CodeIgniter.php(412): CodeIgniter\CodeIgniter->runController(Object(App\Controllers\Home))
#3 C:\xampp\htdocs\SmartTech\system\CodeIgniter.php(320): CodeIgniter\CodeIgniter->handleRequest(NULL, Object(Config\Cache), false)
#4 C:\xampp\htdocs\SmartTech\index.php(37): CodeIgniter\CodeIgniter->run()
#5 {main}
ERROR - 2022-04-08 23:09:28 --> Error connecting to the database: Unknown database 'smarttech1'
CRITICAL - 2022-04-08 23:09:28 --> Unable to connect to the database.
Main connection [MySQLi]: Unknown database 'smarttech1'
#0 C:\xampp\htdocs\oee-module1\system\Database\BaseConnection.php(577): CodeIgniter\Database\BaseConnection->initialize()
#1 C:\xampp\htdocs\oee-module1\system\Database\BaseBuilder.php(1455): CodeIgniter\Database\BaseConnection->query('SELECT *\nFROM `...', Array, false)
#2 C:\xampp\htdocs\oee-module1\app\Models\UserLogin.php(16): CodeIgniter\Database\BaseBuilder->get()
#3 C:\xampp\htdocs\oee-module1\app\Controllers\Login.php(60): App\Models\UserLogin->verifyUser(Array)
#4 C:\xampp\htdocs\oee-module1\system\CodeIgniter.php(825): App\Controllers\Login->verifyUser()
#5 C:\xampp\htdocs\oee-module1\system\CodeIgniter.php(412): CodeIgniter\CodeIgniter->runController(Object(App\Controllers\Login))
#6 C:\xampp\htdocs\oee-module1\system\CodeIgniter.php(320): CodeIgniter\CodeIgniter->handleRequest(NULL, Object(Config\Cache), false)
#7 C:\xampp\htdocs\oee-module1\index.php(37): CodeIgniter\CodeIgniter->run()
#8 {main}
CRITICAL - 2022-04-08 23:44:55 --> Array to string conversion
#0 C:\xampp\htdocs\oee-module1\app\Views\Settings_Users.php(856): CodeIgniter\Debug\Exceptions->errorHandler(2, 'Array to string...', 'C:\\xampp\\htdocs...', 856)
#1 C:\xampp\htdocs\oee-module1\system\View\View.php(210): include('C:\\xampp\\htdocs...')
#2 C:\xampp\htdocs\oee-module1\system\View\View.php(213): CodeIgniter\View\View->CodeIgniter\View\{closure}()
#3 C:\xampp\htdocs\oee-module1\system\Common.php(1089): CodeIgniter\View\View->render('Settings_Users', Array, true)
#4 C:\xampp\htdocs\oee-module1\app\Views\Grafana_Home.php(201): view('Settings_Users', Array)
#5 C:\xampp\htdocs\oee-module1\system\View\View.php(210): include('C:\\xampp\\htdocs...')
#6 C:\xampp\htdocs\oee-module1\system\View\View.php(213): CodeIgniter\View\View->CodeIgniter\View\{closure}()
#7 C:\xampp\htdocs\oee-module1\system\Common.php(1089): CodeIgniter\View\View->render('Grafana_Home', Array, true)
#8 C:\xampp\htdocs\oee-module1\app\Controllers\Home.php(36): view('Grafana_Home', Array)
#9 C:\xampp\htdocs\oee-module1\system\CodeIgniter.php(825): App\Controllers\Home->dashboard('Settings_Users')
#10 C:\xampp\htdocs\oee-module1\system\CodeIgniter.php(412): CodeIgniter\CodeIgniter->runController(Object(App\Controllers\Home))
#11 C:\xampp\htdocs\oee-module1\system\CodeIgniter.php(320): CodeIgniter\CodeIgniter->handleRequest(NULL, Object(Config\Cache), false)
#12 C:\xampp\htdocs\oee-module1\index.php(37): CodeIgniter\CodeIgniter->run()
#13 {main}
CRITICAL - 2022-04-08 23:46:14 --> Array to string conversion
#0 C:\xampp\htdocs\oee-module1\app\Views\Settings_Users.php(856): CodeIgniter\Debug\Exceptions->errorHandler(2, 'Array to string...', 'C:\\xampp\\htdocs...', 856)
#1 C:\xampp\htdocs\oee-module1\system\View\View.php(210): include('C:\\xampp\\htdocs...')
#2 C:\xampp\htdocs\oee-module1\system\View\View.php(213): CodeIgniter\View\View->CodeIgniter\View\{closure}()
#3 C:\xampp\htdocs\oee-module1\system\Common.php(1089): CodeIgniter\View\View->render('Settings_Users', Array, true)
#4 C:\xampp\htdocs\oee-module1\app\Views\Grafana_Home.php(201): view('Settings_Users', Array)
#5 C:\xampp\htdocs\oee-module1\system\View\View.php(210): include('C:\\xampp\\htdocs...')
#6 C:\xampp\htdocs\oee-module1\system\View\View.php(213): CodeIgniter\View\View->CodeIgniter\View\{closure}()
#7 C:\xampp\htdocs\oee-module1\system\Common.php(1089): CodeIgniter\View\View->render('Grafana_Home', Array, true)
#8 C:\xampp\htdocs\oee-module1\app\Controllers\Home.php(36): view('Grafana_Home', Array)
#9 C:\xampp\htdocs\oee-module1\system\CodeIgniter.php(825): App\Controllers\Home->dashboard('Settings_Users')
#10 C:\xampp\htdocs\oee-module1\system\CodeIgniter.php(412): CodeIgniter\CodeIgniter->runController(Object(App\Controllers\Home))
#11 C:\xampp\htdocs\oee-module1\system\CodeIgniter.php(320): CodeIgniter\CodeIgniter->handleRequest(NULL, Object(Config\Cache), false)
#12 C:\xampp\htdocs\oee-module1\index.php(37): CodeIgniter\CodeIgniter->run()
#13 {main}
CRITICAL - 2022-04-08 23:50:05 --> Undefined array key "Financial_Drill_Down"
#0 C:\xampp\htdocs\oee-module1\app\Views\Settings_Users.php(47): CodeIgniter\Debug\Exceptions->errorHandler(2, 'Undefined array...', 'C:\\xampp\\htdocs...', 47)
#1 C:\xampp\htdocs\oee-module1\system\View\View.php(210): include('C:\\xampp\\htdocs...')
#2 C:\xampp\htdocs\oee-module1\system\View\View.php(213): CodeIgniter\View\View->CodeIgniter\View\{closure}()
#3 C:\xampp\htdocs\oee-module1\system\Common.php(1089): CodeIgniter\View\View->render('Settings_Users', Array, true)
#4 C:\xampp\htdocs\oee-module1\app\Views\Grafana_Home.php(201): view('Settings_Users', Array)
#5 C:\xampp\htdocs\oee-module1\system\View\View.php(210): include('C:\\xampp\\htdocs...')
#6 C:\xampp\htdocs\oee-module1\system\View\View.php(213): CodeIgniter\View\View->CodeIgniter\View\{closure}()
#7 C:\xampp\htdocs\oee-module1\system\Common.php(1089): CodeIgniter\View\View->render('Grafana_Home', Array, true)
#8 C:\xampp\htdocs\oee-module1\app\Controllers\Home.php(36): view('Grafana_Home', Array)
#9 C:\xampp\htdocs\oee-module1\system\CodeIgniter.php(825): App\Controllers\Home->dashboard('Settings_Users')
#10 C:\xampp\htdocs\oee-module1\system\CodeIgniter.php(412): CodeIgniter\CodeIgniter->runController(Object(App\Controllers\Home))
#11 C:\xampp\htdocs\oee-module1\system\CodeIgniter.php(320): CodeIgniter\CodeIgniter->handleRequest(NULL, Object(Config\Cache), false)
#12 C:\xampp\htdocs\oee-module1\index.php(37): CodeIgniter\CodeIgniter->run()
#13 {main}
CRITICAL - 2022-04-08 23:50:11 --> Undefined array key "Financial_Drill_Down"
#0 C:\xampp\htdocs\oee-module1\app\Views\Settings_Users.php(47): CodeIgniter\Debug\Exceptions->errorHandler(2, 'Undefined array...', 'C:\\xampp\\htdocs...', 47)
#1 C:\xampp\htdocs\oee-module1\system\View\View.php(210): include('C:\\xampp\\htdocs...')
#2 C:\xampp\htdocs\oee-module1\system\View\View.php(213): CodeIgniter\View\View->CodeIgniter\View\{closure}()
#3 C:\xampp\htdocs\oee-module1\system\Common.php(1089): CodeIgniter\View\View->render('Settings_Users', Array, true)
#4 C:\xampp\htdocs\oee-module1\app\Views\Grafana_Home.php(201): view('Settings_Users', Array)
#5 C:\xampp\htdocs\oee-module1\system\View\View.php(210): include('C:\\xampp\\htdocs...')
#6 C:\xampp\htdocs\oee-module1\system\View\View.php(213): CodeIgniter\View\View->CodeIgniter\View\{closure}()
#7 C:\xampp\htdocs\oee-module1\system\Common.php(1089): CodeIgniter\View\View->render('Grafana_Home', Array, true)
#8 C:\xampp\htdocs\oee-module1\app\Controllers\Home.php(36): view('Grafana_Home', Array)
#9 C:\xampp\htdocs\oee-module1\system\CodeIgniter.php(825): App\Controllers\Home->dashboard('Settings_Users')
#10 C:\xampp\htdocs\oee-module1\system\CodeIgniter.php(412): CodeIgniter\CodeIgniter->runController(Object(App\Controllers\Home))
#11 C:\xampp\htdocs\oee-module1\system\CodeIgniter.php(320): CodeIgniter\CodeIgniter->handleRequest(NULL, Object(Config\Cache), false)
#12 C:\xampp\htdocs\oee-module1\index.php(37): CodeIgniter\CodeIgniter->run()
#13 {main}
CRITICAL - 2022-04-08 23:51:42 --> syntax error, unexpected token "echo"
#0 C:\xampp\htdocs\oee-module1\system\View\View.php(213): CodeIgniter\View\View->CodeIgniter\View\{closure}()
#1 C:\xampp\htdocs\oee-module1\system\Common.php(1089): CodeIgniter\View\View->render('Settings_Users', Array, true)
#2 C:\xampp\htdocs\oee-module1\app\Views\Grafana_Home.php(201): view('Settings_Users', Array)
#3 C:\xampp\htdocs\oee-module1\system\View\View.php(210): include('C:\\xampp\\htdocs...')
#4 C:\xampp\htdocs\oee-module1\system\View\View.php(213): CodeIgniter\View\View->CodeIgniter\View\{closure}()
#5 C:\xampp\htdocs\oee-module1\system\Common.php(1089): CodeIgniter\View\View->render('Grafana_Home', Array, true)
#6 C:\xampp\htdocs\oee-module1\app\Controllers\Home.php(36): view('Grafana_Home', Array)
#7 C:\xampp\htdocs\oee-module1\system\CodeIgniter.php(825): App\Controllers\Home->dashboard('Settings_Users')
#8 C:\xampp\htdocs\oee-module1\system\CodeIgniter.php(412): CodeIgniter\CodeIgniter->runController(Object(App\Controllers\Home))
#9 C:\xampp\htdocs\oee-module1\system\CodeIgniter.php(320): CodeIgniter\CodeIgniter->handleRequest(NULL, Object(Config\Cache), false)
#10 C:\xampp\htdocs\oee-module1\index.php(37): CodeIgniter\CodeIgniter->run()
#11 {main}
