CRITICAL - 2022-05-20 00:02:22 --> Cannot use object of type stdClass as array
#0 C:\xampp\htdocs\oee-module2\system\CodeIgniter.php(825): App\Controllers\Home->editToolData()
#1 C:\xampp\htdocs\oee-module2\system\CodeIgniter.php(412): CodeIgniter\CodeIgniter->runController(Object(App\Controllers\Home))
#2 C:\xampp\htdocs\oee-module2\system\CodeIgniter.php(320): CodeIgniter\CodeIgniter->handleRequest(NULL, Object(Config\Cache), false)
#3 C:\xampp\htdocs\oee-module2\index.php(37): CodeIgniter\CodeIgniter->run()
#4 {main}
CRITICAL - 2022-05-20 00:07:05 --> Cannot use object of type stdClass as array
#0 C:\xampp\htdocs\oee-module2\system\CodeIgniter.php(825): App\Controllers\Home->editToolData()
#1 C:\xampp\htdocs\oee-module2\system\CodeIgniter.php(412): CodeIgniter\CodeIgniter->runController(Object(App\Controllers\Home))
#2 C:\xampp\htdocs\oee-module2\system\CodeIgniter.php(320): CodeIgniter\CodeIgniter->handleRequest(NULL, Object(Config\Cache), false)
#3 C:\xampp\htdocs\oee-module2\index.php(37): CodeIgniter\CodeIgniter->run()
#4 {main}
CRITICAL - 2022-05-20 00:08:20 --> Cannot use object of type stdClass as array
#0 C:\xampp\htdocs\oee-module2\system\CodeIgniter.php(825): App\Controllers\Home->editToolData()
#1 C:\xampp\htdocs\oee-module2\system\CodeIgniter.php(412): CodeIgniter\CodeIgniter->runController(Object(App\Controllers\Home))
#2 C:\xampp\htdocs\oee-module2\system\CodeIgniter.php(320): CodeIgniter\CodeIgniter->handleRequest(NULL, Object(Config\Cache), false)
#3 C:\xampp\htdocs\oee-module2\index.php(37): CodeIgniter\CodeIgniter->run()
#4 {main}
CRITICAL - 2022-05-20 00:12:07 --> Cannot use object of type stdClass as array
#0 C:\xampp\htdocs\oee-module2\system\CodeIgniter.php(825): App\Controllers\Home->editToolData()
#1 C:\xampp\htdocs\oee-module2\system\CodeIgniter.php(412): CodeIgniter\CodeIgniter->runController(Object(App\Controllers\Home))
#2 C:\xampp\htdocs\oee-module2\system\CodeIgniter.php(320): CodeIgniter\CodeIgniter->handleRequest(NULL, Object(Config\Cache), false)
#3 C:\xampp\htdocs\oee-module2\index.php(37): CodeIgniter\CodeIgniter->run()
#4 {main}
ERROR - 2022-05-20 00:37:59 --> Unknown column 'status' in 'field list'
ERROR - 2022-05-20 00:38:27 --> Unknown column 'status' in 'field list'
ERROR - 2022-05-20 00:57:36 --> Unknown column 'status' in 'field list'
ERROR - 2022-05-20 00:58:51 --> Unknown column 'status' in 'field list'
ERROR - 2022-05-20 01:03:01 --> Unknown column 'status' in 'field list'
CRITICAL - 2022-05-20 01:05:00 --> syntax error, unexpected 'public' (T_PUBLIC)
#0 C:\xampp\htdocs\oee-module2\system\Router\Router.php(175): CodeIgniter\Router\Router->autoRoute('/Home/getToolDa...')
#1 C:\xampp\htdocs\oee-module2\system\CodeIgniter.php(719): CodeIgniter\Router\Router->handle('/Home/getToolDa...')
#2 C:\xampp\htdocs\oee-module2\system\CodeIgniter.php(361): CodeIgniter\CodeIgniter->tryToRouteIt(Object(CodeIgniter\Router\RouteCollection))
#3 C:\xampp\htdocs\oee-module2\system\CodeIgniter.php(320): CodeIgniter\CodeIgniter->handleRequest(NULL, Object(Config\Cache), false)
#4 C:\xampp\htdocs\oee-module2\index.php(37): CodeIgniter\CodeIgniter->run()
#5 {main}
CRITICAL - 2022-05-20 01:07:28 --> syntax error, unexpected 'public' (T_PUBLIC)
#0 C:\xampp\htdocs\oee-module2\system\Router\Router.php(175): CodeIgniter\Router\Router->autoRoute('/Home/dashboard...')
#1 C:\xampp\htdocs\oee-module2\system\CodeIgniter.php(719): CodeIgniter\Router\Router->handle('/Home/dashboard...')
#2 C:\xampp\htdocs\oee-module2\system\CodeIgniter.php(361): CodeIgniter\CodeIgniter->tryToRouteIt(Object(CodeIgniter\Router\RouteCollection))
#3 C:\xampp\htdocs\oee-module2\system\CodeIgniter.php(320): CodeIgniter\CodeIgniter->handleRequest(NULL, Object(Config\Cache), false)
#4 C:\xampp\htdocs\oee-module2\index.php(37): CodeIgniter\CodeIgniter->run()
#5 {main}
ERROR - 2022-05-20 01:08:07 --> Unknown column 'status' in 'field list'
ERROR - 2022-05-20 01:59:20 --> Unknown column 'status' in 'field list'
CRITICAL - 2022-05-20 12:06:12 --> Invalid file: javascript;;.php
#0 C:\xampp\htdocs\oee-module2\system\View\View.php(198): CodeIgniter\Exceptions\FrameworkException::forInvalidFile('javascript;;.ph...')
#1 C:\xampp\htdocs\oee-module2\system\Common.php(1089): CodeIgniter\View\View->render('javascript;;', Array, true)
#2 C:\xampp\htdocs\oee-module2\app\Views\Grafana_Home.php(223): view('javascript;;', Array)
#3 C:\xampp\htdocs\oee-module2\system\View\View.php(210): include('C:\\xampp\\htdocs...')
#4 C:\xampp\htdocs\oee-module2\system\View\View.php(213): CodeIgniter\View\View->CodeIgniter\View\{closure}()
#5 C:\xampp\htdocs\oee-module2\system\Common.php(1089): CodeIgniter\View\View->render('Grafana_Home', Array, true)
#6 C:\xampp\htdocs\oee-module2\app\Controllers\Home.php(36): view('Grafana_Home', Array)
#7 C:\xampp\htdocs\oee-module2\system\CodeIgniter.php(825): App\Controllers\Home->dashboard('javascript;;')
#8 C:\xampp\htdocs\oee-module2\system\CodeIgniter.php(412): CodeIgniter\CodeIgniter->runController(Object(App\Controllers\Home))
#9 C:\xampp\htdocs\oee-module2\system\CodeIgniter.php(320): CodeIgniter\CodeIgniter->handleRequest(NULL, Object(Config\Cache), false)
#10 C:\xampp\htdocs\oee-module2\index.php(37): CodeIgniter\CodeIgniter->run()
#11 {main}
CRITICAL - 2022-05-20 23:37:48 --> You must set the database table to be used with your query.
#0 C:\xampp\htdocs\oee-module2\system\Model.php(545): CodeIgniter\Database\BaseConnection->table(NULL)
#1 C:\xampp\htdocs\oee-module2\system\Model.php(722): CodeIgniter\Model->builder()
#2 C:\xampp\htdocs\oee-module2\app\Controllers\Home.php(437): CodeIgniter\Model->__call('getFilterDataPa...', Array)
#3 C:\xampp\htdocs\oee-module2\system\CodeIgniter.php(825): App\Controllers\Home->getFilterDataPart()
#4 C:\xampp\htdocs\oee-module2\system\CodeIgniter.php(412): CodeIgniter\CodeIgniter->runController(Object(App\Controllers\Home))
#5 C:\xampp\htdocs\oee-module2\system\CodeIgniter.php(320): CodeIgniter\CodeIgniter->handleRequest(NULL, Object(Config\Cache), false)
#6 C:\xampp\htdocs\oee-module2\index.php(37): CodeIgniter\CodeIgniter->run()
#7 {main}
