CRITICAL - 2022-01-25 00:13:05 --> You must set the database table to be used with your query.
#0 C:\xampp\htdocs\Grafana\system\Model.php(545): CodeIgniter\Database\BaseConnection->table(NULL)
#1 C:\xampp\htdocs\Grafana\system\Model.php(722): CodeIgniter\Model->builder()
#2 C:\xampp\htdocs\Grafana\app\Controllers\Grafana.php(174): CodeIgniter\Model->__call('updated_EnergyM...', Array)
#3 C:\xampp\htdocs\Grafana\system\CodeIgniter.php(825): App\Controllers\Grafana->updateEnergyMonitoring()
#4 C:\xampp\htdocs\Grafana\system\CodeIgniter.php(412): CodeIgniter\CodeIgniter->runController(Object(App\Controllers\Grafana))
#5 C:\xampp\htdocs\Grafana\system\CodeIgniter.php(320): CodeIgniter\CodeIgniter->handleRequest(NULL, Object(Config\Cache), false)
#6 C:\xampp\htdocs\Grafana\index.php(37): CodeIgniter\CodeIgniter->run()
#7 {main}
CRITICAL - 2022-01-25 00:15:10 --> You must set the database table to be used with your query.
#0 C:\xampp\htdocs\Grafana\system\Model.php(545): CodeIgniter\Database\BaseConnection->table(NULL)
#1 C:\xampp\htdocs\Grafana\system\Model.php(722): CodeIgniter\Model->builder()
#2 C:\xampp\htdocs\Grafana\app\Controllers\Grafana.php(174): CodeIgniter\Model->__call('updated_EnergyM...', Array)
#3 C:\xampp\htdocs\Grafana\system\CodeIgniter.php(825): App\Controllers\Grafana->updateEnergyMonitoring()
#4 C:\xampp\htdocs\Grafana\system\CodeIgniter.php(412): CodeIgniter\CodeIgniter->runController(Object(App\Controllers\Grafana))
#5 C:\xampp\htdocs\Grafana\system\CodeIgniter.php(320): CodeIgniter\CodeIgniter->handleRequest(NULL, Object(Config\Cache), false)
#6 C:\xampp\htdocs\Grafana\index.php(37): CodeIgniter\CodeIgniter->run()
#7 {main}
ERROR - 2022-01-25 01:58:41 --> Unknown column 'NAT' in 'field list'
ERROR - 2022-01-25 04:29:14 --> Column 'Downtime_Threshold' cannot be null
ERROR - 2022-01-25 04:42:06 --> Unknown column 'Last_Modified_Date' in 'field list'
CRITICAL - 2022-01-25 06:11:43 --> Call to undefined method CodeIgniter\Database\MySQLi\Builder::getLastQuery()
#0 C:\xampp\htdocs\Grafana\app\Controllers\Grafana.php(239): App\Models\MainModel->getOEEData()
#1 C:\xampp\htdocs\Grafana\system\CodeIgniter.php(825): App\Controllers\Grafana->getOEEData()
#2 C:\xampp\htdocs\Grafana\system\CodeIgniter.php(412): CodeIgniter\CodeIgniter->runController(Object(App\Controllers\Grafana))
#3 C:\xampp\htdocs\Grafana\system\CodeIgniter.php(320): CodeIgniter\CodeIgniter->handleRequest(NULL, Object(Config\Cache), false)
#4 C:\xampp\htdocs\Grafana\index.php(37): CodeIgniter\CodeIgniter->run()
#5 {main}
CRITICAL - 2022-01-25 06:12:40 --> Call to undefined method CodeIgniter\Database\MySQLi\Builder::getLastQuery()
#0 C:\xampp\htdocs\Grafana\app\Controllers\Grafana.php(239): App\Models\MainModel->getOEEData()
#1 C:\xampp\htdocs\Grafana\system\CodeIgniter.php(825): App\Controllers\Grafana->getOEEData()
#2 C:\xampp\htdocs\Grafana\system\CodeIgniter.php(412): CodeIgniter\CodeIgniter->runController(Object(App\Controllers\Grafana))
#3 C:\xampp\htdocs\Grafana\system\CodeIgniter.php(320): CodeIgniter\CodeIgniter->handleRequest(NULL, Object(Config\Cache), false)
#4 C:\xampp\htdocs\Grafana\index.php(37): CodeIgniter\CodeIgniter->run()
#5 {main}
CRITICAL - 2022-01-25 06:13:07 --> Call to undefined method CodeIgniter\Database\MySQLi\Builder::getLastQuery()
#0 C:\xampp\htdocs\Grafana\app\Controllers\Grafana.php(239): App\Models\MainModel->getOEEData()
#1 C:\xampp\htdocs\Grafana\system\CodeIgniter.php(825): App\Controllers\Grafana->getOEEData()
#2 C:\xampp\htdocs\Grafana\system\CodeIgniter.php(412): CodeIgniter\CodeIgniter->runController(Object(App\Controllers\Grafana))
#3 C:\xampp\htdocs\Grafana\system\CodeIgniter.php(320): CodeIgniter\CodeIgniter->handleRequest(NULL, Object(Config\Cache), false)
#4 C:\xampp\htdocs\Grafana\index.php(37): CodeIgniter\CodeIgniter->run()
#5 {main}
CRITICAL - 2022-01-25 06:13:38 --> Call to undefined method CodeIgniter\Database\MySQLi\Builder::getLastQuery()
#0 C:\xampp\htdocs\Grafana\app\Controllers\Grafana.php(239): App\Models\MainModel->getOEEData()
#1 C:\xampp\htdocs\Grafana\system\CodeIgniter.php(825): App\Controllers\Grafana->getOEEData()
#2 C:\xampp\htdocs\Grafana\system\CodeIgniter.php(412): CodeIgniter\CodeIgniter->runController(Object(App\Controllers\Grafana))
#3 C:\xampp\htdocs\Grafana\system\CodeIgniter.php(320): CodeIgniter\CodeIgniter->handleRequest(NULL, Object(Config\Cache), false)
#4 C:\xampp\htdocs\Grafana\index.php(37): CodeIgniter\CodeIgniter->run()
#5 {main}
CRITICAL - 2022-01-25 06:13:58 --> Call to undefined method CodeIgniter\Database\MySQLi\Builder::getLastQuery()
#0 C:\xampp\htdocs\Grafana\app\Controllers\Grafana.php(239): App\Models\MainModel->getOEEData()
#1 C:\xampp\htdocs\Grafana\system\CodeIgniter.php(825): App\Controllers\Grafana->getOEEData()
#2 C:\xampp\htdocs\Grafana\system\CodeIgniter.php(412): CodeIgniter\CodeIgniter->runController(Object(App\Controllers\Grafana))
#3 C:\xampp\htdocs\Grafana\system\CodeIgniter.php(320): CodeIgniter\CodeIgniter->handleRequest(NULL, Object(Config\Cache), false)
#4 C:\xampp\htdocs\Grafana\index.php(37): CodeIgniter\CodeIgniter->run()
#5 {main}
CRITICAL - 2022-01-25 06:14:49 --> Call to undefined method CodeIgniter\Database\MySQLi\Builder::getLastQuery()
#0 C:\xampp\htdocs\Grafana\app\Controllers\Grafana.php(239): App\Models\MainModel->getOEEData()
#1 C:\xampp\htdocs\Grafana\system\CodeIgniter.php(825): App\Controllers\Grafana->getOEEData()
#2 C:\xampp\htdocs\Grafana\system\CodeIgniter.php(412): CodeIgniter\CodeIgniter->runController(Object(App\Controllers\Grafana))
#3 C:\xampp\htdocs\Grafana\system\CodeIgniter.php(320): CodeIgniter\CodeIgniter->handleRequest(NULL, Object(Config\Cache), false)
#4 C:\xampp\htdocs\Grafana\index.php(37): CodeIgniter\CodeIgniter->run()
#5 {main}
CRITICAL - 2022-01-25 06:14:54 --> Call to undefined method CodeIgniter\Database\MySQLi\Builder::getLastQuery()
#0 C:\xampp\htdocs\Grafana\app\Controllers\Grafana.php(239): App\Models\MainModel->getOEEData()
#1 C:\xampp\htdocs\Grafana\system\CodeIgniter.php(825): App\Controllers\Grafana->getOEEData()
#2 C:\xampp\htdocs\Grafana\system\CodeIgniter.php(412): CodeIgniter\CodeIgniter->runController(Object(App\Controllers\Grafana))
#3 C:\xampp\htdocs\Grafana\system\CodeIgniter.php(320): CodeIgniter\CodeIgniter->handleRequest(NULL, Object(Config\Cache), false)
#4 C:\xampp\htdocs\Grafana\index.php(37): CodeIgniter\CodeIgniter->run()
#5 {main}
CRITICAL - 2022-01-25 06:15:05 --> Call to undefined method CodeIgniter\Database\MySQLi\Builder::getLastQuery()
#0 C:\xampp\htdocs\Grafana\app\Controllers\Grafana.php(239): App\Models\MainModel->getOEEData()
#1 C:\xampp\htdocs\Grafana\system\CodeIgniter.php(825): App\Controllers\Grafana->getOEEData()
#2 C:\xampp\htdocs\Grafana\system\CodeIgniter.php(412): CodeIgniter\CodeIgniter->runController(Object(App\Controllers\Grafana))
#3 C:\xampp\htdocs\Grafana\system\CodeIgniter.php(320): CodeIgniter\CodeIgniter->handleRequest(NULL, Object(Config\Cache), false)
#4 C:\xampp\htdocs\Grafana\index.php(37): CodeIgniter\CodeIgniter->run()
#5 {main}
CRITICAL - 2022-01-25 06:15:27 --> Call to undefined method CodeIgniter\Database\MySQLi\Builder::getLastQuery()
#0 C:\xampp\htdocs\Grafana\app\Controllers\Grafana.php(239): App\Models\MainModel->getOEEData()
#1 C:\xampp\htdocs\Grafana\system\CodeIgniter.php(825): App\Controllers\Grafana->getOEEData()
#2 C:\xampp\htdocs\Grafana\system\CodeIgniter.php(412): CodeIgniter\CodeIgniter->runController(Object(App\Controllers\Grafana))
#3 C:\xampp\htdocs\Grafana\system\CodeIgniter.php(320): CodeIgniter\CodeIgniter->handleRequest(NULL, Object(Config\Cache), false)
#4 C:\xampp\htdocs\Grafana\index.php(37): CodeIgniter\CodeIgniter->run()
#5 {main}
CRITICAL - 2022-01-25 06:16:30 --> Call to undefined method CodeIgniter\Database\MySQLi\Builder::getLastQuery()
#0 C:\xampp\htdocs\Grafana\app\Controllers\Grafana.php(239): App\Models\MainModel->getOEEData()
#1 C:\xampp\htdocs\Grafana\system\CodeIgniter.php(825): App\Controllers\Grafana->getOEEData()
#2 C:\xampp\htdocs\Grafana\system\CodeIgniter.php(412): CodeIgniter\CodeIgniter->runController(Object(App\Controllers\Grafana))
#3 C:\xampp\htdocs\Grafana\system\CodeIgniter.php(320): CodeIgniter\CodeIgniter->handleRequest(NULL, Object(Config\Cache), false)
#4 C:\xampp\htdocs\Grafana\index.php(37): CodeIgniter\CodeIgniter->run()
#5 {main}
CRITICAL - 2022-01-25 06:16:51 --> Call to undefined method CodeIgniter\Database\MySQLi\Builder::getLastQuery()
#0 C:\xampp\htdocs\Grafana\app\Controllers\Grafana.php(239): App\Models\MainModel->getOEEData()
#1 C:\xampp\htdocs\Grafana\system\CodeIgniter.php(825): App\Controllers\Grafana->getOEEData()
#2 C:\xampp\htdocs\Grafana\system\CodeIgniter.php(412): CodeIgniter\CodeIgniter->runController(Object(App\Controllers\Grafana))
#3 C:\xampp\htdocs\Grafana\system\CodeIgniter.php(320): CodeIgniter\CodeIgniter->handleRequest(NULL, Object(Config\Cache), false)
#4 C:\xampp\htdocs\Grafana\index.php(37): CodeIgniter\CodeIgniter->run()
#5 {main}
CRITICAL - 2022-01-25 06:17:20 --> Call to a member function getLastQuery() on array
#0 C:\xampp\htdocs\Grafana\app\Controllers\Grafana.php(239): App\Models\MainModel->getOEEData()
#1 C:\xampp\htdocs\Grafana\system\CodeIgniter.php(825): App\Controllers\Grafana->getOEEData()
#2 C:\xampp\htdocs\Grafana\system\CodeIgniter.php(412): CodeIgniter\CodeIgniter->runController(Object(App\Controllers\Grafana))
#3 C:\xampp\htdocs\Grafana\system\CodeIgniter.php(320): CodeIgniter\CodeIgniter->handleRequest(NULL, Object(Config\Cache), false)
#4 C:\xampp\htdocs\Grafana\index.php(37): CodeIgniter\CodeIgniter->run()
#5 {main}
CRITICAL - 2022-01-25 06:20:13 --> Call to undefined method CodeIgniter\Database\MySQLi\Builder::getLastRow()
#0 C:\xampp\htdocs\Grafana\app\Controllers\Grafana.php(239): App\Models\MainModel->getOEEData()
#1 C:\xampp\htdocs\Grafana\system\CodeIgniter.php(825): App\Controllers\Grafana->getOEEData()
#2 C:\xampp\htdocs\Grafana\system\CodeIgniter.php(412): CodeIgniter\CodeIgniter->runController(Object(App\Controllers\Grafana))
#3 C:\xampp\htdocs\Grafana\system\CodeIgniter.php(320): CodeIgniter\CodeIgniter->handleRequest(NULL, Object(Config\Cache), false)
#4 C:\xampp\htdocs\Grafana\index.php(37): CodeIgniter\CodeIgniter->run()
#5 {main}
ERROR - 2022-01-25 06:23:18 --> Unknown column 'Last_Modified_By' in 'order clause'
CRITICAL - 2022-01-25 06:23:18 --> Call to a member function getResultArray() on bool
#0 C:\xampp\htdocs\Grafana\app\Controllers\Grafana.php(239): App\Models\MainModel->getOEEData()
#1 C:\xampp\htdocs\Grafana\system\CodeIgniter.php(825): App\Controllers\Grafana->getOEEData()
#2 C:\xampp\htdocs\Grafana\system\CodeIgniter.php(412): CodeIgniter\CodeIgniter->runController(Object(App\Controllers\Grafana))
#3 C:\xampp\htdocs\Grafana\system\CodeIgniter.php(320): CodeIgniter\CodeIgniter->handleRequest(NULL, Object(Config\Cache), false)
#4 C:\xampp\htdocs\Grafana\index.php(37): CodeIgniter\CodeIgniter->run()
#5 {main}
