CRITICAL - 2022-05-21 03:18:05 --> You must set the database table to be used with your query.
#0 C:\xampp\htdocs\oee-module2\system\Model.php(545): CodeIgniter\Database\BaseConnection->table(NULL)
#1 C:\xampp\htdocs\oee-module2\system\Model.php(722): CodeIgniter\Model->builder()
#2 C:\xampp\htdocs\oee-module2\app\Controllers\Home.php(2790): CodeIgniter\Model->__call('getDowntimeValu...', Array)
#3 C:\xampp\htdocs\oee-module2\system\CodeIgniter.php(825): App\Controllers\Home->OEETrendDay()
#4 C:\xampp\htdocs\oee-module2\system\CodeIgniter.php(412): CodeIgniter\CodeIgniter->runController(Object(App\Controllers\Home))
#5 C:\xampp\htdocs\oee-module2\system\CodeIgniter.php(320): CodeIgniter\CodeIgniter->handleRequest(NULL, Object(Config\Cache), false)
#6 C:\xampp\htdocs\oee-module2\index.php(37): CodeIgniter\CodeIgniter->run()
#7 {main}
CRITICAL - 2022-05-21 03:18:05 --> You must set the database table to be used with your query.
#0 C:\xampp\htdocs\oee-module2\system\Model.php(545): CodeIgniter\Database\BaseConnection->table(NULL)
#1 C:\xampp\htdocs\oee-module2\system\Model.php(722): CodeIgniter\Model->builder()
#2 C:\xampp\htdocs\oee-module2\app\Controllers\Home.php(3325): CodeIgniter\Model->__call('getDowntimeValu...', Array)
#3 C:\xampp\htdocs\oee-module2\system\CodeIgniter.php(825): App\Controllers\Home->getGraph()
#4 C:\xampp\htdocs\oee-module2\system\CodeIgniter.php(412): CodeIgniter\CodeIgniter->runController(Object(App\Controllers\Home))
#5 C:\xampp\htdocs\oee-module2\system\CodeIgniter.php(320): CodeIgniter\CodeIgniter->handleRequest(NULL, Object(Config\Cache), false)
#6 C:\xampp\htdocs\oee-module2\index.php(37): CodeIgniter\CodeIgniter->run()
#7 {main}
CRITICAL - 2022-05-21 04:24:35 --> You must set the database table to be used with your query.
#0 C:\xampp\htdocs\oee-module2\system\Model.php(545): CodeIgniter\Database\BaseConnection->table(NULL)
#1 C:\xampp\htdocs\oee-module2\system\Model.php(722): CodeIgniter\Model->builder()
#2 C:\xampp\htdocs\oee-module2\app\Controllers\Home.php(3325): CodeIgniter\Model->__call('getDowntimeValu...', Array)
#3 C:\xampp\htdocs\oee-module2\system\CodeIgniter.php(825): App\Controllers\Home->getGraph()
#4 C:\xampp\htdocs\oee-module2\system\CodeIgniter.php(412): CodeIgniter\CodeIgniter->runController(Object(App\Controllers\Home))
#5 C:\xampp\htdocs\oee-module2\system\CodeIgniter.php(320): CodeIgniter\CodeIgniter->handleRequest(NULL, Object(Config\Cache), false)
#6 C:\xampp\htdocs\oee-module2\index.php(37): CodeIgniter\CodeIgniter->run()
#7 {main}
CRITICAL - 2022-05-21 04:24:35 --> You must set the database table to be used with your query.
#0 C:\xampp\htdocs\oee-module2\system\Model.php(545): CodeIgniter\Database\BaseConnection->table(NULL)
#1 C:\xampp\htdocs\oee-module2\system\Model.php(722): CodeIgniter\Model->builder()
#2 C:\xampp\htdocs\oee-module2\app\Controllers\Home.php(3062): CodeIgniter\Model->__call('getDowntimeValu...', Array)
#3 C:\xampp\htdocs\oee-module2\system\CodeIgniter.php(825): App\Controllers\Home->OppTrendDay()
#4 C:\xampp\htdocs\oee-module2\system\CodeIgniter.php(412): CodeIgniter\CodeIgniter->runController(Object(App\Controllers\Home))
#5 C:\xampp\htdocs\oee-module2\system\CodeIgniter.php(320): CodeIgniter\CodeIgniter->handleRequest(NULL, Object(Config\Cache), false)
#6 C:\xampp\htdocs\oee-module2\index.php(37): CodeIgniter\CodeIgniter->run()
#7 {main}
