ERROR - 2022-02-19 01:04:56 --> Unknown column 'Part_Id' in 'field list'
CRITICAL - 2022-02-19 01:04:56 --> Too few arguments to function App\Models\MainModel::deactivateTool(), 2 passed in C:\xampp\htdocs\SmartTech\app\Controllers\Home.php on line 254 and exactly 3 expected
#0 C:\xampp\htdocs\SmartTech\app\Controllers\Home.php(254): App\Models\MainModel->deactivateTool('2', '0')
#1 C:\xampp\htdocs\SmartTech\system\CodeIgniter.php(825): App\Controllers\Home->deactivateTool()
#2 C:\xampp\htdocs\SmartTech\system\CodeIgniter.php(412): CodeIgniter\CodeIgniter->runController(Object(App\Controllers\Home))
#3 C:\xampp\htdocs\SmartTech\system\CodeIgniter.php(320): CodeIgniter\CodeIgniter->handleRequest(NULL, Object(Config\Cache), false)
#4 C:\xampp\htdocs\SmartTech\index.php(37): CodeIgniter\CodeIgniter->run()
#5 {main}
CRITICAL - 2022-02-19 01:06:55 --> Too few arguments to function App\Models\MainModel::deactivateTool(), 2 passed in C:\xampp\htdocs\SmartTech\app\Controllers\Home.php on line 254 and exactly 3 expected
#0 C:\xampp\htdocs\SmartTech\app\Controllers\Home.php(254): App\Models\MainModel->deactivateTool('2', '0')
#1 C:\xampp\htdocs\SmartTech\system\CodeIgniter.php(825): App\Controllers\Home->deactivateTool()
#2 C:\xampp\htdocs\SmartTech\system\CodeIgniter.php(412): CodeIgniter\CodeIgniter->runController(Object(App\Controllers\Home))
#3 C:\xampp\htdocs\SmartTech\system\CodeIgniter.php(320): CodeIgniter\CodeIgniter->handleRequest(NULL, Object(Config\Cache), false)
#4 C:\xampp\htdocs\SmartTech\index.php(37): CodeIgniter\CodeIgniter->run()
#5 {main}
CRITICAL - 2022-02-19 01:07:05 --> Too few arguments to function App\Models\MainModel::deactivateTool(), 2 passed in C:\xampp\htdocs\SmartTech\app\Controllers\Home.php on line 254 and exactly 3 expected
#0 C:\xampp\htdocs\SmartTech\app\Controllers\Home.php(254): App\Models\MainModel->deactivateTool('2', '0')
#1 C:\xampp\htdocs\SmartTech\system\CodeIgniter.php(825): App\Controllers\Home->deactivateTool()
#2 C:\xampp\htdocs\SmartTech\system\CodeIgniter.php(412): CodeIgniter\CodeIgniter->runController(Object(App\Controllers\Home))
#3 C:\xampp\htdocs\SmartTech\system\CodeIgniter.php(320): CodeIgniter\CodeIgniter->handleRequest(NULL, Object(Config\Cache), false)
#4 C:\xampp\htdocs\SmartTech\index.php(37): CodeIgniter\CodeIgniter->run()
#5 {main}
CRITICAL - 2022-02-19 01:07:05 --> Too few arguments to function App\Models\MainModel::deactivateTool(), 2 passed in C:\xampp\htdocs\SmartTech\app\Controllers\Home.php on line 254 and exactly 3 expected
#0 C:\xampp\htdocs\SmartTech\app\Controllers\Home.php(254): App\Models\MainModel->deactivateTool('1', '1')
#1 C:\xampp\htdocs\SmartTech\system\CodeIgniter.php(825): App\Controllers\Home->deactivateTool()
#2 C:\xampp\htdocs\SmartTech\system\CodeIgniter.php(412): CodeIgniter\CodeIgniter->runController(Object(App\Controllers\Home))
#3 C:\xampp\htdocs\SmartTech\system\CodeIgniter.php(320): CodeIgniter\CodeIgniter->handleRequest(NULL, Object(Config\Cache), false)
#4 C:\xampp\htdocs\SmartTech\index.php(37): CodeIgniter\CodeIgniter->run()
#5 {main}
CRITICAL - 2022-02-19 01:09:34 --> Too few arguments to function App\Models\MainModel::deactivateTool(), 2 passed in C:\xampp\htdocs\SmartTech\app\Controllers\Home.php on line 254 and exactly 3 expected
#0 C:\xampp\htdocs\SmartTech\app\Controllers\Home.php(254): App\Models\MainModel->deactivateTool('1', '0')
#1 C:\xampp\htdocs\SmartTech\system\CodeIgniter.php(825): App\Controllers\Home->deactivateTool()
#2 C:\xampp\htdocs\SmartTech\system\CodeIgniter.php(412): CodeIgniter\CodeIgniter->runController(Object(App\Controllers\Home))
#3 C:\xampp\htdocs\SmartTech\system\CodeIgniter.php(320): CodeIgniter\CodeIgniter->handleRequest(NULL, Object(Config\Cache), false)
#4 C:\xampp\htdocs\SmartTech\index.php(37): CodeIgniter\CodeIgniter->run()
#5 {main}
CRITICAL - 2022-02-19 01:10:22 --> Too few arguments to function App\Models\MainModel::deactivateTool(), 2 passed in C:\xampp\htdocs\SmartTech\app\Controllers\Home.php on line 254 and exactly 3 expected
#0 C:\xampp\htdocs\SmartTech\app\Controllers\Home.php(254): App\Models\MainModel->deactivateTool('1', '1')
#1 C:\xampp\htdocs\SmartTech\system\CodeIgniter.php(825): App\Controllers\Home->deactivateTool()
#2 C:\xampp\htdocs\SmartTech\system\CodeIgniter.php(412): CodeIgniter\CodeIgniter->runController(Object(App\Controllers\Home))
#3 C:\xampp\htdocs\SmartTech\system\CodeIgniter.php(320): CodeIgniter\CodeIgniter->handleRequest(NULL, Object(Config\Cache), false)
#4 C:\xampp\htdocs\SmartTech\index.php(37): CodeIgniter\CodeIgniter->run()
#5 {main}
CRITICAL - 2022-02-19 01:10:22 --> Too few arguments to function App\Models\MainModel::deactivateTool(), 2 passed in C:\xampp\htdocs\SmartTech\app\Controllers\Home.php on line 254 and exactly 3 expected
#0 C:\xampp\htdocs\SmartTech\app\Controllers\Home.php(254): App\Models\MainModel->deactivateTool('1', '1')
#1 C:\xampp\htdocs\SmartTech\system\CodeIgniter.php(825): App\Controllers\Home->deactivateTool()
#2 C:\xampp\htdocs\SmartTech\system\CodeIgniter.php(412): CodeIgniter\CodeIgniter->runController(Object(App\Controllers\Home))
#3 C:\xampp\htdocs\SmartTech\system\CodeIgniter.php(320): CodeIgniter\CodeIgniter->handleRequest(NULL, Object(Config\Cache), false)
#4 C:\xampp\htdocs\SmartTech\index.php(37): CodeIgniter\CodeIgniter->run()
#5 {main}
CRITICAL - 2022-02-19 01:31:45 --> Too few arguments to function App\Models\MainModel::getGoalsFinancialData(), 0 passed in C:\xampp\htdocs\SmartTech\app\Controllers\Home.php on line 350 and exactly 1 expected
#0 C:\xampp\htdocs\SmartTech\app\Controllers\Home.php(350): App\Models\MainModel->getGoalsFinancialData()
#1 C:\xampp\htdocs\SmartTech\system\CodeIgniter.php(825): App\Controllers\Home->getGoalsFinancialData()
#2 C:\xampp\htdocs\SmartTech\system\CodeIgniter.php(412): CodeIgniter\CodeIgniter->runController(Object(App\Controllers\Home))
#3 C:\xampp\htdocs\SmartTech\system\CodeIgniter.php(320): CodeIgniter\CodeIgniter->handleRequest(NULL, Object(Config\Cache), false)
#4 C:\xampp\htdocs\SmartTech\index.php(37): CodeIgniter\CodeIgniter->run()
#5 {main}
CRITICAL - 2022-02-19 01:32:37 --> Too few arguments to function App\Models\MainModel::getGoalsFinancialData(), 0 passed in C:\xampp\htdocs\SmartTech\app\Controllers\Home.php on line 350 and exactly 1 expected
#0 C:\xampp\htdocs\SmartTech\app\Controllers\Home.php(350): App\Models\MainModel->getGoalsFinancialData()
#1 C:\xampp\htdocs\SmartTech\system\CodeIgniter.php(825): App\Controllers\Home->getGoalsFinancialData()
#2 C:\xampp\htdocs\SmartTech\system\CodeIgniter.php(412): CodeIgniter\CodeIgniter->runController(Object(App\Controllers\Home))
#3 C:\xampp\htdocs\SmartTech\system\CodeIgniter.php(320): CodeIgniter\CodeIgniter->handleRequest(NULL, Object(Config\Cache), false)
#4 C:\xampp\htdocs\SmartTech\index.php(37): CodeIgniter\CodeIgniter->run()
#5 {main}
ERROR - 2022-02-19 02:29:56 --> Column 'OEE_Target' cannot be null
