CRITICAL - 2022-01-08 06:37:04 --> The framework needs the following extension(s) installed and loaded: intl.
#0 C:\xampp\htdocs\Grafana\system\CodeIgniter.php(219): CodeIgniter\Exceptions\FrameworkException::forMissingExtension('intl')
#1 C:\xampp\htdocs\Grafana\system\CodeIgniter.php(177): CodeIgniter\CodeIgniter->resolvePlatformExtensions()
#2 C:\xampp\htdocs\Grafana\system\bootstrap.php(146): CodeIgniter\CodeIgniter->initialize()
#3 C:\xampp\htdocs\Grafana\public\index.php(28): require('C:\\xampp\\htdocs...')
#4 {main}
CRITICAL - 2022-01-08 06:52:08 --> The framework needs the following extension(s) installed and loaded: intl.
#0 C:\xampp\htdocs\Grafana\system\CodeIgniter.php(219): CodeIgniter\Exceptions\FrameworkException::forMissingExtension('intl')
#1 C:\xampp\htdocs\Grafana\system\CodeIgniter.php(177): CodeIgniter\CodeIgniter->resolvePlatformExtensions()
#2 C:\xampp\htdocs\Grafana\system\bootstrap.php(146): CodeIgniter\CodeIgniter->initialize()
#3 C:\xampp\htdocs\Grafana\public\index.php(28): require('C:\\xampp\\htdocs...')
#4 {main}
CRITICAL - 2022-01-08 02:22:19 --> syntax error, unexpected token "."
#0 C:\xampp\htdocs\Grafana\system\View\View.php(213): CodeIgniter\View\View->CodeIgniter\View\{closure}()
#1 C:\xampp\htdocs\Grafana\system\Common.php(1089): CodeIgniter\View\View->render('Grafana_Home', Array, true)
#2 C:\xampp\htdocs\Grafana\app\Controllers\Grafana.php(9): view('Grafana_Home')
#3 C:\xampp\htdocs\Grafana\system\CodeIgniter.php(825): App\Controllers\Grafana->index()
#4 C:\xampp\htdocs\Grafana\system\CodeIgniter.php(412): CodeIgniter\CodeIgniter->runController(Object(App\Controllers\Grafana))
#5 C:\xampp\htdocs\Grafana\system\CodeIgniter.php(320): CodeIgniter\CodeIgniter->handleRequest(NULL, Object(Config\Cache), false)
#6 C:\xampp\htdocs\Grafana\index.php(37): CodeIgniter\CodeIgniter->run()
#7 {main}
CRITICAL - 2022-01-08 02:22:21 --> syntax error, unexpected token "."
#0 C:\xampp\htdocs\Grafana\system\View\View.php(213): CodeIgniter\View\View->CodeIgniter\View\{closure}()
#1 C:\xampp\htdocs\Grafana\system\Common.php(1089): CodeIgniter\View\View->render('Grafana_Home', Array, true)
#2 C:\xampp\htdocs\Grafana\app\Controllers\Grafana.php(9): view('Grafana_Home')
#3 C:\xampp\htdocs\Grafana\system\CodeIgniter.php(825): App\Controllers\Grafana->index()
#4 C:\xampp\htdocs\Grafana\system\CodeIgniter.php(412): CodeIgniter\CodeIgniter->runController(Object(App\Controllers\Grafana))
#5 C:\xampp\htdocs\Grafana\system\CodeIgniter.php(320): CodeIgniter\CodeIgniter->handleRequest(NULL, Object(Config\Cache), false)
#6 C:\xampp\htdocs\Grafana\index.php(37): CodeIgniter\CodeIgniter->run()
#7 {main}
