ERROR - 2022-02-04 06:07:20 --> Error connecting to the database: No connection could be made because the target machine actively refused it
CRITICAL - 2022-02-04 06:07:20 --> Unable to connect to the database.
Main connection [MySQLi]: No connection could be made because the target machine actively refused it
#0 C:\xampp\htdocs\Grafana\system\Database\BaseConnection.php(577): CodeIgniter\Database\BaseConnection->initialize()
#1 C:\xampp\htdocs\Grafana\system\Database\BaseBuilder.php(1455): CodeIgniter\Database\BaseConnection->query('SELECT *\nFROM `...', Array, false)
#2 C:\xampp\htdocs\Grafana\app\Models\MainModel.php(292): CodeIgniter\Database\BaseBuilder->get()
#3 C:\xampp\htdocs\Grafana\app\Controllers\Grafana.php(367): App\Models\MainModel->getConnectionData()
#4 C:\xampp\htdocs\Grafana\system\CodeIgniter.php(825): App\Controllers\Grafana->getConnectionData()
#5 C:\xampp\htdocs\Grafana\system\CodeIgniter.php(412): CodeIgniter\CodeIgniter->runController(Object(App\Controllers\Grafana))
#6 C:\xampp\htdocs\Grafana\system\CodeIgniter.php(320): CodeIgniter\CodeIgniter->handleRequest(NULL, Object(Config\Cache), false)
#7 C:\xampp\htdocs\Grafana\index.php(37): CodeIgniter\CodeIgniter->run()
#8 {main}
ERROR - 2022-02-04 06:07:25 --> Error connecting to the database: No connection could be made because the target machine actively refused it
CRITICAL - 2022-02-04 06:07:25 --> Unable to connect to the database.
Main connection [MySQLi]: No connection could be made because the target machine actively refused it
#0 C:\xampp\htdocs\Grafana\system\Database\BaseConnection.php(577): CodeIgniter\Database\BaseConnection->initialize()
#1 C:\xampp\htdocs\Grafana\system\Database\BaseBuilder.php(1455): CodeIgniter\Database\BaseConnection->query('SELECT *\nFROM `...', Array, false)
#2 C:\xampp\htdocs\Grafana\app\Models\MainModel.php(292): CodeIgniter\Database\BaseBuilder->get()
#3 C:\xampp\htdocs\Grafana\app\Controllers\Grafana.php(367): App\Models\MainModel->getConnectionData()
#4 C:\xampp\htdocs\Grafana\system\CodeIgniter.php(825): App\Controllers\Grafana->getConnectionData()
#5 C:\xampp\htdocs\Grafana\system\CodeIgniter.php(412): CodeIgniter\CodeIgniter->runController(Object(App\Controllers\Grafana))
#6 C:\xampp\htdocs\Grafana\system\CodeIgniter.php(320): CodeIgniter\CodeIgniter->handleRequest(NULL, Object(Config\Cache), false)
#7 C:\xampp\htdocs\Grafana\index.php(37): CodeIgniter\CodeIgniter->run()
#8 {main}
CRITICAL - 2022-02-04 06:15:16 --> Undefined array key "Machine_Errors"
#0 C:\xampp\htdocs\Grafana\app\Views\welcome_message.php(22): CodeIgniter\Debug\Exceptions->errorHandler(2, 'Undefined array...', 'C:\\xampp\\htdocs...', 22)
#1 C:\xampp\htdocs\Grafana\system\View\View.php(210): include('C:\\xampp\\htdocs...')
#2 C:\xampp\htdocs\Grafana\system\View\View.php(213): CodeIgniter\View\View->CodeIgniter\View\{closure}()
#3 C:\xampp\htdocs\Grafana\system\Common.php(1089): CodeIgniter\View\View->render('welcome_message', Array, true)
#4 C:\xampp\htdocs\Grafana\app\Controllers\Home.php(9): view('welcome_message')
#5 C:\xampp\htdocs\Grafana\system\CodeIgniter.php(825): App\Controllers\Home->index()
#6 C:\xampp\htdocs\Grafana\system\CodeIgniter.php(412): CodeIgniter\CodeIgniter->runController(Object(App\Controllers\Home))
#7 C:\xampp\htdocs\Grafana\system\CodeIgniter.php(320): CodeIgniter\CodeIgniter->handleRequest(NULL, Object(Config\Cache), false)
#8 C:\xampp\htdocs\Grafana\index.php(37): CodeIgniter\CodeIgniter->run()
#9 {main}
