CRITICAL - 2022-05-17 00:46:47 --> syntax error, unexpected token "}"
#0 C:\xampp\htdocs\oee-module\system\Router\Router.php(175): CodeIgniter\Router\Router->autoRoute('/Home/getReject...')
#1 C:\xampp\htdocs\oee-module\system\CodeIgniter.php(719): CodeIgniter\Router\Router->handle('/Home/getReject...')
#2 C:\xampp\htdocs\oee-module\system\CodeIgniter.php(361): CodeIgniter\CodeIgniter->tryToRouteIt(Object(CodeIgniter\Router\RouteCollection))
#3 C:\xampp\htdocs\oee-module\system\CodeIgniter.php(320): CodeIgniter\CodeIgniter->handleRequest(NULL, Object(Config\Cache), false)
#4 C:\xampp\htdocs\oee-module\index.php(37): CodeIgniter\CodeIgniter->run()
#5 {main}
CRITICAL - 2022-05-17 00:55:16 --> You must set the database table to be used with your query.
#0 C:\xampp\htdocs\oee-module\system\Model.php(545): CodeIgniter\Database\BaseConnection->table(NULL)
#1 C:\xampp\htdocs\oee-module\system\Model.php(722): CodeIgniter\Model->builder()
#2 C:\xampp\htdocs\oee-module\app\Controllers\Home.php(1057): CodeIgniter\Model->__call('getCorrectPartD...', Array)
#3 C:\xampp\htdocs\oee-module\system\CodeIgniter.php(825): App\Controllers\Home->getCorrectData()
#4 C:\xampp\htdocs\oee-module\system\CodeIgniter.php(412): CodeIgniter\CodeIgniter->runController(Object(App\Controllers\Home))
#5 C:\xampp\htdocs\oee-module\system\CodeIgniter.php(320): CodeIgniter\CodeIgniter->handleRequest(NULL, Object(Config\Cache), false)
#6 C:\xampp\htdocs\oee-module\index.php(37): CodeIgniter\CodeIgniter->run()
#7 {main}
CRITICAL - 2022-05-17 00:55:21 --> You must set the database table to be used with your query.
#0 C:\xampp\htdocs\oee-module\system\Model.php(545): CodeIgniter\Database\BaseConnection->table(NULL)
#1 C:\xampp\htdocs\oee-module\system\Model.php(722): CodeIgniter\Model->builder()
#2 C:\xampp\htdocs\oee-module\app\Controllers\Home.php(1057): CodeIgniter\Model->__call('getCorrectPartD...', Array)
#3 C:\xampp\htdocs\oee-module\system\CodeIgniter.php(825): App\Controllers\Home->getCorrectData()
#4 C:\xampp\htdocs\oee-module\system\CodeIgniter.php(412): CodeIgniter\CodeIgniter->runController(Object(App\Controllers\Home))
#5 C:\xampp\htdocs\oee-module\system\CodeIgniter.php(320): CodeIgniter\CodeIgniter->handleRequest(NULL, Object(Config\Cache), false)
#6 C:\xampp\htdocs\oee-module\index.php(37): CodeIgniter\CodeIgniter->run()
#7 {main}
ERROR - 2022-05-17 01:08:43 --> Illegal parameter data types date and row for operation '='
CRITICAL - 2022-05-17 01:08:43 --> Call to a member function getResultArray() on bool
#0 C:\xampp\htdocs\oee-module\app\Controllers\Home.php(989): App\Models\MainModel->getCorrectData(Array)
#1 C:\xampp\htdocs\oee-module\system\CodeIgniter.php(825): App\Controllers\Home->getRejectData()
#2 C:\xampp\htdocs\oee-module\system\CodeIgniter.php(412): CodeIgniter\CodeIgniter->runController(Object(App\Controllers\Home))
#3 C:\xampp\htdocs\oee-module\system\CodeIgniter.php(320): CodeIgniter\CodeIgniter->handleRequest(NULL, Object(Config\Cache), false)
#4 C:\xampp\htdocs\oee-module\index.php(37): CodeIgniter\CodeIgniter->run()
#5 {main}
CRITICAL - 2022-05-17 01:13:41 --> You must set the database table to be used with your query.
#0 C:\xampp\htdocs\oee-module\system\Model.php(545): CodeIgniter\Database\BaseConnection->table(NULL)
#1 C:\xampp\htdocs\oee-module\system\Model.php(722): CodeIgniter\Model->builder()
#2 C:\xampp\htdocs\oee-module\app\Controllers\Home.php(1063): CodeIgniter\Model->__call('getCorrectPartD...', Array)
#3 C:\xampp\htdocs\oee-module\system\CodeIgniter.php(825): App\Controllers\Home->getCorrectData()
#4 C:\xampp\htdocs\oee-module\system\CodeIgniter.php(412): CodeIgniter\CodeIgniter->runController(Object(App\Controllers\Home))
#5 C:\xampp\htdocs\oee-module\system\CodeIgniter.php(320): CodeIgniter\CodeIgniter->handleRequest(NULL, Object(Config\Cache), false)
#6 C:\xampp\htdocs\oee-module\index.php(37): CodeIgniter\CodeIgniter->run()
#7 {main}
CRITICAL - 2022-05-17 01:13:43 --> You must set the database table to be used with your query.
#0 C:\xampp\htdocs\oee-module\system\Model.php(545): CodeIgniter\Database\BaseConnection->table(NULL)
#1 C:\xampp\htdocs\oee-module\system\Model.php(722): CodeIgniter\Model->builder()
#2 C:\xampp\htdocs\oee-module\app\Controllers\Home.php(1063): CodeIgniter\Model->__call('getCorrectPartD...', Array)
#3 C:\xampp\htdocs\oee-module\system\CodeIgniter.php(825): App\Controllers\Home->getCorrectData()
#4 C:\xampp\htdocs\oee-module\system\CodeIgniter.php(412): CodeIgniter\CodeIgniter->runController(Object(App\Controllers\Home))
#5 C:\xampp\htdocs\oee-module\system\CodeIgniter.php(320): CodeIgniter\CodeIgniter->handleRequest(NULL, Object(Config\Cache), false)
#6 C:\xampp\htdocs\oee-module\index.php(37): CodeIgniter\CodeIgniter->run()
#7 {main}
CRITICAL - 2022-05-17 01:22:42 --> Undefined array key "date"
#0 C:\xampp\htdocs\oee-module\app\Models\MainModel.php(1362): CodeIgniter\Debug\Exceptions->errorHandler(2, 'Undefined array...', 'C:\\xampp\\htdocs...', 1362)
#1 C:\xampp\htdocs\oee-module\app\Controllers\Home.php(1068): App\Models\MainModel->getCorrectPartData(Array)
#2 C:\xampp\htdocs\oee-module\system\CodeIgniter.php(825): App\Controllers\Home->getCorrectData()
#3 C:\xampp\htdocs\oee-module\system\CodeIgniter.php(412): CodeIgniter\CodeIgniter->runController(Object(App\Controllers\Home))
#4 C:\xampp\htdocs\oee-module\system\CodeIgniter.php(320): CodeIgniter\CodeIgniter->handleRequest(NULL, Object(Config\Cache), false)
#5 C:\xampp\htdocs\oee-module\index.php(37): CodeIgniter\CodeIgniter->run()
#6 {main}
CRITICAL - 2022-05-17 01:22:46 --> Undefined array key "date"
#0 C:\xampp\htdocs\oee-module\app\Models\MainModel.php(1362): CodeIgniter\Debug\Exceptions->errorHandler(2, 'Undefined array...', 'C:\\xampp\\htdocs...', 1362)
#1 C:\xampp\htdocs\oee-module\app\Controllers\Home.php(1068): App\Models\MainModel->getCorrectPartData(Array)
#2 C:\xampp\htdocs\oee-module\system\CodeIgniter.php(825): App\Controllers\Home->getCorrectData()
#3 C:\xampp\htdocs\oee-module\system\CodeIgniter.php(412): CodeIgniter\CodeIgniter->runController(Object(App\Controllers\Home))
#4 C:\xampp\htdocs\oee-module\system\CodeIgniter.php(320): CodeIgniter\CodeIgniter->handleRequest(NULL, Object(Config\Cache), false)
#5 C:\xampp\htdocs\oee-module\index.php(37): CodeIgniter\CodeIgniter->run()
#6 {main}
CRITICAL - 2022-05-17 01:25:46 --> Undefined array key "date"
#0 C:\xampp\htdocs\oee-module\app\Models\MainModel.php(1362): CodeIgniter\Debug\Exceptions->errorHandler(2, 'Undefined array...', 'C:\\xampp\\htdocs...', 1362)
#1 C:\xampp\htdocs\oee-module\app\Controllers\Home.php(1068): App\Models\MainModel->getCorrectPartData(Array)
#2 C:\xampp\htdocs\oee-module\system\CodeIgniter.php(825): App\Controllers\Home->getCorrectData()
#3 C:\xampp\htdocs\oee-module\system\CodeIgniter.php(412): CodeIgniter\CodeIgniter->runController(Object(App\Controllers\Home))
#4 C:\xampp\htdocs\oee-module\system\CodeIgniter.php(320): CodeIgniter\CodeIgniter->handleRequest(NULL, Object(Config\Cache), false)
#5 C:\xampp\htdocs\oee-module\index.php(37): CodeIgniter\CodeIgniter->run()
#6 {main}
CRITICAL - 2022-05-17 01:27:18 --> Undefined array key "date"
#0 C:\xampp\htdocs\oee-module\app\Models\MainModel.php(1362): CodeIgniter\Debug\Exceptions->errorHandler(2, 'Undefined array...', 'C:\\xampp\\htdocs...', 1362)
#1 C:\xampp\htdocs\oee-module\app\Controllers\Home.php(1068): App\Models\MainModel->getCorrectPartData(Array)
#2 C:\xampp\htdocs\oee-module\system\CodeIgniter.php(825): App\Controllers\Home->getCorrectData()
#3 C:\xampp\htdocs\oee-module\system\CodeIgniter.php(412): CodeIgniter\CodeIgniter->runController(Object(App\Controllers\Home))
#4 C:\xampp\htdocs\oee-module\system\CodeIgniter.php(320): CodeIgniter\CodeIgniter->handleRequest(NULL, Object(Config\Cache), false)
#5 C:\xampp\htdocs\oee-module\index.php(37): CodeIgniter\CodeIgniter->run()
#6 {main}
CRITICAL - 2022-05-17 01:27:46 --> Undefined array key "date"
#0 C:\xampp\htdocs\oee-module\app\Models\MainModel.php(1362): CodeIgniter\Debug\Exceptions->errorHandler(2, 'Undefined array...', 'C:\\xampp\\htdocs...', 1362)
#1 C:\xampp\htdocs\oee-module\app\Controllers\Home.php(1068): App\Models\MainModel->getCorrectPartData(Array)
#2 C:\xampp\htdocs\oee-module\system\CodeIgniter.php(825): App\Controllers\Home->getCorrectData()
#3 C:\xampp\htdocs\oee-module\system\CodeIgniter.php(412): CodeIgniter\CodeIgniter->runController(Object(App\Controllers\Home))
#4 C:\xampp\htdocs\oee-module\system\CodeIgniter.php(320): CodeIgniter\CodeIgniter->handleRequest(NULL, Object(Config\Cache), false)
#5 C:\xampp\htdocs\oee-module\index.php(37): CodeIgniter\CodeIgniter->run()
#6 {main}
CRITICAL - 2022-05-17 01:28:11 --> Undefined array key "date"
#0 C:\xampp\htdocs\oee-module\app\Models\MainModel.php(1362): CodeIgniter\Debug\Exceptions->errorHandler(2, 'Undefined array...', 'C:\\xampp\\htdocs...', 1362)
#1 C:\xampp\htdocs\oee-module\app\Controllers\Home.php(1068): App\Models\MainModel->getCorrectPartData(Array)
#2 C:\xampp\htdocs\oee-module\system\CodeIgniter.php(825): App\Controllers\Home->getCorrectData()
#3 C:\xampp\htdocs\oee-module\system\CodeIgniter.php(412): CodeIgniter\CodeIgniter->runController(Object(App\Controllers\Home))
#4 C:\xampp\htdocs\oee-module\system\CodeIgniter.php(320): CodeIgniter\CodeIgniter->handleRequest(NULL, Object(Config\Cache), false)
#5 C:\xampp\htdocs\oee-module\index.php(37): CodeIgniter\CodeIgniter->run()
#6 {main}
CRITICAL - 2022-05-17 04:22:20 --> Cannot use object of type stdClass as array
#0 C:\xampp\htdocs\oee-module\system\View\View.php(210): include()
#1 C:\xampp\htdocs\oee-module\system\View\View.php(213): CodeIgniter\View\View->CodeIgniter\View\{closure}()
#2 C:\xampp\htdocs\oee-module\system\Common.php(1089): CodeIgniter\View\View->render('Settings_Tools', Array, true)
#3 C:\xampp\htdocs\oee-module\app\Views\Grafana_Home.php(223): view('Settings_Tools', Array)
#4 C:\xampp\htdocs\oee-module\system\View\View.php(210): include('C:\\xampp\\htdocs...')
#5 C:\xampp\htdocs\oee-module\system\View\View.php(213): CodeIgniter\View\View->CodeIgniter\View\{closure}()
#6 C:\xampp\htdocs\oee-module\system\Common.php(1089): CodeIgniter\View\View->render('Grafana_Home', Array, true)
#7 C:\xampp\htdocs\oee-module\app\Controllers\Home.php(36): view('Grafana_Home', Array)
#8 C:\xampp\htdocs\oee-module\system\CodeIgniter.php(825): App\Controllers\Home->dashboard('Settings_Tools')
#9 C:\xampp\htdocs\oee-module\system\CodeIgniter.php(412): CodeIgniter\CodeIgniter->runController(Object(App\Controllers\Home))
#10 C:\xampp\htdocs\oee-module\system\CodeIgniter.php(320): CodeIgniter\CodeIgniter->handleRequest(NULL, Object(Config\Cache), false)
#11 C:\xampp\htdocs\oee-module\index.php(37): CodeIgniter\CodeIgniter->run()
#12 {main}
CRITICAL - 2022-05-17 04:22:49 --> Cannot use object of type stdClass as array
#0 C:\xampp\htdocs\oee-module\system\View\View.php(210): include()
#1 C:\xampp\htdocs\oee-module\system\View\View.php(213): CodeIgniter\View\View->CodeIgniter\View\{closure}()
#2 C:\xampp\htdocs\oee-module\system\Common.php(1089): CodeIgniter\View\View->render('Settings_Tools', Array, true)
#3 C:\xampp\htdocs\oee-module\app\Views\Grafana_Home.php(223): view('Settings_Tools', Array)
#4 C:\xampp\htdocs\oee-module\system\View\View.php(210): include('C:\\xampp\\htdocs...')
#5 C:\xampp\htdocs\oee-module\system\View\View.php(213): CodeIgniter\View\View->CodeIgniter\View\{closure}()
#6 C:\xampp\htdocs\oee-module\system\Common.php(1089): CodeIgniter\View\View->render('Grafana_Home', Array, true)
#7 C:\xampp\htdocs\oee-module\app\Controllers\Home.php(36): view('Grafana_Home', Array)
#8 C:\xampp\htdocs\oee-module\system\CodeIgniter.php(825): App\Controllers\Home->dashboard('Settings_Tools')
#9 C:\xampp\htdocs\oee-module\system\CodeIgniter.php(412): CodeIgniter\CodeIgniter->runController(Object(App\Controllers\Home))
#10 C:\xampp\htdocs\oee-module\system\CodeIgniter.php(320): CodeIgniter\CodeIgniter->handleRequest(NULL, Object(Config\Cache), false)
#11 C:\xampp\htdocs\oee-module\index.php(37): CodeIgniter\CodeIgniter->run()
#12 {main}
CRITICAL - 2022-05-17 04:24:40 --> Cannot use object of type stdClass as array
#0 C:\xampp\htdocs\oee-module\system\View\View.php(210): include()
#1 C:\xampp\htdocs\oee-module\system\View\View.php(213): CodeIgniter\View\View->CodeIgniter\View\{closure}()
#2 C:\xampp\htdocs\oee-module\system\Common.php(1089): CodeIgniter\View\View->render('Settings_Tools', Array, true)
#3 C:\xampp\htdocs\oee-module\app\Views\Grafana_Home.php(223): view('Settings_Tools', Array)
#4 C:\xampp\htdocs\oee-module\system\View\View.php(210): include('C:\\xampp\\htdocs...')
#5 C:\xampp\htdocs\oee-module\system\View\View.php(213): CodeIgniter\View\View->CodeIgniter\View\{closure}()
#6 C:\xampp\htdocs\oee-module\system\Common.php(1089): CodeIgniter\View\View->render('Grafana_Home', Array, true)
#7 C:\xampp\htdocs\oee-module\app\Controllers\Home.php(36): view('Grafana_Home', Array)
#8 C:\xampp\htdocs\oee-module\system\CodeIgniter.php(825): App\Controllers\Home->dashboard('Settings_Tools')
#9 C:\xampp\htdocs\oee-module\system\CodeIgniter.php(412): CodeIgniter\CodeIgniter->runController(Object(App\Controllers\Home))
#10 C:\xampp\htdocs\oee-module\system\CodeIgniter.php(320): CodeIgniter\CodeIgniter->handleRequest(NULL, Object(Config\Cache), false)
#11 C:\xampp\htdocs\oee-module\index.php(37): CodeIgniter\CodeIgniter->run()
#12 {main}
CRITICAL - 2022-05-17 05:05:46 --> Undefined array key "shift_date"
#0 C:\xampp\htdocs\oee-module\app\Models\MainModel.php(1374): CodeIgniter\Debug\Exceptions->errorHandler(2, 'Undefined array...', 'C:\\xampp\\htdocs...', 1374)
#1 C:\xampp\htdocs\oee-module\app\Controllers\Home.php(1074): App\Models\MainModel->getCorrectPartData(Array)
#2 C:\xampp\htdocs\oee-module\system\CodeIgniter.php(825): App\Controllers\Home->getCorrectData()
#3 C:\xampp\htdocs\oee-module\system\CodeIgniter.php(412): CodeIgniter\CodeIgniter->runController(Object(App\Controllers\Home))
#4 C:\xampp\htdocs\oee-module\system\CodeIgniter.php(320): CodeIgniter\CodeIgniter->handleRequest(NULL, Object(Config\Cache), false)
#5 C:\xampp\htdocs\oee-module\index.php(37): CodeIgniter\CodeIgniter->run()
#6 {main}
CRITICAL - 2022-05-17 05:13:32 --> Array to string conversion
#0 C:\xampp\htdocs\oee-module\app\Controllers\Home.php(1080): CodeIgniter\Debug\Exceptions->errorHandler(2, 'Array to string...', 'C:\\xampp\\htdocs...', 1080)
#1 C:\xampp\htdocs\oee-module\system\CodeIgniter.php(825): App\Controllers\Home->getCorrectData()
#2 C:\xampp\htdocs\oee-module\system\CodeIgniter.php(412): CodeIgniter\CodeIgniter->runController(Object(App\Controllers\Home))
#3 C:\xampp\htdocs\oee-module\system\CodeIgniter.php(320): CodeIgniter\CodeIgniter->handleRequest(NULL, Object(Config\Cache), false)
#4 C:\xampp\htdocs\oee-module\index.php(37): CodeIgniter\CodeIgniter->run()
#5 {main}
CRITICAL - 2022-05-17 07:17:57 --> Undefined array key "part_id"
#0 C:\xampp\htdocs\oee-module\app\Controllers\Home.php(3967): CodeIgniter\Debug\Exceptions->errorHandler(2, 'Undefined array...', 'C:\\xampp\\htdocs...', 3967)
#1 C:\xampp\htdocs\oee-module\system\CodeIgniter.php(825): App\Controllers\Home->downtimeCalc()
#2 C:\xampp\htdocs\oee-module\system\CodeIgniter.php(412): CodeIgniter\CodeIgniter->runController(Object(App\Controllers\Home))
#3 C:\xampp\htdocs\oee-module\system\CodeIgniter.php(320): CodeIgniter\CodeIgniter->handleRequest(NULL, Object(Config\Cache), false)
#4 C:\xampp\htdocs\oee-module\index.php(37): CodeIgniter\CodeIgniter->run()
#5 {main}
ERROR - 2022-05-17 07:52:27 --> Error connecting to the database: Unknown database 's10011'
CRITICAL - 2022-05-17 07:52:27 --> Unable to connect to the database.
Main connection [MySQLi]: Unknown database 's10011'
#0 C:\xampp\htdocs\oee-module\system\Database\BaseConnection.php(577): CodeIgniter\Database\BaseConnection->initialize()
#1 C:\xampp\htdocs\oee-module\system\Database\BaseBuilder.php(1455): CodeIgniter\Database\BaseConnection->query('SELECT *\nFROM `...', Array, false)
#2 C:\xampp\htdocs\oee-module\app\Models\MainModel.php(27): CodeIgniter\Database\BaseBuilder->get()
#3 C:\xampp\htdocs\oee-module\app\Controllers\Home.php(31): App\Models\MainModel->settings_machine()
#4 C:\xampp\htdocs\oee-module\system\CodeIgniter.php(825): App\Controllers\Home->dashboard()
#5 C:\xampp\htdocs\oee-module\system\CodeIgniter.php(412): CodeIgniter\CodeIgniter->runController(Object(App\Controllers\Home))
#6 C:\xampp\htdocs\oee-module\system\CodeIgniter.php(320): CodeIgniter\CodeIgniter->handleRequest(NULL, Object(Config\Cache), false)
#7 C:\xampp\htdocs\oee-module\index.php(37): CodeIgniter\CodeIgniter->run()
#8 {main}
CRITICAL - 2022-05-17 12:40:00 --> You must set the database table to be used with your query.
#0 C:\xampp\htdocs\oee-module\system\Model.php(545): CodeIgniter\Database\BaseConnection->table(NULL)
#1 C:\xampp\htdocs\oee-module\system\Model.php(722): CodeIgniter\Model->builder()
#2 C:\xampp\htdocs\oee-module\app\Controllers\Home.php(2455): CodeIgniter\Model->__call('retrive_multipl...', Array)
#3 C:\xampp\htdocs\oee-module\system\CodeIgniter.php(825): App\Controllers\Home->retrive_reasons()
#4 C:\xampp\htdocs\oee-module\system\CodeIgniter.php(412): CodeIgniter\CodeIgniter->runController(Object(App\Controllers\Home))
#5 C:\xampp\htdocs\oee-module\system\CodeIgniter.php(320): CodeIgniter\CodeIgniter->handleRequest(NULL, Object(Config\Cache), false)
#6 C:\xampp\htdocs\oee-module\index.php(37): CodeIgniter\CodeIgniter->run()
#7 {main}
CRITICAL - 2022-05-17 13:04:35 --> Undefined array key "date"
#0 C:\xampp\htdocs\oee-module\app\Models\MainModel.php(1228): CodeIgniter\Debug\Exceptions->errorHandler(2, 'Undefined array...', 'C:\\xampp\\htdocs...', 1228)
#1 C:\xampp\htdocs\oee-module\app\Controllers\Home.php(987): App\Models\MainModel->getRejectData(Array)
#2 C:\xampp\htdocs\oee-module\system\CodeIgniter.php(825): App\Controllers\Home->getRejectData()
#3 C:\xampp\htdocs\oee-module\system\CodeIgniter.php(412): CodeIgniter\CodeIgniter->runController(Object(App\Controllers\Home))
#4 C:\xampp\htdocs\oee-module\system\CodeIgniter.php(320): CodeIgniter\CodeIgniter->handleRequest(NULL, Object(Config\Cache), false)
#5 C:\xampp\htdocs\oee-module\index.php(37): CodeIgniter\CodeIgniter->run()
#6 {main}
CRITICAL - 2022-05-17 13:04:35 --> You must set the database table to be used with your query.
#0 C:\xampp\htdocs\oee-module\system\Model.php(545): CodeIgniter\Database\BaseConnection->table(NULL)
#1 C:\xampp\htdocs\oee-module\system\Model.php(722): CodeIgniter\Model->builder()
#2 C:\xampp\htdocs\oee-module\app\Controllers\Home.php(2460): CodeIgniter\Model->__call('retrive_multipl...', Array)
#3 C:\xampp\htdocs\oee-module\system\CodeIgniter.php(825): App\Controllers\Home->retrive_reasons()
#4 C:\xampp\htdocs\oee-module\system\CodeIgniter.php(412): CodeIgniter\CodeIgniter->runController(Object(App\Controllers\Home))
#5 C:\xampp\htdocs\oee-module\system\CodeIgniter.php(320): CodeIgniter\CodeIgniter->handleRequest(NULL, Object(Config\Cache), false)
#6 C:\xampp\htdocs\oee-module\index.php(37): CodeIgniter\CodeIgniter->run()
#7 {main}
CRITICAL - 2022-05-17 13:05:56 --> Undefined array key "date"
#0 C:\xampp\htdocs\oee-module\app\Models\MainModel.php(1228): CodeIgniter\Debug\Exceptions->errorHandler(2, 'Undefined array...', 'C:\\xampp\\htdocs...', 1228)
#1 C:\xampp\htdocs\oee-module\app\Controllers\Home.php(987): App\Models\MainModel->getRejectData(Array)
#2 C:\xampp\htdocs\oee-module\system\CodeIgniter.php(825): App\Controllers\Home->getRejectData()
#3 C:\xampp\htdocs\oee-module\system\CodeIgniter.php(412): CodeIgniter\CodeIgniter->runController(Object(App\Controllers\Home))
#4 C:\xampp\htdocs\oee-module\system\CodeIgniter.php(320): CodeIgniter\CodeIgniter->handleRequest(NULL, Object(Config\Cache), false)
#5 C:\xampp\htdocs\oee-module\index.php(37): CodeIgniter\CodeIgniter->run()
#6 {main}
CRITICAL - 2022-05-17 13:05:56 --> You must set the database table to be used with your query.
#0 C:\xampp\htdocs\oee-module\system\Model.php(545): CodeIgniter\Database\BaseConnection->table(NULL)
#1 C:\xampp\htdocs\oee-module\system\Model.php(722): CodeIgniter\Model->builder()
#2 C:\xampp\htdocs\oee-module\app\Controllers\Home.php(2460): CodeIgniter\Model->__call('retrive_multipl...', Array)
#3 C:\xampp\htdocs\oee-module\system\CodeIgniter.php(825): App\Controllers\Home->retrive_reasons()
#4 C:\xampp\htdocs\oee-module\system\CodeIgniter.php(412): CodeIgniter\CodeIgniter->runController(Object(App\Controllers\Home))
#5 C:\xampp\htdocs\oee-module\system\CodeIgniter.php(320): CodeIgniter\CodeIgniter->handleRequest(NULL, Object(Config\Cache), false)
#6 C:\xampp\htdocs\oee-module\index.php(37): CodeIgniter\CodeIgniter->run()
#7 {main}
CRITICAL - 2022-05-17 13:09:06 --> You must set the database table to be used with your query.
#0 C:\xampp\htdocs\oee-module\system\Model.php(545): CodeIgniter\Database\BaseConnection->table(NULL)
#1 C:\xampp\htdocs\oee-module\system\Model.php(722): CodeIgniter\Model->builder()
#2 C:\xampp\htdocs\oee-module\app\Controllers\Home.php(2460): CodeIgniter\Model->__call('retrive_multipl...', Array)
#3 C:\xampp\htdocs\oee-module\system\CodeIgniter.php(825): App\Controllers\Home->retrive_reasons()
#4 C:\xampp\htdocs\oee-module\system\CodeIgniter.php(412): CodeIgniter\CodeIgniter->runController(Object(App\Controllers\Home))
#5 C:\xampp\htdocs\oee-module\system\CodeIgniter.php(320): CodeIgniter\CodeIgniter->handleRequest(NULL, Object(Config\Cache), false)
#6 C:\xampp\htdocs\oee-module\index.php(37): CodeIgniter\CodeIgniter->run()
#7 {main}
CRITICAL - 2022-05-17 13:09:18 --> Undefined array key "date"
#0 C:\xampp\htdocs\oee-module\app\Models\MainModel.php(1228): CodeIgniter\Debug\Exceptions->errorHandler(2, 'Undefined array...', 'C:\\xampp\\htdocs...', 1228)
#1 C:\xampp\htdocs\oee-module\app\Controllers\Home.php(987): App\Models\MainModel->getRejectData(Array)
#2 C:\xampp\htdocs\oee-module\system\CodeIgniter.php(825): App\Controllers\Home->getRejectData()
#3 C:\xampp\htdocs\oee-module\system\CodeIgniter.php(412): CodeIgniter\CodeIgniter->runController(Object(App\Controllers\Home))
#4 C:\xampp\htdocs\oee-module\system\CodeIgniter.php(320): CodeIgniter\CodeIgniter->handleRequest(NULL, Object(Config\Cache), false)
#5 C:\xampp\htdocs\oee-module\index.php(37): CodeIgniter\CodeIgniter->run()
#6 {main}
CRITICAL - 2022-05-17 13:10:01 --> You must set the database table to be used with your query.
#0 C:\xampp\htdocs\oee-module\system\Model.php(545): CodeIgniter\Database\BaseConnection->table(NULL)
#1 C:\xampp\htdocs\oee-module\system\Model.php(722): CodeIgniter\Model->builder()
#2 C:\xampp\htdocs\oee-module\app\Controllers\Home.php(2460): CodeIgniter\Model->__call('retrive_multipl...', Array)
#3 C:\xampp\htdocs\oee-module\system\CodeIgniter.php(825): App\Controllers\Home->retrive_reasons()
#4 C:\xampp\htdocs\oee-module\system\CodeIgniter.php(412): CodeIgniter\CodeIgniter->runController(Object(App\Controllers\Home))
#5 C:\xampp\htdocs\oee-module\system\CodeIgniter.php(320): CodeIgniter\CodeIgniter->handleRequest(NULL, Object(Config\Cache), false)
#6 C:\xampp\htdocs\oee-module\index.php(37): CodeIgniter\CodeIgniter->run()
#7 {main}
CRITICAL - 2022-05-17 13:10:02 --> Undefined array key "date"
#0 C:\xampp\htdocs\oee-module\app\Models\MainModel.php(1228): CodeIgniter\Debug\Exceptions->errorHandler(2, 'Undefined array...', 'C:\\xampp\\htdocs...', 1228)
#1 C:\xampp\htdocs\oee-module\app\Controllers\Home.php(987): App\Models\MainModel->getRejectData(Array)
#2 C:\xampp\htdocs\oee-module\system\CodeIgniter.php(825): App\Controllers\Home->getRejectData()
#3 C:\xampp\htdocs\oee-module\system\CodeIgniter.php(412): CodeIgniter\CodeIgniter->runController(Object(App\Controllers\Home))
#4 C:\xampp\htdocs\oee-module\system\CodeIgniter.php(320): CodeIgniter\CodeIgniter->handleRequest(NULL, Object(Config\Cache), false)
#5 C:\xampp\htdocs\oee-module\index.php(37): CodeIgniter\CodeIgniter->run()
#6 {main}
CRITICAL - 2022-05-17 13:10:38 --> You must set the database table to be used with your query.
#0 C:\xampp\htdocs\oee-module\system\Model.php(545): CodeIgniter\Database\BaseConnection->table(NULL)
#1 C:\xampp\htdocs\oee-module\system\Model.php(722): CodeIgniter\Model->builder()
#2 C:\xampp\htdocs\oee-module\app\Controllers\Home.php(2460): CodeIgniter\Model->__call('retrive_multipl...', Array)
#3 C:\xampp\htdocs\oee-module\system\CodeIgniter.php(825): App\Controllers\Home->retrive_reasons()
#4 C:\xampp\htdocs\oee-module\system\CodeIgniter.php(412): CodeIgniter\CodeIgniter->runController(Object(App\Controllers\Home))
#5 C:\xampp\htdocs\oee-module\system\CodeIgniter.php(320): CodeIgniter\CodeIgniter->handleRequest(NULL, Object(Config\Cache), false)
#6 C:\xampp\htdocs\oee-module\index.php(37): CodeIgniter\CodeIgniter->run()
#7 {main}
CRITICAL - 2022-05-17 13:10:39 --> Undefined array key "date"
#0 C:\xampp\htdocs\oee-module\app\Models\MainModel.php(1228): CodeIgniter\Debug\Exceptions->errorHandler(2, 'Undefined array...', 'C:\\xampp\\htdocs...', 1228)
#1 C:\xampp\htdocs\oee-module\app\Controllers\Home.php(987): App\Models\MainModel->getRejectData(Array)
#2 C:\xampp\htdocs\oee-module\system\CodeIgniter.php(825): App\Controllers\Home->getRejectData()
#3 C:\xampp\htdocs\oee-module\system\CodeIgniter.php(412): CodeIgniter\CodeIgniter->runController(Object(App\Controllers\Home))
#4 C:\xampp\htdocs\oee-module\system\CodeIgniter.php(320): CodeIgniter\CodeIgniter->handleRequest(NULL, Object(Config\Cache), false)
#5 C:\xampp\htdocs\oee-module\index.php(37): CodeIgniter\CodeIgniter->run()
#6 {main}
CRITICAL - 2022-05-17 13:15:08 --> You must set the database table to be used with your query.
#0 C:\xampp\htdocs\oee-module\system\Model.php(545): CodeIgniter\Database\BaseConnection->table(NULL)
#1 C:\xampp\htdocs\oee-module\system\Model.php(722): CodeIgniter\Model->builder()
#2 C:\xampp\htdocs\oee-module\app\Controllers\Home.php(2460): CodeIgniter\Model->__call('retrive_multipl...', Array)
#3 C:\xampp\htdocs\oee-module\system\CodeIgniter.php(825): App\Controllers\Home->retrive_reasons()
#4 C:\xampp\htdocs\oee-module\system\CodeIgniter.php(412): CodeIgniter\CodeIgniter->runController(Object(App\Controllers\Home))
#5 C:\xampp\htdocs\oee-module\system\CodeIgniter.php(320): CodeIgniter\CodeIgniter->handleRequest(NULL, Object(Config\Cache), false)
#6 C:\xampp\htdocs\oee-module\index.php(37): CodeIgniter\CodeIgniter->run()
#7 {main}
CRITICAL - 2022-05-17 13:15:08 --> Undefined array key "date"
#0 C:\xampp\htdocs\oee-module\app\Models\MainModel.php(1228): CodeIgniter\Debug\Exceptions->errorHandler(2, 'Undefined array...', 'C:\\xampp\\htdocs...', 1228)
#1 C:\xampp\htdocs\oee-module\app\Controllers\Home.php(987): App\Models\MainModel->getRejectData(Array)
#2 C:\xampp\htdocs\oee-module\system\CodeIgniter.php(825): App\Controllers\Home->getRejectData()
#3 C:\xampp\htdocs\oee-module\system\CodeIgniter.php(412): CodeIgniter\CodeIgniter->runController(Object(App\Controllers\Home))
#4 C:\xampp\htdocs\oee-module\system\CodeIgniter.php(320): CodeIgniter\CodeIgniter->handleRequest(NULL, Object(Config\Cache), false)
#5 C:\xampp\htdocs\oee-module\index.php(37): CodeIgniter\CodeIgniter->run()
#6 {main}
CRITICAL - 2022-05-17 13:16:54 --> You must set the database table to be used with your query.
#0 C:\xampp\htdocs\oee-module\system\Model.php(545): CodeIgniter\Database\BaseConnection->table(NULL)
#1 C:\xampp\htdocs\oee-module\system\Model.php(722): CodeIgniter\Model->builder()
#2 C:\xampp\htdocs\oee-module\app\Controllers\Home.php(2461): CodeIgniter\Model->__call('retrive_multipl...', Array)
#3 C:\xampp\htdocs\oee-module\system\CodeIgniter.php(825): App\Controllers\Home->retrive_reasons()
#4 C:\xampp\htdocs\oee-module\system\CodeIgniter.php(412): CodeIgniter\CodeIgniter->runController(Object(App\Controllers\Home))
#5 C:\xampp\htdocs\oee-module\system\CodeIgniter.php(320): CodeIgniter\CodeIgniter->handleRequest(NULL, Object(Config\Cache), false)
#6 C:\xampp\htdocs\oee-module\index.php(37): CodeIgniter\CodeIgniter->run()
#7 {main}
CRITICAL - 2022-05-17 13:16:54 --> Undefined array key "date"
#0 C:\xampp\htdocs\oee-module\app\Models\MainModel.php(1228): CodeIgniter\Debug\Exceptions->errorHandler(2, 'Undefined array...', 'C:\\xampp\\htdocs...', 1228)
#1 C:\xampp\htdocs\oee-module\app\Controllers\Home.php(987): App\Models\MainModel->getRejectData(Array)
#2 C:\xampp\htdocs\oee-module\system\CodeIgniter.php(825): App\Controllers\Home->getRejectData()
#3 C:\xampp\htdocs\oee-module\system\CodeIgniter.php(412): CodeIgniter\CodeIgniter->runController(Object(App\Controllers\Home))
#4 C:\xampp\htdocs\oee-module\system\CodeIgniter.php(320): CodeIgniter\CodeIgniter->handleRequest(NULL, Object(Config\Cache), false)
#5 C:\xampp\htdocs\oee-module\index.php(37): CodeIgniter\CodeIgniter->run()
#6 {main}
CRITICAL - 2022-05-17 13:23:15 --> You must set the database table to be used with your query.
#0 C:\xampp\htdocs\oee-module\system\Model.php(545): CodeIgniter\Database\BaseConnection->table(NULL)
#1 C:\xampp\htdocs\oee-module\system\Model.php(722): CodeIgniter\Model->builder()
#2 C:\xampp\htdocs\oee-module\app\Controllers\Home.php(2461): CodeIgniter\Model->__call('retrive_multipl...', Array)
#3 C:\xampp\htdocs\oee-module\system\CodeIgniter.php(825): App\Controllers\Home->retrive_reasons()
#4 C:\xampp\htdocs\oee-module\system\CodeIgniter.php(412): CodeIgniter\CodeIgniter->runController(Object(App\Controllers\Home))
#5 C:\xampp\htdocs\oee-module\system\CodeIgniter.php(320): CodeIgniter\CodeIgniter->handleRequest(NULL, Object(Config\Cache), false)
#6 C:\xampp\htdocs\oee-module\index.php(37): CodeIgniter\CodeIgniter->run()
#7 {main}
CRITICAL - 2022-05-17 13:23:15 --> Undefined array key "date"
#0 C:\xampp\htdocs\oee-module\app\Models\MainModel.php(1228): CodeIgniter\Debug\Exceptions->errorHandler(2, 'Undefined array...', 'C:\\xampp\\htdocs...', 1228)
#1 C:\xampp\htdocs\oee-module\app\Controllers\Home.php(987): App\Models\MainModel->getRejectData(Array)
#2 C:\xampp\htdocs\oee-module\system\CodeIgniter.php(825): App\Controllers\Home->getRejectData()
#3 C:\xampp\htdocs\oee-module\system\CodeIgniter.php(412): CodeIgniter\CodeIgniter->runController(Object(App\Controllers\Home))
#4 C:\xampp\htdocs\oee-module\system\CodeIgniter.php(320): CodeIgniter\CodeIgniter->handleRequest(NULL, Object(Config\Cache), false)
#5 C:\xampp\htdocs\oee-module\index.php(37): CodeIgniter\CodeIgniter->run()
#6 {main}
CRITICAL - 2022-05-17 13:23:21 --> Undefined array key "date"
#0 C:\xampp\htdocs\oee-module\app\Models\MainModel.php(1228): CodeIgniter\Debug\Exceptions->errorHandler(2, 'Undefined array...', 'C:\\xampp\\htdocs...', 1228)
#1 C:\xampp\htdocs\oee-module\app\Controllers\Home.php(987): App\Models\MainModel->getRejectData(Array)
#2 C:\xampp\htdocs\oee-module\system\CodeIgniter.php(825): App\Controllers\Home->getRejectData()
#3 C:\xampp\htdocs\oee-module\system\CodeIgniter.php(412): CodeIgniter\CodeIgniter->runController(Object(App\Controllers\Home))
#4 C:\xampp\htdocs\oee-module\system\CodeIgniter.php(320): CodeIgniter\CodeIgniter->handleRequest(NULL, Object(Config\Cache), false)
#5 C:\xampp\htdocs\oee-module\index.php(37): CodeIgniter\CodeIgniter->run()
#6 {main}
CRITICAL - 2022-05-17 13:23:21 --> You must set the database table to be used with your query.
#0 C:\xampp\htdocs\oee-module\system\Model.php(545): CodeIgniter\Database\BaseConnection->table(NULL)
#1 C:\xampp\htdocs\oee-module\system\Model.php(722): CodeIgniter\Model->builder()
#2 C:\xampp\htdocs\oee-module\app\Controllers\Home.php(2461): CodeIgniter\Model->__call('retrive_multipl...', Array)
#3 C:\xampp\htdocs\oee-module\system\CodeIgniter.php(825): App\Controllers\Home->retrive_reasons()
#4 C:\xampp\htdocs\oee-module\system\CodeIgniter.php(412): CodeIgniter\CodeIgniter->runController(Object(App\Controllers\Home))
#5 C:\xampp\htdocs\oee-module\system\CodeIgniter.php(320): CodeIgniter\CodeIgniter->handleRequest(NULL, Object(Config\Cache), false)
#6 C:\xampp\htdocs\oee-module\index.php(37): CodeIgniter\CodeIgniter->run()
#7 {main}
CRITICAL - 2022-05-17 13:33:29 --> Undefined variable $query
#0 C:\xampp\htdocs\oee-module\app\Models\MainModel.php(1885): CodeIgniter\Debug\Exceptions->errorHandler(2, 'Undefined varia...', 'C:\\xampp\\htdocs...', 1885)
#1 C:\xampp\htdocs\oee-module\app\Controllers\Home.php(2465): App\Models\MainModel->retrive_multiple_reason(Array)
#2 C:\xampp\htdocs\oee-module\system\CodeIgniter.php(825): App\Controllers\Home->retrive_reasons()
#3 C:\xampp\htdocs\oee-module\system\CodeIgniter.php(412): CodeIgniter\CodeIgniter->runController(Object(App\Controllers\Home))
#4 C:\xampp\htdocs\oee-module\system\CodeIgniter.php(320): CodeIgniter\CodeIgniter->handleRequest(NULL, Object(Config\Cache), false)
#5 C:\xampp\htdocs\oee-module\index.php(37): CodeIgniter\CodeIgniter->run()
#6 {main}
CRITICAL - 2022-05-17 13:33:29 --> Undefined array key "date"
#0 C:\xampp\htdocs\oee-module\app\Models\MainModel.php(1228): CodeIgniter\Debug\Exceptions->errorHandler(2, 'Undefined array...', 'C:\\xampp\\htdocs...', 1228)
#1 C:\xampp\htdocs\oee-module\app\Controllers\Home.php(987): App\Models\MainModel->getRejectData(Array)
#2 C:\xampp\htdocs\oee-module\system\CodeIgniter.php(825): App\Controllers\Home->getRejectData()
#3 C:\xampp\htdocs\oee-module\system\CodeIgniter.php(412): CodeIgniter\CodeIgniter->runController(Object(App\Controllers\Home))
#4 C:\xampp\htdocs\oee-module\system\CodeIgniter.php(320): CodeIgniter\CodeIgniter->handleRequest(NULL, Object(Config\Cache), false)
#5 C:\xampp\htdocs\oee-module\index.php(37): CodeIgniter\CodeIgniter->run()
#6 {main}
CRITICAL - 2022-05-17 13:34:25 --> Undefined variable $query
#0 C:\xampp\htdocs\oee-module\app\Models\MainModel.php(1885): CodeIgniter\Debug\Exceptions->errorHandler(2, 'Undefined varia...', 'C:\\xampp\\htdocs...', 1885)
#1 C:\xampp\htdocs\oee-module\app\Controllers\Home.php(2465): App\Models\MainModel->retrive_multiple_reason(Array)
#2 C:\xampp\htdocs\oee-module\system\CodeIgniter.php(825): App\Controllers\Home->retrive_reasons()
#3 C:\xampp\htdocs\oee-module\system\CodeIgniter.php(412): CodeIgniter\CodeIgniter->runController(Object(App\Controllers\Home))
#4 C:\xampp\htdocs\oee-module\system\CodeIgniter.php(320): CodeIgniter\CodeIgniter->handleRequest(NULL, Object(Config\Cache), false)
#5 C:\xampp\htdocs\oee-module\index.php(37): CodeIgniter\CodeIgniter->run()
#6 {main}
CRITICAL - 2022-05-17 13:34:25 --> Undefined array key "date"
#0 C:\xampp\htdocs\oee-module\app\Models\MainModel.php(1228): CodeIgniter\Debug\Exceptions->errorHandler(2, 'Undefined array...', 'C:\\xampp\\htdocs...', 1228)
#1 C:\xampp\htdocs\oee-module\app\Controllers\Home.php(987): App\Models\MainModel->getRejectData(Array)
#2 C:\xampp\htdocs\oee-module\system\CodeIgniter.php(825): App\Controllers\Home->getRejectData()
#3 C:\xampp\htdocs\oee-module\system\CodeIgniter.php(412): CodeIgniter\CodeIgniter->runController(Object(App\Controllers\Home))
#4 C:\xampp\htdocs\oee-module\system\CodeIgniter.php(320): CodeIgniter\CodeIgniter->handleRequest(NULL, Object(Config\Cache), false)
#5 C:\xampp\htdocs\oee-module\index.php(37): CodeIgniter\CodeIgniter->run()
#6 {main}
CRITICAL - 2022-05-17 13:37:20 --> Undefined array key "date"
#0 C:\xampp\htdocs\oee-module\app\Models\MainModel.php(1228): CodeIgniter\Debug\Exceptions->errorHandler(2, 'Undefined array...', 'C:\\xampp\\htdocs...', 1228)
#1 C:\xampp\htdocs\oee-module\app\Controllers\Home.php(987): App\Models\MainModel->getRejectData(Array)
#2 C:\xampp\htdocs\oee-module\system\CodeIgniter.php(825): App\Controllers\Home->getRejectData()
#3 C:\xampp\htdocs\oee-module\system\CodeIgniter.php(412): CodeIgniter\CodeIgniter->runController(Object(App\Controllers\Home))
#4 C:\xampp\htdocs\oee-module\system\CodeIgniter.php(320): CodeIgniter\CodeIgniter->handleRequest(NULL, Object(Config\Cache), false)
#5 C:\xampp\htdocs\oee-module\index.php(37): CodeIgniter\CodeIgniter->run()
#6 {main}
CRITICAL - 2022-05-17 13:37:56 --> Undefined array key "date"
#0 C:\xampp\htdocs\oee-module\app\Models\MainModel.php(1228): CodeIgniter\Debug\Exceptions->errorHandler(2, 'Undefined array...', 'C:\\xampp\\htdocs...', 1228)
#1 C:\xampp\htdocs\oee-module\app\Controllers\Home.php(987): App\Models\MainModel->getRejectData(Array)
#2 C:\xampp\htdocs\oee-module\system\CodeIgniter.php(825): App\Controllers\Home->getRejectData()
#3 C:\xampp\htdocs\oee-module\system\CodeIgniter.php(412): CodeIgniter\CodeIgniter->runController(Object(App\Controllers\Home))
#4 C:\xampp\htdocs\oee-module\system\CodeIgniter.php(320): CodeIgniter\CodeIgniter->handleRequest(NULL, Object(Config\Cache), false)
#5 C:\xampp\htdocs\oee-module\index.php(37): CodeIgniter\CodeIgniter->run()
#6 {main}
CRITICAL - 2022-05-17 13:39:40 --> Undefined array key "date"
#0 C:\xampp\htdocs\oee-module\app\Models\MainModel.php(1228): CodeIgniter\Debug\Exceptions->errorHandler(2, 'Undefined array...', 'C:\\xampp\\htdocs...', 1228)
#1 C:\xampp\htdocs\oee-module\app\Controllers\Home.php(987): App\Models\MainModel->getRejectData(Array)
#2 C:\xampp\htdocs\oee-module\system\CodeIgniter.php(825): App\Controllers\Home->getRejectData()
#3 C:\xampp\htdocs\oee-module\system\CodeIgniter.php(412): CodeIgniter\CodeIgniter->runController(Object(App\Controllers\Home))
#4 C:\xampp\htdocs\oee-module\system\CodeIgniter.php(320): CodeIgniter\CodeIgniter->handleRequest(NULL, Object(Config\Cache), false)
#5 C:\xampp\htdocs\oee-module\index.php(37): CodeIgniter\CodeIgniter->run()
#6 {main}
CRITICAL - 2022-05-17 14:22:03 --> Undefined array key "date"
#0 C:\xampp\htdocs\oee-module\app\Models\MainModel.php(1228): CodeIgniter\Debug\Exceptions->errorHandler(2, 'Undefined array...', 'C:\\xampp\\htdocs...', 1228)
#1 C:\xampp\htdocs\oee-module\app\Controllers\Home.php(1082): App\Models\MainModel->getRejectData(Array)
#2 C:\xampp\htdocs\oee-module\system\CodeIgniter.php(825): App\Controllers\Home->getCorrectData()
#3 C:\xampp\htdocs\oee-module\system\CodeIgniter.php(412): CodeIgniter\CodeIgniter->runController(Object(App\Controllers\Home))
#4 C:\xampp\htdocs\oee-module\system\CodeIgniter.php(320): CodeIgniter\CodeIgniter->handleRequest(NULL, Object(Config\Cache), false)
#5 C:\xampp\htdocs\oee-module\index.php(37): CodeIgniter\CodeIgniter->run()
#6 {main}
CRITICAL - 2022-05-17 14:36:36 --> You must set the database table to be used with your query.
#0 C:\xampp\htdocs\oee-module\system\Model.php(545): CodeIgniter\Database\BaseConnection->table(NULL)
#1 C:\xampp\htdocs\oee-module\system\Model.php(722): CodeIgniter\Model->builder()
#2 C:\xampp\htdocs\oee-module\app\Controllers\Home.php(2529): CodeIgniter\Model->__call('production_down...', Array)
#3 C:\xampp\htdocs\oee-module\system\CodeIgniter.php(825): App\Controllers\Home->production_shift_retrive()
#4 C:\xampp\htdocs\oee-module\system\CodeIgniter.php(412): CodeIgniter\CodeIgniter->runController(Object(App\Controllers\Home))
#5 C:\xampp\htdocs\oee-module\system\CodeIgniter.php(320): CodeIgniter\CodeIgniter->handleRequest(NULL, Object(Config\Cache), false)
#6 C:\xampp\htdocs\oee-module\index.php(37): CodeIgniter\CodeIgniter->run()
#7 {main}
CRITICAL - 2022-05-17 14:43:21 --> You must set the database table to be used with your query.
#0 C:\xampp\htdocs\oee-module\system\Model.php(545): CodeIgniter\Database\BaseConnection->table(NULL)
#1 C:\xampp\htdocs\oee-module\system\Model.php(722): CodeIgniter\Model->builder()
#2 C:\xampp\htdocs\oee-module\app\Controllers\Home.php(2529): CodeIgniter\Model->__call('production_down...', Array)
#3 C:\xampp\htdocs\oee-module\system\CodeIgniter.php(825): App\Controllers\Home->production_shift_retrive()
#4 C:\xampp\htdocs\oee-module\system\CodeIgniter.php(412): CodeIgniter\CodeIgniter->runController(Object(App\Controllers\Home))
#5 C:\xampp\htdocs\oee-module\system\CodeIgniter.php(320): CodeIgniter\CodeIgniter->handleRequest(NULL, Object(Config\Cache), false)
#6 C:\xampp\htdocs\oee-module\index.php(37): CodeIgniter\CodeIgniter->run()
#7 {main}
