CRITICAL - 2022-05-13 00:42:39 --> Undefined variable $tmpArray
#0 C:\xampp\htdocs\oee-module\app\Controllers\Home.php(3579): CodeIgniter\Debug\Exceptions->errorHandler(2, 'Undefined varia...', 'C:\\xampp\\htdocs...', 3579)
#1 C:\xampp\htdocs\oee-module\system\CodeIgniter.php(825): App\Controllers\Home->getRealData()
#2 C:\xampp\htdocs\oee-module\system\CodeIgniter.php(412): CodeIgniter\CodeIgniter->runController(Object(App\Controllers\Home))
#3 C:\xampp\htdocs\oee-module\system\CodeIgniter.php(320): CodeIgniter\CodeIgniter->handleRequest(NULL, Object(Config\Cache), false)
#4 C:\xampp\htdocs\oee-module\index.php(37): CodeIgniter\CodeIgniter->run()
#5 {main}
CRITICAL - 2022-05-13 00:56:29 --> You must set the database table to be used with your query.
#0 C:\xampp\htdocs\oee-module\system\Model.php(545): CodeIgniter\Database\BaseConnection->table(NULL)
#1 C:\xampp\htdocs\oee-module\system\Model.php(722): CodeIgniter\Model->builder()
#2 C:\xampp\htdocs\oee-module\app\Controllers\Home.php(2916): CodeIgniter\Model->__call('getDowntimeValu...', Array)
#3 C:\xampp\htdocs\oee-module\system\CodeIgniter.php(825): App\Controllers\Home->getGraph()
#4 C:\xampp\htdocs\oee-module\system\CodeIgniter.php(412): CodeIgniter\CodeIgniter->runController(Object(App\Controllers\Home))
#5 C:\xampp\htdocs\oee-module\system\CodeIgniter.php(320): CodeIgniter\CodeIgniter->handleRequest(NULL, Object(Config\Cache), false)
#6 C:\xampp\htdocs\oee-module\index.php(37): CodeIgniter\CodeIgniter->run()
#7 {main}
CRITICAL - 2022-05-13 00:56:29 --> You must set the database table to be used with your query.
#0 C:\xampp\htdocs\oee-module\system\Model.php(545): CodeIgniter\Database\BaseConnection->table(NULL)
#1 C:\xampp\htdocs\oee-module\system\Model.php(722): CodeIgniter\Model->builder()
#2 C:\xampp\htdocs\oee-module\app\Controllers\Home.php(2381): CodeIgniter\Model->__call('getDowntimeValu...', Array)
#3 C:\xampp\htdocs\oee-module\system\CodeIgniter.php(825): App\Controllers\Home->OEETrendDay()
#4 C:\xampp\htdocs\oee-module\system\CodeIgniter.php(412): CodeIgniter\CodeIgniter->runController(Object(App\Controllers\Home))
#5 C:\xampp\htdocs\oee-module\system\CodeIgniter.php(320): CodeIgniter\CodeIgniter->handleRequest(NULL, Object(Config\Cache), false)
#6 C:\xampp\htdocs\oee-module\index.php(37): CodeIgniter\CodeIgniter->run()
#7 {main}
CRITICAL - 2022-05-13 00:56:43 --> Undefined variable $out
#0 C:\xampp\htdocs\oee-module\app\Controllers\Home.php(1500): CodeIgniter\Debug\Exceptions->errorHandler(2, 'Undefined varia...', 'C:\\xampp\\htdocs...', 1500)
#1 C:\xampp\htdocs\oee-module\system\CodeIgniter.php(825): App\Controllers\Home->myFunSample()
#2 C:\xampp\htdocs\oee-module\system\CodeIgniter.php(412): CodeIgniter\CodeIgniter->runController(Object(App\Controllers\Home))
#3 C:\xampp\htdocs\oee-module\system\CodeIgniter.php(320): CodeIgniter\CodeIgniter->handleRequest(NULL, Object(Config\Cache), false)
#4 C:\xampp\htdocs\oee-module\index.php(37): CodeIgniter\CodeIgniter->run()
#5 {main}
CRITICAL - 2022-05-13 00:56:50 --> Undefined variable $out
#0 C:\xampp\htdocs\oee-module\app\Controllers\Home.php(1500): CodeIgniter\Debug\Exceptions->errorHandler(2, 'Undefined varia...', 'C:\\xampp\\htdocs...', 1500)
#1 C:\xampp\htdocs\oee-module\system\CodeIgniter.php(825): App\Controllers\Home->myFunSample()
#2 C:\xampp\htdocs\oee-module\system\CodeIgniter.php(412): CodeIgniter\CodeIgniter->runController(Object(App\Controllers\Home))
#3 C:\xampp\htdocs\oee-module\system\CodeIgniter.php(320): CodeIgniter\CodeIgniter->handleRequest(NULL, Object(Config\Cache), false)
#4 C:\xampp\htdocs\oee-module\index.php(37): CodeIgniter\CodeIgniter->run()
#5 {main}
CRITICAL - 2022-05-13 01:17:07 --> Undefined variable $tmpArray
#0 C:\xampp\htdocs\oee-module\app\Controllers\Home.php(3598): CodeIgniter\Debug\Exceptions->errorHandler(2, 'Undefined varia...', 'C:\\xampp\\htdocs...', 3598)
#1 C:\xampp\htdocs\oee-module\system\CodeIgniter.php(825): App\Controllers\Home->getRealData()
#2 C:\xampp\htdocs\oee-module\system\CodeIgniter.php(412): CodeIgniter\CodeIgniter->runController(Object(App\Controllers\Home))
#3 C:\xampp\htdocs\oee-module\system\CodeIgniter.php(320): CodeIgniter\CodeIgniter->handleRequest(NULL, Object(Config\Cache), false)
#4 C:\xampp\htdocs\oee-module\index.php(37): CodeIgniter\CodeIgniter->run()
#5 {main}
CRITICAL - 2022-05-13 02:02:02 --> Undefined array key "machine_id"
#0 C:\xampp\htdocs\oee-module\app\Controllers\Home.php(3600): CodeIgniter\Debug\Exceptions->errorHandler(2, 'Undefined array...', 'C:\\xampp\\htdocs...', 3600)
#1 C:\xampp\htdocs\oee-module\system\CodeIgniter.php(825): App\Controllers\Home->getRealData()
#2 C:\xampp\htdocs\oee-module\system\CodeIgniter.php(412): CodeIgniter\CodeIgniter->runController(Object(App\Controllers\Home))
#3 C:\xampp\htdocs\oee-module\system\CodeIgniter.php(320): CodeIgniter\CodeIgniter->handleRequest(NULL, Object(Config\Cache), false)
#4 C:\xampp\htdocs\oee-module\index.php(37): CodeIgniter\CodeIgniter->run()
#5 {main}
ERROR - 2022-05-13 02:04:06 --> You have an error in your SQL syntax; check the manual that corresponds to your MariaDB server version for the right syntax to use near '0, 1, 2, 3, 4, 5, 6, 7, 8, 9, 10) VALUES (:0:, :1:, :2:, :3:, :4:, :5:, :6:, ...' at line 1
ERROR - 2022-05-13 02:05:05 --> You have an error in your SQL syntax; check the manual that corresponds to your MariaDB server version for the right syntax to use near '0, 1, 2, 3, 4, 5, 6, 7, 8, 9, 10) VALUES (:0:, :1:, :2:, :3:, :4:, :5:, :6:, ...' at line 1
ERROR - 2022-05-13 02:05:52 --> You have an error in your SQL syntax; check the manual that corresponds to your MariaDB server version for the right syntax to use near '0, 1, 2, 3, 4, 5, 6, 7, 8, 9, 10) VALUES (:0:, :1:, :2:, :3:, :4:, :5:, :6:, ...' at line 1
ERROR - 2022-05-13 02:06:30 --> You have an error in your SQL syntax; check the manual that corresponds to your MariaDB server version for the right syntax to use near '0, 1, 2, 3, 4, 5, 6, 7, 8, 9, 10) VALUES (:0:, :1:, :2:, :3:, :4:, :5:, :6:, ...' at line 1
ERROR - 2022-05-13 02:07:35 --> You have an error in your SQL syntax; check the manual that corresponds to your MariaDB server version for the right syntax to use near '0, 1, 2, 3, 4, 5, 6, 7, 8, 9, 10) VALUES (:0:, :1:, :2:, :3:, :4:, :5:, :6:, ...' at line 1
ERROR - 2022-05-13 02:07:38 --> You have an error in your SQL syntax; check the manual that corresponds to your MariaDB server version for the right syntax to use near '0, 1, 2, 3, 4, 5, 6, 7, 8, 9, 10) VALUES (:0:, :1:, :2:, :3:, :4:, :5:, :6:, ...' at line 1
CRITICAL - 2022-05-13 02:11:24 --> Object of class CodeIgniter\Database\MySQLi\Builder could not be converted to string
#0 C:\xampp\htdocs\oee-module\app\Controllers\Home.php(3609): App\Models\MainModel->pdm_downtime_result(Array)
#1 C:\xampp\htdocs\oee-module\system\CodeIgniter.php(825): App\Controllers\Home->getRealData()
#2 C:\xampp\htdocs\oee-module\system\CodeIgniter.php(412): CodeIgniter\CodeIgniter->runController(Object(App\Controllers\Home))
#3 C:\xampp\htdocs\oee-module\system\CodeIgniter.php(320): CodeIgniter\CodeIgniter->handleRequest(NULL, Object(Config\Cache), false)
#4 C:\xampp\htdocs\oee-module\index.php(37): CodeIgniter\CodeIgniter->run()
#5 {main}
CRITICAL - 2022-05-13 02:12:11 --> Array to string conversion
#0 C:\xampp\htdocs\oee-module\app\Models\MainModel.php(195): CodeIgniter\Debug\Exceptions->errorHandler(2, 'Array to string...', 'C:\\xampp\\htdocs...', 195)
#1 C:\xampp\htdocs\oee-module\app\Controllers\Home.php(3609): App\Models\MainModel->pdm_downtime_result(Array)
#2 C:\xampp\htdocs\oee-module\system\CodeIgniter.php(825): App\Controllers\Home->getRealData()
#3 C:\xampp\htdocs\oee-module\system\CodeIgniter.php(412): CodeIgniter\CodeIgniter->runController(Object(App\Controllers\Home))
#4 C:\xampp\htdocs\oee-module\system\CodeIgniter.php(320): CodeIgniter\CodeIgniter->handleRequest(NULL, Object(Config\Cache), false)
#5 C:\xampp\htdocs\oee-module\index.php(37): CodeIgniter\CodeIgniter->run()
#6 {main}
ERROR - 2022-05-13 02:13:33 --> You have an error in your SQL syntax; check the manual that corresponds to your MariaDB server version for the right syntax to use near '0, 1, 2, 3, 4, 5, 6, 7, 8, 9, 10) VALUES (:0:, :1:, :2:, :3:, :4:, :5:, :6:, ...' at line 1
ERROR - 2022-05-13 02:14:36 --> You have an error in your SQL syntax; check the manual that corresponds to your MariaDB server version for the right syntax to use near '0, 1, 2, 3, 4, 5, 6, 7, 8, 9, 10) VALUES (:0:, :1:, :2:, :3:, :4:, :5:, :6:, ...' at line 1
ERROR - 2022-05-13 02:20:09 --> You have an error in your SQL syntax; check the manual that corresponds to your MariaDB server version for the right syntax to use near '0, 1, 2, 3, 4, 5, 6, 7, 8, 9, 10) VALUES (:0:, :1:, :2:, :3:, :4:, :5:, :6:, ...' at line 1
ERROR - 2022-05-13 02:20:09 --> You have an error in your SQL syntax; check the manual that corresponds to your MariaDB server version for the right syntax to use near '0, 1, 2, 3, 4, 5, 6, 7, 8, 9, 10) VALUES (:0:, :1:, :2:, :3:, :4:, :5:, :6:, ...' at line 1
ERROR - 2022-05-13 02:20:09 --> You have an error in your SQL syntax; check the manual that corresponds to your MariaDB server version for the right syntax to use near '0, 1, 2, 3, 4, 5, 6, 7, 8, 9, 10) VALUES (:0:, :1:, :2:, :3:, :4:, :5:, :6:, ...' at line 1
ERROR - 2022-05-13 02:20:09 --> You have an error in your SQL syntax; check the manual that corresponds to your MariaDB server version for the right syntax to use near '0, 1, 2, 3, 4, 5, 6, 7, 8, 9, 10) VALUES (:0:, :1:, :2:, :3:, :4:, :5:, :6:, ...' at line 1
ERROR - 2022-05-13 02:20:09 --> You have an error in your SQL syntax; check the manual that corresponds to your MariaDB server version for the right syntax to use near '0, 1, 2, 3, 4, 5, 6, 7, 8, 9, 10) VALUES (:0:, :1:, :2:, :3:, :4:, :5:, :6:, ...' at line 1
ERROR - 2022-05-13 02:20:09 --> You have an error in your SQL syntax; check the manual that corresponds to your MariaDB server version for the right syntax to use near '0, 1, 2, 3, 4, 5, 6, 7, 8, 9, 10) VALUES (:0:, :1:, :2:, :3:, :4:, :5:, :6:, ...' at line 1
ERROR - 2022-05-13 02:20:09 --> You have an error in your SQL syntax; check the manual that corresponds to your MariaDB server version for the right syntax to use near '0, 1, 2, 3, 4, 5, 6, 7, 8, 9, 10) VALUES (:0:, :1:, :2:, :3:, :4:, :5:, :6:, ...' at line 1
ERROR - 2022-05-13 02:20:09 --> You have an error in your SQL syntax; check the manual that corresponds to your MariaDB server version for the right syntax to use near '0, 1, 2, 3, 4, 5, 6, 7, 8, 9, 10) VALUES (:0:, :1:, :2:, :3:, :4:, :5:, :6:, ...' at line 1
ERROR - 2022-05-13 02:20:09 --> You have an error in your SQL syntax; check the manual that corresponds to your MariaDB server version for the right syntax to use near '0, 1, 2, 3, 4, 5, 6, 7, 8, 9, 10) VALUES (:0:, :1:, :2:, :3:, :4:, :5:, :6:, ...' at line 1
ERROR - 2022-05-13 02:20:09 --> You have an error in your SQL syntax; check the manual that corresponds to your MariaDB server version for the right syntax to use near '0, 1, 2, 3, 4, 5, 6, 7, 8, 9, 10) VALUES (:0:, :1:, :2:, :3:, :4:, :5:, :6:, ...' at line 1
ERROR - 2022-05-13 02:20:09 --> You have an error in your SQL syntax; check the manual that corresponds to your MariaDB server version for the right syntax to use near '0, 1, 2, 3, 4, 5, 6, 7, 8, 9, 10) VALUES (:0:, :1:, :2:, :3:, :4:, :5:, :6:, ...' at line 1
ERROR - 2022-05-13 04:13:00 --> Unknown column 'machine_event_id' in 'field list'
ERROR - 2022-05-13 04:13:00 --> Unknown column 'machine_event_id' in 'field list'
ERROR - 2022-05-13 04:13:00 --> Unknown column 'machine_event_id' in 'field list'
ERROR - 2022-05-13 04:13:00 --> Unknown column 'machine_event_id' in 'field list'
ERROR - 2022-05-13 04:13:00 --> Unknown column 'machine_event_id' in 'field list'
ERROR - 2022-05-13 04:13:00 --> Unknown column 'machine_event_id' in 'field list'
ERROR - 2022-05-13 04:13:00 --> Unknown column 'machine_event_id' in 'field list'
ERROR - 2022-05-13 04:13:00 --> Unknown column 'machine_event_id' in 'field list'
ERROR - 2022-05-13 04:13:00 --> Unknown column 'machine_event_id' in 'field list'
ERROR - 2022-05-13 04:13:00 --> Unknown column 'machine_event_id' in 'field list'
ERROR - 2022-05-13 04:13:00 --> Unknown column 'machine_event_id' in 'field list'
ERROR - 2022-05-13 04:13:29 --> Unknown column 'machine_event_id' in 'field list'
ERROR - 2022-05-13 04:13:29 --> Unknown column 'machine_event_id' in 'field list'
ERROR - 2022-05-13 04:13:29 --> Unknown column 'machine_event_id' in 'field list'
ERROR - 2022-05-13 04:13:29 --> Unknown column 'machine_event_id' in 'field list'
ERROR - 2022-05-13 04:13:29 --> Unknown column 'machine_event_id' in 'field list'
ERROR - 2022-05-13 04:13:29 --> Unknown column 'machine_event_id' in 'field list'
ERROR - 2022-05-13 04:13:29 --> Unknown column 'machine_event_id' in 'field list'
ERROR - 2022-05-13 04:13:29 --> Unknown column 'machine_event_id' in 'field list'
ERROR - 2022-05-13 04:13:29 --> Unknown column 'machine_event_id' in 'field list'
ERROR - 2022-05-13 04:13:29 --> Unknown column 'machine_event_id' in 'field list'
ERROR - 2022-05-13 04:13:29 --> Unknown column 'machine_event_id' in 'field list'
ERROR - 2022-05-13 04:17:55 --> Unknown column 'machine_event_id' in 'field list'
ERROR - 2022-05-13 04:17:55 --> Unknown column 'machine_event_id' in 'field list'
ERROR - 2022-05-13 04:17:55 --> Unknown column 'machine_event_id' in 'field list'
ERROR - 2022-05-13 04:17:55 --> Unknown column 'machine_event_id' in 'field list'
ERROR - 2022-05-13 04:17:55 --> Unknown column 'machine_event_id' in 'field list'
ERROR - 2022-05-13 04:17:55 --> Unknown column 'machine_event_id' in 'field list'
ERROR - 2022-05-13 04:17:55 --> Unknown column 'machine_event_id' in 'field list'
ERROR - 2022-05-13 04:17:55 --> Unknown column 'machine_event_id' in 'field list'
ERROR - 2022-05-13 04:17:55 --> Unknown column 'machine_event_id' in 'field list'
ERROR - 2022-05-13 04:17:55 --> Unknown column 'machine_event_id' in 'field list'
ERROR - 2022-05-13 04:17:55 --> Unknown column 'machine_event_id' in 'field list'
ERROR - 2022-05-13 04:18:49 --> Unknown column 'machine_event_id' in 'field list'
ERROR - 2022-05-13 04:18:49 --> Unknown column 'machine_event_id' in 'field list'
ERROR - 2022-05-13 04:18:49 --> Unknown column 'machine_event_id' in 'field list'
ERROR - 2022-05-13 04:18:49 --> Unknown column 'machine_event_id' in 'field list'
ERROR - 2022-05-13 04:18:49 --> Unknown column 'machine_event_id' in 'field list'
ERROR - 2022-05-13 04:18:49 --> Unknown column 'machine_event_id' in 'field list'
ERROR - 2022-05-13 04:18:49 --> Unknown column 'machine_event_id' in 'field list'
ERROR - 2022-05-13 04:18:49 --> Unknown column 'machine_event_id' in 'field list'
ERROR - 2022-05-13 04:18:49 --> Unknown column 'machine_event_id' in 'field list'
ERROR - 2022-05-13 04:18:49 --> Unknown column 'machine_event_id' in 'field list'
ERROR - 2022-05-13 04:18:49 --> Unknown column 'machine_event_id' in 'field list'
ERROR - 2022-05-13 04:19:19 --> Unknown column 'downtime_reason_id' in 'field list'
ERROR - 2022-05-13 04:19:19 --> Unknown column 'downtime_reason_id' in 'field list'
ERROR - 2022-05-13 04:19:19 --> Unknown column 'downtime_reason_id' in 'field list'
ERROR - 2022-05-13 04:19:19 --> Unknown column 'downtime_reason_id' in 'field list'
ERROR - 2022-05-13 04:19:19 --> Unknown column 'downtime_reason_id' in 'field list'
ERROR - 2022-05-13 04:19:19 --> Unknown column 'downtime_reason_id' in 'field list'
ERROR - 2022-05-13 04:19:19 --> Unknown column 'downtime_reason_id' in 'field list'
ERROR - 2022-05-13 04:19:19 --> Unknown column 'downtime_reason_id' in 'field list'
ERROR - 2022-05-13 04:19:19 --> Unknown column 'downtime_reason_id' in 'field list'
ERROR - 2022-05-13 04:19:19 --> Unknown column 'downtime_reason_id' in 'field list'
ERROR - 2022-05-13 04:19:19 --> Unknown column 'downtime_reason_id' in 'field list'
ERROR - 2022-05-13 04:19:29 --> Unknown column 'downtime_reason_id' in 'field list'
ERROR - 2022-05-13 04:19:29 --> Unknown column 'downtime_reason_id' in 'field list'
ERROR - 2022-05-13 04:19:29 --> Unknown column 'downtime_reason_id' in 'field list'
ERROR - 2022-05-13 04:19:29 --> Unknown column 'downtime_reason_id' in 'field list'
ERROR - 2022-05-13 04:19:29 --> Unknown column 'downtime_reason_id' in 'field list'
ERROR - 2022-05-13 04:19:29 --> Unknown column 'downtime_reason_id' in 'field list'
ERROR - 2022-05-13 04:19:29 --> Unknown column 'downtime_reason_id' in 'field list'
ERROR - 2022-05-13 04:19:29 --> Unknown column 'downtime_reason_id' in 'field list'
ERROR - 2022-05-13 04:19:29 --> Unknown column 'downtime_reason_id' in 'field list'
ERROR - 2022-05-13 04:19:29 --> Unknown column 'downtime_reason_id' in 'field list'
ERROR - 2022-05-13 04:19:29 --> Unknown column 'downtime_reason_id' in 'field list'
CRITICAL - 2022-05-13 04:31:32 --> Undefined constant "App\Models\ture"
#0 C:\xampp\htdocs\oee-module\app\Controllers\Home.php(3625): App\Models\MainModel->pdm_downtime_result(Array)
#1 C:\xampp\htdocs\oee-module\system\CodeIgniter.php(825): App\Controllers\Home->getRealData()
#2 C:\xampp\htdocs\oee-module\system\CodeIgniter.php(412): CodeIgniter\CodeIgniter->runController(Object(App\Controllers\Home))
#3 C:\xampp\htdocs\oee-module\system\CodeIgniter.php(320): CodeIgniter\CodeIgniter->handleRequest(NULL, Object(Config\Cache), false)
#4 C:\xampp\htdocs\oee-module\index.php(37): CodeIgniter\CodeIgniter->run()
#5 {main}
CRITICAL - 2022-05-13 07:39:09 --> You must set the database table to be used with your query.
#0 C:\xampp\htdocs\oee-module\system\Model.php(545): CodeIgniter\Database\BaseConnection->table(NULL)
#1 C:\xampp\htdocs\oee-module\system\Model.php(722): CodeIgniter\Model->builder()
#2 C:\xampp\htdocs\oee-module\app\Controllers\Home.php(2968): CodeIgniter\Model->__call('getDowntimeValu...', Array)
#3 C:\xampp\htdocs\oee-module\system\CodeIgniter.php(825): App\Controllers\Home->getGraph()
#4 C:\xampp\htdocs\oee-module\system\CodeIgniter.php(412): CodeIgniter\CodeIgniter->runController(Object(App\Controllers\Home))
#5 C:\xampp\htdocs\oee-module\system\CodeIgniter.php(320): CodeIgniter\CodeIgniter->handleRequest(NULL, Object(Config\Cache), false)
#6 C:\xampp\htdocs\oee-module\index.php(37): CodeIgniter\CodeIgniter->run()
#7 {main}
CRITICAL - 2022-05-13 07:39:09 --> You must set the database table to be used with your query.
#0 C:\xampp\htdocs\oee-module\system\Model.php(545): CodeIgniter\Database\BaseConnection->table(NULL)
#1 C:\xampp\htdocs\oee-module\system\Model.php(722): CodeIgniter\Model->builder()
#2 C:\xampp\htdocs\oee-module\app\Controllers\Home.php(2433): CodeIgniter\Model->__call('getDowntimeValu...', Array)
#3 C:\xampp\htdocs\oee-module\system\CodeIgniter.php(825): App\Controllers\Home->OEETrendDay()
#4 C:\xampp\htdocs\oee-module\system\CodeIgniter.php(412): CodeIgniter\CodeIgniter->runController(Object(App\Controllers\Home))
#5 C:\xampp\htdocs\oee-module\system\CodeIgniter.php(320): CodeIgniter\CodeIgniter->handleRequest(NULL, Object(Config\Cache), false)
#6 C:\xampp\htdocs\oee-module\index.php(37): CodeIgniter\CodeIgniter->run()
#7 {main}
CRITICAL - 2022-05-13 07:44:59 --> You must set the database table to be used with your query.
#0 C:\xampp\htdocs\oee-module\system\Model.php(545): CodeIgniter\Database\BaseConnection->table(NULL)
#1 C:\xampp\htdocs\oee-module\system\Model.php(722): CodeIgniter\Model->builder()
#2 C:\xampp\htdocs\oee-module\app\Controllers\Home.php(2428): CodeIgniter\Model->__call('getDowntimeValu...', Array)
#3 C:\xampp\htdocs\oee-module\system\CodeIgniter.php(825): App\Controllers\Home->OEETrendDay()
#4 C:\xampp\htdocs\oee-module\system\CodeIgniter.php(412): CodeIgniter\CodeIgniter->runController(Object(App\Controllers\Home))
#5 C:\xampp\htdocs\oee-module\system\CodeIgniter.php(320): CodeIgniter\CodeIgniter->handleRequest(NULL, Object(Config\Cache), false)
#6 C:\xampp\htdocs\oee-module\index.php(37): CodeIgniter\CodeIgniter->run()
#7 {main}
CRITICAL - 2022-05-13 07:44:59 --> You must set the database table to be used with your query.
#0 C:\xampp\htdocs\oee-module\system\Model.php(545): CodeIgniter\Database\BaseConnection->table(NULL)
#1 C:\xampp\htdocs\oee-module\system\Model.php(722): CodeIgniter\Model->builder()
#2 C:\xampp\htdocs\oee-module\app\Controllers\Home.php(2963): CodeIgniter\Model->__call('getDowntimeValu...', Array)
#3 C:\xampp\htdocs\oee-module\system\CodeIgniter.php(825): App\Controllers\Home->getGraph()
#4 C:\xampp\htdocs\oee-module\system\CodeIgniter.php(412): CodeIgniter\CodeIgniter->runController(Object(App\Controllers\Home))
#5 C:\xampp\htdocs\oee-module\system\CodeIgniter.php(320): CodeIgniter\CodeIgniter->handleRequest(NULL, Object(Config\Cache), false)
#6 C:\xampp\htdocs\oee-module\index.php(37): CodeIgniter\CodeIgniter->run()
#7 {main}
ERROR - 2022-05-13 23:34:19 --> Table 's1001.users_management' doesn't exist
CRITICAL - 2022-05-13 23:34:19 --> Call to a member function getResultArray() on bool
#0 C:\xampp\htdocs\oee-module\app\Controllers\Login.php(60): App\Models\UserLogin->verifyUser(Array)
#1 C:\xampp\htdocs\oee-module\system\CodeIgniter.php(825): App\Controllers\Login->verifyUser()
#2 C:\xampp\htdocs\oee-module\system\CodeIgniter.php(412): CodeIgniter\CodeIgniter->runController(Object(App\Controllers\Login))
#3 C:\xampp\htdocs\oee-module\system\CodeIgniter.php(320): CodeIgniter\CodeIgniter->handleRequest(NULL, Object(Config\Cache), false)
#4 C:\xampp\htdocs\oee-module\index.php(37): CodeIgniter\CodeIgniter->run()
#5 {main}
