CRITICAL - 2022-05-27 00:24:39 --> Invalid argument supplied for foreach()
#0 C:\xampp\htdocs\oee-module3\app\Controllers\Home.php(2620): CodeIgniter\Debug\Exceptions->errorHandler(2, 'Invalid argumen...', 'C:\\xampp\\htdocs...', 2620, Array)
#1 C:\xampp\htdocs\oee-module3\system\CodeIgniter.php(825): App\Controllers\Home->reject_form_func()
#2 C:\xampp\htdocs\oee-module3\system\CodeIgniter.php(412): CodeIgniter\CodeIgniter->runController(Object(App\Controllers\Home))
#3 C:\xampp\htdocs\oee-module3\system\CodeIgniter.php(320): CodeIgniter\CodeIgniter->handleRequest(NULL, Object(Config\Cache), false)
#4 C:\xampp\htdocs\oee-module3\index.php(37): CodeIgniter\CodeIgniter->run()
#5 {main}
CRITICAL - 2022-05-27 00:24:41 --> Invalid argument supplied for foreach()
#0 C:\xampp\htdocs\oee-module3\app\Controllers\Home.php(2620): CodeIgniter\Debug\Exceptions->errorHandler(2, 'Invalid argumen...', 'C:\\xampp\\htdocs...', 2620, Array)
#1 C:\xampp\htdocs\oee-module3\system\CodeIgniter.php(825): App\Controllers\Home->reject_form_func()
#2 C:\xampp\htdocs\oee-module3\system\CodeIgniter.php(412): CodeIgniter\CodeIgniter->runController(Object(App\Controllers\Home))
#3 C:\xampp\htdocs\oee-module3\system\CodeIgniter.php(320): CodeIgniter\CodeIgniter->handleRequest(NULL, Object(Config\Cache), false)
#4 C:\xampp\htdocs\oee-module3\index.php(37): CodeIgniter\CodeIgniter->run()
#5 {main}
CRITICAL - 2022-05-27 00:25:36 --> Invalid argument supplied for foreach()
#0 C:\xampp\htdocs\oee-module3\app\Controllers\Home.php(2620): CodeIgniter\Debug\Exceptions->errorHandler(2, 'Invalid argumen...', 'C:\\xampp\\htdocs...', 2620, Array)
#1 C:\xampp\htdocs\oee-module3\system\CodeIgniter.php(825): App\Controllers\Home->reject_form_func()
#2 C:\xampp\htdocs\oee-module3\system\CodeIgniter.php(412): CodeIgniter\CodeIgniter->runController(Object(App\Controllers\Home))
#3 C:\xampp\htdocs\oee-module3\system\CodeIgniter.php(320): CodeIgniter\CodeIgniter->handleRequest(NULL, Object(Config\Cache), false)
#4 C:\xampp\htdocs\oee-module3\index.php(37): CodeIgniter\CodeIgniter->run()
#5 {main}
CRITICAL - 2022-05-27 00:32:53 --> Invalid argument supplied for foreach()
#0 C:\xampp\htdocs\oee-module3\app\Controllers\Home.php(2620): CodeIgniter\Debug\Exceptions->errorHandler(2, 'Invalid argumen...', 'C:\\xampp\\htdocs...', 2620, Array)
#1 C:\xampp\htdocs\oee-module3\system\CodeIgniter.php(825): App\Controllers\Home->reject_form_func()
#2 C:\xampp\htdocs\oee-module3\system\CodeIgniter.php(412): CodeIgniter\CodeIgniter->runController(Object(App\Controllers\Home))
#3 C:\xampp\htdocs\oee-module3\system\CodeIgniter.php(320): CodeIgniter\CodeIgniter->handleRequest(NULL, Object(Config\Cache), false)
#4 C:\xampp\htdocs\oee-module3\index.php(37): CodeIgniter\CodeIgniter->run()
#5 {main}
CRITICAL - 2022-05-27 00:32:56 --> Invalid argument supplied for foreach()
#0 C:\xampp\htdocs\oee-module3\app\Controllers\Home.php(2620): CodeIgniter\Debug\Exceptions->errorHandler(2, 'Invalid argumen...', 'C:\\xampp\\htdocs...', 2620, Array)
#1 C:\xampp\htdocs\oee-module3\system\CodeIgniter.php(825): App\Controllers\Home->reject_form_func()
#2 C:\xampp\htdocs\oee-module3\system\CodeIgniter.php(412): CodeIgniter\CodeIgniter->runController(Object(App\Controllers\Home))
#3 C:\xampp\htdocs\oee-module3\system\CodeIgniter.php(320): CodeIgniter\CodeIgniter->handleRequest(NULL, Object(Config\Cache), false)
#4 C:\xampp\htdocs\oee-module3\index.php(37): CodeIgniter\CodeIgniter->run()
#5 {main}
CRITICAL - 2022-05-27 00:32:57 --> Invalid argument supplied for foreach()
#0 C:\xampp\htdocs\oee-module3\app\Controllers\Home.php(2620): CodeIgniter\Debug\Exceptions->errorHandler(2, 'Invalid argumen...', 'C:\\xampp\\htdocs...', 2620, Array)
#1 C:\xampp\htdocs\oee-module3\system\CodeIgniter.php(825): App\Controllers\Home->reject_form_func()
#2 C:\xampp\htdocs\oee-module3\system\CodeIgniter.php(412): CodeIgniter\CodeIgniter->runController(Object(App\Controllers\Home))
#3 C:\xampp\htdocs\oee-module3\system\CodeIgniter.php(320): CodeIgniter\CodeIgniter->handleRequest(NULL, Object(Config\Cache), false)
#4 C:\xampp\htdocs\oee-module3\index.php(37): CodeIgniter\CodeIgniter->run()
#5 {main}
CRITICAL - 2022-05-27 03:18:08 --> syntax error, unexpected '"<?php echo base_url("' (T_CONSTANT_ENCAPSED_STRING)
#0 C:\xampp\htdocs\oee-module3\system\View\View.php(213): CodeIgniter\View\View->CodeIgniter\View\{closure}()
#1 C:\xampp\htdocs\oee-module3\system\Common.php(1089): CodeIgniter\View\View->render('Settings_Tools', Array, true)
#2 C:\xampp\htdocs\oee-module3\app\Views\Grafana_Home.php(248): view('Settings_Tools', Array)
#3 C:\xampp\htdocs\oee-module3\system\View\View.php(210): include('C:\\xampp\\htdocs...')
#4 C:\xampp\htdocs\oee-module3\system\View\View.php(213): CodeIgniter\View\View->CodeIgniter\View\{closure}()
#5 C:\xampp\htdocs\oee-module3\system\Common.php(1089): CodeIgniter\View\View->render('Grafana_Home', Array, true)
#6 C:\xampp\htdocs\oee-module3\app\Controllers\Home.php(36): view('Grafana_Home', Array)
#7 C:\xampp\htdocs\oee-module3\system\CodeIgniter.php(825): App\Controllers\Home->dashboard('Settings_Tools')
#8 C:\xampp\htdocs\oee-module3\system\CodeIgniter.php(412): CodeIgniter\CodeIgniter->runController(Object(App\Controllers\Home))
#9 C:\xampp\htdocs\oee-module3\system\CodeIgniter.php(320): CodeIgniter\CodeIgniter->handleRequest(NULL, Object(Config\Cache), false)
#10 C:\xampp\htdocs\oee-module3\index.php(37): CodeIgniter\CodeIgniter->run()
#11 {main}
CRITICAL - 2022-05-27 03:18:09 --> syntax error, unexpected '"<?php echo base_url("' (T_CONSTANT_ENCAPSED_STRING)
#0 C:\xampp\htdocs\oee-module3\system\View\View.php(213): CodeIgniter\View\View->CodeIgniter\View\{closure}()
#1 C:\xampp\htdocs\oee-module3\system\Common.php(1089): CodeIgniter\View\View->render('Settings_Tools', Array, true)
#2 C:\xampp\htdocs\oee-module3\app\Views\Grafana_Home.php(248): view('Settings_Tools', Array)
#3 C:\xampp\htdocs\oee-module3\system\View\View.php(210): include('C:\\xampp\\htdocs...')
#4 C:\xampp\htdocs\oee-module3\system\View\View.php(213): CodeIgniter\View\View->CodeIgniter\View\{closure}()
#5 C:\xampp\htdocs\oee-module3\system\Common.php(1089): CodeIgniter\View\View->render('Grafana_Home', Array, true)
#6 C:\xampp\htdocs\oee-module3\app\Controllers\Home.php(36): view('Grafana_Home', Array)
#7 C:\xampp\htdocs\oee-module3\system\CodeIgniter.php(825): App\Controllers\Home->dashboard('Settings_Tools')
#8 C:\xampp\htdocs\oee-module3\system\CodeIgniter.php(412): CodeIgniter\CodeIgniter->runController(Object(App\Controllers\Home))
#9 C:\xampp\htdocs\oee-module3\system\CodeIgniter.php(320): CodeIgniter\CodeIgniter->handleRequest(NULL, Object(Config\Cache), false)
#10 C:\xampp\htdocs\oee-module3\index.php(37): CodeIgniter\CodeIgniter->run()
#11 {main}
CRITICAL - 2022-05-27 03:18:10 --> syntax error, unexpected '"<?php echo base_url("' (T_CONSTANT_ENCAPSED_STRING)
#0 C:\xampp\htdocs\oee-module3\system\View\View.php(213): CodeIgniter\View\View->CodeIgniter\View\{closure}()
#1 C:\xampp\htdocs\oee-module3\system\Common.php(1089): CodeIgniter\View\View->render('Settings_Tools', Array, true)
#2 C:\xampp\htdocs\oee-module3\app\Views\Grafana_Home.php(248): view('Settings_Tools', Array)
#3 C:\xampp\htdocs\oee-module3\system\View\View.php(210): include('C:\\xampp\\htdocs...')
#4 C:\xampp\htdocs\oee-module3\system\View\View.php(213): CodeIgniter\View\View->CodeIgniter\View\{closure}()
#5 C:\xampp\htdocs\oee-module3\system\Common.php(1089): CodeIgniter\View\View->render('Grafana_Home', Array, true)
#6 C:\xampp\htdocs\oee-module3\app\Controllers\Home.php(36): view('Grafana_Home', Array)
#7 C:\xampp\htdocs\oee-module3\system\CodeIgniter.php(825): App\Controllers\Home->dashboard('Settings_Tools')
#8 C:\xampp\htdocs\oee-module3\system\CodeIgniter.php(412): CodeIgniter\CodeIgniter->runController(Object(App\Controllers\Home))
#9 C:\xampp\htdocs\oee-module3\system\CodeIgniter.php(320): CodeIgniter\CodeIgniter->handleRequest(NULL, Object(Config\Cache), false)
#10 C:\xampp\htdocs\oee-module3\index.php(37): CodeIgniter\CodeIgniter->run()
#11 {main}
CRITICAL - 2022-05-27 03:18:43 --> syntax error, unexpected '"assets/img/pencil.png"' (T_CONSTANT_ENCAPSED_STRING)
#0 C:\xampp\htdocs\oee-module3\system\View\View.php(213): CodeIgniter\View\View->CodeIgniter\View\{closure}()
#1 C:\xampp\htdocs\oee-module3\system\Common.php(1089): CodeIgniter\View\View->render('Settings_Tools', Array, true)
#2 C:\xampp\htdocs\oee-module3\app\Views\Grafana_Home.php(248): view('Settings_Tools', Array)
#3 C:\xampp\htdocs\oee-module3\system\View\View.php(210): include('C:\\xampp\\htdocs...')
#4 C:\xampp\htdocs\oee-module3\system\View\View.php(213): CodeIgniter\View\View->CodeIgniter\View\{closure}()
#5 C:\xampp\htdocs\oee-module3\system\Common.php(1089): CodeIgniter\View\View->render('Grafana_Home', Array, true)
#6 C:\xampp\htdocs\oee-module3\app\Controllers\Home.php(36): view('Grafana_Home', Array)
#7 C:\xampp\htdocs\oee-module3\system\CodeIgniter.php(825): App\Controllers\Home->dashboard('Settings_Tools')
#8 C:\xampp\htdocs\oee-module3\system\CodeIgniter.php(412): CodeIgniter\CodeIgniter->runController(Object(App\Controllers\Home))
#9 C:\xampp\htdocs\oee-module3\system\CodeIgniter.php(320): CodeIgniter\CodeIgniter->handleRequest(NULL, Object(Config\Cache), false)
#10 C:\xampp\htdocs\oee-module3\index.php(37): CodeIgniter\CodeIgniter->run()
#11 {main}
CRITICAL - 2022-05-27 03:19:01 --> syntax error, unexpected 'assets' (T_STRING)
#0 C:\xampp\htdocs\oee-module3\system\View\View.php(213): CodeIgniter\View\View->CodeIgniter\View\{closure}()
#1 C:\xampp\htdocs\oee-module3\system\Common.php(1089): CodeIgniter\View\View->render('Settings_Tools', Array, true)
#2 C:\xampp\htdocs\oee-module3\app\Views\Grafana_Home.php(248): view('Settings_Tools', Array)
#3 C:\xampp\htdocs\oee-module3\system\View\View.php(210): include('C:\\xampp\\htdocs...')
#4 C:\xampp\htdocs\oee-module3\system\View\View.php(213): CodeIgniter\View\View->CodeIgniter\View\{closure}()
#5 C:\xampp\htdocs\oee-module3\system\Common.php(1089): CodeIgniter\View\View->render('Grafana_Home', Array, true)
#6 C:\xampp\htdocs\oee-module3\app\Controllers\Home.php(36): view('Grafana_Home', Array)
#7 C:\xampp\htdocs\oee-module3\system\CodeIgniter.php(825): App\Controllers\Home->dashboard('Settings_Tools')
#8 C:\xampp\htdocs\oee-module3\system\CodeIgniter.php(412): CodeIgniter\CodeIgniter->runController(Object(App\Controllers\Home))
#9 C:\xampp\htdocs\oee-module3\system\CodeIgniter.php(320): CodeIgniter\CodeIgniter->handleRequest(NULL, Object(Config\Cache), false)
#10 C:\xampp\htdocs\oee-module3\index.php(37): CodeIgniter\CodeIgniter->run()
#11 {main}
CRITICAL - 2022-05-27 03:19:02 --> syntax error, unexpected 'assets' (T_STRING)
#0 C:\xampp\htdocs\oee-module3\system\View\View.php(213): CodeIgniter\View\View->CodeIgniter\View\{closure}()
#1 C:\xampp\htdocs\oee-module3\system\Common.php(1089): CodeIgniter\View\View->render('Settings_Tools', Array, true)
#2 C:\xampp\htdocs\oee-module3\app\Views\Grafana_Home.php(248): view('Settings_Tools', Array)
#3 C:\xampp\htdocs\oee-module3\system\View\View.php(210): include('C:\\xampp\\htdocs...')
#4 C:\xampp\htdocs\oee-module3\system\View\View.php(213): CodeIgniter\View\View->CodeIgniter\View\{closure}()
#5 C:\xampp\htdocs\oee-module3\system\Common.php(1089): CodeIgniter\View\View->render('Grafana_Home', Array, true)
#6 C:\xampp\htdocs\oee-module3\app\Controllers\Home.php(36): view('Grafana_Home', Array)
#7 C:\xampp\htdocs\oee-module3\system\CodeIgniter.php(825): App\Controllers\Home->dashboard('Settings_Tools')
#8 C:\xampp\htdocs\oee-module3\system\CodeIgniter.php(412): CodeIgniter\CodeIgniter->runController(Object(App\Controllers\Home))
#9 C:\xampp\htdocs\oee-module3\system\CodeIgniter.php(320): CodeIgniter\CodeIgniter->handleRequest(NULL, Object(Config\Cache), false)
#10 C:\xampp\htdocs\oee-module3\index.php(37): CodeIgniter\CodeIgniter->run()
#11 {main}
CRITICAL - 2022-05-27 03:20:45 --> syntax error, unexpected '"<?php echo base_url("' (T_CONSTANT_ENCAPSED_STRING)
#0 C:\xampp\htdocs\oee-module3\system\View\View.php(213): CodeIgniter\View\View->CodeIgniter\View\{closure}()
#1 C:\xampp\htdocs\oee-module3\system\Common.php(1089): CodeIgniter\View\View->render('Settings_Tools', Array, true)
#2 C:\xampp\htdocs\oee-module3\app\Views\Grafana_Home.php(248): view('Settings_Tools', Array)
#3 C:\xampp\htdocs\oee-module3\system\View\View.php(210): include('C:\\xampp\\htdocs...')
#4 C:\xampp\htdocs\oee-module3\system\View\View.php(213): CodeIgniter\View\View->CodeIgniter\View\{closure}()
#5 C:\xampp\htdocs\oee-module3\system\Common.php(1089): CodeIgniter\View\View->render('Grafana_Home', Array, true)
#6 C:\xampp\htdocs\oee-module3\app\Controllers\Home.php(36): view('Grafana_Home', Array)
#7 C:\xampp\htdocs\oee-module3\system\CodeIgniter.php(825): App\Controllers\Home->dashboard('Settings_Tools')
#8 C:\xampp\htdocs\oee-module3\system\CodeIgniter.php(412): CodeIgniter\CodeIgniter->runController(Object(App\Controllers\Home))
#9 C:\xampp\htdocs\oee-module3\system\CodeIgniter.php(320): CodeIgniter\CodeIgniter->handleRequest(NULL, Object(Config\Cache), false)
#10 C:\xampp\htdocs\oee-module3\index.php(37): CodeIgniter\CodeIgniter->run()
#11 {main}
CRITICAL - 2022-05-27 03:50:54 --> syntax error, unexpected '"<?php echo base_url("' (T_CONSTANT_ENCAPSED_STRING)
#0 C:\xampp\htdocs\oee-module3\system\View\View.php(213): CodeIgniter\View\View->CodeIgniter\View\{closure}()
#1 C:\xampp\htdocs\oee-module3\system\Common.php(1089): CodeIgniter\View\View->render('Settings_Tools', Array, true)
#2 C:\xampp\htdocs\oee-module3\app\Views\Grafana_Home.php(248): view('Settings_Tools', Array)
#3 C:\xampp\htdocs\oee-module3\system\View\View.php(210): include('C:\\xampp\\htdocs...')
#4 C:\xampp\htdocs\oee-module3\system\View\View.php(213): CodeIgniter\View\View->CodeIgniter\View\{closure}()
#5 C:\xampp\htdocs\oee-module3\system\Common.php(1089): CodeIgniter\View\View->render('Grafana_Home', Array, true)
#6 C:\xampp\htdocs\oee-module3\app\Controllers\Home.php(36): view('Grafana_Home', Array)
#7 C:\xampp\htdocs\oee-module3\system\CodeIgniter.php(825): App\Controllers\Home->dashboard('Settings_Tools')
#8 C:\xampp\htdocs\oee-module3\system\CodeIgniter.php(412): CodeIgniter\CodeIgniter->runController(Object(App\Controllers\Home))
#9 C:\xampp\htdocs\oee-module3\system\CodeIgniter.php(320): CodeIgniter\CodeIgniter->handleRequest(NULL, Object(Config\Cache), false)
#10 C:\xampp\htdocs\oee-module3\index.php(37): CodeIgniter\CodeIgniter->run()
#11 {main}
CRITICAL - 2022-05-27 03:58:13 --> syntax error, unexpected '"<?php echo base_url('assets/i' (T_CONSTANT_ENCAPSED_STRING)
#0 C:\xampp\htdocs\oee-module3\system\View\View.php(213): CodeIgniter\View\View->CodeIgniter\View\{closure}()
#1 C:\xampp\htdocs\oee-module3\system\Common.php(1089): CodeIgniter\View\View->render('Settings_Tools', Array, true)
#2 C:\xampp\htdocs\oee-module3\app\Views\Grafana_Home.php(248): view('Settings_Tools', Array)
#3 C:\xampp\htdocs\oee-module3\system\View\View.php(210): include('C:\\xampp\\htdocs...')
#4 C:\xampp\htdocs\oee-module3\system\View\View.php(213): CodeIgniter\View\View->CodeIgniter\View\{closure}()
#5 C:\xampp\htdocs\oee-module3\system\Common.php(1089): CodeIgniter\View\View->render('Grafana_Home', Array, true)
#6 C:\xampp\htdocs\oee-module3\app\Controllers\Home.php(36): view('Grafana_Home', Array)
#7 C:\xampp\htdocs\oee-module3\system\CodeIgniter.php(825): App\Controllers\Home->dashboard('Settings_Tools')
#8 C:\xampp\htdocs\oee-module3\system\CodeIgniter.php(412): CodeIgniter\CodeIgniter->runController(Object(App\Controllers\Home))
#9 C:\xampp\htdocs\oee-module3\system\CodeIgniter.php(320): CodeIgniter\CodeIgniter->handleRequest(NULL, Object(Config\Cache), false)
#10 C:\xampp\htdocs\oee-module3\index.php(37): CodeIgniter\CodeIgniter->run()
#11 {main}
CRITICAL - 2022-05-27 04:55:16 --> syntax error, unexpected 'if' (T_IF)
#0 C:\xampp\htdocs\oee-module3\system\View\View.php(213): CodeIgniter\View\View->CodeIgniter\View\{closure}()
#1 C:\xampp\htdocs\oee-module3\system\Common.php(1089): CodeIgniter\View\View->render('Settings_Tools', Array, true)
#2 C:\xampp\htdocs\oee-module3\app\Views\Grafana_Home.php(248): view('Settings_Tools', Array)
#3 C:\xampp\htdocs\oee-module3\system\View\View.php(210): include('C:\\xampp\\htdocs...')
#4 C:\xampp\htdocs\oee-module3\system\View\View.php(213): CodeIgniter\View\View->CodeIgniter\View\{closure}()
#5 C:\xampp\htdocs\oee-module3\system\Common.php(1089): CodeIgniter\View\View->render('Grafana_Home', Array, true)
#6 C:\xampp\htdocs\oee-module3\app\Controllers\Home.php(36): view('Grafana_Home', Array)
#7 C:\xampp\htdocs\oee-module3\system\CodeIgniter.php(825): App\Controllers\Home->dashboard('Settings_Tools')
#8 C:\xampp\htdocs\oee-module3\system\CodeIgniter.php(412): CodeIgniter\CodeIgniter->runController(Object(App\Controllers\Home))
#9 C:\xampp\htdocs\oee-module3\system\CodeIgniter.php(320): CodeIgniter\CodeIgniter->handleRequest(NULL, Object(Config\Cache), false)
#10 C:\xampp\htdocs\oee-module3\index.php(37): CodeIgniter\CodeIgniter->run()
#11 {main}
ERROR - 2022-05-27 08:05:28 --> Illegal parameter data types varchar and row for operation '='
CRITICAL - 2022-05-27 08:05:28 --> Call to a member function getResult() on bool
#0 C:\xampp\htdocs\oee-module3\app\Controllers\Home.php(2638): App\Models\MainModel->getRejection_count(Array)
#1 C:\xampp\htdocs\oee-module3\system\CodeIgniter.php(825): App\Controllers\Home->reject_form_func()
#2 C:\xampp\htdocs\oee-module3\system\CodeIgniter.php(412): CodeIgniter\CodeIgniter->runController(Object(App\Controllers\Home))
#3 C:\xampp\htdocs\oee-module3\system\CodeIgniter.php(320): CodeIgniter\CodeIgniter->handleRequest(NULL, Object(Config\Cache), false)
#4 C:\xampp\htdocs\oee-module3\index.php(37): CodeIgniter\CodeIgniter->run()
#5 {main}
ERROR - 2022-05-27 20:46:26 --> Error connecting to the database: No connection could be made because the target machine actively refused it.

CRITICAL - 2022-05-27 20:46:26 --> Unable to connect to the database.
Main connection [MySQLi]: No connection could be made because the target machine actively refused it.

#0 C:\xampp\htdocs\oee-module3\system\Database\BaseConnection.php(577): CodeIgniter\Database\BaseConnection->initialize()
#1 C:\xampp\htdocs\oee-module3\system\Database\BaseBuilder.php(1455): CodeIgniter\Database\BaseConnection->query('SELECT *\nFROM `...', Array, false)
#2 C:\xampp\htdocs\oee-module3\app\Models\MainModel.php(27): CodeIgniter\Database\BaseBuilder->get()
#3 C:\xampp\htdocs\oee-module3\app\Controllers\Home.php(31): App\Models\MainModel->settings_machine()
#4 C:\xampp\htdocs\oee-module3\system\CodeIgniter.php(825): App\Controllers\Home->dashboard('Production_Reje...')
#5 C:\xampp\htdocs\oee-module3\system\CodeIgniter.php(412): CodeIgniter\CodeIgniter->runController(Object(App\Controllers\Home))
#6 C:\xampp\htdocs\oee-module3\system\CodeIgniter.php(320): CodeIgniter\CodeIgniter->handleRequest(NULL, Object(Config\Cache), false)
#7 C:\xampp\htdocs\oee-module3\index.php(37): CodeIgniter\CodeIgniter->run()
#8 {main}
ERROR - 2022-05-27 20:49:32 --> Error connecting to the database: No connection could be made because the target machine actively refused it.

CRITICAL - 2022-05-27 20:49:32 --> Unable to connect to the database.
Main connection [MySQLi]: No connection could be made because the target machine actively refused it.

#0 C:\xampp\htdocs\oee-module3\system\Database\BaseConnection.php(577): CodeIgniter\Database\BaseConnection->initialize()
#1 C:\xampp\htdocs\oee-module3\system\Database\BaseBuilder.php(1455): CodeIgniter\Database\BaseConnection->query('SELECT *\nFROM `...', Array, false)
#2 C:\xampp\htdocs\oee-module3\app\Models\MainModel.php(27): CodeIgniter\Database\BaseBuilder->get()
#3 C:\xampp\htdocs\oee-module3\app\Controllers\Home.php(31): App\Models\MainModel->settings_machine()
#4 C:\xampp\htdocs\oee-module3\system\CodeIgniter.php(825): App\Controllers\Home->dashboard('Production_Reje...')
#5 C:\xampp\htdocs\oee-module3\system\CodeIgniter.php(412): CodeIgniter\CodeIgniter->runController(Object(App\Controllers\Home))
#6 C:\xampp\htdocs\oee-module3\system\CodeIgniter.php(320): CodeIgniter\CodeIgniter->handleRequest(NULL, Object(Config\Cache), false)
#7 C:\xampp\htdocs\oee-module3\index.php(37): CodeIgniter\CodeIgniter->run()
#8 {main}
