ERROR - 2022-06-01 00:08:06 --> Unknown column 'u.user_id' in 'on clause'
CRITICAL - 2022-06-01 00:08:06 --> Call to a member function getResultArray() on bool
#0 C:\xampp\htdocs\oee-module3\app\Controllers\User_controller.php(297): App\Models\User_Model->getSiteUser(Array)
#1 C:\xampp\htdocs\oee-module3\system\CodeIgniter.php(825): App\Controllers\User_controller->getSiteUser()
#2 C:\xampp\htdocs\oee-module3\system\CodeIgniter.php(412): CodeIgniter\CodeIgniter->runController(Object(App\Controllers\User_controller))
#3 C:\xampp\htdocs\oee-module3\system\CodeIgniter.php(320): CodeIgniter\CodeIgniter->handleRequest(NULL, Object(Config\Cache), false)
#4 C:\xampp\htdocs\oee-module3\index.php(37): CodeIgniter\CodeIgniter->run()
#5 {main}
ERROR - 2022-06-01 00:08:15 --> Unknown column 'u.user_id' in 'on clause'
CRITICAL - 2022-06-01 00:08:15 --> Call to a member function getResultArray() on bool
#0 C:\xampp\htdocs\oee-module3\app\Controllers\User_controller.php(297): App\Models\User_Model->getSiteUser(Array)
#1 C:\xampp\htdocs\oee-module3\system\CodeIgniter.php(825): App\Controllers\User_controller->getSiteUser()
#2 C:\xampp\htdocs\oee-module3\system\CodeIgniter.php(412): CodeIgniter\CodeIgniter->runController(Object(App\Controllers\User_controller))
#3 C:\xampp\htdocs\oee-module3\system\CodeIgniter.php(320): CodeIgniter\CodeIgniter->handleRequest(NULL, Object(Config\Cache), false)
#4 C:\xampp\htdocs\oee-module3\index.php(37): CodeIgniter\CodeIgniter->run()
#5 {main}
ERROR - 2022-06-01 00:08:18 --> Unknown column 'u.user_id' in 'on clause'
CRITICAL - 2022-06-01 00:08:18 --> Call to a member function getResultArray() on bool
#0 C:\xampp\htdocs\oee-module3\app\Controllers\User_controller.php(297): App\Models\User_Model->getSiteUser(Array)
#1 C:\xampp\htdocs\oee-module3\system\CodeIgniter.php(825): App\Controllers\User_controller->getSiteUser()
#2 C:\xampp\htdocs\oee-module3\system\CodeIgniter.php(412): CodeIgniter\CodeIgniter->runController(Object(App\Controllers\User_controller))
#3 C:\xampp\htdocs\oee-module3\system\CodeIgniter.php(320): CodeIgniter\CodeIgniter->handleRequest(NULL, Object(Config\Cache), false)
#4 C:\xampp\htdocs\oee-module3\index.php(37): CodeIgniter\CodeIgniter->run()
#5 {main}
ERROR - 2022-06-01 00:08:20 --> Unknown column 'u.user_id' in 'on clause'
CRITICAL - 2022-06-01 00:08:20 --> Call to a member function getResultArray() on bool
#0 C:\xampp\htdocs\oee-module3\app\Controllers\User_controller.php(297): App\Models\User_Model->getSiteUser(Array)
#1 C:\xampp\htdocs\oee-module3\system\CodeIgniter.php(825): App\Controllers\User_controller->getSiteUser()
#2 C:\xampp\htdocs\oee-module3\system\CodeIgniter.php(412): CodeIgniter\CodeIgniter->runController(Object(App\Controllers\User_controller))
#3 C:\xampp\htdocs\oee-module3\system\CodeIgniter.php(320): CodeIgniter\CodeIgniter->handleRequest(NULL, Object(Config\Cache), false)
#4 C:\xampp\htdocs\oee-module3\index.php(37): CodeIgniter\CodeIgniter->run()
#5 {main}
ERROR - 2022-06-01 00:15:35 --> Unknown column 'u.user_id' in 'on clause'
CRITICAL - 2022-06-01 00:15:35 --> Call to a member function getResultArray() on bool
#0 C:\xampp\htdocs\oee-module3\app\Controllers\User_controller.php(297): App\Models\User_Model->getSiteUser(Array)
#1 C:\xampp\htdocs\oee-module3\system\CodeIgniter.php(825): App\Controllers\User_controller->getSiteUser()
#2 C:\xampp\htdocs\oee-module3\system\CodeIgniter.php(412): CodeIgniter\CodeIgniter->runController(Object(App\Controllers\User_controller))
#3 C:\xampp\htdocs\oee-module3\system\CodeIgniter.php(320): CodeIgniter\CodeIgniter->handleRequest(NULL, Object(Config\Cache), false)
#4 C:\xampp\htdocs\oee-module3\index.php(37): CodeIgniter\CodeIgniter->run()
#5 {main}
ERROR - 2022-06-01 00:19:10 --> Unknown column 'u.user_id' in 'on clause'
CRITICAL - 2022-06-01 00:19:10 --> Call to a member function getResultArray() on bool
#0 C:\xampp\htdocs\oee-module3\app\Controllers\User_controller.php(297): App\Models\User_Model->getSiteUser(Array)
#1 C:\xampp\htdocs\oee-module3\system\CodeIgniter.php(825): App\Controllers\User_controller->getSiteUser()
#2 C:\xampp\htdocs\oee-module3\system\CodeIgniter.php(412): CodeIgniter\CodeIgniter->runController(Object(App\Controllers\User_controller))
#3 C:\xampp\htdocs\oee-module3\system\CodeIgniter.php(320): CodeIgniter\CodeIgniter->handleRequest(NULL, Object(Config\Cache), false)
#4 C:\xampp\htdocs\oee-module3\index.php(37): CodeIgniter\CodeIgniter->run()
#5 {main}
ERROR - 2022-06-01 00:20:58 --> Unknown column 'u.user_id' in 'on clause'
CRITICAL - 2022-06-01 00:20:58 --> Call to a member function getResultArray() on bool
#0 C:\xampp\htdocs\oee-module3\app\Controllers\User_controller.php(297): App\Models\User_Model->getSiteUser(Array)
#1 C:\xampp\htdocs\oee-module3\system\CodeIgniter.php(825): App\Controllers\User_controller->getSiteUser()
#2 C:\xampp\htdocs\oee-module3\system\CodeIgniter.php(412): CodeIgniter\CodeIgniter->runController(Object(App\Controllers\User_controller))
#3 C:\xampp\htdocs\oee-module3\system\CodeIgniter.php(320): CodeIgniter\CodeIgniter->handleRequest(NULL, Object(Config\Cache), false)
#4 C:\xampp\htdocs\oee-module3\index.php(37): CodeIgniter\CodeIgniter->run()
#5 {main}
ERROR - 2022-06-01 00:23:01 --> Unknown column 'u.user_id' in 'on clause'
CRITICAL - 2022-06-01 00:23:01 --> Call to a member function getResultArray() on bool
#0 C:\xampp\htdocs\oee-module3\app\Controllers\User_controller.php(297): App\Models\User_Model->getSiteUser(Array)
#1 C:\xampp\htdocs\oee-module3\system\CodeIgniter.php(825): App\Controllers\User_controller->getSiteUser()
#2 C:\xampp\htdocs\oee-module3\system\CodeIgniter.php(412): CodeIgniter\CodeIgniter->runController(Object(App\Controllers\User_controller))
#3 C:\xampp\htdocs\oee-module3\system\CodeIgniter.php(320): CodeIgniter\CodeIgniter->handleRequest(NULL, Object(Config\Cache), false)
#4 C:\xampp\htdocs\oee-module3\index.php(37): CodeIgniter\CodeIgniter->run()
#5 {main}
ERROR - 2022-06-01 00:23:49 --> Unknown column 'u.user_id' in 'on clause'
CRITICAL - 2022-06-01 00:23:49 --> Call to a member function getResultArray() on bool
#0 C:\xampp\htdocs\oee-module3\app\Controllers\User_controller.php(297): App\Models\User_Model->getSiteUser(Array)
#1 C:\xampp\htdocs\oee-module3\system\CodeIgniter.php(825): App\Controllers\User_controller->getSiteUser()
#2 C:\xampp\htdocs\oee-module3\system\CodeIgniter.php(412): CodeIgniter\CodeIgniter->runController(Object(App\Controllers\User_controller))
#3 C:\xampp\htdocs\oee-module3\system\CodeIgniter.php(320): CodeIgniter\CodeIgniter->handleRequest(NULL, Object(Config\Cache), false)
#4 C:\xampp\htdocs\oee-module3\index.php(37): CodeIgniter\CodeIgniter->run()
#5 {main}
ERROR - 2022-06-01 00:24:47 --> Unknown column 'u.user_id' in 'on clause'
CRITICAL - 2022-06-01 00:24:47 --> Call to a member function getResultArray() on bool
#0 C:\xampp\htdocs\oee-module3\app\Controllers\User_controller.php(297): App\Models\User_Model->getSiteUser(Array)
#1 C:\xampp\htdocs\oee-module3\system\CodeIgniter.php(825): App\Controllers\User_controller->getSiteUser()
#2 C:\xampp\htdocs\oee-module3\system\CodeIgniter.php(412): CodeIgniter\CodeIgniter->runController(Object(App\Controllers\User_controller))
#3 C:\xampp\htdocs\oee-module3\system\CodeIgniter.php(320): CodeIgniter\CodeIgniter->handleRequest(NULL, Object(Config\Cache), false)
#4 C:\xampp\htdocs\oee-module3\index.php(37): CodeIgniter\CodeIgniter->run()
#5 {main}
ERROR - 2022-06-01 00:25:04 --> Unknown column 'u.user_id' in 'on clause'
CRITICAL - 2022-06-01 00:25:04 --> Call to a member function getResultArray() on bool
#0 C:\xampp\htdocs\oee-module3\app\Controllers\User_controller.php(297): App\Models\User_Model->getSiteUser(Array)
#1 C:\xampp\htdocs\oee-module3\system\CodeIgniter.php(825): App\Controllers\User_controller->getSiteUser()
#2 C:\xampp\htdocs\oee-module3\system\CodeIgniter.php(412): CodeIgniter\CodeIgniter->runController(Object(App\Controllers\User_controller))
#3 C:\xampp\htdocs\oee-module3\system\CodeIgniter.php(320): CodeIgniter\CodeIgniter->handleRequest(NULL, Object(Config\Cache), false)
#4 C:\xampp\htdocs\oee-module3\index.php(37): CodeIgniter\CodeIgniter->run()
#5 {main}
ERROR - 2022-06-01 00:42:22 --> Unknown column 'u.user_id' in 'on clause'
CRITICAL - 2022-06-01 00:42:22 --> Call to a member function getResultArray() on bool
#0 C:\xampp\htdocs\oee-module3\app\Controllers\User_controller.php(297): App\Models\User_Model->getSiteUser(Array)
#1 C:\xampp\htdocs\oee-module3\system\CodeIgniter.php(825): App\Controllers\User_controller->getSiteUser()
#2 C:\xampp\htdocs\oee-module3\system\CodeIgniter.php(412): CodeIgniter\CodeIgniter->runController(Object(App\Controllers\User_controller))
#3 C:\xampp\htdocs\oee-module3\system\CodeIgniter.php(320): CodeIgniter\CodeIgniter->handleRequest(NULL, Object(Config\Cache), false)
#4 C:\xampp\htdocs\oee-module3\index.php(37): CodeIgniter\CodeIgniter->run()
#5 {main}
ERROR - 2022-06-01 00:44:17 --> Unknown column 'u.user_id' in 'on clause'
CRITICAL - 2022-06-01 00:44:17 --> Call to a member function getResultArray() on bool
#0 C:\xampp\htdocs\oee-module3\app\Controllers\User_controller.php(297): App\Models\User_Model->getSiteUser(Array)
#1 C:\xampp\htdocs\oee-module3\system\CodeIgniter.php(825): App\Controllers\User_controller->getSiteUser()
#2 C:\xampp\htdocs\oee-module3\system\CodeIgniter.php(412): CodeIgniter\CodeIgniter->runController(Object(App\Controllers\User_controller))
#3 C:\xampp\htdocs\oee-module3\system\CodeIgniter.php(320): CodeIgniter\CodeIgniter->handleRequest(NULL, Object(Config\Cache), false)
#4 C:\xampp\htdocs\oee-module3\index.php(37): CodeIgniter\CodeIgniter->run()
#5 {main}
ERROR - 2022-06-01 00:45:22 --> Unknown column 'u.user_id' in 'on clause'
CRITICAL - 2022-06-01 00:45:22 --> Call to a member function getResultArray() on bool
#0 C:\xampp\htdocs\oee-module3\app\Controllers\User_controller.php(297): App\Models\User_Model->getSiteUser(Array)
#1 C:\xampp\htdocs\oee-module3\system\CodeIgniter.php(825): App\Controllers\User_controller->getSiteUser()
#2 C:\xampp\htdocs\oee-module3\system\CodeIgniter.php(412): CodeIgniter\CodeIgniter->runController(Object(App\Controllers\User_controller))
#3 C:\xampp\htdocs\oee-module3\system\CodeIgniter.php(320): CodeIgniter\CodeIgniter->handleRequest(NULL, Object(Config\Cache), false)
#4 C:\xampp\htdocs\oee-module3\index.php(37): CodeIgniter\CodeIgniter->run()
#5 {main}
ERROR - 2022-06-01 00:55:04 --> Unknown column 'u.user_id' in 'on clause'
CRITICAL - 2022-06-01 00:55:04 --> Call to a member function getResultArray() on bool
#0 C:\xampp\htdocs\oee-module3\app\Controllers\User_controller.php(297): App\Models\User_Model->getSiteUser(Array)
#1 C:\xampp\htdocs\oee-module3\system\CodeIgniter.php(825): App\Controllers\User_controller->getSiteUser()
#2 C:\xampp\htdocs\oee-module3\system\CodeIgniter.php(412): CodeIgniter\CodeIgniter->runController(Object(App\Controllers\User_controller))
#3 C:\xampp\htdocs\oee-module3\system\CodeIgniter.php(320): CodeIgniter\CodeIgniter->handleRequest(NULL, Object(Config\Cache), false)
#4 C:\xampp\htdocs\oee-module3\index.php(37): CodeIgniter\CodeIgniter->run()
#5 {main}
ERROR - 2022-06-01 00:55:19 --> Unknown column 'u.user_id' in 'on clause'
CRITICAL - 2022-06-01 00:55:19 --> Call to a member function getResultArray() on bool
#0 C:\xampp\htdocs\oee-module3\app\Controllers\User_controller.php(297): App\Models\User_Model->getSiteUser(Array)
#1 C:\xampp\htdocs\oee-module3\system\CodeIgniter.php(825): App\Controllers\User_controller->getSiteUser()
#2 C:\xampp\htdocs\oee-module3\system\CodeIgniter.php(412): CodeIgniter\CodeIgniter->runController(Object(App\Controllers\User_controller))
#3 C:\xampp\htdocs\oee-module3\system\CodeIgniter.php(320): CodeIgniter\CodeIgniter->handleRequest(NULL, Object(Config\Cache), false)
#4 C:\xampp\htdocs\oee-module3\index.php(37): CodeIgniter\CodeIgniter->run()
#5 {main}
ERROR - 2022-06-01 01:02:49 --> Unknown column 'u.user_id' in 'on clause'
CRITICAL - 2022-06-01 01:02:49 --> Call to a member function getResultArray() on bool
#0 C:\xampp\htdocs\oee-module3\app\Controllers\User_controller.php(297): App\Models\User_Model->getSiteUser(Array)
#1 C:\xampp\htdocs\oee-module3\system\CodeIgniter.php(825): App\Controllers\User_controller->getSiteUser()
#2 C:\xampp\htdocs\oee-module3\system\CodeIgniter.php(412): CodeIgniter\CodeIgniter->runController(Object(App\Controllers\User_controller))
#3 C:\xampp\htdocs\oee-module3\system\CodeIgniter.php(320): CodeIgniter\CodeIgniter->handleRequest(NULL, Object(Config\Cache), false)
#4 C:\xampp\htdocs\oee-module3\index.php(37): CodeIgniter\CodeIgniter->run()
#5 {main}
CRITICAL - 2022-06-01 05:23:18 --> You must set the database table to be used with your query.
#0 C:\xampp\htdocs\oee-module3\system\Model.php(545): CodeIgniter\Database\BaseConnection->table(NULL)
#1 C:\xampp\htdocs\oee-module3\system\Model.php(722): CodeIgniter\Model->builder()
#2 C:\xampp\htdocs\oee-module3\app\Controllers\Home.php(2728): CodeIgniter\Model->__call('forgot_site_adm...', Array)
#3 C:\xampp\htdocs\oee-module3\system\CodeIgniter.php(825): App\Controllers\Home->forgot_siteadmin_pass()
#4 C:\xampp\htdocs\oee-module3\system\CodeIgniter.php(412): CodeIgniter\CodeIgniter->runController(Object(App\Controllers\Home))
#5 C:\xampp\htdocs\oee-module3\system\CodeIgniter.php(320): CodeIgniter\CodeIgniter->handleRequest(NULL, Object(Config\Cache), false)
#6 C:\xampp\htdocs\oee-module3\index.php(37): CodeIgniter\CodeIgniter->run()
#7 {main}
CRITICAL - 2022-06-01 05:23:19 --> You must set the database table to be used with your query.
#0 C:\xampp\htdocs\oee-module3\system\Model.php(545): CodeIgniter\Database\BaseConnection->table(NULL)
#1 C:\xampp\htdocs\oee-module3\system\Model.php(722): CodeIgniter\Model->builder()
#2 C:\xampp\htdocs\oee-module3\app\Controllers\Home.php(2728): CodeIgniter\Model->__call('forgot_site_adm...', Array)
#3 C:\xampp\htdocs\oee-module3\system\CodeIgniter.php(825): App\Controllers\Home->forgot_siteadmin_pass()
#4 C:\xampp\htdocs\oee-module3\system\CodeIgniter.php(412): CodeIgniter\CodeIgniter->runController(Object(App\Controllers\Home))
#5 C:\xampp\htdocs\oee-module3\system\CodeIgniter.php(320): CodeIgniter\CodeIgniter->handleRequest(NULL, Object(Config\Cache), false)
#6 C:\xampp\htdocs\oee-module3\index.php(37): CodeIgniter\CodeIgniter->run()
#7 {main}
CRITICAL - 2022-06-01 05:23:21 --> You must set the database table to be used with your query.
#0 C:\xampp\htdocs\oee-module3\system\Model.php(545): CodeIgniter\Database\BaseConnection->table(NULL)
#1 C:\xampp\htdocs\oee-module3\system\Model.php(722): CodeIgniter\Model->builder()
#2 C:\xampp\htdocs\oee-module3\app\Controllers\Home.php(2728): CodeIgniter\Model->__call('forgot_site_adm...', Array)
#3 C:\xampp\htdocs\oee-module3\system\CodeIgniter.php(825): App\Controllers\Home->forgot_siteadmin_pass()
#4 C:\xampp\htdocs\oee-module3\system\CodeIgniter.php(412): CodeIgniter\CodeIgniter->runController(Object(App\Controllers\Home))
#5 C:\xampp\htdocs\oee-module3\system\CodeIgniter.php(320): CodeIgniter\CodeIgniter->handleRequest(NULL, Object(Config\Cache), false)
#6 C:\xampp\htdocs\oee-module3\index.php(37): CodeIgniter\CodeIgniter->run()
#7 {main}
CRITICAL - 2022-06-01 05:23:30 --> You must set the database table to be used with your query.
#0 C:\xampp\htdocs\oee-module3\system\Model.php(545): CodeIgniter\Database\BaseConnection->table(NULL)
#1 C:\xampp\htdocs\oee-module3\system\Model.php(722): CodeIgniter\Model->builder()
#2 C:\xampp\htdocs\oee-module3\app\Controllers\Home.php(2728): CodeIgniter\Model->__call('forgot_site_adm...', Array)
#3 C:\xampp\htdocs\oee-module3\system\CodeIgniter.php(825): App\Controllers\Home->forgot_siteadmin_pass()
#4 C:\xampp\htdocs\oee-module3\system\CodeIgniter.php(412): CodeIgniter\CodeIgniter->runController(Object(App\Controllers\Home))
#5 C:\xampp\htdocs\oee-module3\system\CodeIgniter.php(320): CodeIgniter\CodeIgniter->handleRequest(NULL, Object(Config\Cache), false)
#6 C:\xampp\htdocs\oee-module3\index.php(37): CodeIgniter\CodeIgniter->run()
#7 {main}
CRITICAL - 2022-06-01 05:23:30 --> You must set the database table to be used with your query.
#0 C:\xampp\htdocs\oee-module3\system\Model.php(545): CodeIgniter\Database\BaseConnection->table(NULL)
#1 C:\xampp\htdocs\oee-module3\system\Model.php(722): CodeIgniter\Model->builder()
#2 C:\xampp\htdocs\oee-module3\app\Controllers\Home.php(2728): CodeIgniter\Model->__call('forgot_site_adm...', Array)
#3 C:\xampp\htdocs\oee-module3\system\CodeIgniter.php(825): App\Controllers\Home->forgot_siteadmin_pass()
#4 C:\xampp\htdocs\oee-module3\system\CodeIgniter.php(412): CodeIgniter\CodeIgniter->runController(Object(App\Controllers\Home))
#5 C:\xampp\htdocs\oee-module3\system\CodeIgniter.php(320): CodeIgniter\CodeIgniter->handleRequest(NULL, Object(Config\Cache), false)
#6 C:\xampp\htdocs\oee-module3\index.php(37): CodeIgniter\CodeIgniter->run()
#7 {main}
CRITICAL - 2022-06-01 06:48:24 --> date() expects at least 1 parameter, 0 given
#0 [internal function]: CodeIgniter\Debug\Exceptions->errorHandler(2, 'date() expects ...', 'C:\\xampp\\htdocs...', 769, Array)
#1 C:\xampp\htdocs\oee-module3\app\Views\Settings_Tools.php(769): date()
#2 C:\xampp\htdocs\oee-module3\system\View\View.php(210): include('C:\\xampp\\htdocs...')
#3 C:\xampp\htdocs\oee-module3\system\View\View.php(213): CodeIgniter\View\View->CodeIgniter\View\{closure}()
#4 C:\xampp\htdocs\oee-module3\system\Common.php(1089): CodeIgniter\View\View->render('Settings_Tools', Array, true)
#5 C:\xampp\htdocs\oee-module3\app\Views\Grafana_Home.php(253): view('Settings_Tools', Array)
#6 C:\xampp\htdocs\oee-module3\system\View\View.php(210): include('C:\\xampp\\htdocs...')
#7 C:\xampp\htdocs\oee-module3\system\View\View.php(213): CodeIgniter\View\View->CodeIgniter\View\{closure}()
#8 C:\xampp\htdocs\oee-module3\system\Common.php(1089): CodeIgniter\View\View->render('Grafana_Home', Array, true)
#9 C:\xampp\htdocs\oee-module3\app\Controllers\Home.php(41): view('Grafana_Home', Array)
#10 C:\xampp\htdocs\oee-module3\system\CodeIgniter.php(825): App\Controllers\Home->dashboard('Settings_Tools')
#11 C:\xampp\htdocs\oee-module3\system\CodeIgniter.php(412): CodeIgniter\CodeIgniter->runController(Object(App\Controllers\Home))
#12 C:\xampp\htdocs\oee-module3\system\CodeIgniter.php(320): CodeIgniter\CodeIgniter->handleRequest(NULL, Object(Config\Cache), false)
#13 C:\xampp\htdocs\oee-module3\index.php(37): CodeIgniter\CodeIgniter->run()
#14 {main}
CRITICAL - 2022-06-01 06:48:27 --> date() expects at least 1 parameter, 0 given
#0 [internal function]: CodeIgniter\Debug\Exceptions->errorHandler(2, 'date() expects ...', 'C:\\xampp\\htdocs...', 769, Array)
#1 C:\xampp\htdocs\oee-module3\app\Views\Settings_Tools.php(769): date()
#2 C:\xampp\htdocs\oee-module3\system\View\View.php(210): include('C:\\xampp\\htdocs...')
#3 C:\xampp\htdocs\oee-module3\system\View\View.php(213): CodeIgniter\View\View->CodeIgniter\View\{closure}()
#4 C:\xampp\htdocs\oee-module3\system\Common.php(1089): CodeIgniter\View\View->render('Settings_Tools', Array, true)
#5 C:\xampp\htdocs\oee-module3\app\Views\Grafana_Home.php(253): view('Settings_Tools', Array)
#6 C:\xampp\htdocs\oee-module3\system\View\View.php(210): include('C:\\xampp\\htdocs...')
#7 C:\xampp\htdocs\oee-module3\system\View\View.php(213): CodeIgniter\View\View->CodeIgniter\View\{closure}()
#8 C:\xampp\htdocs\oee-module3\system\Common.php(1089): CodeIgniter\View\View->render('Grafana_Home', Array, true)
#9 C:\xampp\htdocs\oee-module3\app\Controllers\Home.php(41): view('Grafana_Home', Array)
#10 C:\xampp\htdocs\oee-module3\system\CodeIgniter.php(825): App\Controllers\Home->dashboard('Settings_Tools')
#11 C:\xampp\htdocs\oee-module3\system\CodeIgniter.php(412): CodeIgniter\CodeIgniter->runController(Object(App\Controllers\Home))
#12 C:\xampp\htdocs\oee-module3\system\CodeIgniter.php(320): CodeIgniter\CodeIgniter->handleRequest(NULL, Object(Config\Cache), false)
#13 C:\xampp\htdocs\oee-module3\index.php(37): CodeIgniter\CodeIgniter->run()
#14 {main}
ERROR - 2022-06-01 23:56:23 --> Error connecting to the database: Unknown database 's10011'
CRITICAL - 2022-06-01 23:56:23 --> Unable to connect to the database.
Main connection [MySQLi]: Unknown database 's10011'
#0 C:\xampp\htdocs\oee-module_new\system\Database\BaseConnection.php(577): CodeIgniter\Database\BaseConnection->initialize()
#1 C:\xampp\htdocs\oee-module_new\system\Database\BaseBuilder.php(1455): CodeIgniter\Database\BaseConnection->query('SELECT *\nFROM `...', Array, false)
#2 C:\xampp\htdocs\oee-module_new\app\Models\MainModel.php(27): CodeIgniter\Database\BaseBuilder->get()
#3 C:\xampp\htdocs\oee-module_new\app\Controllers\Home.php(36): App\Models\MainModel->settings_machine()
#4 C:\xampp\htdocs\oee-module_new\system\CodeIgniter.php(825): App\Controllers\Home->dashboard('Settings_Goals_...')
#5 C:\xampp\htdocs\oee-module_new\system\CodeIgniter.php(412): CodeIgniter\CodeIgniter->runController(Object(App\Controllers\Home))
#6 C:\xampp\htdocs\oee-module_new\system\CodeIgniter.php(320): CodeIgniter\CodeIgniter->handleRequest(NULL, Object(Config\Cache), false)
#7 C:\xampp\htdocs\oee-module_new\index.php(37): CodeIgniter\CodeIgniter->run()
#8 {main}
ERROR - 2022-06-01 23:56:55 --> Error connecting to the database: Unknown database 's10011'
CRITICAL - 2022-06-01 23:56:55 --> Unable to connect to the database.
Main connection [MySQLi]: Unknown database 's10011'
#0 C:\xampp\htdocs\oee-module_new\system\Database\BaseConnection.php(577): CodeIgniter\Database\BaseConnection->initialize()
#1 C:\xampp\htdocs\oee-module_new\system\Database\BaseBuilder.php(1455): CodeIgniter\Database\BaseConnection->query('SELECT *\nFROM `...', Array, false)
#2 C:\xampp\htdocs\oee-module_new\app\Models\MainModel.php(27): CodeIgniter\Database\BaseBuilder->get()
#3 C:\xampp\htdocs\oee-module_new\app\Controllers\Home.php(36): App\Models\MainModel->settings_machine()
#4 C:\xampp\htdocs\oee-module_new\system\CodeIgniter.php(825): App\Controllers\Home->dashboard('Settings_Goals_...')
#5 C:\xampp\htdocs\oee-module_new\system\CodeIgniter.php(412): CodeIgniter\CodeIgniter->runController(Object(App\Controllers\Home))
#6 C:\xampp\htdocs\oee-module_new\system\CodeIgniter.php(320): CodeIgniter\CodeIgniter->handleRequest(NULL, Object(Config\Cache), false)
#7 C:\xampp\htdocs\oee-module_new\index.php(37): CodeIgniter\CodeIgniter->run()
#8 {main}
