CRITICAL - 2022-05-18 01:13:53 --> Undefined variable $machine_ref
#0 C:\xampp\htdocs\oee-module\app\Controllers\Home.php(3944): CodeIgniter\Debug\Exceptions->errorHandler(2, 'Undefined varia...', 'C:\\xampp\\htdocs...', 3944)
#1 C:\xampp\htdocs\oee-module\system\CodeIgniter.php(825): App\Controllers\Home->getDownGraph()
#2 C:\xampp\htdocs\oee-module\system\CodeIgniter.php(412): CodeIgniter\CodeIgniter->runController(Object(App\Controllers\Home))
#3 C:\xampp\htdocs\oee-module\system\CodeIgniter.php(320): CodeIgniter\CodeIgniter->handleRequest(NULL, Object(Config\Cache), false)
#4 C:\xampp\htdocs\oee-module\index.php(37): CodeIgniter\CodeIgniter->run()
#5 {main}
CRITICAL - 2022-05-18 01:40:14 --> You must set the database table to be used with your query.
#0 C:\xampp\htdocs\oee-module\system\Model.php(545): CodeIgniter\Database\BaseConnection->table(NULL)
#1 C:\xampp\htdocs\oee-module\system\Model.php(722): CodeIgniter\Model->builder()
#2 C:\xampp\htdocs\oee-module\app\Controllers\Home.php(3947): CodeIgniter\Model->__call('getGraph', Array)
#3 C:\xampp\htdocs\oee-module\system\CodeIgniter.php(825): App\Controllers\Home->getDownGraph()
#4 C:\xampp\htdocs\oee-module\system\CodeIgniter.php(412): CodeIgniter\CodeIgniter->runController(Object(App\Controllers\Home))
#5 C:\xampp\htdocs\oee-module\system\CodeIgniter.php(320): CodeIgniter\CodeIgniter->handleRequest(NULL, Object(Config\Cache), false)
#6 C:\xampp\htdocs\oee-module\index.php(37): CodeIgniter\CodeIgniter->run()
#7 {main}
CRITICAL - 2022-05-18 01:42:53 --> Undefined array key "shift"
#0 C:\xampp\htdocs\oee-module\app\Controllers\Home.php(3951): CodeIgniter\Debug\Exceptions->errorHandler(2, 'Undefined array...', 'C:\\xampp\\htdocs...', 3951)
#1 C:\xampp\htdocs\oee-module\system\CodeIgniter.php(825): App\Controllers\Home->getDownGraph()
#2 C:\xampp\htdocs\oee-module\system\CodeIgniter.php(412): CodeIgniter\CodeIgniter->runController(Object(App\Controllers\Home))
#3 C:\xampp\htdocs\oee-module\system\CodeIgniter.php(320): CodeIgniter\CodeIgniter->handleRequest(NULL, Object(Config\Cache), false)
#4 C:\xampp\htdocs\oee-module\index.php(37): CodeIgniter\CodeIgniter->run()
#5 {main}
CRITICAL - 2022-05-18 01:43:18 --> Undefined array key 1
#0 C:\xampp\htdocs\oee-module\app\Controllers\Home.php(3951): CodeIgniter\Debug\Exceptions->errorHandler(2, 'Undefined array...', 'C:\\xampp\\htdocs...', 3951)
#1 C:\xampp\htdocs\oee-module\system\CodeIgniter.php(825): App\Controllers\Home->getDownGraph()
#2 C:\xampp\htdocs\oee-module\system\CodeIgniter.php(412): CodeIgniter\CodeIgniter->runController(Object(App\Controllers\Home))
#3 C:\xampp\htdocs\oee-module\system\CodeIgniter.php(320): CodeIgniter\CodeIgniter->handleRequest(NULL, Object(Config\Cache), false)
#4 C:\xampp\htdocs\oee-module\index.php(37): CodeIgniter\CodeIgniter->run()
#5 {main}
CRITICAL - 2022-05-18 01:52:14 --> Undefined array key 0
#0 C:\xampp\htdocs\oee-module\app\Controllers\Home.php(3949): CodeIgniter\Debug\Exceptions->errorHandler(2, 'Undefined array...', 'C:\\xampp\\htdocs...', 3949)
#1 C:\xampp\htdocs\oee-module\system\CodeIgniter.php(825): App\Controllers\Home->getDownGraph()
#2 C:\xampp\htdocs\oee-module\system\CodeIgniter.php(412): CodeIgniter\CodeIgniter->runController(Object(App\Controllers\Home))
#3 C:\xampp\htdocs\oee-module\system\CodeIgniter.php(320): CodeIgniter\CodeIgniter->handleRequest(NULL, Object(Config\Cache), false)
#4 C:\xampp\htdocs\oee-module\index.php(37): CodeIgniter\CodeIgniter->run()
#5 {main}
ERROR - 2022-05-18 04:26:28 --> Unknown column 'start_time' in 'where clause'
ERROR - 2022-05-18 04:32:06 --> Unknown column 'start_time' in 'where clause'
ERROR - 2022-05-18 04:33:07 --> Unknown column 'start_time' in 'field list'
CRITICAL - 2022-05-18 05:17:54 --> Undefined array key "tmie"
#0 C:\xampp\htdocs\oee-module\app\Controllers\Home.php(1633): CodeIgniter\Debug\Exceptions->errorHandler(2, 'Undefined array...', 'C:\\xampp\\htdocs...', 1633)
#1 C:\xampp\htdocs\oee-module\system\CodeIgniter.php(825): App\Controllers\Home->hourData()
#2 C:\xampp\htdocs\oee-module\system\CodeIgniter.php(412): CodeIgniter\CodeIgniter->runController(Object(App\Controllers\Home))
#3 C:\xampp\htdocs\oee-module\system\CodeIgniter.php(320): CodeIgniter\CodeIgniter->handleRequest(NULL, Object(Config\Cache), false)
#4 C:\xampp\htdocs\oee-module\index.php(37): CodeIgniter\CodeIgniter->run()
#5 {main}
CRITICAL - 2022-05-18 05:32:03 --> Array to string conversion
#0 C:\xampp\htdocs\oee-module\app\Controllers\Home.php(1635): CodeIgniter\Debug\Exceptions->errorHandler(2, 'Array to string...', 'C:\\xampp\\htdocs...', 1635)
#1 C:\xampp\htdocs\oee-module\system\CodeIgniter.php(825): App\Controllers\Home->hourData()
#2 C:\xampp\htdocs\oee-module\system\CodeIgniter.php(412): CodeIgniter\CodeIgniter->runController(Object(App\Controllers\Home))
#3 C:\xampp\htdocs\oee-module\system\CodeIgniter.php(320): CodeIgniter\CodeIgniter->handleRequest(NULL, Object(Config\Cache), false)
#4 C:\xampp\htdocs\oee-module\index.php(37): CodeIgniter\CodeIgniter->run()
#5 {main}
CRITICAL - 2022-05-18 05:32:23 --> Undefined array key 0
#0 C:\xampp\htdocs\oee-module\app\Controllers\Home.php(1660): CodeIgniter\Debug\Exceptions->errorHandler(2, 'Undefined array...', 'C:\\xampp\\htdocs...', 1660)
#1 C:\xampp\htdocs\oee-module\system\CodeIgniter.php(825): App\Controllers\Home->hourData()
#2 C:\xampp\htdocs\oee-module\system\CodeIgniter.php(412): CodeIgniter\CodeIgniter->runController(Object(App\Controllers\Home))
#3 C:\xampp\htdocs\oee-module\system\CodeIgniter.php(320): CodeIgniter\CodeIgniter->handleRequest(NULL, Object(Config\Cache), false)
#4 C:\xampp\htdocs\oee-module\index.php(37): CodeIgniter\CodeIgniter->run()
#5 {main}
CRITICAL - 2022-05-18 05:43:27 --> Undefined array key 0
#0 C:\xampp\htdocs\oee-module\app\Controllers\Home.php(1660): CodeIgniter\Debug\Exceptions->errorHandler(2, 'Undefined array...', 'C:\\xampp\\htdocs...', 1660)
#1 C:\xampp\htdocs\oee-module\system\CodeIgniter.php(825): App\Controllers\Home->hourData()
#2 C:\xampp\htdocs\oee-module\system\CodeIgniter.php(412): CodeIgniter\CodeIgniter->runController(Object(App\Controllers\Home))
#3 C:\xampp\htdocs\oee-module\system\CodeIgniter.php(320): CodeIgniter\CodeIgniter->handleRequest(NULL, Object(Config\Cache), false)
#4 C:\xampp\htdocs\oee-module\index.php(37): CodeIgniter\CodeIgniter->run()
#5 {main}
CRITICAL - 2022-05-18 05:54:54 --> You must set the database table to be used with your query.
#0 C:\xampp\htdocs\oee-module\system\Model.php(545): CodeIgniter\Database\BaseConnection->table(NULL)
#1 C:\xampp\htdocs\oee-module\system\Model.php(722): CodeIgniter\Model->builder()
#2 C:\xampp\htdocs\oee-module\app\Controllers\Home.php(1635): CodeIgniter\Model->__call('findShift', Array)
#3 C:\xampp\htdocs\oee-module\system\CodeIgniter.php(825): App\Controllers\Home->hourData()
#4 C:\xampp\htdocs\oee-module\system\CodeIgniter.php(412): CodeIgniter\CodeIgniter->runController(Object(App\Controllers\Home))
#5 C:\xampp\htdocs\oee-module\system\CodeIgniter.php(320): CodeIgniter\CodeIgniter->handleRequest(NULL, Object(Config\Cache), false)
#6 C:\xampp\htdocs\oee-module\index.php(37): CodeIgniter\CodeIgniter->run()
#7 {main}
CRITICAL - 2022-05-18 05:58:26 --> You must set the database table to be used with your query.
#0 C:\xampp\htdocs\oee-module\system\Model.php(545): CodeIgniter\Database\BaseConnection->table(NULL)
#1 C:\xampp\htdocs\oee-module\system\Model.php(722): CodeIgniter\Model->builder()
#2 C:\xampp\htdocs\oee-module\app\Controllers\Home.php(1635): CodeIgniter\Model->__call('findShift', Array)
#3 C:\xampp\htdocs\oee-module\system\CodeIgniter.php(825): App\Controllers\Home->hourData()
#4 C:\xampp\htdocs\oee-module\system\CodeIgniter.php(412): CodeIgniter\CodeIgniter->runController(Object(App\Controllers\Home))
#5 C:\xampp\htdocs\oee-module\system\CodeIgniter.php(320): CodeIgniter\CodeIgniter->handleRequest(NULL, Object(Config\Cache), false)
#6 C:\xampp\htdocs\oee-module\index.php(37): CodeIgniter\CodeIgniter->run()
#7 {main}
CRITICAL - 2022-05-18 05:58:28 --> You must set the database table to be used with your query.
#0 C:\xampp\htdocs\oee-module\system\Model.php(545): CodeIgniter\Database\BaseConnection->table(NULL)
#1 C:\xampp\htdocs\oee-module\system\Model.php(722): CodeIgniter\Model->builder()
#2 C:\xampp\htdocs\oee-module\app\Controllers\Home.php(1635): CodeIgniter\Model->__call('findShift', Array)
#3 C:\xampp\htdocs\oee-module\system\CodeIgniter.php(825): App\Controllers\Home->hourData()
#4 C:\xampp\htdocs\oee-module\system\CodeIgniter.php(412): CodeIgniter\CodeIgniter->runController(Object(App\Controllers\Home))
#5 C:\xampp\htdocs\oee-module\system\CodeIgniter.php(320): CodeIgniter\CodeIgniter->handleRequest(NULL, Object(Config\Cache), false)
#6 C:\xampp\htdocs\oee-module\index.php(37): CodeIgniter\CodeIgniter->run()
#7 {main}
CRITICAL - 2022-05-18 05:58:36 --> You must set the database table to be used with your query.
#0 C:\xampp\htdocs\oee-module\system\Model.php(545): CodeIgniter\Database\BaseConnection->table(NULL)
#1 C:\xampp\htdocs\oee-module\system\Model.php(722): CodeIgniter\Model->builder()
#2 C:\xampp\htdocs\oee-module\app\Controllers\Home.php(1635): CodeIgniter\Model->__call('findShift', Array)
#3 C:\xampp\htdocs\oee-module\system\CodeIgniter.php(825): App\Controllers\Home->hourData()
#4 C:\xampp\htdocs\oee-module\system\CodeIgniter.php(412): CodeIgniter\CodeIgniter->runController(Object(App\Controllers\Home))
#5 C:\xampp\htdocs\oee-module\system\CodeIgniter.php(320): CodeIgniter\CodeIgniter->handleRequest(NULL, Object(Config\Cache), false)
#6 C:\xampp\htdocs\oee-module\index.php(37): CodeIgniter\CodeIgniter->run()
#7 {main}
CRITICAL - 2022-05-18 05:58:37 --> You must set the database table to be used with your query.
#0 C:\xampp\htdocs\oee-module\system\Model.php(545): CodeIgniter\Database\BaseConnection->table(NULL)
#1 C:\xampp\htdocs\oee-module\system\Model.php(722): CodeIgniter\Model->builder()
#2 C:\xampp\htdocs\oee-module\app\Controllers\Home.php(1635): CodeIgniter\Model->__call('findShift', Array)
#3 C:\xampp\htdocs\oee-module\system\CodeIgniter.php(825): App\Controllers\Home->hourData()
#4 C:\xampp\htdocs\oee-module\system\CodeIgniter.php(412): CodeIgniter\CodeIgniter->runController(Object(App\Controllers\Home))
#5 C:\xampp\htdocs\oee-module\system\CodeIgniter.php(320): CodeIgniter\CodeIgniter->handleRequest(NULL, Object(Config\Cache), false)
#6 C:\xampp\htdocs\oee-module\index.php(37): CodeIgniter\CodeIgniter->run()
#7 {main}
CRITICAL - 2022-05-18 05:59:07 --> You must set the database table to be used with your query.
#0 C:\xampp\htdocs\oee-module\system\Model.php(545): CodeIgniter\Database\BaseConnection->table(NULL)
#1 C:\xampp\htdocs\oee-module\system\Model.php(722): CodeIgniter\Model->builder()
#2 C:\xampp\htdocs\oee-module\app\Controllers\Home.php(1635): CodeIgniter\Model->__call('findShift', Array)
#3 C:\xampp\htdocs\oee-module\system\CodeIgniter.php(825): App\Controllers\Home->hourData()
#4 C:\xampp\htdocs\oee-module\system\CodeIgniter.php(412): CodeIgniter\CodeIgniter->runController(Object(App\Controllers\Home))
#5 C:\xampp\htdocs\oee-module\system\CodeIgniter.php(320): CodeIgniter\CodeIgniter->handleRequest(NULL, Object(Config\Cache), false)
#6 C:\xampp\htdocs\oee-module\index.php(37): CodeIgniter\CodeIgniter->run()
#7 {main}
CRITICAL - 2022-05-18 05:59:42 --> You must set the database table to be used with your query.
#0 C:\xampp\htdocs\oee-module\system\Model.php(545): CodeIgniter\Database\BaseConnection->table(NULL)
#1 C:\xampp\htdocs\oee-module\system\Model.php(722): CodeIgniter\Model->builder()
#2 C:\xampp\htdocs\oee-module\app\Controllers\Home.php(1635): CodeIgniter\Model->__call('findShift', Array)
#3 C:\xampp\htdocs\oee-module\system\CodeIgniter.php(825): App\Controllers\Home->hourData()
#4 C:\xampp\htdocs\oee-module\system\CodeIgniter.php(412): CodeIgniter\CodeIgniter->runController(Object(App\Controllers\Home))
#5 C:\xampp\htdocs\oee-module\system\CodeIgniter.php(320): CodeIgniter\CodeIgniter->handleRequest(NULL, Object(Config\Cache), false)
#6 C:\xampp\htdocs\oee-module\index.php(37): CodeIgniter\CodeIgniter->run()
#7 {main}
CRITICAL - 2022-05-18 06:01:13 --> Undefined array key 0
#0 C:\xampp\htdocs\oee-module\app\Controllers\Home.php(1661): CodeIgniter\Debug\Exceptions->errorHandler(2, 'Undefined array...', 'C:\\xampp\\htdocs...', 1661)
#1 C:\xampp\htdocs\oee-module\system\CodeIgniter.php(825): App\Controllers\Home->hourData()
#2 C:\xampp\htdocs\oee-module\system\CodeIgniter.php(412): CodeIgniter\CodeIgniter->runController(Object(App\Controllers\Home))
#3 C:\xampp\htdocs\oee-module\system\CodeIgniter.php(320): CodeIgniter\CodeIgniter->handleRequest(NULL, Object(Config\Cache), false)
#4 C:\xampp\htdocs\oee-module\index.php(37): CodeIgniter\CodeIgniter->run()
#5 {main}
CRITICAL - 2022-05-18 06:01:52 --> Undefined array key 0
#0 C:\xampp\htdocs\oee-module\app\Controllers\Home.php(1661): CodeIgniter\Debug\Exceptions->errorHandler(2, 'Undefined array...', 'C:\\xampp\\htdocs...', 1661)
#1 C:\xampp\htdocs\oee-module\system\CodeIgniter.php(825): App\Controllers\Home->hourData()
#2 C:\xampp\htdocs\oee-module\system\CodeIgniter.php(412): CodeIgniter\CodeIgniter->runController(Object(App\Controllers\Home))
#3 C:\xampp\htdocs\oee-module\system\CodeIgniter.php(320): CodeIgniter\CodeIgniter->handleRequest(NULL, Object(Config\Cache), false)
#4 C:\xampp\htdocs\oee-module\index.php(37): CodeIgniter\CodeIgniter->run()
#5 {main}
CRITICAL - 2022-05-18 06:03:22 --> Undefined array key "shift"
#0 C:\xampp\htdocs\oee-module\app\Controllers\Home.php(1612): CodeIgniter\Debug\Exceptions->errorHandler(2, 'Undefined array...', 'C:\\xampp\\htdocs...', 1612)
#1 C:\xampp\htdocs\oee-module\app\Controllers\Home.php(1663): App\Controllers\Home->calcShot(Array)
#2 C:\xampp\htdocs\oee-module\system\CodeIgniter.php(825): App\Controllers\Home->hourData()
#3 C:\xampp\htdocs\oee-module\system\CodeIgniter.php(412): CodeIgniter\CodeIgniter->runController(Object(App\Controllers\Home))
#4 C:\xampp\htdocs\oee-module\system\CodeIgniter.php(320): CodeIgniter\CodeIgniter->handleRequest(NULL, Object(Config\Cache), false)
#5 C:\xampp\htdocs\oee-module\index.php(37): CodeIgniter\CodeIgniter->run()
#6 {main}
CRITICAL - 2022-05-18 06:03:56 --> Undefined array key "shift"
#0 C:\xampp\htdocs\oee-module\app\Controllers\Home.php(1612): CodeIgniter\Debug\Exceptions->errorHandler(2, 'Undefined array...', 'C:\\xampp\\htdocs...', 1612)
#1 C:\xampp\htdocs\oee-module\app\Controllers\Home.php(1663): App\Controllers\Home->calcShot(Array)
#2 C:\xampp\htdocs\oee-module\system\CodeIgniter.php(825): App\Controllers\Home->hourData()
#3 C:\xampp\htdocs\oee-module\system\CodeIgniter.php(412): CodeIgniter\CodeIgniter->runController(Object(App\Controllers\Home))
#4 C:\xampp\htdocs\oee-module\system\CodeIgniter.php(320): CodeIgniter\CodeIgniter->handleRequest(NULL, Object(Config\Cache), false)
#5 C:\xampp\htdocs\oee-module\index.php(37): CodeIgniter\CodeIgniter->run()
#6 {main}
CRITICAL - 2022-05-18 06:05:00 --> Undefined variable $result
#0 C:\xampp\htdocs\oee-module\app\Controllers\Home.php(1636): CodeIgniter\Debug\Exceptions->errorHandler(2, 'Undefined varia...', 'C:\\xampp\\htdocs...', 1636)
#1 C:\xampp\htdocs\oee-module\system\CodeIgniter.php(825): App\Controllers\Home->hourData()
#2 C:\xampp\htdocs\oee-module\system\CodeIgniter.php(412): CodeIgniter\CodeIgniter->runController(Object(App\Controllers\Home))
#3 C:\xampp\htdocs\oee-module\system\CodeIgniter.php(320): CodeIgniter\CodeIgniter->handleRequest(NULL, Object(Config\Cache), false)
#4 C:\xampp\htdocs\oee-module\index.php(37): CodeIgniter\CodeIgniter->run()
#5 {main}
CRITICAL - 2022-05-18 06:05:16 --> Undefined variable $result
#0 C:\xampp\htdocs\oee-module\app\Controllers\Home.php(1636): CodeIgniter\Debug\Exceptions->errorHandler(2, 'Undefined varia...', 'C:\\xampp\\htdocs...', 1636)
#1 C:\xampp\htdocs\oee-module\system\CodeIgniter.php(825): App\Controllers\Home->hourData()
#2 C:\xampp\htdocs\oee-module\system\CodeIgniter.php(412): CodeIgniter\CodeIgniter->runController(Object(App\Controllers\Home))
#3 C:\xampp\htdocs\oee-module\system\CodeIgniter.php(320): CodeIgniter\CodeIgniter->handleRequest(NULL, Object(Config\Cache), false)
#4 C:\xampp\htdocs\oee-module\index.php(37): CodeIgniter\CodeIgniter->run()
#5 {main}
CRITICAL - 2022-05-18 06:05:21 --> Undefined variable $result
#0 C:\xampp\htdocs\oee-module\app\Controllers\Home.php(1636): CodeIgniter\Debug\Exceptions->errorHandler(2, 'Undefined varia...', 'C:\\xampp\\htdocs...', 1636)
#1 C:\xampp\htdocs\oee-module\system\CodeIgniter.php(825): App\Controllers\Home->hourData()
#2 C:\xampp\htdocs\oee-module\system\CodeIgniter.php(412): CodeIgniter\CodeIgniter->runController(Object(App\Controllers\Home))
#3 C:\xampp\htdocs\oee-module\system\CodeIgniter.php(320): CodeIgniter\CodeIgniter->handleRequest(NULL, Object(Config\Cache), false)
#4 C:\xampp\htdocs\oee-module\index.php(37): CodeIgniter\CodeIgniter->run()
#5 {main}
CRITICAL - 2022-05-18 06:05:29 --> Undefined variable $result
#0 C:\xampp\htdocs\oee-module\app\Controllers\Home.php(1636): CodeIgniter\Debug\Exceptions->errorHandler(2, 'Undefined varia...', 'C:\\xampp\\htdocs...', 1636)
#1 C:\xampp\htdocs\oee-module\system\CodeIgniter.php(825): App\Controllers\Home->hourData()
#2 C:\xampp\htdocs\oee-module\system\CodeIgniter.php(412): CodeIgniter\CodeIgniter->runController(Object(App\Controllers\Home))
#3 C:\xampp\htdocs\oee-module\system\CodeIgniter.php(320): CodeIgniter\CodeIgniter->handleRequest(NULL, Object(Config\Cache), false)
#4 C:\xampp\htdocs\oee-module\index.php(37): CodeIgniter\CodeIgniter->run()
#5 {main}
CRITICAL - 2022-05-18 06:05:41 --> Undefined array key "shift"
#0 C:\xampp\htdocs\oee-module\app\Controllers\Home.php(1612): CodeIgniter\Debug\Exceptions->errorHandler(2, 'Undefined array...', 'C:\\xampp\\htdocs...', 1612)
#1 C:\xampp\htdocs\oee-module\app\Controllers\Home.php(1665): App\Controllers\Home->calcShot(Array)
#2 C:\xampp\htdocs\oee-module\system\CodeIgniter.php(825): App\Controllers\Home->hourData()
#3 C:\xampp\htdocs\oee-module\system\CodeIgniter.php(412): CodeIgniter\CodeIgniter->runController(Object(App\Controllers\Home))
#4 C:\xampp\htdocs\oee-module\system\CodeIgniter.php(320): CodeIgniter\CodeIgniter->handleRequest(NULL, Object(Config\Cache), false)
#5 C:\xampp\htdocs\oee-module\index.php(37): CodeIgniter\CodeIgniter->run()
#6 {main}
CRITICAL - 2022-05-18 06:05:49 --> Undefined array key "shift"
#0 C:\xampp\htdocs\oee-module\app\Controllers\Home.php(1612): CodeIgniter\Debug\Exceptions->errorHandler(2, 'Undefined array...', 'C:\\xampp\\htdocs...', 1612)
#1 C:\xampp\htdocs\oee-module\app\Controllers\Home.php(1665): App\Controllers\Home->calcShot(Array)
#2 C:\xampp\htdocs\oee-module\system\CodeIgniter.php(825): App\Controllers\Home->hourData()
#3 C:\xampp\htdocs\oee-module\system\CodeIgniter.php(412): CodeIgniter\CodeIgniter->runController(Object(App\Controllers\Home))
#4 C:\xampp\htdocs\oee-module\system\CodeIgniter.php(320): CodeIgniter\CodeIgniter->handleRequest(NULL, Object(Config\Cache), false)
#5 C:\xampp\htdocs\oee-module\index.php(37): CodeIgniter\CodeIgniter->run()
#6 {main}
CRITICAL - 2022-05-18 06:05:58 --> Undefined array key "shift"
#0 C:\xampp\htdocs\oee-module\app\Controllers\Home.php(1612): CodeIgniter\Debug\Exceptions->errorHandler(2, 'Undefined array...', 'C:\\xampp\\htdocs...', 1612)
#1 C:\xampp\htdocs\oee-module\app\Controllers\Home.php(1665): App\Controllers\Home->calcShot(Array)
#2 C:\xampp\htdocs\oee-module\system\CodeIgniter.php(825): App\Controllers\Home->hourData()
#3 C:\xampp\htdocs\oee-module\system\CodeIgniter.php(412): CodeIgniter\CodeIgniter->runController(Object(App\Controllers\Home))
#4 C:\xampp\htdocs\oee-module\system\CodeIgniter.php(320): CodeIgniter\CodeIgniter->handleRequest(NULL, Object(Config\Cache), false)
#5 C:\xampp\htdocs\oee-module\index.php(37): CodeIgniter\CodeIgniter->run()
#6 {main}
CRITICAL - 2022-05-18 06:08:39 --> Trying to access array offset on value of type null
#0 C:\xampp\htdocs\oee-module\app\Controllers\Home.php(1668): CodeIgniter\Debug\Exceptions->errorHandler(2, 'Trying to acces...', 'C:\\xampp\\htdocs...', 1668)
#1 C:\xampp\htdocs\oee-module\system\CodeIgniter.php(825): App\Controllers\Home->hourData()
#2 C:\xampp\htdocs\oee-module\system\CodeIgniter.php(412): CodeIgniter\CodeIgniter->runController(Object(App\Controllers\Home))
#3 C:\xampp\htdocs\oee-module\system\CodeIgniter.php(320): CodeIgniter\CodeIgniter->handleRequest(NULL, Object(Config\Cache), false)
#4 C:\xampp\htdocs\oee-module\index.php(37): CodeIgniter\CodeIgniter->run()
#5 {main}
CRITICAL - 2022-05-18 06:09:09 --> Array to string conversion
#0 C:\xampp\htdocs\oee-module\app\Controllers\Home.php(1598): CodeIgniter\Debug\Exceptions->errorHandler(2, 'Array to string...', 'C:\\xampp\\htdocs...', 1598)
#1 C:\xampp\htdocs\oee-module\app\Controllers\Home.php(1641): App\Controllers\Home->findShift('18:19:03:92')
#2 C:\xampp\htdocs\oee-module\system\CodeIgniter.php(825): App\Controllers\Home->hourData()
#3 C:\xampp\htdocs\oee-module\system\CodeIgniter.php(412): CodeIgniter\CodeIgniter->runController(Object(App\Controllers\Home))
#4 C:\xampp\htdocs\oee-module\system\CodeIgniter.php(320): CodeIgniter\CodeIgniter->handleRequest(NULL, Object(Config\Cache), false)
#5 C:\xampp\htdocs\oee-module\index.php(37): CodeIgniter\CodeIgniter->run()
#6 {main}
CRITICAL - 2022-05-18 06:09:50 --> Undefined constant "App\Controllers\condition"
#0 C:\xampp\htdocs\oee-module\app\Controllers\Home.php(1645): App\Controllers\Home->findShift('18:19:03:92')
#1 C:\xampp\htdocs\oee-module\system\CodeIgniter.php(825): App\Controllers\Home->hourData()
#2 C:\xampp\htdocs\oee-module\system\CodeIgniter.php(412): CodeIgniter\CodeIgniter->runController(Object(App\Controllers\Home))
#3 C:\xampp\htdocs\oee-module\system\CodeIgniter.php(320): CodeIgniter\CodeIgniter->handleRequest(NULL, Object(Config\Cache), false)
#4 C:\xampp\htdocs\oee-module\index.php(37): CodeIgniter\CodeIgniter->run()
#5 {main}
CRITICAL - 2022-05-18 06:09:57 --> Trying to access array offset on value of type null
#0 C:\xampp\htdocs\oee-module\app\Controllers\Home.php(1669): CodeIgniter\Debug\Exceptions->errorHandler(2, 'Trying to acces...', 'C:\\xampp\\htdocs...', 1669)
#1 C:\xampp\htdocs\oee-module\system\CodeIgniter.php(825): App\Controllers\Home->hourData()
#2 C:\xampp\htdocs\oee-module\system\CodeIgniter.php(412): CodeIgniter\CodeIgniter->runController(Object(App\Controllers\Home))
#3 C:\xampp\htdocs\oee-module\system\CodeIgniter.php(320): CodeIgniter\CodeIgniter->handleRequest(NULL, Object(Config\Cache), false)
#4 C:\xampp\htdocs\oee-module\index.php(37): CodeIgniter\CodeIgniter->run()
#5 {main}
CRITICAL - 2022-05-18 06:12:13 --> Trying to access array offset on value of type null
#0 C:\xampp\htdocs\oee-module\app\Controllers\Home.php(1673): CodeIgniter\Debug\Exceptions->errorHandler(2, 'Trying to acces...', 'C:\\xampp\\htdocs...', 1673)
#1 C:\xampp\htdocs\oee-module\system\CodeIgniter.php(825): App\Controllers\Home->hourData()
#2 C:\xampp\htdocs\oee-module\system\CodeIgniter.php(412): CodeIgniter\CodeIgniter->runController(Object(App\Controllers\Home))
#3 C:\xampp\htdocs\oee-module\system\CodeIgniter.php(320): CodeIgniter\CodeIgniter->handleRequest(NULL, Object(Config\Cache), false)
#4 C:\xampp\htdocs\oee-module\index.php(37): CodeIgniter\CodeIgniter->run()
#5 {main}
CRITICAL - 2022-05-18 06:17:46 --> Trying to access array offset on value of type null
#0 C:\xampp\htdocs\oee-module\app\Controllers\Home.php(1675): CodeIgniter\Debug\Exceptions->errorHandler(2, 'Trying to acces...', 'C:\\xampp\\htdocs...', 1675)
#1 C:\xampp\htdocs\oee-module\system\CodeIgniter.php(825): App\Controllers\Home->hourData()
#2 C:\xampp\htdocs\oee-module\system\CodeIgniter.php(412): CodeIgniter\CodeIgniter->runController(Object(App\Controllers\Home))
#3 C:\xampp\htdocs\oee-module\system\CodeIgniter.php(320): CodeIgniter\CodeIgniter->handleRequest(NULL, Object(Config\Cache), false)
#4 C:\xampp\htdocs\oee-module\index.php(37): CodeIgniter\CodeIgniter->run()
#5 {main}
CRITICAL - 2022-05-18 06:25:21 --> Trying to access array offset on value of type null
#0 C:\xampp\htdocs\oee-module\app\Controllers\Home.php(1675): CodeIgniter\Debug\Exceptions->errorHandler(2, 'Trying to acces...', 'C:\\xampp\\htdocs...', 1675)
#1 C:\xampp\htdocs\oee-module\system\CodeIgniter.php(825): App\Controllers\Home->hourData()
#2 C:\xampp\htdocs\oee-module\system\CodeIgniter.php(412): CodeIgniter\CodeIgniter->runController(Object(App\Controllers\Home))
#3 C:\xampp\htdocs\oee-module\system\CodeIgniter.php(320): CodeIgniter\CodeIgniter->handleRequest(NULL, Object(Config\Cache), false)
#4 C:\xampp\htdocs\oee-module\index.php(37): CodeIgniter\CodeIgniter->run()
#5 {main}
CRITICAL - 2022-05-18 06:30:38 --> Trying to access array offset on value of type null
#0 C:\xampp\htdocs\oee-module\app\Controllers\Home.php(1675): CodeIgniter\Debug\Exceptions->errorHandler(2, 'Trying to acces...', 'C:\\xampp\\htdocs...', 1675)
#1 C:\xampp\htdocs\oee-module\system\CodeIgniter.php(825): App\Controllers\Home->hourData()
#2 C:\xampp\htdocs\oee-module\system\CodeIgniter.php(412): CodeIgniter\CodeIgniter->runController(Object(App\Controllers\Home))
#3 C:\xampp\htdocs\oee-module\system\CodeIgniter.php(320): CodeIgniter\CodeIgniter->handleRequest(NULL, Object(Config\Cache), false)
#4 C:\xampp\htdocs\oee-module\index.php(37): CodeIgniter\CodeIgniter->run()
#5 {main}
CRITICAL - 2022-05-18 06:32:04 --> Trying to access array offset on value of type null
#0 C:\xampp\htdocs\oee-module\app\Controllers\Home.php(1678): CodeIgniter\Debug\Exceptions->errorHandler(2, 'Trying to acces...', 'C:\\xampp\\htdocs...', 1678)
#1 C:\xampp\htdocs\oee-module\system\CodeIgniter.php(825): App\Controllers\Home->hourData()
#2 C:\xampp\htdocs\oee-module\system\CodeIgniter.php(412): CodeIgniter\CodeIgniter->runController(Object(App\Controllers\Home))
#3 C:\xampp\htdocs\oee-module\system\CodeIgniter.php(320): CodeIgniter\CodeIgniter->handleRequest(NULL, Object(Config\Cache), false)
#4 C:\xampp\htdocs\oee-module\index.php(37): CodeIgniter\CodeIgniter->run()
#5 {main}
CRITICAL - 2022-05-18 06:33:23 --> Undefined constant "App\Controllers\string"
#0 C:\xampp\htdocs\oee-module\app\Controllers\Home.php(1653): App\Controllers\Home->findShift('18:19:03:92')
#1 C:\xampp\htdocs\oee-module\system\CodeIgniter.php(825): App\Controllers\Home->hourData()
#2 C:\xampp\htdocs\oee-module\system\CodeIgniter.php(412): CodeIgniter\CodeIgniter->runController(Object(App\Controllers\Home))
#3 C:\xampp\htdocs\oee-module\system\CodeIgniter.php(320): CodeIgniter\CodeIgniter->handleRequest(NULL, Object(Config\Cache), false)
#4 C:\xampp\htdocs\oee-module\index.php(37): CodeIgniter\CodeIgniter->run()
#5 {main}
CRITICAL - 2022-05-18 06:35:12 --> syntax error, unexpected token "echo"
#0 C:\xampp\htdocs\oee-module\system\Router\Router.php(175): CodeIgniter\Router\Router->autoRoute('/Home/hourData')
#1 C:\xampp\htdocs\oee-module\system\CodeIgniter.php(719): CodeIgniter\Router\Router->handle('/Home/hourData')
#2 C:\xampp\htdocs\oee-module\system\CodeIgniter.php(361): CodeIgniter\CodeIgniter->tryToRouteIt(Object(CodeIgniter\Router\RouteCollection))
#3 C:\xampp\htdocs\oee-module\system\CodeIgniter.php(320): CodeIgniter\CodeIgniter->handleRequest(NULL, Object(Config\Cache), false)
#4 C:\xampp\htdocs\oee-module\index.php(37): CodeIgniter\CodeIgniter->run()
#5 {main}
CRITICAL - 2022-05-18 06:35:29 --> Undefined constant "App\Controllers\string"
#0 C:\xampp\htdocs\oee-module\app\Controllers\Home.php(1659): App\Controllers\Home->findShift('18:19:03:92')
#1 C:\xampp\htdocs\oee-module\system\CodeIgniter.php(825): App\Controllers\Home->hourData()
#2 C:\xampp\htdocs\oee-module\system\CodeIgniter.php(412): CodeIgniter\CodeIgniter->runController(Object(App\Controllers\Home))
#3 C:\xampp\htdocs\oee-module\system\CodeIgniter.php(320): CodeIgniter\CodeIgniter->handleRequest(NULL, Object(Config\Cache), false)
#4 C:\xampp\htdocs\oee-module\index.php(37): CodeIgniter\CodeIgniter->run()
#5 {main}
CRITICAL - 2022-05-18 06:37:52 --> Undefined constant "App\Controllers\string"
#0 C:\xampp\htdocs\oee-module\app\Controllers\Home.php(1654): App\Controllers\Home->findShift('18:19:03:92')
#1 C:\xampp\htdocs\oee-module\system\CodeIgniter.php(825): App\Controllers\Home->hourData()
#2 C:\xampp\htdocs\oee-module\system\CodeIgniter.php(412): CodeIgniter\CodeIgniter->runController(Object(App\Controllers\Home))
#3 C:\xampp\htdocs\oee-module\system\CodeIgniter.php(320): CodeIgniter\CodeIgniter->handleRequest(NULL, Object(Config\Cache), false)
#4 C:\xampp\htdocs\oee-module\index.php(37): CodeIgniter\CodeIgniter->run()
#5 {main}
CRITICAL - 2022-05-18 06:38:11 --> Trying to access array offset on value of type null
#0 C:\xampp\htdocs\oee-module\app\Controllers\Home.php(1682): CodeIgniter\Debug\Exceptions->errorHandler(2, 'Trying to acces...', 'C:\\xampp\\htdocs...', 1682)
#1 C:\xampp\htdocs\oee-module\system\CodeIgniter.php(825): App\Controllers\Home->hourData()
#2 C:\xampp\htdocs\oee-module\system\CodeIgniter.php(412): CodeIgniter\CodeIgniter->runController(Object(App\Controllers\Home))
#3 C:\xampp\htdocs\oee-module\system\CodeIgniter.php(320): CodeIgniter\CodeIgniter->handleRequest(NULL, Object(Config\Cache), false)
#4 C:\xampp\htdocs\oee-module\index.php(37): CodeIgniter\CodeIgniter->run()
#5 {main}
CRITICAL - 2022-05-18 08:03:04 --> Undefined array key "start_time"
#0 C:\xampp\htdocs\oee-module\app\Controllers\Home.php(3857): CodeIgniter\Debug\Exceptions->errorHandler(2, 'Undefined array...', 'C:\\xampp\\htdocs...', 3857)
#1 C:\xampp\htdocs\oee-module\system\CodeIgniter.php(825): App\Controllers\Home->convertMachineData()
#2 C:\xampp\htdocs\oee-module\system\CodeIgniter.php(412): CodeIgniter\CodeIgniter->runController(Object(App\Controllers\Home))
#3 C:\xampp\htdocs\oee-module\system\CodeIgniter.php(320): CodeIgniter\CodeIgniter->handleRequest(NULL, Object(Config\Cache), false)
#4 C:\xampp\htdocs\oee-module\index.php(37): CodeIgniter\CodeIgniter->run()
#5 {main}
CRITICAL - 2022-05-18 08:03:40 --> Undefined variable $tmpvar
#0 C:\xampp\htdocs\oee-module\app\Controllers\Home.php(3859): CodeIgniter\Debug\Exceptions->errorHandler(2, 'Undefined varia...', 'C:\\xampp\\htdocs...', 3859)
#1 C:\xampp\htdocs\oee-module\system\CodeIgniter.php(825): App\Controllers\Home->convertMachineData()
#2 C:\xampp\htdocs\oee-module\system\CodeIgniter.php(412): CodeIgniter\CodeIgniter->runController(Object(App\Controllers\Home))
#3 C:\xampp\htdocs\oee-module\system\CodeIgniter.php(320): CodeIgniter\CodeIgniter->handleRequest(NULL, Object(Config\Cache), false)
#4 C:\xampp\htdocs\oee-module\index.php(37): CodeIgniter\CodeIgniter->run()
#5 {main}
ERROR - 2022-05-18 08:51:18 --> Column 'machine_event_id' in order clause is ambiguous
CRITICAL - 2022-05-18 08:51:18 --> Call to a member function getResultArray() on bool
#0 C:\xampp\htdocs\oee-module\app\Controllers\Home.php(3960): App\Models\MainModel->getDownGraph1(3, '2022-05-06', 'B')
#1 C:\xampp\htdocs\oee-module\system\CodeIgniter.php(825): App\Controllers\Home->getDownGraph()
#2 C:\xampp\htdocs\oee-module\system\CodeIgniter.php(412): CodeIgniter\CodeIgniter->runController(Object(App\Controllers\Home))
#3 C:\xampp\htdocs\oee-module\system\CodeIgniter.php(320): CodeIgniter\CodeIgniter->handleRequest(NULL, Object(Config\Cache), false)
#4 C:\xampp\htdocs\oee-module\index.php(37): CodeIgniter\CodeIgniter->run()
#5 {main}
CRITICAL - 2022-05-18 09:32:06 --> Undefined array key "quality_reason"
#0 C:\xampp\htdocs\oee-module\app\Models\MainModel.php(1104): CodeIgniter\Debug\Exceptions->errorHandler(2, 'Undefined array...', 'C:\\xampp\\htdocs...', 1104)
#1 C:\xampp\htdocs\oee-module\app\Controllers\Home.php(888): App\Models\MainModel->UpdateQuality(Array, Array)
#2 C:\xampp\htdocs\oee-module\system\CodeIgniter.php(825): App\Controllers\Home->UpdateQuality('Settings_Goals_...')
#3 C:\xampp\htdocs\oee-module\system\CodeIgniter.php(412): CodeIgniter\CodeIgniter->runController(Object(App\Controllers\Home))
#4 C:\xampp\htdocs\oee-module\system\CodeIgniter.php(320): CodeIgniter\CodeIgniter->handleRequest(NULL, Object(Config\Cache), false)
#5 C:\xampp\htdocs\oee-module\index.php(37): CodeIgniter\CodeIgniter->run()
#6 {main}
CRITICAL - 2022-05-18 09:46:34 --> Undefined array key "access"
#0 C:\xampp\htdocs\oee-module\app\Views\Settings_Users.php(47): CodeIgniter\Debug\Exceptions->errorHandler(2, 'Undefined array...', 'C:\\xampp\\htdocs...', 47)
#1 C:\xampp\htdocs\oee-module\system\View\View.php(210): include('C:\\xampp\\htdocs...')
#2 C:\xampp\htdocs\oee-module\system\View\View.php(213): CodeIgniter\View\View->CodeIgniter\View\{closure}()
#3 C:\xampp\htdocs\oee-module\system\Common.php(1089): CodeIgniter\View\View->render('Settings_Users', Array, true)
#4 C:\xampp\htdocs\oee-module\app\Views\Grafana_Home.php(223): view('Settings_Users', Array)
#5 C:\xampp\htdocs\oee-module\system\View\View.php(210): include('C:\\xampp\\htdocs...')
#6 C:\xampp\htdocs\oee-module\system\View\View.php(213): CodeIgniter\View\View->CodeIgniter\View\{closure}()
#7 C:\xampp\htdocs\oee-module\system\Common.php(1089): CodeIgniter\View\View->render('Grafana_Home', Array, true)
#8 C:\xampp\htdocs\oee-module\app\Controllers\Home.php(36): view('Grafana_Home', Array)
#9 C:\xampp\htdocs\oee-module\system\CodeIgniter.php(825): App\Controllers\Home->dashboard('Settings_Users')
#10 C:\xampp\htdocs\oee-module\system\CodeIgniter.php(412): CodeIgniter\CodeIgniter->runController(Object(App\Controllers\Home))
#11 C:\xampp\htdocs\oee-module\system\CodeIgniter.php(320): CodeIgniter\CodeIgniter->handleRequest(NULL, Object(Config\Cache), false)
#12 C:\xampp\htdocs\oee-module\index.php(37): CodeIgniter\CodeIgniter->run()
#13 {main}
CRITICAL - 2022-05-18 10:09:33 --> syntax error, unexpected token "public", expecting end of file
#0 C:\xampp\htdocs\oee-module\system\Autoloader\Autoloader.php(241): CodeIgniter\Autoloader\Autoloader->includeFile('C:\\xampp\\htdocs...')
#1 C:\xampp\htdocs\oee-module\system\Autoloader\Autoloader.php(219): CodeIgniter\Autoloader\Autoloader->loadInNamespace('App\\Models\\Main...')
#2 C:\xampp\htdocs\oee-module\app\Controllers\Home.php(14): CodeIgniter\Autoloader\Autoloader->loadClass('App\\Models\\Main...')
#3 C:\xampp\htdocs\oee-module\system\CodeIgniter.php(802): App\Controllers\Home->__construct()
#4 C:\xampp\htdocs\oee-module\system\CodeIgniter.php(403): CodeIgniter\CodeIgniter->createController()
#5 C:\xampp\htdocs\oee-module\system\CodeIgniter.php(320): CodeIgniter\CodeIgniter->handleRequest(NULL, Object(Config\Cache), false)
#6 C:\xampp\htdocs\oee-module\index.php(37): CodeIgniter\CodeIgniter->run()
#7 {main}
CRITICAL - 2022-05-18 10:11:57 --> Undefined variable $db
#0 C:\xampp\htdocs\oee-module\app\Models\MainModel.php(207): CodeIgniter\Debug\Exceptions->errorHandler(2, 'Undefined varia...', 'C:\\xampp\\htdocs...', 207)
#1 C:\xampp\htdocs\oee-module\app\Controllers\Home.php(942): App\Models\MainModel->updateShift(Array)
#2 C:\xampp\htdocs\oee-module\system\CodeIgniter.php(825): App\Controllers\Home->updateShift()
#3 C:\xampp\htdocs\oee-module\system\CodeIgniter.php(412): CodeIgniter\CodeIgniter->runController(Object(App\Controllers\Home))
#4 C:\xampp\htdocs\oee-module\system\CodeIgniter.php(320): CodeIgniter\CodeIgniter->handleRequest(NULL, Object(Config\Cache), false)
#5 C:\xampp\htdocs\oee-module\index.php(37): CodeIgniter\CodeIgniter->run()
#6 {main}
CRITICAL - 2022-05-18 10:12:32 --> Undefined variable $update
#0 C:\xampp\htdocs\oee-module\app\Controllers\Home.php(942): CodeIgniter\Debug\Exceptions->errorHandler(2, 'Undefined varia...', 'C:\\xampp\\htdocs...', 942)
#1 C:\xampp\htdocs\oee-module\system\CodeIgniter.php(825): App\Controllers\Home->updateShift()
#2 C:\xampp\htdocs\oee-module\system\CodeIgniter.php(412): CodeIgniter\CodeIgniter->runController(Object(App\Controllers\Home))
#3 C:\xampp\htdocs\oee-module\system\CodeIgniter.php(320): CodeIgniter\CodeIgniter->handleRequest(NULL, Object(Config\Cache), false)
#4 C:\xampp\htdocs\oee-module\index.php(37): CodeIgniter\CodeIgniter->run()
#5 {main}
CRITICAL - 2022-05-18 10:13:02 --> Undefined variable $db
#0 C:\xampp\htdocs\oee-module\app\Models\MainModel.php(207): CodeIgniter\Debug\Exceptions->errorHandler(2, 'Undefined varia...', 'C:\\xampp\\htdocs...', 207)
#1 C:\xampp\htdocs\oee-module\app\Controllers\Home.php(942): App\Models\MainModel->updateShift()
#2 C:\xampp\htdocs\oee-module\system\CodeIgniter.php(825): App\Controllers\Home->updateShift()
#3 C:\xampp\htdocs\oee-module\system\CodeIgniter.php(412): CodeIgniter\CodeIgniter->runController(Object(App\Controllers\Home))
#4 C:\xampp\htdocs\oee-module\system\CodeIgniter.php(320): CodeIgniter\CodeIgniter->handleRequest(NULL, Object(Config\Cache), false)
#5 C:\xampp\htdocs\oee-module\index.php(37): CodeIgniter\CodeIgniter->run()
#6 {main}
CRITICAL - 2022-05-18 10:18:47 --> Undefined variable $db
#0 C:\xampp\htdocs\oee-module\app\Models\MainModel.php(207): CodeIgniter\Debug\Exceptions->errorHandler(2, 'Undefined varia...', 'C:\\xampp\\htdocs...', 207)
#1 C:\xampp\htdocs\oee-module\app\Controllers\Home.php(942): App\Models\MainModel->updateShift()
#2 C:\xampp\htdocs\oee-module\system\CodeIgniter.php(825): App\Controllers\Home->updateShift()
#3 C:\xampp\htdocs\oee-module\system\CodeIgniter.php(412): CodeIgniter\CodeIgniter->runController(Object(App\Controllers\Home))
#4 C:\xampp\htdocs\oee-module\system\CodeIgniter.php(320): CodeIgniter\CodeIgniter->handleRequest(NULL, Object(Config\Cache), false)
#5 C:\xampp\htdocs\oee-module\index.php(37): CodeIgniter\CodeIgniter->run()
#6 {main}
CRITICAL - 2022-05-18 10:18:50 --> Undefined variable $db
#0 C:\xampp\htdocs\oee-module\app\Models\MainModel.php(207): CodeIgniter\Debug\Exceptions->errorHandler(2, 'Undefined varia...', 'C:\\xampp\\htdocs...', 207)
#1 C:\xampp\htdocs\oee-module\app\Controllers\Home.php(942): App\Models\MainModel->updateShift()
#2 C:\xampp\htdocs\oee-module\system\CodeIgniter.php(825): App\Controllers\Home->updateShift()
#3 C:\xampp\htdocs\oee-module\system\CodeIgniter.php(412): CodeIgniter\CodeIgniter->runController(Object(App\Controllers\Home))
#4 C:\xampp\htdocs\oee-module\system\CodeIgniter.php(320): CodeIgniter\CodeIgniter->handleRequest(NULL, Object(Config\Cache), false)
#5 C:\xampp\htdocs\oee-module\index.php(37): CodeIgniter\CodeIgniter->run()
#6 {main}
CRITICAL - 2022-05-18 10:19:01 --> Class "App\Models\mysqli" not found
#0 C:\xampp\htdocs\oee-module\app\Controllers\Home.php(942): App\Models\MainModel->updateShift()
#1 C:\xampp\htdocs\oee-module\system\CodeIgniter.php(825): App\Controllers\Home->updateShift()
#2 C:\xampp\htdocs\oee-module\system\CodeIgniter.php(412): CodeIgniter\CodeIgniter->runController(Object(App\Controllers\Home))
#3 C:\xampp\htdocs\oee-module\system\CodeIgniter.php(320): CodeIgniter\CodeIgniter->handleRequest(NULL, Object(Config\Cache), false)
#4 C:\xampp\htdocs\oee-module\index.php(37): CodeIgniter\CodeIgniter->run()
#5 {main}
CRITICAL - 2022-05-18 10:19:24 --> Class "App\Models\mysql" not found
#0 C:\xampp\htdocs\oee-module\app\Controllers\Home.php(942): App\Models\MainModel->updateShift()
#1 C:\xampp\htdocs\oee-module\system\CodeIgniter.php(825): App\Controllers\Home->updateShift()
#2 C:\xampp\htdocs\oee-module\system\CodeIgniter.php(412): CodeIgniter\CodeIgniter->runController(Object(App\Controllers\Home))
#3 C:\xampp\htdocs\oee-module\system\CodeIgniter.php(320): CodeIgniter\CodeIgniter->handleRequest(NULL, Object(Config\Cache), false)
#4 C:\xampp\htdocs\oee-module\index.php(37): CodeIgniter\CodeIgniter->run()
#5 {main}
CRITICAL - 2022-05-18 10:22:52 --> Undefined variable $db
#0 C:\xampp\htdocs\oee-module\app\Models\MainModel.php(207): CodeIgniter\Debug\Exceptions->errorHandler(2, 'Undefined varia...', 'C:\\xampp\\htdocs...', 207)
#1 C:\xampp\htdocs\oee-module\app\Controllers\Home.php(942): App\Models\MainModel->updateShift()
#2 C:\xampp\htdocs\oee-module\system\CodeIgniter.php(825): App\Controllers\Home->updateShift()
#3 C:\xampp\htdocs\oee-module\system\CodeIgniter.php(412): CodeIgniter\CodeIgniter->runController(Object(App\Controllers\Home))
#4 C:\xampp\htdocs\oee-module\system\CodeIgniter.php(320): CodeIgniter\CodeIgniter->handleRequest(NULL, Object(Config\Cache), false)
#5 C:\xampp\htdocs\oee-module\index.php(37): CodeIgniter\CodeIgniter->run()
#6 {main}
CRITICAL - 2022-05-18 13:19:06 --> Undefined array key "quality_reason"
#0 C:\xampp\htdocs\oee-module\app\Models\MainModel.php(1113): CodeIgniter\Debug\Exceptions->errorHandler(2, 'Undefined array...', 'C:\\xampp\\htdocs...', 1113)
#1 C:\xampp\htdocs\oee-module\app\Controllers\Home.php(888): App\Models\MainModel->UpdateQuality(Array, Array)
#2 C:\xampp\htdocs\oee-module\system\CodeIgniter.php(825): App\Controllers\Home->UpdateQuality('Settings_Goals_...')
#3 C:\xampp\htdocs\oee-module\system\CodeIgniter.php(412): CodeIgniter\CodeIgniter->runController(Object(App\Controllers\Home))
#4 C:\xampp\htdocs\oee-module\system\CodeIgniter.php(320): CodeIgniter\CodeIgniter->handleRequest(NULL, Object(Config\Cache), false)
#5 C:\xampp\htdocs\oee-module\index.php(37): CodeIgniter\CodeIgniter->run()
#6 {main}
CRITICAL - 2022-05-18 13:24:09 --> Undefined array key "quality_reason"
#0 C:\xampp\htdocs\oee-module\app\Models\MainModel.php(1113): CodeIgniter\Debug\Exceptions->errorHandler(2, 'Undefined array...', 'C:\\xampp\\htdocs...', 1113)
#1 C:\xampp\htdocs\oee-module\app\Controllers\Home.php(883): App\Models\MainModel->UpdateQuality(Array, Array)
#2 C:\xampp\htdocs\oee-module\system\CodeIgniter.php(825): App\Controllers\Home->UpdateQuality('Settings_Goals_...')
#3 C:\xampp\htdocs\oee-module\system\CodeIgniter.php(412): CodeIgniter\CodeIgniter->runController(Object(App\Controllers\Home))
#4 C:\xampp\htdocs\oee-module\system\CodeIgniter.php(320): CodeIgniter\CodeIgniter->handleRequest(NULL, Object(Config\Cache), false)
#5 C:\xampp\htdocs\oee-module\index.php(37): CodeIgniter\CodeIgniter->run()
#6 {main}
CRITICAL - 2022-05-18 13:24:36 --> Undefined array key "quality_reason"
#0 C:\xampp\htdocs\oee-module\app\Models\MainModel.php(1113): CodeIgniter\Debug\Exceptions->errorHandler(2, 'Undefined array...', 'C:\\xampp\\htdocs...', 1113)
#1 C:\xampp\htdocs\oee-module\app\Controllers\Home.php(883): App\Models\MainModel->UpdateQuality(Array, Array)
#2 C:\xampp\htdocs\oee-module\system\CodeIgniter.php(825): App\Controllers\Home->UpdateQuality('Settings_Goals_...')
#3 C:\xampp\htdocs\oee-module\system\CodeIgniter.php(412): CodeIgniter\CodeIgniter->runController(Object(App\Controllers\Home))
#4 C:\xampp\htdocs\oee-module\system\CodeIgniter.php(320): CodeIgniter\CodeIgniter->handleRequest(NULL, Object(Config\Cache), false)
#5 C:\xampp\htdocs\oee-module\index.php(37): CodeIgniter\CodeIgniter->run()
#6 {main}
CRITICAL - 2022-05-18 14:00:21 --> Cannot use object of type stdClass as array
#0 C:\xampp\htdocs\oee-module\system\CodeIgniter.php(825): App\Controllers\Home->editToolData()
#1 C:\xampp\htdocs\oee-module\system\CodeIgniter.php(412): CodeIgniter\CodeIgniter->runController(Object(App\Controllers\Home))
#2 C:\xampp\htdocs\oee-module\system\CodeIgniter.php(320): CodeIgniter\CodeIgniter->handleRequest(NULL, Object(Config\Cache), false)
#3 C:\xampp\htdocs\oee-module\index.php(37): CodeIgniter\CodeIgniter->run()
#4 {main}
CRITICAL - 2022-05-18 14:08:52 --> Cannot use object of type stdClass as array
#0 C:\xampp\htdocs\oee-module\system\CodeIgniter.php(825): App\Controllers\Home->editToolData()
#1 C:\xampp\htdocs\oee-module\system\CodeIgniter.php(412): CodeIgniter\CodeIgniter->runController(Object(App\Controllers\Home))
#2 C:\xampp\htdocs\oee-module\system\CodeIgniter.php(320): CodeIgniter\CodeIgniter->handleRequest(NULL, Object(Config\Cache), false)
#3 C:\xampp\htdocs\oee-module\index.php(37): CodeIgniter\CodeIgniter->run()
#4 {main}
CRITICAL - 2022-05-18 14:18:05 --> Cannot use object of type stdClass as array
#0 C:\xampp\htdocs\oee-module\system\CodeIgniter.php(825): App\Controllers\Home->editToolData()
#1 C:\xampp\htdocs\oee-module\system\CodeIgniter.php(412): CodeIgniter\CodeIgniter->runController(Object(App\Controllers\Home))
#2 C:\xampp\htdocs\oee-module\system\CodeIgniter.php(320): CodeIgniter\CodeIgniter->handleRequest(NULL, Object(Config\Cache), false)
#3 C:\xampp\htdocs\oee-module\index.php(37): CodeIgniter\CodeIgniter->run()
#4 {main}
CRITICAL - 2022-05-18 14:19:01 --> Cannot use object of type stdClass as array
#0 C:\xampp\htdocs\oee-module\system\CodeIgniter.php(825): App\Controllers\Home->editToolData()
#1 C:\xampp\htdocs\oee-module\system\CodeIgniter.php(412): CodeIgniter\CodeIgniter->runController(Object(App\Controllers\Home))
#2 C:\xampp\htdocs\oee-module\system\CodeIgniter.php(320): CodeIgniter\CodeIgniter->handleRequest(NULL, Object(Config\Cache), false)
#3 C:\xampp\htdocs\oee-module\index.php(37): CodeIgniter\CodeIgniter->run()
#4 {main}
CRITICAL - 2022-05-18 14:19:26 --> Cannot use object of type stdClass as array
#0 C:\xampp\htdocs\oee-module\system\CodeIgniter.php(825): App\Controllers\Home->editToolData()
#1 C:\xampp\htdocs\oee-module\system\CodeIgniter.php(412): CodeIgniter\CodeIgniter->runController(Object(App\Controllers\Home))
#2 C:\xampp\htdocs\oee-module\system\CodeIgniter.php(320): CodeIgniter\CodeIgniter->handleRequest(NULL, Object(Config\Cache), false)
#3 C:\xampp\htdocs\oee-module\index.php(37): CodeIgniter\CodeIgniter->run()
#4 {main}
CRITICAL - 2022-05-18 14:21:21 --> Cannot use object of type stdClass as array
#0 C:\xampp\htdocs\oee-module\system\CodeIgniter.php(825): App\Controllers\Home->editToolData()
#1 C:\xampp\htdocs\oee-module\system\CodeIgniter.php(412): CodeIgniter\CodeIgniter->runController(Object(App\Controllers\Home))
#2 C:\xampp\htdocs\oee-module\system\CodeIgniter.php(320): CodeIgniter\CodeIgniter->handleRequest(NULL, Object(Config\Cache), false)
#3 C:\xampp\htdocs\oee-module\index.php(37): CodeIgniter\CodeIgniter->run()
#4 {main}
CRITICAL - 2022-05-18 14:22:33 --> Cannot use object of type stdClass as array
#0 C:\xampp\htdocs\oee-module\system\CodeIgniter.php(825): App\Controllers\Home->editToolData()
#1 C:\xampp\htdocs\oee-module\system\CodeIgniter.php(412): CodeIgniter\CodeIgniter->runController(Object(App\Controllers\Home))
#2 C:\xampp\htdocs\oee-module\system\CodeIgniter.php(320): CodeIgniter\CodeIgniter->handleRequest(NULL, Object(Config\Cache), false)
#3 C:\xampp\htdocs\oee-module\index.php(37): CodeIgniter\CodeIgniter->run()
#4 {main}
CRITICAL - 2022-05-18 14:23:02 --> Cannot use object of type stdClass as array
#0 C:\xampp\htdocs\oee-module\system\CodeIgniter.php(825): App\Controllers\Home->editToolData()
#1 C:\xampp\htdocs\oee-module\system\CodeIgniter.php(412): CodeIgniter\CodeIgniter->runController(Object(App\Controllers\Home))
#2 C:\xampp\htdocs\oee-module\system\CodeIgniter.php(320): CodeIgniter\CodeIgniter->handleRequest(NULL, Object(Config\Cache), false)
#3 C:\xampp\htdocs\oee-module\index.php(37): CodeIgniter\CodeIgniter->run()
#4 {main}
CRITICAL - 2022-05-18 22:50:40 --> Cannot use object of type stdClass as array
#0 C:\xampp\htdocs\oee-module\system\CodeIgniter.php(825): App\Controllers\Home->editToolData()
#1 C:\xampp\htdocs\oee-module\system\CodeIgniter.php(412): CodeIgniter\CodeIgniter->runController(Object(App\Controllers\Home))
#2 C:\xampp\htdocs\oee-module\system\CodeIgniter.php(320): CodeIgniter\CodeIgniter->handleRequest(NULL, Object(Config\Cache), false)
#3 C:\xampp\htdocs\oee-module\index.php(37): CodeIgniter\CodeIgniter->run()
#4 {main}
