ERROR - 2022-06-16 04:39:28 --> Duplicate entry 'sf04' for key 'PRIMARY'
ERROR - 2022-06-16 04:39:49 --> Duplicate entry 'sf04' for key 'PRIMARY'
ERROR - 2022-06-16 04:41:07 --> Duplicate entry 'sf01' for key 'PRIMARY'
ERROR - 2022-06-16 04:42:12 --> Duplicate entry 'sf01' for key 'PRIMARY'
ERROR - 2022-06-16 04:43:53 --> Duplicate entry 'sf04' for key 'PRIMARY'
ERROR - 2022-06-16 04:45:41 --> Duplicate entry 'sf04' for key 'PRIMARY'
ERROR - 2022-06-16 04:45:43 --> Duplicate entry 'sf04' for key 'PRIMARY'
ERROR - 2022-06-16 04:46:46 --> Duplicate entry 'sf04' for key 'PRIMARY'
ERROR - 2022-06-16 04:46:48 --> Duplicate entry 'sf04' for key 'PRIMARY'
ERROR - 2022-06-16 04:48:58 --> Duplicate entry 'sf04' for key 'PRIMARY'
ERROR - 2022-06-16 04:50:23 --> Duplicate entry 'sf04' for key 'PRIMARY'
CRITICAL - 2022-06-16 04:54:03 --> A non-numeric value encountered
#0 C:\xampp\htdocs\oee-module_new\app\Controllers\Settings_controller.php(422): CodeIgniter\Debug\Exceptions->errorHandler(2, 'A non-numeric v...', 'C:\\xampp\\htdocs...', 422, Array)
#1 C:\xampp\htdocs\oee-module_new\system\CodeIgniter.php(825): App\Controllers\Settings_controller->updateShift()
#2 C:\xampp\htdocs\oee-module_new\system\CodeIgniter.php(412): CodeIgniter\CodeIgniter->runController(Object(App\Controllers\Settings_controller))
#3 C:\xampp\htdocs\oee-module_new\system\CodeIgniter.php(320): CodeIgniter\CodeIgniter->handleRequest(NULL, Object(Config\Cache), false)
#4 C:\xampp\htdocs\oee-module_new\index.php(37): CodeIgniter\CodeIgniter->run()
#5 {main}
CRITICAL - 2022-06-16 04:54:59 --> A non-numeric value encountered
#0 C:\xampp\htdocs\oee-module_new\app\Controllers\Settings_controller.php(423): CodeIgniter\Debug\Exceptions->errorHandler(2, 'A non-numeric v...', 'C:\\xampp\\htdocs...', 423, Array)
#1 C:\xampp\htdocs\oee-module_new\system\CodeIgniter.php(825): App\Controllers\Settings_controller->updateShift()
#2 C:\xampp\htdocs\oee-module_new\system\CodeIgniter.php(412): CodeIgniter\CodeIgniter->runController(Object(App\Controllers\Settings_controller))
#3 C:\xampp\htdocs\oee-module_new\system\CodeIgniter.php(320): CodeIgniter\CodeIgniter->handleRequest(NULL, Object(Config\Cache), false)
#4 C:\xampp\htdocs\oee-module_new\index.php(37): CodeIgniter\CodeIgniter->run()
#5 {main}
ERROR - 2022-06-16 04:55:31 --> Duplicate entry 'sf06' for key 'PRIMARY'
ERROR - 2022-06-16 04:58:11 --> Duplicate entry 'sf04' for key 'PRIMARY'
ERROR - 2022-06-16 04:58:53 --> Duplicate entry 'sf04' for key 'PRIMARY'
ERROR - 2022-06-16 05:00:08 --> Duplicate entry 'sf06' for key 'PRIMARY'
CRITICAL - 2022-06-16 06:13:49 --> You must set the database table to be used with your query.
#0 C:\xampp\htdocs\oee-module_new\system\Model.php(545): CodeIgniter\Database\BaseConnection->table(NULL)
#1 C:\xampp\htdocs\oee-module_new\system\Model.php(722): CodeIgniter\Model->builder()
#2 C:\xampp\htdocs\oee-module_new\app\Controllers\Home.php(1758): CodeIgniter\Model->__call('getShift', Array)
#3 C:\xampp\htdocs\oee-module_new\app\Controllers\Home.php(1824): App\Controllers\Home->findShift('8:05:00')
#4 C:\xampp\htdocs\oee-module_new\system\CodeIgniter.php(825): App\Controllers\Home->hourData()
#5 C:\xampp\htdocs\oee-module_new\system\CodeIgniter.php(412): CodeIgniter\CodeIgniter->runController(Object(App\Controllers\Home))
#6 C:\xampp\htdocs\oee-module_new\system\CodeIgniter.php(320): CodeIgniter\CodeIgniter->handleRequest(NULL, Object(Config\Cache), false)
#7 C:\xampp\htdocs\oee-module_new\index.php(37): CodeIgniter\CodeIgniter->run()
#8 {main}
CRITICAL - 2022-06-16 06:19:08 --> syntax error, unexpected 'public' (T_PUBLIC), expecting end of file
#0 C:\xampp\htdocs\oee-module_new\system\Autoloader\Autoloader.php(241): CodeIgniter\Autoloader\Autoloader->includeFile('C:\\xampp\\htdocs...')
#1 C:\xampp\htdocs\oee-module_new\system\Autoloader\Autoloader.php(219): CodeIgniter\Autoloader\Autoloader->loadInNamespace('App\\Models\\Main...')
#2 [internal function]: CodeIgniter\Autoloader\Autoloader->loadClass('App\\Models\\Main...')
#3 C:\xampp\htdocs\oee-module_new\app\Controllers\Home.php(14): spl_autoload_call('App\\Models\\Main...')
#4 C:\xampp\htdocs\oee-module_new\system\CodeIgniter.php(802): App\Controllers\Home->__construct()
#5 C:\xampp\htdocs\oee-module_new\system\CodeIgniter.php(403): CodeIgniter\CodeIgniter->createController()
#6 C:\xampp\htdocs\oee-module_new\system\CodeIgniter.php(320): CodeIgniter\CodeIgniter->handleRequest(NULL, Object(Config\Cache), false)
#7 C:\xampp\htdocs\oee-module_new\index.php(37): CodeIgniter\CodeIgniter->run()
#8 {main}
CRITICAL - 2022-06-16 06:20:01 --> syntax error, unexpected 'public' (T_PUBLIC), expecting end of file
#0 C:\xampp\htdocs\oee-module_new\system\Autoloader\Autoloader.php(241): CodeIgniter\Autoloader\Autoloader->includeFile('C:\\xampp\\htdocs...')
#1 C:\xampp\htdocs\oee-module_new\system\Autoloader\Autoloader.php(219): CodeIgniter\Autoloader\Autoloader->loadInNamespace('App\\Models\\Main...')
#2 [internal function]: CodeIgniter\Autoloader\Autoloader->loadClass('App\\Models\\Main...')
#3 C:\xampp\htdocs\oee-module_new\app\Controllers\Home.php(14): spl_autoload_call('App\\Models\\Main...')
#4 C:\xampp\htdocs\oee-module_new\system\CodeIgniter.php(802): App\Controllers\Home->__construct()
#5 C:\xampp\htdocs\oee-module_new\system\CodeIgniter.php(403): CodeIgniter\CodeIgniter->createController()
#6 C:\xampp\htdocs\oee-module_new\system\CodeIgniter.php(320): CodeIgniter\CodeIgniter->handleRequest(NULL, Object(Config\Cache), false)
#7 C:\xampp\htdocs\oee-module_new\index.php(37): CodeIgniter\CodeIgniter->run()
#8 {main}
CRITICAL - 2022-06-16 06:21:20 --> syntax error, unexpected 'public' (T_PUBLIC), expecting end of file
#0 C:\xampp\htdocs\oee-module_new\system\Autoloader\Autoloader.php(241): CodeIgniter\Autoloader\Autoloader->includeFile('C:\\xampp\\htdocs...')
#1 C:\xampp\htdocs\oee-module_new\system\Autoloader\Autoloader.php(219): CodeIgniter\Autoloader\Autoloader->loadInNamespace('App\\Models\\Main...')
#2 [internal function]: CodeIgniter\Autoloader\Autoloader->loadClass('App\\Models\\Main...')
#3 C:\xampp\htdocs\oee-module_new\app\Controllers\Home.php(14): spl_autoload_call('App\\Models\\Main...')
#4 C:\xampp\htdocs\oee-module_new\system\CodeIgniter.php(802): App\Controllers\Home->__construct()
#5 C:\xampp\htdocs\oee-module_new\system\CodeIgniter.php(403): CodeIgniter\CodeIgniter->createController()
#6 C:\xampp\htdocs\oee-module_new\system\CodeIgniter.php(320): CodeIgniter\CodeIgniter->handleRequest(NULL, Object(Config\Cache), false)
#7 C:\xampp\htdocs\oee-module_new\index.php(37): CodeIgniter\CodeIgniter->run()
#8 {main}
CRITICAL - 2022-06-16 06:21:22 --> syntax error, unexpected 'public' (T_PUBLIC), expecting end of file
#0 C:\xampp\htdocs\oee-module_new\system\Autoloader\Autoloader.php(241): CodeIgniter\Autoloader\Autoloader->includeFile('C:\\xampp\\htdocs...')
#1 C:\xampp\htdocs\oee-module_new\system\Autoloader\Autoloader.php(219): CodeIgniter\Autoloader\Autoloader->loadInNamespace('App\\Models\\Main...')
#2 [internal function]: CodeIgniter\Autoloader\Autoloader->loadClass('App\\Models\\Main...')
#3 C:\xampp\htdocs\oee-module_new\app\Controllers\Home.php(14): spl_autoload_call('App\\Models\\Main...')
#4 C:\xampp\htdocs\oee-module_new\system\CodeIgniter.php(802): App\Controllers\Home->__construct()
#5 C:\xampp\htdocs\oee-module_new\system\CodeIgniter.php(403): CodeIgniter\CodeIgniter->createController()
#6 C:\xampp\htdocs\oee-module_new\system\CodeIgniter.php(320): CodeIgniter\CodeIgniter->handleRequest(NULL, Object(Config\Cache), false)
#7 C:\xampp\htdocs\oee-module_new\index.php(37): CodeIgniter\CodeIgniter->run()
#8 {main}
CRITICAL - 2022-06-16 06:21:29 --> syntax error, unexpected 'public' (T_PUBLIC), expecting end of file
#0 C:\xampp\htdocs\oee-module_new\system\Autoloader\Autoloader.php(241): CodeIgniter\Autoloader\Autoloader->includeFile('C:\\xampp\\htdocs...')
#1 C:\xampp\htdocs\oee-module_new\system\Autoloader\Autoloader.php(219): CodeIgniter\Autoloader\Autoloader->loadInNamespace('App\\Models\\Main...')
#2 [internal function]: CodeIgniter\Autoloader\Autoloader->loadClass('App\\Models\\Main...')
#3 C:\xampp\htdocs\oee-module_new\app\Controllers\Home.php(14): spl_autoload_call('App\\Models\\Main...')
#4 C:\xampp\htdocs\oee-module_new\system\CodeIgniter.php(802): App\Controllers\Home->__construct()
#5 C:\xampp\htdocs\oee-module_new\system\CodeIgniter.php(403): CodeIgniter\CodeIgniter->createController()
#6 C:\xampp\htdocs\oee-module_new\system\CodeIgniter.php(320): CodeIgniter\CodeIgniter->handleRequest(NULL, Object(Config\Cache), false)
#7 C:\xampp\htdocs\oee-module_new\index.php(37): CodeIgniter\CodeIgniter->run()
#8 {main}
CRITICAL - 2022-06-16 06:24:36 --> A non-numeric value encountered
#0 C:\xampp\htdocs\oee-module_new\app\Controllers\Settings_controller.php(423): CodeIgniter\Debug\Exceptions->errorHandler(2, 'A non-numeric v...', 'C:\\xampp\\htdocs...', 423, Array)
#1 C:\xampp\htdocs\oee-module_new\system\CodeIgniter.php(825): App\Controllers\Settings_controller->updateShift()
#2 C:\xampp\htdocs\oee-module_new\system\CodeIgniter.php(412): CodeIgniter\CodeIgniter->runController(Object(App\Controllers\Settings_controller))
#3 C:\xampp\htdocs\oee-module_new\system\CodeIgniter.php(320): CodeIgniter\CodeIgniter->handleRequest(NULL, Object(Config\Cache), false)
#4 C:\xampp\htdocs\oee-module_new\index.php(37): CodeIgniter\CodeIgniter->run()
#5 {main}
CRITICAL - 2022-06-16 06:56:34 --> Call to a member function table() on null
#0 C:\xampp\htdocs\oee-module_new\app\Controllers\Home.php(40): App\Models\MainModel->settings_tools()
#1 C:\xampp\htdocs\oee-module_new\system\CodeIgniter.php(825): App\Controllers\Home->dashboard('Settings_Goals_...')
#2 C:\xampp\htdocs\oee-module_new\system\CodeIgniter.php(412): CodeIgniter\CodeIgniter->runController(Object(App\Controllers\Home))
#3 C:\xampp\htdocs\oee-module_new\system\CodeIgniter.php(320): CodeIgniter\CodeIgniter->handleRequest(NULL, Object(Config\Cache), false)
#4 C:\xampp\htdocs\oee-module_new\index.php(37): CodeIgniter\CodeIgniter->run()
#5 {main}
CRITICAL - 2022-06-16 06:57:57 --> Call to a member function table() on null
#0 C:\xampp\htdocs\oee-module_new\app\Controllers\Home.php(40): App\Models\MainModel->settings_tools()
#1 C:\xampp\htdocs\oee-module_new\system\CodeIgniter.php(825): App\Controllers\Home->dashboard('Settings_Goals_...')
#2 C:\xampp\htdocs\oee-module_new\system\CodeIgniter.php(412): CodeIgniter\CodeIgniter->runController(Object(App\Controllers\Home))
#3 C:\xampp\htdocs\oee-module_new\system\CodeIgniter.php(320): CodeIgniter\CodeIgniter->handleRequest(NULL, Object(Config\Cache), false)
#4 C:\xampp\htdocs\oee-module_new\index.php(37): CodeIgniter\CodeIgniter->run()
#5 {main}
CRITICAL - 2022-06-16 06:57:58 --> Call to a member function table() on null
#0 C:\xampp\htdocs\oee-module_new\app\Controllers\Home.php(40): App\Models\MainModel->settings_tools()
#1 C:\xampp\htdocs\oee-module_new\system\CodeIgniter.php(825): App\Controllers\Home->dashboard('Settings_Goals_...')
#2 C:\xampp\htdocs\oee-module_new\system\CodeIgniter.php(412): CodeIgniter\CodeIgniter->runController(Object(App\Controllers\Home))
#3 C:\xampp\htdocs\oee-module_new\system\CodeIgniter.php(320): CodeIgniter\CodeIgniter->handleRequest(NULL, Object(Config\Cache), false)
#4 C:\xampp\htdocs\oee-module_new\index.php(37): CodeIgniter\CodeIgniter->run()
#5 {main}
CRITICAL - 2022-06-16 06:57:59 --> Call to a member function table() on null
#0 C:\xampp\htdocs\oee-module_new\app\Controllers\Home.php(40): App\Models\MainModel->settings_tools()
#1 C:\xampp\htdocs\oee-module_new\system\CodeIgniter.php(825): App\Controllers\Home->dashboard('Settings_Goals_...')
#2 C:\xampp\htdocs\oee-module_new\system\CodeIgniter.php(412): CodeIgniter\CodeIgniter->runController(Object(App\Controllers\Home))
#3 C:\xampp\htdocs\oee-module_new\system\CodeIgniter.php(320): CodeIgniter\CodeIgniter->handleRequest(NULL, Object(Config\Cache), false)
#4 C:\xampp\htdocs\oee-module_new\index.php(37): CodeIgniter\CodeIgniter->run()
#5 {main}
CRITICAL - 2022-06-16 06:58:01 --> Call to a member function table() on null
#0 C:\xampp\htdocs\oee-module_new\app\Controllers\Home.php(40): App\Models\MainModel->settings_tools()
#1 C:\xampp\htdocs\oee-module_new\system\CodeIgniter.php(825): App\Controllers\Home->dashboard('Settings_Goals_...')
#2 C:\xampp\htdocs\oee-module_new\system\CodeIgniter.php(412): CodeIgniter\CodeIgniter->runController(Object(App\Controllers\Home))
#3 C:\xampp\htdocs\oee-module_new\system\CodeIgniter.php(320): CodeIgniter\CodeIgniter->handleRequest(NULL, Object(Config\Cache), false)
#4 C:\xampp\htdocs\oee-module_new\index.php(37): CodeIgniter\CodeIgniter->run()
#5 {main}
CRITICAL - 2022-06-16 07:10:19 --> You must set the database table to be used with your query.
#0 C:\xampp\htdocs\oee-module_new\system\Model.php(545): CodeIgniter\Database\BaseConnection->table(NULL)
#1 C:\xampp\htdocs\oee-module_new\system\Model.php(722): CodeIgniter\Model->builder()
#2 C:\xampp\htdocs\oee-module_new\app\Controllers\Home.php(2928): CodeIgniter\Model->__call('getShift', Array)
#3 C:\xampp\htdocs\oee-module_new\system\CodeIgniter.php(825): App\Controllers\Home->production_shift_retrive()
#4 C:\xampp\htdocs\oee-module_new\system\CodeIgniter.php(412): CodeIgniter\CodeIgniter->runController(Object(App\Controllers\Home))
#5 C:\xampp\htdocs\oee-module_new\system\CodeIgniter.php(320): CodeIgniter\CodeIgniter->handleRequest(NULL, Object(Config\Cache), false)
#6 C:\xampp\htdocs\oee-module_new\index.php(37): CodeIgniter\CodeIgniter->run()
#7 {main}
CRITICAL - 2022-06-16 07:10:19 --> Call to a member function table() on null
#0 C:\xampp\htdocs\oee-module_new\app\Controllers\Home.php(4769): App\Models\MainModel->findPartTool('2022-05-06')
#1 C:\xampp\htdocs\oee-module_new\system\CodeIgniter.php(825): App\Controllers\Home->findPartTool()
#2 C:\xampp\htdocs\oee-module_new\system\CodeIgniter.php(412): CodeIgniter\CodeIgniter->runController(Object(App\Controllers\Home))
#3 C:\xampp\htdocs\oee-module_new\system\CodeIgniter.php(320): CodeIgniter\CodeIgniter->handleRequest(NULL, Object(Config\Cache), false)
#4 C:\xampp\htdocs\oee-module_new\index.php(37): CodeIgniter\CodeIgniter->run()
#5 {main}
CRITICAL - 2022-06-16 07:27:22 --> You must set the database table to be used with your query.
#0 C:\xampp\htdocs\oee-module_new\system\Model.php(545): CodeIgniter\Database\BaseConnection->table(NULL)
#1 C:\xampp\htdocs\oee-module_new\system\Model.php(722): CodeIgniter\Model->builder()
#2 C:\xampp\htdocs\oee-module_new\app\Controllers\Home.php(2940): CodeIgniter\Model->__call('getShift', Array)
#3 C:\xampp\htdocs\oee-module_new\system\CodeIgniter.php(825): App\Controllers\Home->production_shift_retrive()
#4 C:\xampp\htdocs\oee-module_new\system\CodeIgniter.php(412): CodeIgniter\CodeIgniter->runController(Object(App\Controllers\Home))
#5 C:\xampp\htdocs\oee-module_new\system\CodeIgniter.php(320): CodeIgniter\CodeIgniter->handleRequest(NULL, Object(Config\Cache), false)
#6 C:\xampp\htdocs\oee-module_new\index.php(37): CodeIgniter\CodeIgniter->run()
#7 {main}
CRITICAL - 2022-06-16 07:27:22 --> Call to a member function table() on null
#0 C:\xampp\htdocs\oee-module_new\app\Controllers\Home.php(4781): App\Models\MainModel->findPartTool('2022-05-06')
#1 C:\xampp\htdocs\oee-module_new\system\CodeIgniter.php(825): App\Controllers\Home->findPartTool()
#2 C:\xampp\htdocs\oee-module_new\system\CodeIgniter.php(412): CodeIgniter\CodeIgniter->runController(Object(App\Controllers\Home))
#3 C:\xampp\htdocs\oee-module_new\system\CodeIgniter.php(320): CodeIgniter\CodeIgniter->handleRequest(NULL, Object(Config\Cache), false)
#4 C:\xampp\htdocs\oee-module_new\index.php(37): CodeIgniter\CodeIgniter->run()
#5 {main}
CRITICAL - 2022-06-16 07:29:44 --> Call to a member function table() on null
#0 C:\xampp\htdocs\oee-module_new\app\Controllers\Home.php(4781): App\Models\MainModel->findPartTool('2022-05-05')
#1 C:\xampp\htdocs\oee-module_new\system\CodeIgniter.php(825): App\Controllers\Home->findPartTool()
#2 C:\xampp\htdocs\oee-module_new\system\CodeIgniter.php(412): CodeIgniter\CodeIgniter->runController(Object(App\Controllers\Home))
#3 C:\xampp\htdocs\oee-module_new\system\CodeIgniter.php(320): CodeIgniter\CodeIgniter->handleRequest(NULL, Object(Config\Cache), false)
#4 C:\xampp\htdocs\oee-module_new\index.php(37): CodeIgniter\CodeIgniter->run()
#5 {main}
CRITICAL - 2022-06-16 07:29:44 --> You must set the database table to be used with your query.
#0 C:\xampp\htdocs\oee-module_new\system\Model.php(545): CodeIgniter\Database\BaseConnection->table(NULL)
#1 C:\xampp\htdocs\oee-module_new\system\Model.php(722): CodeIgniter\Model->builder()
#2 C:\xampp\htdocs\oee-module_new\app\Controllers\Home.php(2940): CodeIgniter\Model->__call('getShift', Array)
#3 C:\xampp\htdocs\oee-module_new\system\CodeIgniter.php(825): App\Controllers\Home->production_shift_retrive()
#4 C:\xampp\htdocs\oee-module_new\system\CodeIgniter.php(412): CodeIgniter\CodeIgniter->runController(Object(App\Controllers\Home))
#5 C:\xampp\htdocs\oee-module_new\system\CodeIgniter.php(320): CodeIgniter\CodeIgniter->handleRequest(NULL, Object(Config\Cache), false)
#6 C:\xampp\htdocs\oee-module_new\index.php(37): CodeIgniter\CodeIgniter->run()
#7 {main}
CRITICAL - 2022-06-16 07:29:51 --> Call to a member function table() on null
#0 C:\xampp\htdocs\oee-module_new\app\Controllers\Home.php(4781): App\Models\MainModel->findPartTool('2022-05-06')
#1 C:\xampp\htdocs\oee-module_new\system\CodeIgniter.php(825): App\Controllers\Home->findPartTool()
#2 C:\xampp\htdocs\oee-module_new\system\CodeIgniter.php(412): CodeIgniter\CodeIgniter->runController(Object(App\Controllers\Home))
#3 C:\xampp\htdocs\oee-module_new\system\CodeIgniter.php(320): CodeIgniter\CodeIgniter->handleRequest(NULL, Object(Config\Cache), false)
#4 C:\xampp\htdocs\oee-module_new\index.php(37): CodeIgniter\CodeIgniter->run()
#5 {main}
CRITICAL - 2022-06-16 07:29:51 --> You must set the database table to be used with your query.
#0 C:\xampp\htdocs\oee-module_new\system\Model.php(545): CodeIgniter\Database\BaseConnection->table(NULL)
#1 C:\xampp\htdocs\oee-module_new\system\Model.php(722): CodeIgniter\Model->builder()
#2 C:\xampp\htdocs\oee-module_new\app\Controllers\Home.php(2940): CodeIgniter\Model->__call('getShift', Array)
#3 C:\xampp\htdocs\oee-module_new\system\CodeIgniter.php(825): App\Controllers\Home->production_shift_retrive()
#4 C:\xampp\htdocs\oee-module_new\system\CodeIgniter.php(412): CodeIgniter\CodeIgniter->runController(Object(App\Controllers\Home))
#5 C:\xampp\htdocs\oee-module_new\system\CodeIgniter.php(320): CodeIgniter\CodeIgniter->handleRequest(NULL, Object(Config\Cache), false)
#6 C:\xampp\htdocs\oee-module_new\index.php(37): CodeIgniter\CodeIgniter->run()
#7 {main}
CRITICAL - 2022-06-16 07:32:50 --> Call to a member function table() on null
#0 C:\xampp\htdocs\oee-module_new\app\Controllers\Home.php(4782): App\Models\MainModel->findPartTool('2022-05-05')
#1 C:\xampp\htdocs\oee-module_new\system\CodeIgniter.php(825): App\Controllers\Home->findPartTool()
#2 C:\xampp\htdocs\oee-module_new\system\CodeIgniter.php(412): CodeIgniter\CodeIgniter->runController(Object(App\Controllers\Home))
#3 C:\xampp\htdocs\oee-module_new\system\CodeIgniter.php(320): CodeIgniter\CodeIgniter->handleRequest(NULL, Object(Config\Cache), false)
#4 C:\xampp\htdocs\oee-module_new\index.php(37): CodeIgniter\CodeIgniter->run()
#5 {main}
CRITICAL - 2022-06-16 07:35:00 --> Call to a member function table() on null
#0 C:\xampp\htdocs\oee-module_new\app\Controllers\Home.php(4782): App\Models\MainModel->findPartTool('2022-05-05')
#1 C:\xampp\htdocs\oee-module_new\system\CodeIgniter.php(825): App\Controllers\Home->findPartTool()
#2 C:\xampp\htdocs\oee-module_new\system\CodeIgniter.php(412): CodeIgniter\CodeIgniter->runController(Object(App\Controllers\Home))
#3 C:\xampp\htdocs\oee-module_new\system\CodeIgniter.php(320): CodeIgniter\CodeIgniter->handleRequest(NULL, Object(Config\Cache), false)
#4 C:\xampp\htdocs\oee-module_new\index.php(37): CodeIgniter\CodeIgniter->run()
#5 {main}
CRITICAL - 2022-06-16 07:35:02 --> Call to a member function table() on null
#0 C:\xampp\htdocs\oee-module_new\app\Controllers\Home.php(4782): App\Models\MainModel->findPartTool('2022-05-05')
#1 C:\xampp\htdocs\oee-module_new\system\CodeIgniter.php(825): App\Controllers\Home->findPartTool()
#2 C:\xampp\htdocs\oee-module_new\system\CodeIgniter.php(412): CodeIgniter\CodeIgniter->runController(Object(App\Controllers\Home))
#3 C:\xampp\htdocs\oee-module_new\system\CodeIgniter.php(320): CodeIgniter\CodeIgniter->handleRequest(NULL, Object(Config\Cache), false)
#4 C:\xampp\htdocs\oee-module_new\index.php(37): CodeIgniter\CodeIgniter->run()
#5 {main}
CRITICAL - 2022-06-16 07:35:35 --> Call to a member function table() on null
#0 C:\xampp\htdocs\oee-module_new\app\Controllers\Home.php(4782): App\Models\MainModel->findPartTool('2022-05-05')
#1 C:\xampp\htdocs\oee-module_new\system\CodeIgniter.php(825): App\Controllers\Home->findPartTool()
#2 C:\xampp\htdocs\oee-module_new\system\CodeIgniter.php(412): CodeIgniter\CodeIgniter->runController(Object(App\Controllers\Home))
#3 C:\xampp\htdocs\oee-module_new\system\CodeIgniter.php(320): CodeIgniter\CodeIgniter->handleRequest(NULL, Object(Config\Cache), false)
#4 C:\xampp\htdocs\oee-module_new\index.php(37): CodeIgniter\CodeIgniter->run()
#5 {main}
CRITICAL - 2022-06-16 07:36:32 --> Call to a member function table() on null
#0 C:\xampp\htdocs\oee-module_new\app\Controllers\Home.php(4782): App\Models\MainModel->findPartTool('2022-05-05')
#1 C:\xampp\htdocs\oee-module_new\system\CodeIgniter.php(825): App\Controllers\Home->findPartTool()
#2 C:\xampp\htdocs\oee-module_new\system\CodeIgniter.php(412): CodeIgniter\CodeIgniter->runController(Object(App\Controllers\Home))
#3 C:\xampp\htdocs\oee-module_new\system\CodeIgniter.php(320): CodeIgniter\CodeIgniter->handleRequest(NULL, Object(Config\Cache), false)
#4 C:\xampp\htdocs\oee-module_new\index.php(37): CodeIgniter\CodeIgniter->run()
#5 {main}
CRITICAL - 2022-06-16 07:36:34 --> Call to a member function table() on null
#0 C:\xampp\htdocs\oee-module_new\app\Controllers\Home.php(4782): App\Models\MainModel->findPartTool('2022-05-05')
#1 C:\xampp\htdocs\oee-module_new\system\CodeIgniter.php(825): App\Controllers\Home->findPartTool()
#2 C:\xampp\htdocs\oee-module_new\system\CodeIgniter.php(412): CodeIgniter\CodeIgniter->runController(Object(App\Controllers\Home))
#3 C:\xampp\htdocs\oee-module_new\system\CodeIgniter.php(320): CodeIgniter\CodeIgniter->handleRequest(NULL, Object(Config\Cache), false)
#4 C:\xampp\htdocs\oee-module_new\index.php(37): CodeIgniter\CodeIgniter->run()
#5 {main}
CRITICAL - 2022-06-16 07:41:37 --> You must set the database table to be used with your query.
#0 C:\xampp\htdocs\oee-module_new\system\Model.php(545): CodeIgniter\Database\BaseConnection->table(NULL)
#1 C:\xampp\htdocs\oee-module_new\system\Model.php(722): CodeIgniter\Model->builder()
#2 C:\xampp\htdocs\oee-module_new\app\Controllers\Home.php(2940): CodeIgniter\Model->__call('getShift', Array)
#3 C:\xampp\htdocs\oee-module_new\system\CodeIgniter.php(825): App\Controllers\Home->production_shift_retrive()
#4 C:\xampp\htdocs\oee-module_new\system\CodeIgniter.php(412): CodeIgniter\CodeIgniter->runController(Object(App\Controllers\Home))
#5 C:\xampp\htdocs\oee-module_new\system\CodeIgniter.php(320): CodeIgniter\CodeIgniter->handleRequest(NULL, Object(Config\Cache), false)
#6 C:\xampp\htdocs\oee-module_new\index.php(37): CodeIgniter\CodeIgniter->run()
#7 {main}
CRITICAL - 2022-06-16 07:44:50 --> Call to a member function table() on null
#0 C:\xampp\htdocs\oee-module_new\app\Controllers\Home.php(4382): App\Models\MainModel->getDownGraph(10, '2022-05-06', 'A')
#1 C:\xampp\htdocs\oee-module_new\system\CodeIgniter.php(825): App\Controllers\Home->getDownGraph()
#2 C:\xampp\htdocs\oee-module_new\system\CodeIgniter.php(412): CodeIgniter\CodeIgniter->runController(Object(App\Controllers\Home))
#3 C:\xampp\htdocs\oee-module_new\system\CodeIgniter.php(320): CodeIgniter\CodeIgniter->handleRequest(NULL, Object(Config\Cache), false)
#4 C:\xampp\htdocs\oee-module_new\index.php(37): CodeIgniter\CodeIgniter->run()
#5 {main}
CRITICAL - 2022-06-16 07:44:50 --> Call to a member function query() on null
#0 C:\xampp\htdocs\oee-module_new\app\Controllers\Home.php(4797): App\Models\MainModel->findToolTipPart('2022-05-06', 'A', 10)
#1 C:\xampp\htdocs\oee-module_new\system\CodeIgniter.php(825): App\Controllers\Home->findToolTipPart()
#2 C:\xampp\htdocs\oee-module_new\system\CodeIgniter.php(412): CodeIgniter\CodeIgniter->runController(Object(App\Controllers\Home))
#3 C:\xampp\htdocs\oee-module_new\system\CodeIgniter.php(320): CodeIgniter\CodeIgniter->handleRequest(NULL, Object(Config\Cache), false)
#4 C:\xampp\htdocs\oee-module_new\index.php(37): CodeIgniter\CodeIgniter->run()
#5 {main}
CRITICAL - 2022-06-16 07:53:02 --> Call to a member function query() on null
#0 C:\xampp\htdocs\oee-module_new\app\Controllers\Home.php(4797): App\Models\MainModel->findToolTipPart('2022-05-06', 'A', 1)
#1 C:\xampp\htdocs\oee-module_new\system\CodeIgniter.php(825): App\Controllers\Home->findToolTipPart()
#2 C:\xampp\htdocs\oee-module_new\system\CodeIgniter.php(412): CodeIgniter\CodeIgniter->runController(Object(App\Controllers\Home))
#3 C:\xampp\htdocs\oee-module_new\system\CodeIgniter.php(320): CodeIgniter\CodeIgniter->handleRequest(NULL, Object(Config\Cache), false)
#4 C:\xampp\htdocs\oee-module_new\index.php(37): CodeIgniter\CodeIgniter->run()
#5 {main}
CRITICAL - 2022-06-16 07:53:02 --> Call to a member function table() on null
#0 C:\xampp\htdocs\oee-module_new\app\Controllers\Home.php(4382): App\Models\MainModel->getDownGraph(1, '2022-05-06', 'A')
#1 C:\xampp\htdocs\oee-module_new\system\CodeIgniter.php(825): App\Controllers\Home->getDownGraph()
#2 C:\xampp\htdocs\oee-module_new\system\CodeIgniter.php(412): CodeIgniter\CodeIgniter->runController(Object(App\Controllers\Home))
#3 C:\xampp\htdocs\oee-module_new\system\CodeIgniter.php(320): CodeIgniter\CodeIgniter->handleRequest(NULL, Object(Config\Cache), false)
#4 C:\xampp\htdocs\oee-module_new\index.php(37): CodeIgniter\CodeIgniter->run()
#5 {main}
CRITICAL - 2022-06-16 07:56:15 --> Call to a member function query() on null
#0 C:\xampp\htdocs\oee-module_new\app\Controllers\Home.php(4797): App\Models\MainModel->findToolTipPart('2022-05-06', 'A', 1)
#1 C:\xampp\htdocs\oee-module_new\system\CodeIgniter.php(825): App\Controllers\Home->findToolTipPart()
#2 C:\xampp\htdocs\oee-module_new\system\CodeIgniter.php(412): CodeIgniter\CodeIgniter->runController(Object(App\Controllers\Home))
#3 C:\xampp\htdocs\oee-module_new\system\CodeIgniter.php(320): CodeIgniter\CodeIgniter->handleRequest(NULL, Object(Config\Cache), false)
#4 C:\xampp\htdocs\oee-module_new\index.php(37): CodeIgniter\CodeIgniter->run()
#5 {main}
CRITICAL - 2022-06-16 07:56:15 --> Call to a member function table() on null
#0 C:\xampp\htdocs\oee-module_new\app\Controllers\Home.php(4382): App\Models\MainModel->getDownGraph(1, '2022-05-06', 'A')
#1 C:\xampp\htdocs\oee-module_new\system\CodeIgniter.php(825): App\Controllers\Home->getDownGraph()
#2 C:\xampp\htdocs\oee-module_new\system\CodeIgniter.php(412): CodeIgniter\CodeIgniter->runController(Object(App\Controllers\Home))
#3 C:\xampp\htdocs\oee-module_new\system\CodeIgniter.php(320): CodeIgniter\CodeIgniter->handleRequest(NULL, Object(Config\Cache), false)
#4 C:\xampp\htdocs\oee-module_new\index.php(37): CodeIgniter\CodeIgniter->run()
#5 {main}
CRITICAL - 2022-06-16 07:59:04 --> Call to a member function query() on null
#0 C:\xampp\htdocs\oee-module_new\app\Controllers\Home.php(4797): App\Models\MainModel->findToolTipPart('2022-05-06', 'B', 3)
#1 C:\xampp\htdocs\oee-module_new\system\CodeIgniter.php(825): App\Controllers\Home->findToolTipPart()
#2 C:\xampp\htdocs\oee-module_new\system\CodeIgniter.php(412): CodeIgniter\CodeIgniter->runController(Object(App\Controllers\Home))
#3 C:\xampp\htdocs\oee-module_new\system\CodeIgniter.php(320): CodeIgniter\CodeIgniter->handleRequest(NULL, Object(Config\Cache), false)
#4 C:\xampp\htdocs\oee-module_new\index.php(37): CodeIgniter\CodeIgniter->run()
#5 {main}
ERROR - 2022-06-16 08:05:47 --> Unknown column 'pd.machine_event_id' in 'field list'
CRITICAL - 2022-06-16 08:05:47 --> Call to a member function getResultArray() on bool
#0 C:\xampp\htdocs\oee-module_new\app\Controllers\Home.php(4797): App\Models\MainModel->findToolTipPart('2022-05-06', 'B', 3)
#1 C:\xampp\htdocs\oee-module_new\system\CodeIgniter.php(825): App\Controllers\Home->findToolTipPart()
#2 C:\xampp\htdocs\oee-module_new\system\CodeIgniter.php(412): CodeIgniter\CodeIgniter->runController(Object(App\Controllers\Home))
#3 C:\xampp\htdocs\oee-module_new\system\CodeIgniter.php(320): CodeIgniter\CodeIgniter->handleRequest(NULL, Object(Config\Cache), false)
#4 C:\xampp\htdocs\oee-module_new\index.php(37): CodeIgniter\CodeIgniter->run()
#5 {main}
CRITICAL - 2022-06-16 08:08:00 --> Call to a member function query() on null
#0 C:\xampp\htdocs\oee-module_new\app\Controllers\Home.php(4797): App\Models\MainModel->findToolTipPart('2022-05-06', 'B', 3)
#1 C:\xampp\htdocs\oee-module_new\system\CodeIgniter.php(825): App\Controllers\Home->findToolTipPart()
#2 C:\xampp\htdocs\oee-module_new\system\CodeIgniter.php(412): CodeIgniter\CodeIgniter->runController(Object(App\Controllers\Home))
#3 C:\xampp\htdocs\oee-module_new\system\CodeIgniter.php(320): CodeIgniter\CodeIgniter->handleRequest(NULL, Object(Config\Cache), false)
#4 C:\xampp\htdocs\oee-module_new\index.php(37): CodeIgniter\CodeIgniter->run()
#5 {main}
CRITICAL - 2022-06-16 08:09:14 --> Call to a member function table() on null
#0 C:\xampp\htdocs\oee-module_new\app\Controllers\Home.php(4382): App\Models\MainModel->getDownGraph(1, '2022-05-06', 'A')
#1 C:\xampp\htdocs\oee-module_new\system\CodeIgniter.php(825): App\Controllers\Home->getDownGraph()
#2 C:\xampp\htdocs\oee-module_new\system\CodeIgniter.php(412): CodeIgniter\CodeIgniter->runController(Object(App\Controllers\Home))
#3 C:\xampp\htdocs\oee-module_new\system\CodeIgniter.php(320): CodeIgniter\CodeIgniter->handleRequest(NULL, Object(Config\Cache), false)
#4 C:\xampp\htdocs\oee-module_new\index.php(37): CodeIgniter\CodeIgniter->run()
#5 {main}
CRITICAL - 2022-06-16 09:31:52 --> Call to a member function table() on null
#0 C:\xampp\htdocs\oee-module_new\app\Controllers\Home.php(4382): App\Models\MainModel->getDownGraph(1, '2022-05-06', 'A')
#1 C:\xampp\htdocs\oee-module_new\system\CodeIgniter.php(825): App\Controllers\Home->getDownGraph()
#2 C:\xampp\htdocs\oee-module_new\system\CodeIgniter.php(412): CodeIgniter\CodeIgniter->runController(Object(App\Controllers\Home))
#3 C:\xampp\htdocs\oee-module_new\system\CodeIgniter.php(320): CodeIgniter\CodeIgniter->handleRequest(NULL, Object(Config\Cache), false)
#4 C:\xampp\htdocs\oee-module_new\index.php(37): CodeIgniter\CodeIgniter->run()
#5 {main}
CRITICAL - 2022-06-16 09:37:25 --> Call to a member function table() on null
#0 C:\xampp\htdocs\oee-module_new\app\Controllers\Home.php(4382): App\Models\MainModel->getDownGraph(1, '2022-05-06', 'A')
#1 C:\xampp\htdocs\oee-module_new\system\CodeIgniter.php(825): App\Controllers\Home->getDownGraph()
#2 C:\xampp\htdocs\oee-module_new\system\CodeIgniter.php(412): CodeIgniter\CodeIgniter->runController(Object(App\Controllers\Home))
#3 C:\xampp\htdocs\oee-module_new\system\CodeIgniter.php(320): CodeIgniter\CodeIgniter->handleRequest(NULL, Object(Config\Cache), false)
#4 C:\xampp\htdocs\oee-module_new\index.php(37): CodeIgniter\CodeIgniter->run()
#5 {main}
CRITICAL - 2022-06-16 09:40:40 --> Call to a member function table() on null
#0 C:\xampp\htdocs\oee-module_new\app\Controllers\Home.php(4382): App\Models\MainModel->getDownGraph(1, '2022-05-06', 'A')
#1 C:\xampp\htdocs\oee-module_new\system\CodeIgniter.php(825): App\Controllers\Home->getDownGraph()
#2 C:\xampp\htdocs\oee-module_new\system\CodeIgniter.php(412): CodeIgniter\CodeIgniter->runController(Object(App\Controllers\Home))
#3 C:\xampp\htdocs\oee-module_new\system\CodeIgniter.php(320): CodeIgniter\CodeIgniter->handleRequest(NULL, Object(Config\Cache), false)
#4 C:\xampp\htdocs\oee-module_new\index.php(37): CodeIgniter\CodeIgniter->run()
#5 {main}
CRITICAL - 2022-06-16 09:42:52 --> Call to a member function table() on null
#0 C:\xampp\htdocs\oee-module_new\app\Controllers\Home.php(4382): App\Models\MainModel->getDownGraph(1, '2022-05-06', 'A')
#1 C:\xampp\htdocs\oee-module_new\system\CodeIgniter.php(825): App\Controllers\Home->getDownGraph()
#2 C:\xampp\htdocs\oee-module_new\system\CodeIgniter.php(412): CodeIgniter\CodeIgniter->runController(Object(App\Controllers\Home))
#3 C:\xampp\htdocs\oee-module_new\system\CodeIgniter.php(320): CodeIgniter\CodeIgniter->handleRequest(NULL, Object(Config\Cache), false)
#4 C:\xampp\htdocs\oee-module_new\index.php(37): CodeIgniter\CodeIgniter->run()
#5 {main}
CRITICAL - 2022-06-16 09:45:19 --> Call to a member function table() on null
#0 C:\xampp\htdocs\oee-module_new\app\Controllers\Home.php(4382): App\Models\MainModel->getDownGraph(1, '2022-05-06', 'A')
#1 C:\xampp\htdocs\oee-module_new\system\CodeIgniter.php(825): App\Controllers\Home->getDownGraph()
#2 C:\xampp\htdocs\oee-module_new\system\CodeIgniter.php(412): CodeIgniter\CodeIgniter->runController(Object(App\Controllers\Home))
#3 C:\xampp\htdocs\oee-module_new\system\CodeIgniter.php(320): CodeIgniter\CodeIgniter->handleRequest(NULL, Object(Config\Cache), false)
#4 C:\xampp\htdocs\oee-module_new\index.php(37): CodeIgniter\CodeIgniter->run()
#5 {main}
CRITICAL - 2022-06-16 09:48:09 --> Call to a member function table() on null
#0 C:\xampp\htdocs\oee-module_new\app\Controllers\Home.php(4382): App\Models\MainModel->getDownGraph(3, '2022-05-06', 'B')
#1 C:\xampp\htdocs\oee-module_new\system\CodeIgniter.php(825): App\Controllers\Home->getDownGraph()
#2 C:\xampp\htdocs\oee-module_new\system\CodeIgniter.php(412): CodeIgniter\CodeIgniter->runController(Object(App\Controllers\Home))
#3 C:\xampp\htdocs\oee-module_new\system\CodeIgniter.php(320): CodeIgniter\CodeIgniter->handleRequest(NULL, Object(Config\Cache), false)
#4 C:\xampp\htdocs\oee-module_new\index.php(37): CodeIgniter\CodeIgniter->run()
#5 {main}
CRITICAL - 2022-06-16 10:18:55 --> syntax error, unexpected ';', expecting ')'
#0 C:\xampp\htdocs\oee-module_new\system\Autoloader\Autoloader.php(241): CodeIgniter\Autoloader\Autoloader->includeFile('C:\\xampp\\htdocs...')
#1 C:\xampp\htdocs\oee-module_new\system\Autoloader\Autoloader.php(219): CodeIgniter\Autoloader\Autoloader->loadInNamespace('App\\Models\\Sett...')
#2 [internal function]: CodeIgniter\Autoloader\Autoloader->loadClass('App\\Models\\Sett...')
#3 C:\xampp\htdocs\oee-module_new\app\Controllers\Settings_controller.php(15): spl_autoload_call('App\\Models\\Sett...')
#4 C:\xampp\htdocs\oee-module_new\system\CodeIgniter.php(802): App\Controllers\Settings_controller->__construct()
#5 C:\xampp\htdocs\oee-module_new\system\CodeIgniter.php(403): CodeIgniter\CodeIgniter->createController()
#6 C:\xampp\htdocs\oee-module_new\system\CodeIgniter.php(320): CodeIgniter\CodeIgniter->handleRequest(NULL, Object(Config\Cache), false)
#7 C:\xampp\htdocs\oee-module_new\index.php(37): CodeIgniter\CodeIgniter->run()
#8 {main}
CRITICAL - 2022-06-16 10:18:55 --> syntax error, unexpected ';', expecting ')'
#0 C:\xampp\htdocs\oee-module_new\system\Autoloader\Autoloader.php(241): CodeIgniter\Autoloader\Autoloader->includeFile('C:\\xampp\\htdocs...')
#1 C:\xampp\htdocs\oee-module_new\system\Autoloader\Autoloader.php(219): CodeIgniter\Autoloader\Autoloader->loadInNamespace('App\\Models\\Sett...')
#2 [internal function]: CodeIgniter\Autoloader\Autoloader->loadClass('App\\Models\\Sett...')
#3 C:\xampp\htdocs\oee-module_new\app\Controllers\Settings_controller.php(15): spl_autoload_call('App\\Models\\Sett...')
#4 C:\xampp\htdocs\oee-module_new\system\CodeIgniter.php(802): App\Controllers\Settings_controller->__construct()
#5 C:\xampp\htdocs\oee-module_new\system\CodeIgniter.php(403): CodeIgniter\CodeIgniter->createController()
#6 C:\xampp\htdocs\oee-module_new\system\CodeIgniter.php(320): CodeIgniter\CodeIgniter->handleRequest(NULL, Object(Config\Cache), false)
#7 C:\xampp\htdocs\oee-module_new\index.php(37): CodeIgniter\CodeIgniter->run()
#8 {main}
CRITICAL - 2022-06-16 10:18:55 --> syntax error, unexpected ';', expecting ')'
#0 C:\xampp\htdocs\oee-module_new\system\Autoloader\Autoloader.php(241): CodeIgniter\Autoloader\Autoloader->includeFile('C:\\xampp\\htdocs...')
#1 C:\xampp\htdocs\oee-module_new\system\Autoloader\Autoloader.php(219): CodeIgniter\Autoloader\Autoloader->loadInNamespace('App\\Models\\Sett...')
#2 [internal function]: CodeIgniter\Autoloader\Autoloader->loadClass('App\\Models\\Sett...')
#3 C:\xampp\htdocs\oee-module_new\app\Controllers\Settings_controller.php(15): spl_autoload_call('App\\Models\\Sett...')
#4 C:\xampp\htdocs\oee-module_new\system\CodeIgniter.php(802): App\Controllers\Settings_controller->__construct()
#5 C:\xampp\htdocs\oee-module_new\system\CodeIgniter.php(403): CodeIgniter\CodeIgniter->createController()
#6 C:\xampp\htdocs\oee-module_new\system\CodeIgniter.php(320): CodeIgniter\CodeIgniter->handleRequest(NULL, Object(Config\Cache), false)
#7 C:\xampp\htdocs\oee-module_new\index.php(37): CodeIgniter\CodeIgniter->run()
#8 {main}
CRITICAL - 2022-06-16 10:18:55 --> syntax error, unexpected ';', expecting ')'
#0 C:\xampp\htdocs\oee-module_new\system\Autoloader\Autoloader.php(241): CodeIgniter\Autoloader\Autoloader->includeFile('C:\\xampp\\htdocs...')
#1 C:\xampp\htdocs\oee-module_new\system\Autoloader\Autoloader.php(219): CodeIgniter\Autoloader\Autoloader->loadInNamespace('App\\Models\\Sett...')
#2 [internal function]: CodeIgniter\Autoloader\Autoloader->loadClass('App\\Models\\Sett...')
#3 C:\xampp\htdocs\oee-module_new\app\Controllers\Settings_controller.php(15): spl_autoload_call('App\\Models\\Sett...')
#4 C:\xampp\htdocs\oee-module_new\system\CodeIgniter.php(802): App\Controllers\Settings_controller->__construct()
#5 C:\xampp\htdocs\oee-module_new\system\CodeIgniter.php(403): CodeIgniter\CodeIgniter->createController()
#6 C:\xampp\htdocs\oee-module_new\system\CodeIgniter.php(320): CodeIgniter\CodeIgniter->handleRequest(NULL, Object(Config\Cache), false)
#7 C:\xampp\htdocs\oee-module_new\index.php(37): CodeIgniter\CodeIgniter->run()
#8 {main}
CRITICAL - 2022-06-16 10:18:55 --> syntax error, unexpected ';', expecting ')'
#0 C:\xampp\htdocs\oee-module_new\system\Autoloader\Autoloader.php(241): CodeIgniter\Autoloader\Autoloader->includeFile('C:\\xampp\\htdocs...')
#1 C:\xampp\htdocs\oee-module_new\system\Autoloader\Autoloader.php(219): CodeIgniter\Autoloader\Autoloader->loadInNamespace('App\\Models\\Sett...')
#2 [internal function]: CodeIgniter\Autoloader\Autoloader->loadClass('App\\Models\\Sett...')
#3 C:\xampp\htdocs\oee-module_new\app\Controllers\Settings_controller.php(15): spl_autoload_call('App\\Models\\Sett...')
#4 C:\xampp\htdocs\oee-module_new\system\CodeIgniter.php(802): App\Controllers\Settings_controller->__construct()
#5 C:\xampp\htdocs\oee-module_new\system\CodeIgniter.php(403): CodeIgniter\CodeIgniter->createController()
#6 C:\xampp\htdocs\oee-module_new\system\CodeIgniter.php(320): CodeIgniter\CodeIgniter->handleRequest(NULL, Object(Config\Cache), false)
#7 C:\xampp\htdocs\oee-module_new\index.php(37): CodeIgniter\CodeIgniter->run()
#8 {main}
CRITICAL - 2022-06-16 10:18:55 --> syntax error, unexpected ';', expecting ')'
#0 C:\xampp\htdocs\oee-module_new\system\Autoloader\Autoloader.php(241): CodeIgniter\Autoloader\Autoloader->includeFile('C:\\xampp\\htdocs...')
#1 C:\xampp\htdocs\oee-module_new\system\Autoloader\Autoloader.php(219): CodeIgniter\Autoloader\Autoloader->loadInNamespace('App\\Models\\Sett...')
#2 [internal function]: CodeIgniter\Autoloader\Autoloader->loadClass('App\\Models\\Sett...')
#3 C:\xampp\htdocs\oee-module_new\app\Controllers\Settings_controller.php(15): spl_autoload_call('App\\Models\\Sett...')
#4 C:\xampp\htdocs\oee-module_new\system\CodeIgniter.php(802): App\Controllers\Settings_controller->__construct()
#5 C:\xampp\htdocs\oee-module_new\system\CodeIgniter.php(403): CodeIgniter\CodeIgniter->createController()
#6 C:\xampp\htdocs\oee-module_new\system\CodeIgniter.php(320): CodeIgniter\CodeIgniter->handleRequest(NULL, Object(Config\Cache), false)
#7 C:\xampp\htdocs\oee-module_new\index.php(37): CodeIgniter\CodeIgniter->run()
#8 {main}
CRITICAL - 2022-06-16 10:19:08 --> syntax error, unexpected ';', expecting ')'
#0 C:\xampp\htdocs\oee-module_new\system\Autoloader\Autoloader.php(241): CodeIgniter\Autoloader\Autoloader->includeFile('C:\\xampp\\htdocs...')
#1 C:\xampp\htdocs\oee-module_new\system\Autoloader\Autoloader.php(219): CodeIgniter\Autoloader\Autoloader->loadInNamespace('App\\Models\\Sett...')
#2 [internal function]: CodeIgniter\Autoloader\Autoloader->loadClass('App\\Models\\Sett...')
#3 C:\xampp\htdocs\oee-module_new\app\Controllers\Settings_controller.php(15): spl_autoload_call('App\\Models\\Sett...')
#4 C:\xampp\htdocs\oee-module_new\system\CodeIgniter.php(802): App\Controllers\Settings_controller->__construct()
#5 C:\xampp\htdocs\oee-module_new\system\CodeIgniter.php(403): CodeIgniter\CodeIgniter->createController()
#6 C:\xampp\htdocs\oee-module_new\system\CodeIgniter.php(320): CodeIgniter\CodeIgniter->handleRequest(NULL, Object(Config\Cache), false)
#7 C:\xampp\htdocs\oee-module_new\index.php(37): CodeIgniter\CodeIgniter->run()
#8 {main}
CRITICAL - 2022-06-16 10:19:08 --> syntax error, unexpected ';', expecting ')'
#0 C:\xampp\htdocs\oee-module_new\system\Autoloader\Autoloader.php(241): CodeIgniter\Autoloader\Autoloader->includeFile('C:\\xampp\\htdocs...')
#1 C:\xampp\htdocs\oee-module_new\system\Autoloader\Autoloader.php(219): CodeIgniter\Autoloader\Autoloader->loadInNamespace('App\\Models\\Sett...')
#2 [internal function]: CodeIgniter\Autoloader\Autoloader->loadClass('App\\Models\\Sett...')
#3 C:\xampp\htdocs\oee-module_new\app\Controllers\Settings_controller.php(15): spl_autoload_call('App\\Models\\Sett...')
#4 C:\xampp\htdocs\oee-module_new\system\CodeIgniter.php(802): App\Controllers\Settings_controller->__construct()
#5 C:\xampp\htdocs\oee-module_new\system\CodeIgniter.php(403): CodeIgniter\CodeIgniter->createController()
#6 C:\xampp\htdocs\oee-module_new\system\CodeIgniter.php(320): CodeIgniter\CodeIgniter->handleRequest(NULL, Object(Config\Cache), false)
#7 C:\xampp\htdocs\oee-module_new\index.php(37): CodeIgniter\CodeIgniter->run()
#8 {main}
CRITICAL - 2022-06-16 10:19:08 --> syntax error, unexpected ';', expecting ')'
#0 C:\xampp\htdocs\oee-module_new\system\Autoloader\Autoloader.php(241): CodeIgniter\Autoloader\Autoloader->includeFile('C:\\xampp\\htdocs...')
#1 C:\xampp\htdocs\oee-module_new\system\Autoloader\Autoloader.php(219): CodeIgniter\Autoloader\Autoloader->loadInNamespace('App\\Models\\Sett...')
#2 [internal function]: CodeIgniter\Autoloader\Autoloader->loadClass('App\\Models\\Sett...')
#3 C:\xampp\htdocs\oee-module_new\app\Controllers\Settings_controller.php(15): spl_autoload_call('App\\Models\\Sett...')
#4 C:\xampp\htdocs\oee-module_new\system\CodeIgniter.php(802): App\Controllers\Settings_controller->__construct()
#5 C:\xampp\htdocs\oee-module_new\system\CodeIgniter.php(403): CodeIgniter\CodeIgniter->createController()
#6 C:\xampp\htdocs\oee-module_new\system\CodeIgniter.php(320): CodeIgniter\CodeIgniter->handleRequest(NULL, Object(Config\Cache), false)
#7 C:\xampp\htdocs\oee-module_new\index.php(37): CodeIgniter\CodeIgniter->run()
#8 {main}
CRITICAL - 2022-06-16 10:19:08 --> syntax error, unexpected ';', expecting ')'
#0 C:\xampp\htdocs\oee-module_new\system\Autoloader\Autoloader.php(241): CodeIgniter\Autoloader\Autoloader->includeFile('C:\\xampp\\htdocs...')
#1 C:\xampp\htdocs\oee-module_new\system\Autoloader\Autoloader.php(219): CodeIgniter\Autoloader\Autoloader->loadInNamespace('App\\Models\\Sett...')
#2 [internal function]: CodeIgniter\Autoloader\Autoloader->loadClass('App\\Models\\Sett...')
#3 C:\xampp\htdocs\oee-module_new\app\Controllers\Settings_controller.php(15): spl_autoload_call('App\\Models\\Sett...')
#4 C:\xampp\htdocs\oee-module_new\system\CodeIgniter.php(802): App\Controllers\Settings_controller->__construct()
#5 C:\xampp\htdocs\oee-module_new\system\CodeIgniter.php(403): CodeIgniter\CodeIgniter->createController()
#6 C:\xampp\htdocs\oee-module_new\system\CodeIgniter.php(320): CodeIgniter\CodeIgniter->handleRequest(NULL, Object(Config\Cache), false)
#7 C:\xampp\htdocs\oee-module_new\index.php(37): CodeIgniter\CodeIgniter->run()
#8 {main}
CRITICAL - 2022-06-16 10:19:08 --> syntax error, unexpected ';', expecting ')'
#0 C:\xampp\htdocs\oee-module_new\system\Autoloader\Autoloader.php(241): CodeIgniter\Autoloader\Autoloader->includeFile('C:\\xampp\\htdocs...')
#1 C:\xampp\htdocs\oee-module_new\system\Autoloader\Autoloader.php(219): CodeIgniter\Autoloader\Autoloader->loadInNamespace('App\\Models\\Sett...')
#2 [internal function]: CodeIgniter\Autoloader\Autoloader->loadClass('App\\Models\\Sett...')
#3 C:\xampp\htdocs\oee-module_new\app\Controllers\Settings_controller.php(15): spl_autoload_call('App\\Models\\Sett...')
#4 C:\xampp\htdocs\oee-module_new\system\CodeIgniter.php(802): App\Controllers\Settings_controller->__construct()
#5 C:\xampp\htdocs\oee-module_new\system\CodeIgniter.php(403): CodeIgniter\CodeIgniter->createController()
#6 C:\xampp\htdocs\oee-module_new\system\CodeIgniter.php(320): CodeIgniter\CodeIgniter->handleRequest(NULL, Object(Config\Cache), false)
#7 C:\xampp\htdocs\oee-module_new\index.php(37): CodeIgniter\CodeIgniter->run()
#8 {main}
CRITICAL - 2022-06-16 10:19:08 --> syntax error, unexpected ';', expecting ')'
#0 C:\xampp\htdocs\oee-module_new\system\Autoloader\Autoloader.php(241): CodeIgniter\Autoloader\Autoloader->includeFile('C:\\xampp\\htdocs...')
#1 C:\xampp\htdocs\oee-module_new\system\Autoloader\Autoloader.php(219): CodeIgniter\Autoloader\Autoloader->loadInNamespace('App\\Models\\Sett...')
#2 [internal function]: CodeIgniter\Autoloader\Autoloader->loadClass('App\\Models\\Sett...')
#3 C:\xampp\htdocs\oee-module_new\app\Controllers\Settings_controller.php(15): spl_autoload_call('App\\Models\\Sett...')
#4 C:\xampp\htdocs\oee-module_new\system\CodeIgniter.php(802): App\Controllers\Settings_controller->__construct()
#5 C:\xampp\htdocs\oee-module_new\system\CodeIgniter.php(403): CodeIgniter\CodeIgniter->createController()
#6 C:\xampp\htdocs\oee-module_new\system\CodeIgniter.php(320): CodeIgniter\CodeIgniter->handleRequest(NULL, Object(Config\Cache), false)
#7 C:\xampp\htdocs\oee-module_new\index.php(37): CodeIgniter\CodeIgniter->run()
#8 {main}
CRITICAL - 2022-06-16 10:19:32 --> syntax error, unexpected ';', expecting ')'
#0 C:\xampp\htdocs\oee-module_new\system\Autoloader\Autoloader.php(241): CodeIgniter\Autoloader\Autoloader->includeFile('C:\\xampp\\htdocs...')
#1 C:\xampp\htdocs\oee-module_new\system\Autoloader\Autoloader.php(219): CodeIgniter\Autoloader\Autoloader->loadInNamespace('App\\Models\\Sett...')
#2 [internal function]: CodeIgniter\Autoloader\Autoloader->loadClass('App\\Models\\Sett...')
#3 C:\xampp\htdocs\oee-module_new\app\Controllers\Settings_controller.php(15): spl_autoload_call('App\\Models\\Sett...')
#4 C:\xampp\htdocs\oee-module_new\system\CodeIgniter.php(802): App\Controllers\Settings_controller->__construct()
#5 C:\xampp\htdocs\oee-module_new\system\CodeIgniter.php(403): CodeIgniter\CodeIgniter->createController()
#6 C:\xampp\htdocs\oee-module_new\system\CodeIgniter.php(320): CodeIgniter\CodeIgniter->handleRequest(NULL, Object(Config\Cache), false)
#7 C:\xampp\htdocs\oee-module_new\index.php(37): CodeIgniter\CodeIgniter->run()
#8 {main}
ERROR - 2022-06-16 10:35:42 --> Unknown column 'serial_id' in 'field list'
ERROR - 2022-06-16 10:38:33 --> Unknown column 'serial_id' in 'field list'
ERROR - 2022-06-16 10:39:13 --> Unknown column 'serial_id' in 'field list'
ERROR - 2022-06-16 10:44:31 --> Unknown column 'serial_id' in 'field list'
ERROR - 2022-06-16 10:44:47 --> Unknown column 'serial_id' in 'field list'
ERROR - 2022-06-16 10:44:47 --> Unknown column 'serial_id' in 'field list'
ERROR - 2022-06-16 10:47:53 --> Unknown column 'serial_id' in 'field list'
ERROR - 2022-06-16 12:57:49 --> Column 'site_id' cannot be null
ERROR - 2022-06-16 12:58:50 --> Column 'site_id' cannot be null
ERROR - 2022-06-16 13:00:21 --> Column 'site_id' cannot be null
ERROR - 2022-06-16 13:00:35 --> Unknown column 'last_modified_on' in 'order clause'
CRITICAL - 2022-06-16 13:00:35 --> Call to a member function getResultArray() on bool
#0 C:\xampp\htdocs\oee-module_new\app\Controllers\Financial_Metrics.php(17): App\Models\Financial_Model->getGoalsFinancialData()
#1 C:\xampp\htdocs\oee-module_new\system\CodeIgniter.php(825): App\Controllers\Financial_Metrics->getOverallTarget()
#2 C:\xampp\htdocs\oee-module_new\system\CodeIgniter.php(412): CodeIgniter\CodeIgniter->runController(Object(App\Controllers\Financial_Metrics))
#3 C:\xampp\htdocs\oee-module_new\system\CodeIgniter.php(320): CodeIgniter\CodeIgniter->handleRequest(NULL, Object(Config\Cache), false)
#4 C:\xampp\htdocs\oee-module_new\index.php(37): CodeIgniter\CodeIgniter->run()
#5 {main}
ERROR - 2022-06-16 13:01:37 --> Duplicate entry 'MC1012' for key 'PRIMARY'
ERROR - 2022-06-16 13:02:08 --> Duplicate entry 'MC1012' for key 'PRIMARY'
ERROR - 2022-06-16 13:04:20 --> Duplicate entry 'MC1012' for key 'PRIMARY'
ERROR - 2022-06-16 13:15:14 --> Duplicate entry 'MC1012' for key 'PRIMARY'
ERROR - 2022-06-16 13:16:33 --> Duplicate entry 'MC1012' for key 'PRIMARY'
