CRITICAL - 2022-03-05 01:32:56 --> Undefined variable $val
#0 C:\xampp\htdocs\SmartTech\app\Controllers\Home.php(1088): CodeIgniter\Debug\Exceptions->errorHandler(2, 'Undefined varia...', 'C:\\xampp\\htdocs...', 1088)
#1 C:\xampp\htdocs\SmartTech\system\CodeIgniter.php(825): App\Controllers\Home->getGraph()
#2 C:\xampp\htdocs\SmartTech\system\CodeIgniter.php(412): CodeIgniter\CodeIgniter->runController(Object(App\Controllers\Home))
#3 C:\xampp\htdocs\SmartTech\system\CodeIgniter.php(320): CodeIgniter\CodeIgniter->handleRequest(NULL, Object(Config\Cache), false)
#4 C:\xampp\htdocs\SmartTech\index.php(37): CodeIgniter\CodeIgniter->run()
#5 {main}
CRITICAL - 2022-03-05 01:34:40 --> Undefined variable $val
#0 C:\xampp\htdocs\SmartTech\app\Controllers\Home.php(1088): CodeIgniter\Debug\Exceptions->errorHandler(2, 'Undefined varia...', 'C:\\xampp\\htdocs...', 1088)
#1 C:\xampp\htdocs\SmartTech\system\CodeIgniter.php(825): App\Controllers\Home->getGraph()
#2 C:\xampp\htdocs\SmartTech\system\CodeIgniter.php(412): CodeIgniter\CodeIgniter->runController(Object(App\Controllers\Home))
#3 C:\xampp\htdocs\SmartTech\system\CodeIgniter.php(320): CodeIgniter\CodeIgniter->handleRequest(NULL, Object(Config\Cache), false)
#4 C:\xampp\htdocs\SmartTech\index.php(37): CodeIgniter\CodeIgniter->run()
#5 {main}
CRITICAL - 2022-03-05 01:35:55 --> Undefined variable $val
#0 C:\xampp\htdocs\SmartTech\app\Controllers\Home.php(1088): CodeIgniter\Debug\Exceptions->errorHandler(2, 'Undefined varia...', 'C:\\xampp\\htdocs...', 1088)
#1 C:\xampp\htdocs\SmartTech\system\CodeIgniter.php(825): App\Controllers\Home->getGraph()
#2 C:\xampp\htdocs\SmartTech\system\CodeIgniter.php(412): CodeIgniter\CodeIgniter->runController(Object(App\Controllers\Home))
#3 C:\xampp\htdocs\SmartTech\system\CodeIgniter.php(320): CodeIgniter\CodeIgniter->handleRequest(NULL, Object(Config\Cache), false)
#4 C:\xampp\htdocs\SmartTech\index.php(37): CodeIgniter\CodeIgniter->run()
#5 {main}
CRITICAL - 2022-03-05 01:36:14 --> Undefined variable $val
#0 C:\xampp\htdocs\SmartTech\app\Controllers\Home.php(1088): CodeIgniter\Debug\Exceptions->errorHandler(2, 'Undefined varia...', 'C:\\xampp\\htdocs...', 1088)
#1 C:\xampp\htdocs\SmartTech\system\CodeIgniter.php(825): App\Controllers\Home->getGraph()
#2 C:\xampp\htdocs\SmartTech\system\CodeIgniter.php(412): CodeIgniter\CodeIgniter->runController(Object(App\Controllers\Home))
#3 C:\xampp\htdocs\SmartTech\system\CodeIgniter.php(320): CodeIgniter\CodeIgniter->handleRequest(NULL, Object(Config\Cache), false)
#4 C:\xampp\htdocs\SmartTech\index.php(37): CodeIgniter\CodeIgniter->run()
#5 {main}
CRITICAL - 2022-03-05 01:37:02 --> Undefined variable $val
#0 C:\xampp\htdocs\SmartTech\app\Controllers\Home.php(1088): CodeIgniter\Debug\Exceptions->errorHandler(2, 'Undefined varia...', 'C:\\xampp\\htdocs...', 1088)
#1 C:\xampp\htdocs\SmartTech\system\CodeIgniter.php(825): App\Controllers\Home->getGraph()
#2 C:\xampp\htdocs\SmartTech\system\CodeIgniter.php(412): CodeIgniter\CodeIgniter->runController(Object(App\Controllers\Home))
#3 C:\xampp\htdocs\SmartTech\system\CodeIgniter.php(320): CodeIgniter\CodeIgniter->handleRequest(NULL, Object(Config\Cache), false)
#4 C:\xampp\htdocs\SmartTech\index.php(37): CodeIgniter\CodeIgniter->run()
#5 {main}
CRITICAL - 2022-03-05 05:11:13 --> array_push(): Argument #1 ($array) must be of type array, null given
#0 C:\xampp\htdocs\SmartTech\app\Controllers\Home.php(1146): array_push(NULL, 1323.0)
#1 C:\xampp\htdocs\SmartTech\system\CodeIgniter.php(825): App\Controllers\Home->getGraph()
#2 C:\xampp\htdocs\SmartTech\system\CodeIgniter.php(412): CodeIgniter\CodeIgniter->runController(Object(App\Controllers\Home))
#3 C:\xampp\htdocs\SmartTech\system\CodeIgniter.php(320): CodeIgniter\CodeIgniter->handleRequest(NULL, Object(Config\Cache), false)
#4 C:\xampp\htdocs\SmartTech\index.php(37): CodeIgniter\CodeIgniter->run()
#5 {main}
CRITICAL - 2022-03-05 05:12:44 --> array_push(): Argument #1 ($array) must be of type array, null given
#0 C:\xampp\htdocs\SmartTech\app\Controllers\Home.php(1146): array_push(NULL, 1323.0)
#1 C:\xampp\htdocs\SmartTech\system\CodeIgniter.php(825): App\Controllers\Home->getGraph()
#2 C:\xampp\htdocs\SmartTech\system\CodeIgniter.php(412): CodeIgniter\CodeIgniter->runController(Object(App\Controllers\Home))
#3 C:\xampp\htdocs\SmartTech\system\CodeIgniter.php(320): CodeIgniter\CodeIgniter->handleRequest(NULL, Object(Config\Cache), false)
#4 C:\xampp\htdocs\SmartTech\index.php(37): CodeIgniter\CodeIgniter->run()
#5 {main}
CRITICAL - 2022-03-05 05:14:52 --> Array callback must have exactly two elements
#0 C:\xampp\htdocs\SmartTech\system\CodeIgniter.php(825): App\Controllers\Home->getGraph()
#1 C:\xampp\htdocs\SmartTech\system\CodeIgniter.php(412): CodeIgniter\CodeIgniter->runController(Object(App\Controllers\Home))
#2 C:\xampp\htdocs\SmartTech\system\CodeIgniter.php(320): CodeIgniter\CodeIgniter->handleRequest(NULL, Object(Config\Cache), false)
#3 C:\xampp\htdocs\SmartTech\index.php(37): CodeIgniter\CodeIgniter->run()
#4 {main}
CRITICAL - 2022-03-05 05:14:54 --> Array callback must have exactly two elements
#0 C:\xampp\htdocs\SmartTech\system\CodeIgniter.php(825): App\Controllers\Home->getGraph()
#1 C:\xampp\htdocs\SmartTech\system\CodeIgniter.php(412): CodeIgniter\CodeIgniter->runController(Object(App\Controllers\Home))
#2 C:\xampp\htdocs\SmartTech\system\CodeIgniter.php(320): CodeIgniter\CodeIgniter->handleRequest(NULL, Object(Config\Cache), false)
#3 C:\xampp\htdocs\SmartTech\index.php(37): CodeIgniter\CodeIgniter->run()
#4 {main}
CRITICAL - 2022-03-05 05:17:01 --> syntax error, unexpected token "=>"
#0 C:\xampp\htdocs\SmartTech\system\Router\Router.php(175): CodeIgniter\Router\Router->autoRoute('/Home/getGraph')
#1 C:\xampp\htdocs\SmartTech\system\CodeIgniter.php(719): CodeIgniter\Router\Router->handle('/Home/getGraph')
#2 C:\xampp\htdocs\SmartTech\system\CodeIgniter.php(361): CodeIgniter\CodeIgniter->tryToRouteIt(Object(CodeIgniter\Router\RouteCollection))
#3 C:\xampp\htdocs\SmartTech\system\CodeIgniter.php(320): CodeIgniter\CodeIgniter->handleRequest(NULL, Object(Config\Cache), false)
#4 C:\xampp\htdocs\SmartTech\index.php(37): CodeIgniter\CodeIgniter->run()
#5 {main}
CRITICAL - 2022-03-05 05:38:59 --> Undefined array key "financial_metrics_loss"
#0 C:\xampp\htdocs\SmartTech\app\Views\Financial_FOeeDrillDown.php(125): CodeIgniter\Debug\Exceptions->errorHandler(2, 'Undefined array...', 'C:\\xampp\\htdocs...', 125)
#1 C:\xampp\htdocs\SmartTech\system\View\View.php(210): include('C:\\xampp\\htdocs...')
#2 C:\xampp\htdocs\SmartTech\system\View\View.php(213): CodeIgniter\View\View->CodeIgniter\View\{closure}()
#3 C:\xampp\htdocs\SmartTech\system\Common.php(1089): CodeIgniter\View\View->render('Financial_FOeeD...', Array, true)
#4 C:\xampp\htdocs\SmartTech\app\Views\Grafana_Home.php(182): view('Financial_FOeeD...', Array)
#5 C:\xampp\htdocs\SmartTech\system\View\View.php(210): include('C:\\xampp\\htdocs...')
#6 C:\xampp\htdocs\SmartTech\system\View\View.php(213): CodeIgniter\View\View->CodeIgniter\View\{closure}()
#7 C:\xampp\htdocs\SmartTech\system\Common.php(1089): CodeIgniter\View\View->render('Grafana_Home', Array, true)
#8 C:\xampp\htdocs\SmartTech\app\Controllers\Home.php(35): view('Grafana_Home', Array)
#9 C:\xampp\htdocs\SmartTech\system\CodeIgniter.php(825): App\Controllers\Home->dashboard('Financial_FOeeD...')
#10 C:\xampp\htdocs\SmartTech\system\CodeIgniter.php(412): CodeIgniter\CodeIgniter->runController(Object(App\Controllers\Home))
#11 C:\xampp\htdocs\SmartTech\system\CodeIgniter.php(320): CodeIgniter\CodeIgniter->handleRequest(NULL, Object(Config\Cache), false)
#12 C:\xampp\htdocs\SmartTech\index.php(37): CodeIgniter\CodeIgniter->run()
#13 {main}
CRITICAL - 2022-03-05 05:39:52 --> Undefined array key "financial_metrics_loss"
#0 C:\xampp\htdocs\SmartTech\app\Views\Financial_FOeeDrillDown.php(148): CodeIgniter\Debug\Exceptions->errorHandler(2, 'Undefined array...', 'C:\\xampp\\htdocs...', 148)
#1 C:\xampp\htdocs\SmartTech\system\View\View.php(210): include('C:\\xampp\\htdocs...')
#2 C:\xampp\htdocs\SmartTech\system\View\View.php(213): CodeIgniter\View\View->CodeIgniter\View\{closure}()
#3 C:\xampp\htdocs\SmartTech\system\Common.php(1089): CodeIgniter\View\View->render('Financial_FOeeD...', Array, true)
#4 C:\xampp\htdocs\SmartTech\app\Views\Grafana_Home.php(182): view('Financial_FOeeD...', Array)
#5 C:\xampp\htdocs\SmartTech\system\View\View.php(210): include('C:\\xampp\\htdocs...')
#6 C:\xampp\htdocs\SmartTech\system\View\View.php(213): CodeIgniter\View\View->CodeIgniter\View\{closure}()
#7 C:\xampp\htdocs\SmartTech\system\Common.php(1089): CodeIgniter\View\View->render('Grafana_Home', Array, true)
#8 C:\xampp\htdocs\SmartTech\app\Controllers\Home.php(35): view('Grafana_Home', Array)
#9 C:\xampp\htdocs\SmartTech\system\CodeIgniter.php(825): App\Controllers\Home->dashboard('Financial_FOeeD...')
#10 C:\xampp\htdocs\SmartTech\system\CodeIgniter.php(412): CodeIgniter\CodeIgniter->runController(Object(App\Controllers\Home))
#11 C:\xampp\htdocs\SmartTech\system\CodeIgniter.php(320): CodeIgniter\CodeIgniter->handleRequest(NULL, Object(Config\Cache), false)
#12 C:\xampp\htdocs\SmartTech\index.php(37): CodeIgniter\CodeIgniter->run()
#13 {main}
CRITICAL - 2022-03-05 07:58:13 --> Trying to access array offset on value of type null
#0 C:\xampp\htdocs\SmartTech\app\Views\Settings_Users.php(22): CodeIgniter\Debug\Exceptions->errorHandler(2, 'Trying to acces...', 'C:\\xampp\\htdocs...', 22)
#1 C:\xampp\htdocs\SmartTech\system\View\View.php(210): include('C:\\xampp\\htdocs...')
#2 C:\xampp\htdocs\SmartTech\system\View\View.php(213): CodeIgniter\View\View->CodeIgniter\View\{closure}()
#3 C:\xampp\htdocs\SmartTech\system\Common.php(1089): CodeIgniter\View\View->render('Settings_Users', Array, true)
#4 C:\xampp\htdocs\SmartTech\app\Views\Grafana_Home.php(182): view('Settings_Users', Array)
#5 C:\xampp\htdocs\SmartTech\system\View\View.php(210): include('C:\\xampp\\htdocs...')
#6 C:\xampp\htdocs\SmartTech\system\View\View.php(213): CodeIgniter\View\View->CodeIgniter\View\{closure}()
#7 C:\xampp\htdocs\SmartTech\system\Common.php(1089): CodeIgniter\View\View->render('Grafana_Home', Array, true)
#8 C:\xampp\htdocs\SmartTech\app\Controllers\Home.php(35): view('Grafana_Home', Array)
#9 C:\xampp\htdocs\SmartTech\system\CodeIgniter.php(825): App\Controllers\Home->dashboard('Settings_Users')
#10 C:\xampp\htdocs\SmartTech\system\CodeIgniter.php(412): CodeIgniter\CodeIgniter->runController(Object(App\Controllers\Home))
#11 C:\xampp\htdocs\SmartTech\system\CodeIgniter.php(320): CodeIgniter\CodeIgniter->handleRequest(NULL, Object(Config\Cache), false)
#12 C:\xampp\htdocs\SmartTech\index.php(37): CodeIgniter\CodeIgniter->run()
#13 {main}
CRITICAL - 2022-03-05 07:59:02 --> Trying to access array offset on value of type null
#0 C:\xampp\htdocs\SmartTech\app\Views\Settings_Users.php(22): CodeIgniter\Debug\Exceptions->errorHandler(2, 'Trying to acces...', 'C:\\xampp\\htdocs...', 22)
#1 C:\xampp\htdocs\SmartTech\system\View\View.php(210): include('C:\\xampp\\htdocs...')
#2 C:\xampp\htdocs\SmartTech\system\View\View.php(213): CodeIgniter\View\View->CodeIgniter\View\{closure}()
#3 C:\xampp\htdocs\SmartTech\system\Common.php(1089): CodeIgniter\View\View->render('Settings_Users', Array, true)
#4 C:\xampp\htdocs\SmartTech\app\Views\Grafana_Home.php(182): view('Settings_Users', Array)
#5 C:\xampp\htdocs\SmartTech\system\View\View.php(210): include('C:\\xampp\\htdocs...')
#6 C:\xampp\htdocs\SmartTech\system\View\View.php(213): CodeIgniter\View\View->CodeIgniter\View\{closure}()
#7 C:\xampp\htdocs\SmartTech\system\Common.php(1089): CodeIgniter\View\View->render('Grafana_Home', Array, true)
#8 C:\xampp\htdocs\SmartTech\app\Controllers\Home.php(35): view('Grafana_Home', Array)
#9 C:\xampp\htdocs\SmartTech\system\CodeIgniter.php(825): App\Controllers\Home->dashboard('Settings_Users')
#10 C:\xampp\htdocs\SmartTech\system\CodeIgniter.php(412): CodeIgniter\CodeIgniter->runController(Object(App\Controllers\Home))
#11 C:\xampp\htdocs\SmartTech\system\CodeIgniter.php(320): CodeIgniter\CodeIgniter->handleRequest(NULL, Object(Config\Cache), false)
#12 C:\xampp\htdocs\SmartTech\index.php(37): CodeIgniter\CodeIgniter->run()
#13 {main}
CRITICAL - 2022-03-05 07:59:15 --> Unmatched '}'
#0 C:\xampp\htdocs\SmartTech\system\View\View.php(213): CodeIgniter\View\View->CodeIgniter\View\{closure}()
#1 C:\xampp\htdocs\SmartTech\system\Common.php(1089): CodeIgniter\View\View->render('Settings_Users', Array, true)
#2 C:\xampp\htdocs\SmartTech\app\Views\Grafana_Home.php(182): view('Settings_Users', Array)
#3 C:\xampp\htdocs\SmartTech\system\View\View.php(210): include('C:\\xampp\\htdocs...')
#4 C:\xampp\htdocs\SmartTech\system\View\View.php(213): CodeIgniter\View\View->CodeIgniter\View\{closure}()
#5 C:\xampp\htdocs\SmartTech\system\Common.php(1089): CodeIgniter\View\View->render('Grafana_Home', Array, true)
#6 C:\xampp\htdocs\SmartTech\app\Controllers\Home.php(35): view('Grafana_Home', Array)
#7 C:\xampp\htdocs\SmartTech\system\CodeIgniter.php(825): App\Controllers\Home->dashboard('Settings_Users')
#8 C:\xampp\htdocs\SmartTech\system\CodeIgniter.php(412): CodeIgniter\CodeIgniter->runController(Object(App\Controllers\Home))
#9 C:\xampp\htdocs\SmartTech\system\CodeIgniter.php(320): CodeIgniter\CodeIgniter->handleRequest(NULL, Object(Config\Cache), false)
#10 C:\xampp\htdocs\SmartTech\index.php(37): CodeIgniter\CodeIgniter->run()
#11 {main}
CRITICAL - 2022-03-05 07:59:41 --> Trying to access array offset on value of type null
#0 C:\xampp\htdocs\SmartTech\app\Views\Settings_Users.php(1068): CodeIgniter\Debug\Exceptions->errorHandler(2, 'Trying to acces...', 'C:\\xampp\\htdocs...', 1068)
#1 C:\xampp\htdocs\SmartTech\system\View\View.php(210): include('C:\\xampp\\htdocs...')
#2 C:\xampp\htdocs\SmartTech\system\View\View.php(213): CodeIgniter\View\View->CodeIgniter\View\{closure}()
#3 C:\xampp\htdocs\SmartTech\system\Common.php(1089): CodeIgniter\View\View->render('Settings_Users', Array, true)
#4 C:\xampp\htdocs\SmartTech\app\Views\Grafana_Home.php(182): view('Settings_Users', Array)
#5 C:\xampp\htdocs\SmartTech\system\View\View.php(210): include('C:\\xampp\\htdocs...')
#6 C:\xampp\htdocs\SmartTech\system\View\View.php(213): CodeIgniter\View\View->CodeIgniter\View\{closure}()
#7 C:\xampp\htdocs\SmartTech\system\Common.php(1089): CodeIgniter\View\View->render('Grafana_Home', Array, true)
#8 C:\xampp\htdocs\SmartTech\app\Controllers\Home.php(35): view('Grafana_Home', Array)
#9 C:\xampp\htdocs\SmartTech\system\CodeIgniter.php(825): App\Controllers\Home->dashboard('Settings_Users')
#10 C:\xampp\htdocs\SmartTech\system\CodeIgniter.php(412): CodeIgniter\CodeIgniter->runController(Object(App\Controllers\Home))
#11 C:\xampp\htdocs\SmartTech\system\CodeIgniter.php(320): CodeIgniter\CodeIgniter->handleRequest(NULL, Object(Config\Cache), false)
#12 C:\xampp\htdocs\SmartTech\index.php(37): CodeIgniter\CodeIgniter->run()
#13 {main}
CRITICAL - 2022-03-05 07:59:52 --> Trying to access array offset on value of type null
#0 C:\xampp\htdocs\SmartTech\app\Views\Settings_Users.php(1068): CodeIgniter\Debug\Exceptions->errorHandler(2, 'Trying to acces...', 'C:\\xampp\\htdocs...', 1068)
#1 C:\xampp\htdocs\SmartTech\system\View\View.php(210): include('C:\\xampp\\htdocs...')
#2 C:\xampp\htdocs\SmartTech\system\View\View.php(213): CodeIgniter\View\View->CodeIgniter\View\{closure}()
#3 C:\xampp\htdocs\SmartTech\system\Common.php(1089): CodeIgniter\View\View->render('Settings_Users', Array, true)
#4 C:\xampp\htdocs\SmartTech\app\Views\Grafana_Home.php(182): view('Settings_Users', Array)
#5 C:\xampp\htdocs\SmartTech\system\View\View.php(210): include('C:\\xampp\\htdocs...')
#6 C:\xampp\htdocs\SmartTech\system\View\View.php(213): CodeIgniter\View\View->CodeIgniter\View\{closure}()
#7 C:\xampp\htdocs\SmartTech\system\Common.php(1089): CodeIgniter\View\View->render('Grafana_Home', Array, true)
#8 C:\xampp\htdocs\SmartTech\app\Controllers\Home.php(35): view('Grafana_Home', Array)
#9 C:\xampp\htdocs\SmartTech\system\CodeIgniter.php(825): App\Controllers\Home->dashboard('Settings_Users')
#10 C:\xampp\htdocs\SmartTech\system\CodeIgniter.php(412): CodeIgniter\CodeIgniter->runController(Object(App\Controllers\Home))
#11 C:\xampp\htdocs\SmartTech\system\CodeIgniter.php(320): CodeIgniter\CodeIgniter->handleRequest(NULL, Object(Config\Cache), false)
#12 C:\xampp\htdocs\SmartTech\index.php(37): CodeIgniter\CodeIgniter->run()
#13 {main}
CRITICAL - 2022-03-05 08:02:24 --> Trying to access array offset on value of type null
#0 C:\xampp\htdocs\SmartTech\app\Views\Settings_Users.php(22): CodeIgniter\Debug\Exceptions->errorHandler(2, 'Trying to acces...', 'C:\\xampp\\htdocs...', 22)
#1 C:\xampp\htdocs\SmartTech\system\View\View.php(210): include('C:\\xampp\\htdocs...')
#2 C:\xampp\htdocs\SmartTech\system\View\View.php(213): CodeIgniter\View\View->CodeIgniter\View\{closure}()
#3 C:\xampp\htdocs\SmartTech\system\Common.php(1089): CodeIgniter\View\View->render('Settings_Users', Array, true)
#4 C:\xampp\htdocs\SmartTech\app\Views\Grafana_Home.php(182): view('Settings_Users', Array)
#5 C:\xampp\htdocs\SmartTech\system\View\View.php(210): include('C:\\xampp\\htdocs...')
#6 C:\xampp\htdocs\SmartTech\system\View\View.php(213): CodeIgniter\View\View->CodeIgniter\View\{closure}()
#7 C:\xampp\htdocs\SmartTech\system\Common.php(1089): CodeIgniter\View\View->render('Grafana_Home', Array, true)
#8 C:\xampp\htdocs\SmartTech\app\Controllers\Home.php(35): view('Grafana_Home', Array)
#9 C:\xampp\htdocs\SmartTech\system\CodeIgniter.php(825): App\Controllers\Home->dashboard('Settings_Users')
#10 C:\xampp\htdocs\SmartTech\system\CodeIgniter.php(412): CodeIgniter\CodeIgniter->runController(Object(App\Controllers\Home))
#11 C:\xampp\htdocs\SmartTech\system\CodeIgniter.php(320): CodeIgniter\CodeIgniter->handleRequest(NULL, Object(Config\Cache), false)
#12 C:\xampp\htdocs\SmartTech\index.php(37): CodeIgniter\CodeIgniter->run()
#13 {main}
