CRITICAL - 2022-01-09 00:57:44 -->  route cannot be found while reverse-routing.
#0 C:\xampp\htdocs\Grafana\system\HTTP\RedirectResponse.php(56): CodeIgniter\HTTP\Exceptions\HTTPException::forInvalidRedirectRoute('')
#1 C:\xampp\htdocs\Grafana\system\Common.php(832): CodeIgniter\HTTP\RedirectResponse->route(false)
#2 C:\xampp\htdocs\Grafana\app\Controllers\Grafana.php(11): redirect('http://localhos...')
#3 C:\xampp\htdocs\Grafana\system\CodeIgniter.php(825): App\Controllers\Grafana->index()
#4 C:\xampp\htdocs\Grafana\system\CodeIgniter.php(412): CodeIgniter\CodeIgniter->runController(Object(App\Controllers\Grafana))
#5 C:\xampp\htdocs\Grafana\system\CodeIgniter.php(320): CodeIgniter\CodeIgniter->handleRequest(NULL, Object(Config\Cache), false)
#6 C:\xampp\htdocs\Grafana\index.php(37): CodeIgniter\CodeIgniter->run()
#7 {main}
CRITICAL - 2022-01-09 00:57:50 -->  route cannot be found while reverse-routing.
#0 C:\xampp\htdocs\Grafana\system\HTTP\RedirectResponse.php(56): CodeIgniter\HTTP\Exceptions\HTTPException::forInvalidRedirectRoute('')
#1 C:\xampp\htdocs\Grafana\system\Common.php(832): CodeIgniter\HTTP\RedirectResponse->route(false)
#2 C:\xampp\htdocs\Grafana\app\Controllers\Grafana.php(11): redirect('http://localhos...')
#3 C:\xampp\htdocs\Grafana\system\CodeIgniter.php(825): App\Controllers\Grafana->index()
#4 C:\xampp\htdocs\Grafana\system\CodeIgniter.php(412): CodeIgniter\CodeIgniter->runController(Object(App\Controllers\Grafana))
#5 C:\xampp\htdocs\Grafana\system\CodeIgniter.php(320): CodeIgniter\CodeIgniter->handleRequest(NULL, Object(Config\Cache), false)
#6 C:\xampp\htdocs\Grafana\index.php(37): CodeIgniter\CodeIgniter->run()
#7 {main}
CRITICAL - 2022-01-09 00:58:27 -->  route cannot be found while reverse-routing.
#0 C:\xampp\htdocs\Grafana\system\HTTP\RedirectResponse.php(56): CodeIgniter\HTTP\Exceptions\HTTPException::forInvalidRedirectRoute('')
#1 C:\xampp\htdocs\Grafana\system\Common.php(832): CodeIgniter\HTTP\RedirectResponse->route(false)
#2 C:\xampp\htdocs\Grafana\app\Controllers\Grafana.php(11): redirect('http://localhos...')
#3 C:\xampp\htdocs\Grafana\system\CodeIgniter.php(825): App\Controllers\Grafana->index()
#4 C:\xampp\htdocs\Grafana\system\CodeIgniter.php(412): CodeIgniter\CodeIgniter->runController(Object(App\Controllers\Grafana))
#5 C:\xampp\htdocs\Grafana\system\CodeIgniter.php(320): CodeIgniter\CodeIgniter->handleRequest(NULL, Object(Config\Cache), false)
#6 C:\xampp\htdocs\Grafana\index.php(37): CodeIgniter\CodeIgniter->run()
#7 {main}
CRITICAL - 2022-01-09 00:58:49 --> Undefined array key "select_opt"
#0 C:\xampp\htdocs\Grafana\app\Views\Grafana_Home.php(188): CodeIgniter\Debug\Exceptions->errorHandler(2, 'Undefined array...', 'C:\\xampp\\htdocs...', 188)
#1 C:\xampp\htdocs\Grafana\system\View\View.php(210): include('C:\\xampp\\htdocs...')
#2 C:\xampp\htdocs\Grafana\system\View\View.php(213): CodeIgniter\View\View->CodeIgniter\View\{closure}()
#3 C:\xampp\htdocs\Grafana\system\Common.php(1089): CodeIgniter\View\View->render('Grafana_Home', Array, true)
#4 C:\xampp\htdocs\Grafana\app\Controllers\Grafana.php(9): view('Grafana_Home')
#5 C:\xampp\htdocs\Grafana\system\CodeIgniter.php(825): App\Controllers\Grafana->index()
#6 C:\xampp\htdocs\Grafana\system\CodeIgniter.php(412): CodeIgniter\CodeIgniter->runController(Object(App\Controllers\Grafana))
#7 C:\xampp\htdocs\Grafana\system\CodeIgniter.php(320): CodeIgniter\CodeIgniter->handleRequest(NULL, Object(Config\Cache), false)
#8 C:\xampp\htdocs\Grafana\index.php(37): CodeIgniter\CodeIgniter->run()
#9 {main}
CRITICAL - 2022-01-09 00:58:52 --> Undefined array key "select_opt"
#0 C:\xampp\htdocs\Grafana\app\Views\Grafana_Home.php(188): CodeIgniter\Debug\Exceptions->errorHandler(2, 'Undefined array...', 'C:\\xampp\\htdocs...', 188)
#1 C:\xampp\htdocs\Grafana\system\View\View.php(210): include('C:\\xampp\\htdocs...')
#2 C:\xampp\htdocs\Grafana\system\View\View.php(213): CodeIgniter\View\View->CodeIgniter\View\{closure}()
#3 C:\xampp\htdocs\Grafana\system\Common.php(1089): CodeIgniter\View\View->render('Grafana_Home', Array, true)
#4 C:\xampp\htdocs\Grafana\app\Controllers\Grafana.php(9): view('Grafana_Home')
#5 C:\xampp\htdocs\Grafana\system\CodeIgniter.php(825): App\Controllers\Grafana->index()
#6 C:\xampp\htdocs\Grafana\system\CodeIgniter.php(412): CodeIgniter\CodeIgniter->runController(Object(App\Controllers\Grafana))
#7 C:\xampp\htdocs\Grafana\system\CodeIgniter.php(320): CodeIgniter\CodeIgniter->handleRequest(NULL, Object(Config\Cache), false)
#8 C:\xampp\htdocs\Grafana\index.php(37): CodeIgniter\CodeIgniter->run()
#9 {main}
CRITICAL - 2022-01-09 00:59:36 -->  route cannot be found while reverse-routing.
#0 C:\xampp\htdocs\Grafana\system\HTTP\RedirectResponse.php(56): CodeIgniter\HTTP\Exceptions\HTTPException::forInvalidRedirectRoute('')
#1 C:\xampp\htdocs\Grafana\system\Common.php(832): CodeIgniter\HTTP\RedirectResponse->route(false)
#2 C:\xampp\htdocs\Grafana\app\Controllers\Grafana.php(11): redirect('http://localhos...')
#3 C:\xampp\htdocs\Grafana\system\CodeIgniter.php(825): App\Controllers\Grafana->index()
#4 C:\xampp\htdocs\Grafana\system\CodeIgniter.php(412): CodeIgniter\CodeIgniter->runController(Object(App\Controllers\Grafana))
#5 C:\xampp\htdocs\Grafana\system\CodeIgniter.php(320): CodeIgniter\CodeIgniter->handleRequest(NULL, Object(Config\Cache), false)
#6 C:\xampp\htdocs\Grafana\index.php(37): CodeIgniter\CodeIgniter->run()
#7 {main}
CRITICAL - 2022-01-09 00:59:37 -->  route cannot be found while reverse-routing.
#0 C:\xampp\htdocs\Grafana\system\HTTP\RedirectResponse.php(56): CodeIgniter\HTTP\Exceptions\HTTPException::forInvalidRedirectRoute('')
#1 C:\xampp\htdocs\Grafana\system\Common.php(832): CodeIgniter\HTTP\RedirectResponse->route(false)
#2 C:\xampp\htdocs\Grafana\app\Controllers\Grafana.php(11): redirect('http://localhos...')
#3 C:\xampp\htdocs\Grafana\system\CodeIgniter.php(825): App\Controllers\Grafana->index()
#4 C:\xampp\htdocs\Grafana\system\CodeIgniter.php(412): CodeIgniter\CodeIgniter->runController(Object(App\Controllers\Grafana))
#5 C:\xampp\htdocs\Grafana\system\CodeIgniter.php(320): CodeIgniter\CodeIgniter->handleRequest(NULL, Object(Config\Cache), false)
#6 C:\xampp\htdocs\Grafana\index.php(37): CodeIgniter\CodeIgniter->run()
#7 {main}
CRITICAL - 2022-01-09 01:00:27 -->  route cannot be found while reverse-routing.
#0 C:\xampp\htdocs\Grafana\system\HTTP\RedirectResponse.php(56): CodeIgniter\HTTP\Exceptions\HTTPException::forInvalidRedirectRoute('')
#1 C:\xampp\htdocs\Grafana\system\Common.php(832): CodeIgniter\HTTP\RedirectResponse->route(false)
#2 C:\xampp\htdocs\Grafana\app\Controllers\Grafana.php(11): redirect('http://localhos...')
#3 C:\xampp\htdocs\Grafana\system\CodeIgniter.php(825): App\Controllers\Grafana->index()
#4 C:\xampp\htdocs\Grafana\system\CodeIgniter.php(412): CodeIgniter\CodeIgniter->runController(Object(App\Controllers\Grafana))
#5 C:\xampp\htdocs\Grafana\system\CodeIgniter.php(320): CodeIgniter\CodeIgniter->handleRequest(NULL, Object(Config\Cache), false)
#6 C:\xampp\htdocs\Grafana\index.php(37): CodeIgniter\CodeIgniter->run()
#7 {main}
CRITICAL - 2022-01-09 01:05:04 --> Undefined array key "select_opt"
#0 C:\xampp\htdocs\Grafana\app\Views\Grafana_Home.php(188): CodeIgniter\Debug\Exceptions->errorHandler(2, 'Undefined array...', 'C:\\xampp\\htdocs...', 188)
#1 C:\xampp\htdocs\Grafana\system\View\View.php(210): include('C:\\xampp\\htdocs...')
#2 C:\xampp\htdocs\Grafana\system\View\View.php(213): CodeIgniter\View\View->CodeIgniter\View\{closure}()
#3 C:\xampp\htdocs\Grafana\system\Common.php(1089): CodeIgniter\View\View->render('Grafana_Home', Array, true)
#4 C:\xampp\htdocs\Grafana\app\Controllers\Grafana.php(16): view('Grafana_Home')
#5 C:\xampp\htdocs\Grafana\system\CodeIgniter.php(825): App\Controllers\Grafana->dashboard()
#6 C:\xampp\htdocs\Grafana\system\CodeIgniter.php(412): CodeIgniter\CodeIgniter->runController(Object(App\Controllers\Grafana))
#7 C:\xampp\htdocs\Grafana\system\CodeIgniter.php(320): CodeIgniter\CodeIgniter->handleRequest(NULL, Object(Config\Cache), false)
#8 C:\xampp\htdocs\Grafana\index.php(37): CodeIgniter\CodeIgniter->run()
#9 {main}
CRITICAL - 2022-01-09 01:21:20 --> Undefined property: CodeIgniter\View\View::$load
#0 C:\xampp\htdocs\Grafana\app\Views\Grafana_Home.php(194): CodeIgniter\Debug\Exceptions->errorHandler(2, 'Undefined prope...', 'C:\\xampp\\htdocs...', 194)
#1 C:\xampp\htdocs\Grafana\system\View\View.php(210): include('C:\\xampp\\htdocs...')
#2 C:\xampp\htdocs\Grafana\system\View\View.php(213): CodeIgniter\View\View->CodeIgniter\View\{closure}()
#3 C:\xampp\htdocs\Grafana\system\Common.php(1089): CodeIgniter\View\View->render('Grafana_Home', Array, true)
#4 C:\xampp\htdocs\Grafana\app\Controllers\Grafana.php(16): view('Grafana_Home', Array)
#5 C:\xampp\htdocs\Grafana\system\CodeIgniter.php(825): App\Controllers\Grafana->dashboard('Operator_User_I...')
#6 C:\xampp\htdocs\Grafana\system\CodeIgniter.php(412): CodeIgniter\CodeIgniter->runController(Object(App\Controllers\Grafana))
#7 C:\xampp\htdocs\Grafana\system\CodeIgniter.php(320): CodeIgniter\CodeIgniter->handleRequest(NULL, Object(Config\Cache), false)
#8 C:\xampp\htdocs\Grafana\index.php(37): CodeIgniter\CodeIgniter->run()
#9 {main}
CRITICAL - 2022-01-09 01:21:31 --> Undefined property: CodeIgniter\View\View::$load
#0 C:\xampp\htdocs\Grafana\app\Views\Grafana_Home.php(194): CodeIgniter\Debug\Exceptions->errorHandler(2, 'Undefined prope...', 'C:\\xampp\\htdocs...', 194)
#1 C:\xampp\htdocs\Grafana\system\View\View.php(210): include('C:\\xampp\\htdocs...')
#2 C:\xampp\htdocs\Grafana\system\View\View.php(213): CodeIgniter\View\View->CodeIgniter\View\{closure}()
#3 C:\xampp\htdocs\Grafana\system\Common.php(1089): CodeIgniter\View\View->render('Grafana_Home', Array, true)
#4 C:\xampp\htdocs\Grafana\app\Controllers\Grafana.php(16): view('Grafana_Home', Array)
#5 C:\xampp\htdocs\Grafana\system\CodeIgniter.php(825): App\Controllers\Grafana->dashboard('Current_Shift_P...')
#6 C:\xampp\htdocs\Grafana\system\CodeIgniter.php(412): CodeIgniter\CodeIgniter->runController(Object(App\Controllers\Grafana))
#7 C:\xampp\htdocs\Grafana\system\CodeIgniter.php(320): CodeIgniter\CodeIgniter->handleRequest(NULL, Object(Config\Cache), false)
#8 C:\xampp\htdocs\Grafana\index.php(37): CodeIgniter\CodeIgniter->run()
#9 {main}
CRITICAL - 2022-01-09 01:22:09 --> Undefined property: CodeIgniter\View\View::$load
#0 C:\xampp\htdocs\Grafana\app\Views\Grafana_Home.php(194): CodeIgniter\Debug\Exceptions->errorHandler(2, 'Undefined prope...', 'C:\\xampp\\htdocs...', 194)
#1 C:\xampp\htdocs\Grafana\system\View\View.php(210): include('C:\\xampp\\htdocs...')
#2 C:\xampp\htdocs\Grafana\system\View\View.php(213): CodeIgniter\View\View->CodeIgniter\View\{closure}()
#3 C:\xampp\htdocs\Grafana\system\Common.php(1089): CodeIgniter\View\View->render('Grafana_Home', Array, true)
#4 C:\xampp\htdocs\Grafana\app\Controllers\Grafana.php(16): view('Grafana_Home', Array)
#5 C:\xampp\htdocs\Grafana\system\CodeIgniter.php(825): App\Controllers\Grafana->dashboard('Current_Shift_P...')
#6 C:\xampp\htdocs\Grafana\system\CodeIgniter.php(412): CodeIgniter\CodeIgniter->runController(Object(App\Controllers\Grafana))
#7 C:\xampp\htdocs\Grafana\system\CodeIgniter.php(320): CodeIgniter\CodeIgniter->handleRequest(NULL, Object(Config\Cache), false)
#8 C:\xampp\htdocs\Grafana\index.php(37): CodeIgniter\CodeIgniter->run()
#9 {main}
CRITICAL - 2022-01-09 01:25:09 --> Invalid file: Downtime.php
#0 C:\xampp\htdocs\Grafana\system\View\View.php(198): CodeIgniter\Exceptions\FrameworkException::forInvalidFile('Downtime.php')
#1 C:\xampp\htdocs\Grafana\system\Common.php(1089): CodeIgniter\View\View->render('Downtime', Array, true)
#2 C:\xampp\htdocs\Grafana\app\Views\Grafana_Home.php(194): view('Downtime')
#3 C:\xampp\htdocs\Grafana\system\View\View.php(210): include('C:\\xampp\\htdocs...')
#4 C:\xampp\htdocs\Grafana\system\View\View.php(213): CodeIgniter\View\View->CodeIgniter\View\{closure}()
#5 C:\xampp\htdocs\Grafana\system\Common.php(1089): CodeIgniter\View\View->render('Grafana_Home', Array, true)
#6 C:\xampp\htdocs\Grafana\app\Controllers\Grafana.php(16): view('Grafana_Home', Array)
#7 C:\xampp\htdocs\Grafana\system\CodeIgniter.php(825): App\Controllers\Grafana->dashboard('Downtime')
#8 C:\xampp\htdocs\Grafana\system\CodeIgniter.php(412): CodeIgniter\CodeIgniter->runController(Object(App\Controllers\Grafana))
#9 C:\xampp\htdocs\Grafana\system\CodeIgniter.php(320): CodeIgniter\CodeIgniter->handleRequest(NULL, Object(Config\Cache), false)
#10 C:\xampp\htdocs\Grafana\index.php(37): CodeIgniter\CodeIgniter->run()
#11 {main}
CRITICAL - 2022-01-09 01:25:45 --> Undefined property: CodeIgniter\View\View::$load
#0 C:\xampp\htdocs\Grafana\app\Views\Grafana_Home.php(194): CodeIgniter\Debug\Exceptions->errorHandler(2, 'Undefined prope...', 'C:\\xampp\\htdocs...', 194)
#1 C:\xampp\htdocs\Grafana\system\View\View.php(210): include('C:\\xampp\\htdocs...')
#2 C:\xampp\htdocs\Grafana\system\View\View.php(213): CodeIgniter\View\View->CodeIgniter\View\{closure}()
#3 C:\xampp\htdocs\Grafana\system\Common.php(1089): CodeIgniter\View\View->render('Grafana_Home', Array, true)
#4 C:\xampp\htdocs\Grafana\app\Controllers\Grafana.php(16): view('Grafana_Home', Array)
#5 C:\xampp\htdocs\Grafana\system\CodeIgniter.php(825): App\Controllers\Grafana->dashboard('Current_Shift_P...')
#6 C:\xampp\htdocs\Grafana\system\CodeIgniter.php(412): CodeIgniter\CodeIgniter->runController(Object(App\Controllers\Grafana))
#7 C:\xampp\htdocs\Grafana\system\CodeIgniter.php(320): CodeIgniter\CodeIgniter->handleRequest(NULL, Object(Config\Cache), false)
#8 C:\xampp\htdocs\Grafana\index.php(37): CodeIgniter\CodeIgniter->run()
#9 {main}
CRITICAL - 2022-01-09 01:33:06 --> Undefined property: App\Controllers\Grafana::$load
#0 C:\xampp\htdocs\Grafana\app\Controllers\Grafana.php(18): CodeIgniter\Debug\Exceptions->errorHandler(2, 'Undefined prope...', 'C:\\xampp\\htdocs...', 18)
#1 C:\xampp\htdocs\Grafana\system\CodeIgniter.php(825): App\Controllers\Grafana->dashboard()
#2 C:\xampp\htdocs\Grafana\system\CodeIgniter.php(412): CodeIgniter\CodeIgniter->runController(Object(App\Controllers\Grafana))
#3 C:\xampp\htdocs\Grafana\system\CodeIgniter.php(320): CodeIgniter\CodeIgniter->handleRequest(NULL, Object(Config\Cache), false)
#4 C:\xampp\htdocs\Grafana\index.php(37): CodeIgniter\CodeIgniter->run()
#5 {main}
CRITICAL - 2022-01-09 01:36:52 --> Undefined property: App\Controllers\Grafana::$load
#0 C:\xampp\htdocs\Grafana\app\Controllers\Grafana.php(15): CodeIgniter\Debug\Exceptions->errorHandler(2, 'Undefined prope...', 'C:\\xampp\\htdocs...', 15)
#1 C:\xampp\htdocs\Grafana\system\CodeIgniter.php(825): App\Controllers\Grafana->dashboard()
#2 C:\xampp\htdocs\Grafana\system\CodeIgniter.php(412): CodeIgniter\CodeIgniter->runController(Object(App\Controllers\Grafana))
#3 C:\xampp\htdocs\Grafana\system\CodeIgniter.php(320): CodeIgniter\CodeIgniter->handleRequest(NULL, Object(Config\Cache), false)
#4 C:\xampp\htdocs\Grafana\index.php(37): CodeIgniter\CodeIgniter->run()
#5 {main}
CRITICAL - 2022-01-09 07:32:50 --> Undefined constant "data"
#0 C:\xampp\htdocs\Grafana\system\View\View.php(210): include()
#1 C:\xampp\htdocs\Grafana\system\View\View.php(213): CodeIgniter\View\View->CodeIgniter\View\{closure}()
#2 C:\xampp\htdocs\Grafana\system\Common.php(1089): CodeIgniter\View\View->render('Settings', Array, true)
#3 C:\xampp\htdocs\Grafana\app\Views\Grafana_Home.php(214): view('Settings', Array)
#4 C:\xampp\htdocs\Grafana\system\View\View.php(210): include('C:\\xampp\\htdocs...')
#5 C:\xampp\htdocs\Grafana\system\View\View.php(213): CodeIgniter\View\View->CodeIgniter\View\{closure}()
#6 C:\xampp\htdocs\Grafana\system\Common.php(1089): CodeIgniter\View\View->render('Grafana_Home', Array, true)
#7 C:\xampp\htdocs\Grafana\app\Controllers\Grafana.php(16): view('Grafana_Home', Array)
#8 C:\xampp\htdocs\Grafana\system\CodeIgniter.php(825): App\Controllers\Grafana->dashboard('Settings', 'Settings_Machin...')
#9 C:\xampp\htdocs\Grafana\system\CodeIgniter.php(412): CodeIgniter\CodeIgniter->runController(Object(App\Controllers\Grafana))
#10 C:\xampp\htdocs\Grafana\system\CodeIgniter.php(320): CodeIgniter\CodeIgniter->handleRequest(NULL, Object(Config\Cache), false)
#11 C:\xampp\htdocs\Grafana\index.php(37): CodeIgniter\CodeIgniter->run()
#12 {main}
CRITICAL - 2022-01-09 07:34:34 --> Invalid file: Settings/Settings_Machines.php
#0 C:\xampp\htdocs\Grafana\system\View\View.php(198): CodeIgniter\Exceptions\FrameworkException::forInvalidFile('Settings/Settin...')
#1 C:\xampp\htdocs\Grafana\system\Common.php(1089): CodeIgniter\View\View->render('Settings/Settin...', Array, true)
#2 C:\xampp\htdocs\Grafana\app\Views\Grafana_Home.php(214): view('Settings/Settin...')
#3 C:\xampp\htdocs\Grafana\system\View\View.php(210): include('C:\\xampp\\htdocs...')
#4 C:\xampp\htdocs\Grafana\system\View\View.php(213): CodeIgniter\View\View->CodeIgniter\View\{closure}()
#5 C:\xampp\htdocs\Grafana\system\Common.php(1089): CodeIgniter\View\View->render('Grafana_Home', Array, true)
#6 C:\xampp\htdocs\Grafana\app\Controllers\Grafana.php(16): view('Grafana_Home', Array)
#7 C:\xampp\htdocs\Grafana\system\CodeIgniter.php(825): App\Controllers\Grafana->dashboard('Settings', 'Settings_Machin...')
#8 C:\xampp\htdocs\Grafana\system\CodeIgniter.php(412): CodeIgniter\CodeIgniter->runController(Object(App\Controllers\Grafana))
#9 C:\xampp\htdocs\Grafana\system\CodeIgniter.php(320): CodeIgniter\CodeIgniter->handleRequest(NULL, Object(Config\Cache), false)
#10 C:\xampp\htdocs\Grafana\index.php(37): CodeIgniter\CodeIgniter->run()
#11 {main}
CRITICAL - 2022-01-09 07:34:48 --> Array to string conversion
#0 C:\xampp\htdocs\Grafana\app\Views\Grafana_Home.php(214): CodeIgniter\Debug\Exceptions->errorHandler(2, 'Array to string...', 'C:\\xampp\\htdocs...', 214)
#1 C:\xampp\htdocs\Grafana\system\View\View.php(210): include('C:\\xampp\\htdocs...')
#2 C:\xampp\htdocs\Grafana\system\View\View.php(213): CodeIgniter\View\View->CodeIgniter\View\{closure}()
#3 C:\xampp\htdocs\Grafana\system\Common.php(1089): CodeIgniter\View\View->render('Grafana_Home', Array, true)
#4 C:\xampp\htdocs\Grafana\app\Controllers\Grafana.php(16): view('Grafana_Home', Array)
#5 C:\xampp\htdocs\Grafana\system\CodeIgniter.php(825): App\Controllers\Grafana->dashboard('Settings', 'Settings_Machin...')
#6 C:\xampp\htdocs\Grafana\system\CodeIgniter.php(412): CodeIgniter\CodeIgniter->runController(Object(App\Controllers\Grafana))
#7 C:\xampp\htdocs\Grafana\system\CodeIgniter.php(320): CodeIgniter\CodeIgniter->handleRequest(NULL, Object(Config\Cache), false)
#8 C:\xampp\htdocs\Grafana\index.php(37): CodeIgniter\CodeIgniter->run()
#9 {main}
CRITICAL - 2022-01-09 07:34:50 --> Array to string conversion
#0 C:\xampp\htdocs\Grafana\app\Views\Grafana_Home.php(214): CodeIgniter\Debug\Exceptions->errorHandler(2, 'Array to string...', 'C:\\xampp\\htdocs...', 214)
#1 C:\xampp\htdocs\Grafana\system\View\View.php(210): include('C:\\xampp\\htdocs...')
#2 C:\xampp\htdocs\Grafana\system\View\View.php(213): CodeIgniter\View\View->CodeIgniter\View\{closure}()
#3 C:\xampp\htdocs\Grafana\system\Common.php(1089): CodeIgniter\View\View->render('Grafana_Home', Array, true)
#4 C:\xampp\htdocs\Grafana\app\Controllers\Grafana.php(16): view('Grafana_Home', Array)
#5 C:\xampp\htdocs\Grafana\system\CodeIgniter.php(825): App\Controllers\Grafana->dashboard('Settings', 'Settings_Machin...')
#6 C:\xampp\htdocs\Grafana\system\CodeIgniter.php(412): CodeIgniter\CodeIgniter->runController(Object(App\Controllers\Grafana))
#7 C:\xampp\htdocs\Grafana\system\CodeIgniter.php(320): CodeIgniter\CodeIgniter->handleRequest(NULL, Object(Config\Cache), false)
#8 C:\xampp\htdocs\Grafana\index.php(37): CodeIgniter\CodeIgniter->run()
#9 {main}
CRITICAL - 2022-01-09 07:34:59 --> Invalid file: Settings/.php
#0 C:\xampp\htdocs\Grafana\system\View\View.php(198): CodeIgniter\Exceptions\FrameworkException::forInvalidFile('Settings/.php')
#1 C:\xampp\htdocs\Grafana\system\Common.php(1089): CodeIgniter\View\View->render('Settings/', Array, true)
#2 C:\xampp\htdocs\Grafana\app\Views\Grafana_Home.php(214): view('Settings/', Array)
#3 C:\xampp\htdocs\Grafana\system\View\View.php(210): include('C:\\xampp\\htdocs...')
#4 C:\xampp\htdocs\Grafana\system\View\View.php(213): CodeIgniter\View\View->CodeIgniter\View\{closure}()
#5 C:\xampp\htdocs\Grafana\system\Common.php(1089): CodeIgniter\View\View->render('Grafana_Home', Array, true)
#6 C:\xampp\htdocs\Grafana\app\Controllers\Grafana.php(16): view('Grafana_Home', Array)
#7 C:\xampp\htdocs\Grafana\system\CodeIgniter.php(825): App\Controllers\Grafana->dashboard('Settings', 'Settings_Machin...')
#8 C:\xampp\htdocs\Grafana\system\CodeIgniter.php(412): CodeIgniter\CodeIgniter->runController(Object(App\Controllers\Grafana))
#9 C:\xampp\htdocs\Grafana\system\CodeIgniter.php(320): CodeIgniter\CodeIgniter->handleRequest(NULL, Object(Config\Cache), false)
#10 C:\xampp\htdocs\Grafana\index.php(37): CodeIgniter\CodeIgniter->run()
#11 {main}
CRITICAL - 2022-01-09 07:35:05 --> Invalid file: Settings/.php
#0 C:\xampp\htdocs\Grafana\system\View\View.php(198): CodeIgniter\Exceptions\FrameworkException::forInvalidFile('Settings/.php')
#1 C:\xampp\htdocs\Grafana\system\Common.php(1089): CodeIgniter\View\View->render('Settings/', Array, true)
#2 C:\xampp\htdocs\Grafana\app\Views\Grafana_Home.php(214): view('Settings/', Array)
#3 C:\xampp\htdocs\Grafana\system\View\View.php(210): include('C:\\xampp\\htdocs...')
#4 C:\xampp\htdocs\Grafana\system\View\View.php(213): CodeIgniter\View\View->CodeIgniter\View\{closure}()
#5 C:\xampp\htdocs\Grafana\system\Common.php(1089): CodeIgniter\View\View->render('Grafana_Home', Array, true)
#6 C:\xampp\htdocs\Grafana\app\Controllers\Grafana.php(16): view('Grafana_Home', Array)
#7 C:\xampp\htdocs\Grafana\system\CodeIgniter.php(825): App\Controllers\Grafana->dashboard('Settings')
#8 C:\xampp\htdocs\Grafana\system\CodeIgniter.php(412): CodeIgniter\CodeIgniter->runController(Object(App\Controllers\Grafana))
#9 C:\xampp\htdocs\Grafana\system\CodeIgniter.php(320): CodeIgniter\CodeIgniter->handleRequest(NULL, Object(Config\Cache), false)
#10 C:\xampp\htdocs\Grafana\index.php(37): CodeIgniter\CodeIgniter->run()
#11 {main}
CRITICAL - 2022-01-09 07:35:19 --> Undefined constant "data"
#0 C:\xampp\htdocs\Grafana\system\View\View.php(210): include()
#1 C:\xampp\htdocs\Grafana\system\View\View.php(213): CodeIgniter\View\View->CodeIgniter\View\{closure}()
#2 C:\xampp\htdocs\Grafana\system\Common.php(1089): CodeIgniter\View\View->render('Settings', Array, true)
#3 C:\xampp\htdocs\Grafana\app\Views\Grafana_Home.php(214): view('Settings', Array)
#4 C:\xampp\htdocs\Grafana\system\View\View.php(210): include('C:\\xampp\\htdocs...')
#5 C:\xampp\htdocs\Grafana\system\View\View.php(213): CodeIgniter\View\View->CodeIgniter\View\{closure}()
#6 C:\xampp\htdocs\Grafana\system\Common.php(1089): CodeIgniter\View\View->render('Grafana_Home', Array, true)
#7 C:\xampp\htdocs\Grafana\app\Controllers\Grafana.php(16): view('Grafana_Home', Array)
#8 C:\xampp\htdocs\Grafana\system\CodeIgniter.php(825): App\Controllers\Grafana->dashboard('Settings')
#9 C:\xampp\htdocs\Grafana\system\CodeIgniter.php(412): CodeIgniter\CodeIgniter->runController(Object(App\Controllers\Grafana))
#10 C:\xampp\htdocs\Grafana\system\CodeIgniter.php(320): CodeIgniter\CodeIgniter->handleRequest(NULL, Object(Config\Cache), false)
#11 C:\xampp\htdocs\Grafana\index.php(37): CodeIgniter\CodeIgniter->run()
#12 {main}
CRITICAL - 2022-01-09 07:35:24 --> Undefined constant "data"
#0 C:\xampp\htdocs\Grafana\system\View\View.php(210): include()
#1 C:\xampp\htdocs\Grafana\system\View\View.php(213): CodeIgniter\View\View->CodeIgniter\View\{closure}()
#2 C:\xampp\htdocs\Grafana\system\Common.php(1089): CodeIgniter\View\View->render('Settings', Array, true)
#3 C:\xampp\htdocs\Grafana\app\Views\Grafana_Home.php(214): view('Settings', Array)
#4 C:\xampp\htdocs\Grafana\system\View\View.php(210): include('C:\\xampp\\htdocs...')
#5 C:\xampp\htdocs\Grafana\system\View\View.php(213): CodeIgniter\View\View->CodeIgniter\View\{closure}()
#6 C:\xampp\htdocs\Grafana\system\Common.php(1089): CodeIgniter\View\View->render('Grafana_Home', Array, true)
#7 C:\xampp\htdocs\Grafana\app\Controllers\Grafana.php(16): view('Grafana_Home', Array)
#8 C:\xampp\htdocs\Grafana\system\CodeIgniter.php(825): App\Controllers\Grafana->dashboard('Settings')
#9 C:\xampp\htdocs\Grafana\system\CodeIgniter.php(412): CodeIgniter\CodeIgniter->runController(Object(App\Controllers\Grafana))
#10 C:\xampp\htdocs\Grafana\system\CodeIgniter.php(320): CodeIgniter\CodeIgniter->handleRequest(NULL, Object(Config\Cache), false)
#11 C:\xampp\htdocs\Grafana\index.php(37): CodeIgniter\CodeIgniter->run()
#12 {main}
CRITICAL - 2022-01-09 07:35:48 --> Undefined constant "data"
#0 C:\xampp\htdocs\Grafana\system\View\View.php(210): include()
#1 C:\xampp\htdocs\Grafana\system\View\View.php(213): CodeIgniter\View\View->CodeIgniter\View\{closure}()
#2 C:\xampp\htdocs\Grafana\system\Common.php(1089): CodeIgniter\View\View->render('Settings', Array, true)
#3 C:\xampp\htdocs\Grafana\app\Views\Grafana_Home.php(214): view('Settings', Array)
#4 C:\xampp\htdocs\Grafana\system\View\View.php(210): include('C:\\xampp\\htdocs...')
#5 C:\xampp\htdocs\Grafana\system\View\View.php(213): CodeIgniter\View\View->CodeIgniter\View\{closure}()
#6 C:\xampp\htdocs\Grafana\system\Common.php(1089): CodeIgniter\View\View->render('Grafana_Home', Array, true)
#7 C:\xampp\htdocs\Grafana\app\Controllers\Grafana.php(16): view('Grafana_Home', Array)
#8 C:\xampp\htdocs\Grafana\system\CodeIgniter.php(825): App\Controllers\Grafana->dashboard('Settings')
#9 C:\xampp\htdocs\Grafana\system\CodeIgniter.php(412): CodeIgniter\CodeIgniter->runController(Object(App\Controllers\Grafana))
#10 C:\xampp\htdocs\Grafana\system\CodeIgniter.php(320): CodeIgniter\CodeIgniter->handleRequest(NULL, Object(Config\Cache), false)
#11 C:\xampp\htdocs\Grafana\index.php(37): CodeIgniter\CodeIgniter->run()
#12 {main}
CRITICAL - 2022-01-09 07:37:10 --> Undefined constant "data"
#0 C:\xampp\htdocs\Grafana\system\View\View.php(210): include()
#1 C:\xampp\htdocs\Grafana\system\View\View.php(213): CodeIgniter\View\View->CodeIgniter\View\{closure}()
#2 C:\xampp\htdocs\Grafana\system\Common.php(1089): CodeIgniter\View\View->render('Settings', Array, true)
#3 C:\xampp\htdocs\Grafana\app\Views\Grafana_Home.php(214): view('Settings', Array)
#4 C:\xampp\htdocs\Grafana\system\View\View.php(210): include('C:\\xampp\\htdocs...')
#5 C:\xampp\htdocs\Grafana\system\View\View.php(213): CodeIgniter\View\View->CodeIgniter\View\{closure}()
#6 C:\xampp\htdocs\Grafana\system\Common.php(1089): CodeIgniter\View\View->render('Grafana_Home', Array, true)
#7 C:\xampp\htdocs\Grafana\app\Controllers\Grafana.php(16): view('Grafana_Home', Array)
#8 C:\xampp\htdocs\Grafana\system\CodeIgniter.php(825): App\Controllers\Grafana->dashboard('Settings')
#9 C:\xampp\htdocs\Grafana\system\CodeIgniter.php(412): CodeIgniter\CodeIgniter->runController(Object(App\Controllers\Grafana))
#10 C:\xampp\htdocs\Grafana\system\CodeIgniter.php(320): CodeIgniter\CodeIgniter->handleRequest(NULL, Object(Config\Cache), false)
#11 C:\xampp\htdocs\Grafana\index.php(37): CodeIgniter\CodeIgniter->run()
#12 {main}
