ERROR - 2022-06-19 00:46:20 --> Unknown column 'last_modified_on' in 'order clause'
CRITICAL - 2022-06-19 00:46:20 --> Call to a member function getResultArray() on bool
#0 C:\xampp\htdocs\oee-module_new\app\Controllers\Financial_Metrics.php(17): App\Models\Financial_Model->getGoalsFinancialData()
#1 C:\xampp\htdocs\oee-module_new\system\CodeIgniter.php(825): App\Controllers\Financial_Metrics->getOverallTarget()
#2 C:\xampp\htdocs\oee-module_new\system\CodeIgniter.php(412): CodeIgniter\CodeIgniter->runController(Object(App\Controllers\Financial_Metrics))
#3 C:\xampp\htdocs\oee-module_new\system\CodeIgniter.php(320): CodeIgniter\CodeIgniter->handleRequest(NULL, Object(Config\Cache), false)
#4 C:\xampp\htdocs\oee-module_new\index.php(37): CodeIgniter\CodeIgniter->run()
#5 {main}
ERROR - 2022-06-19 00:46:40 --> Table 'dub.oui_downtime_reasons_default' doesn't exist
ERROR - 2022-06-19 00:46:40 --> Table 'dub.oui_downtime_reasons_default' doesn't exist
CRITICAL - 2022-06-19 00:46:40 --> Call to a member function getResultArray() on bool
#0 C:\xampp\htdocs\oee-module_new\app\Controllers\Financial_Metrics.php(703): App\Models\Financial_Model->downtimeReason()
#1 C:\xampp\htdocs\oee-module_new\system\CodeIgniter.php(825): App\Controllers\Financial_Metrics->getAvailabilityReasonWise()
#2 C:\xampp\htdocs\oee-module_new\system\CodeIgniter.php(412): CodeIgniter\CodeIgniter->runController(Object(App\Controllers\Financial_Metrics))
#3 C:\xampp\htdocs\oee-module_new\system\CodeIgniter.php(320): CodeIgniter\CodeIgniter->handleRequest(NULL, Object(Config\Cache), false)
#4 C:\xampp\htdocs\oee-module_new\index.php(37): CodeIgniter\CodeIgniter->run()
#5 {main}
CRITICAL - 2022-06-19 00:46:40 --> Call to a member function getResultArray() on bool
#0 C:\xampp\htdocs\oee-module_new\app\Controllers\Financial_Metrics.php(66): App\Models\Financial_Model->getDataRaw('2022-05-06', '05:00:00', '2022-06-11', '11:00:00')
#1 C:\xampp\htdocs\oee-module_new\app\Controllers\Financial_Metrics.php(25): App\Controllers\Financial_Metrics->getDataRaw('Overall', '2022-05-06T05:1...', '2022-06-11T11:1...')
#2 C:\xampp\htdocs\oee-module_new\system\CodeIgniter.php(825): App\Controllers\Financial_Metrics->OverallOEETarget()
#3 C:\xampp\htdocs\oee-module_new\system\CodeIgniter.php(412): CodeIgniter\CodeIgniter->runController(Object(App\Controllers\Financial_Metrics))
#4 C:\xampp\htdocs\oee-module_new\system\CodeIgniter.php(320): CodeIgniter\CodeIgniter->handleRequest(NULL, Object(Config\Cache), false)
#5 C:\xampp\htdocs\oee-module_new\index.php(37): CodeIgniter\CodeIgniter->run()
#6 {main}
ERROR - 2022-06-19 00:46:40 --> Table 'dub.oui_downtime_reasons_default' doesn't exist
CRITICAL - 2022-06-19 00:46:40 --> Call to a member function getResultArray() on bool
#0 C:\xampp\htdocs\oee-module_new\app\Controllers\Financial_Metrics.php(66): App\Models\Financial_Model->getDataRaw('2022-05-06', '05:00:00', '2022-06-11', '11:00:00')
#1 C:\xampp\htdocs\oee-module_new\app\Controllers\Financial_Metrics.php(451): App\Controllers\Financial_Metrics->getDataRaw('MachinewiseOEE', '2022-05-06T05:1...', '2022-06-11T11:1...')
#2 C:\xampp\htdocs\oee-module_new\system\CodeIgniter.php(825): App\Controllers\Financial_Metrics->getMachineWiseOEE()
#3 C:\xampp\htdocs\oee-module_new\system\CodeIgniter.php(412): CodeIgniter\CodeIgniter->runController(Object(App\Controllers\Financial_Metrics))
#4 C:\xampp\htdocs\oee-module_new\system\CodeIgniter.php(320): CodeIgniter\CodeIgniter->handleRequest(NULL, Object(Config\Cache), false)
#5 C:\xampp\htdocs\oee-module_new\index.php(37): CodeIgniter\CodeIgniter->run()
#6 {main}
ERROR - 2022-06-19 00:46:40 --> Table 'dub.oui_downtime_reasons_default' doesn't exist
CRITICAL - 2022-06-19 00:46:40 --> Call to a member function getResultArray() on bool
#0 C:\xampp\htdocs\oee-module_new\app\Controllers\Financial_Metrics.php(66): App\Models\Financial_Model->getDataRaw('2022-05-06', '05:00:00', '2022-06-11', '11:00:00')
#1 C:\xampp\htdocs\oee-module_new\app\Controllers\Financial_Metrics.php(949): App\Controllers\Financial_Metrics->getDataRaw('PerformanceOppo...', '2022-05-06T05:1...', '2022-06-11T11:1...')
#2 C:\xampp\htdocs\oee-module_new\system\CodeIgniter.php(825): App\Controllers\Financial_Metrics->performanceOpportunity()
#3 C:\xampp\htdocs\oee-module_new\system\CodeIgniter.php(412): CodeIgniter\CodeIgniter->runController(Object(App\Controllers\Financial_Metrics))
#4 C:\xampp\htdocs\oee-module_new\system\CodeIgniter.php(320): CodeIgniter\CodeIgniter->handleRequest(NULL, Object(Config\Cache), false)
#5 C:\xampp\htdocs\oee-module_new\index.php(37): CodeIgniter\CodeIgniter->run()
#6 {main}
ERROR - 2022-06-19 00:46:40 --> Table 'dub.oui_downtime_reasons_default' doesn't exist
CRITICAL - 2022-06-19 00:46:40 --> Call to a member function getResultArray() on bool
#0 C:\xampp\htdocs\oee-module_new\app\Controllers\Financial_Metrics.php(66): App\Models\Financial_Model->getDataRaw('2022-05-06', '05:00:00', '2022-06-11', '11:00:00')
#1 C:\xampp\htdocs\oee-module_new\app\Controllers\Financial_Metrics.php(775): App\Controllers\Financial_Metrics->getDataRaw('qualityOpportun...', '2022-05-06T05:1...', '2022-06-11T11:1...')
#2 C:\xampp\htdocs\oee-module_new\system\CodeIgniter.php(825): App\Controllers\Financial_Metrics->qualityOpportunity()
#3 C:\xampp\htdocs\oee-module_new\system\CodeIgniter.php(412): CodeIgniter\CodeIgniter->runController(Object(App\Controllers\Financial_Metrics))
#4 C:\xampp\htdocs\oee-module_new\system\CodeIgniter.php(320): CodeIgniter\CodeIgniter->handleRequest(NULL, Object(Config\Cache), false)
#5 C:\xampp\htdocs\oee-module_new\index.php(37): CodeIgniter\CodeIgniter->run()
#6 {main}
CRITICAL - 2022-06-19 22:16:00 --> syntax error, unexpected token "public", expecting end of file
#0 C:\xampp\htdocs\oee-module\system\Autoloader\Autoloader.php(241): CodeIgniter\Autoloader\Autoloader->includeFile('C:\\xampp\\htdocs...')
#1 C:\xampp\htdocs\oee-module\system\Autoloader\Autoloader.php(219): CodeIgniter\Autoloader\Autoloader->loadInNamespace('App\\Controllers...')
#2 [internal function]: CodeIgniter\Autoloader\Autoloader->loadClass('App\\Controllers...')
#3 C:\xampp\htdocs\oee-module\system\CodeIgniter.php(790): class_exists('\\App\\Controller...', true)
#4 C:\xampp\htdocs\oee-module\system\CodeIgniter.php(399): CodeIgniter\CodeIgniter->startController()
#5 C:\xampp\htdocs\oee-module\system\CodeIgniter.php(320): CodeIgniter\CodeIgniter->handleRequest(NULL, Object(Config\Cache), false)
#6 C:\xampp\htdocs\oee-module\index.php(37): CodeIgniter\CodeIgniter->run()
#7 {main}
CRITICAL - 2022-06-19 22:18:35 --> Call to a member function table() on null
#0 C:\xampp\htdocs\oee-module\app\Controllers\Home.php(4633): App\Models\MainModel->findSplit('ME1007')
#1 C:\xampp\htdocs\oee-module\system\CodeIgniter.php(825): App\Controllers\Home->findSplit()
#2 C:\xampp\htdocs\oee-module\system\CodeIgniter.php(412): CodeIgniter\CodeIgniter->runController(Object(App\Controllers\Home))
#3 C:\xampp\htdocs\oee-module\system\CodeIgniter.php(320): CodeIgniter\CodeIgniter->handleRequest(NULL, Object(Config\Cache), false)
#4 C:\xampp\htdocs\oee-module\index.php(37): CodeIgniter\CodeIgniter->run()
#5 {main}
CRITICAL - 2022-06-19 22:21:47 --> Call to a member function table() on null
#0 C:\xampp\htdocs\oee-module\app\Controllers\Home.php(4633): App\Models\MainModel->findSplit('ME1007')
#1 C:\xampp\htdocs\oee-module\system\CodeIgniter.php(825): App\Controllers\Home->findSplit()
#2 C:\xampp\htdocs\oee-module\system\CodeIgniter.php(412): CodeIgniter\CodeIgniter->runController(Object(App\Controllers\Home))
#3 C:\xampp\htdocs\oee-module\system\CodeIgniter.php(320): CodeIgniter\CodeIgniter->handleRequest(NULL, Object(Config\Cache), false)
#4 C:\xampp\htdocs\oee-module\index.php(37): CodeIgniter\CodeIgniter->run()
#5 {main}
CRITICAL - 2022-06-19 22:21:58 --> Call to a member function table() on null
#0 C:\xampp\htdocs\oee-module\app\Controllers\Home.php(4633): App\Models\MainModel->findSplit('ME1007')
#1 C:\xampp\htdocs\oee-module\system\CodeIgniter.php(825): App\Controllers\Home->findSplit()
#2 C:\xampp\htdocs\oee-module\system\CodeIgniter.php(412): CodeIgniter\CodeIgniter->runController(Object(App\Controllers\Home))
#3 C:\xampp\htdocs\oee-module\system\CodeIgniter.php(320): CodeIgniter\CodeIgniter->handleRequest(NULL, Object(Config\Cache), false)
#4 C:\xampp\htdocs\oee-module\index.php(37): CodeIgniter\CodeIgniter->run()
#5 {main}
CRITICAL - 2022-06-19 22:22:48 --> Call to a member function table() on null
#0 C:\xampp\htdocs\oee-module\app\Controllers\Home.php(4633): App\Models\MainModel->findSplit('ME1007')
#1 C:\xampp\htdocs\oee-module\system\CodeIgniter.php(825): App\Controllers\Home->findSplit()
#2 C:\xampp\htdocs\oee-module\system\CodeIgniter.php(412): CodeIgniter\CodeIgniter->runController(Object(App\Controllers\Home))
#3 C:\xampp\htdocs\oee-module\system\CodeIgniter.php(320): CodeIgniter\CodeIgniter->handleRequest(NULL, Object(Config\Cache), false)
#4 C:\xampp\htdocs\oee-module\index.php(37): CodeIgniter\CodeIgniter->run()
#5 {main}
ERROR - 2022-06-19 22:24:11 --> Error connecting to the database: Unknown database 'dub'
CRITICAL - 2022-06-19 22:24:11 --> Unable to connect to the database.
Main connection [MySQLi]: Unknown database 'dub'
#0 C:\xampp\htdocs\oee-module\system\Database\BaseConnection.php(577): CodeIgniter\Database\BaseConnection->initialize()
#1 C:\xampp\htdocs\oee-module\system\Database\BaseBuilder.php(1455): CodeIgniter\Database\BaseConnection->query('SELECT DISTINCT...', Array, false)
#2 C:\xampp\htdocs\oee-module\app\Models\PDM_Model.php(45): CodeIgniter\Database\BaseBuilder->get()
#3 C:\xampp\htdocs\oee-module\app\Controllers\PDM_controller.php(101): App\Models\PDM_Model->getRejectionPart()
#4 C:\xampp\htdocs\oee-module\system\CodeIgniter.php(825): App\Controllers\PDM_controller->getRejectionPart()
#5 C:\xampp\htdocs\oee-module\system\CodeIgniter.php(412): CodeIgniter\CodeIgniter->runController(Object(App\Controllers\PDM_controller))
#6 C:\xampp\htdocs\oee-module\system\CodeIgniter.php(320): CodeIgniter\CodeIgniter->handleRequest(NULL, Object(Config\Cache), false)
#7 C:\xampp\htdocs\oee-module\index.php(37): CodeIgniter\CodeIgniter->run()
#8 {main}
ERROR - 2022-06-19 22:25:42 --> Error connecting to the database: Unknown database 'dub'
CRITICAL - 2022-06-19 22:25:42 --> Unable to connect to the database.
Main connection [MySQLi]: Unknown database 'dub'
#0 C:\xampp\htdocs\oee-module\system\Database\BaseConnection.php(577): CodeIgniter\Database\BaseConnection->initialize()
#1 C:\xampp\htdocs\oee-module\system\Database\BaseBuilder.php(1455): CodeIgniter\Database\BaseConnection->query('SELECT DISTINCT...', Array, false)
#2 C:\xampp\htdocs\oee-module\app\Models\PDM_Model.php(45): CodeIgniter\Database\BaseBuilder->get()
#3 C:\xampp\htdocs\oee-module\app\Controllers\PDM_controller.php(101): App\Models\PDM_Model->getRejectionPart()
#4 C:\xampp\htdocs\oee-module\system\CodeIgniter.php(825): App\Controllers\PDM_controller->getRejectionPart()
#5 C:\xampp\htdocs\oee-module\system\CodeIgniter.php(412): CodeIgniter\CodeIgniter->runController(Object(App\Controllers\PDM_controller))
#6 C:\xampp\htdocs\oee-module\system\CodeIgniter.php(320): CodeIgniter\CodeIgniter->handleRequest(NULL, Object(Config\Cache), false)
#7 C:\xampp\htdocs\oee-module\index.php(37): CodeIgniter\CodeIgniter->run()
#8 {main}
ERROR - 2022-06-19 22:27:09 --> Error connecting to the database: Unknown database 'dub'
CRITICAL - 2022-06-19 22:27:09 --> Unable to connect to the database.
Main connection [MySQLi]: Unknown database 'dub'
#0 C:\xampp\htdocs\oee-module\system\Database\BaseConnection.php(577): CodeIgniter\Database\BaseConnection->initialize()
#1 C:\xampp\htdocs\oee-module\system\Database\BaseBuilder.php(1455): CodeIgniter\Database\BaseConnection->query('SELECT DISTINCT...', Array, false)
#2 C:\xampp\htdocs\oee-module\app\Models\PDM_Model.php(45): CodeIgniter\Database\BaseBuilder->get()
#3 C:\xampp\htdocs\oee-module\app\Controllers\PDM_controller.php(101): App\Models\PDM_Model->getRejectionPart()
#4 C:\xampp\htdocs\oee-module\system\CodeIgniter.php(825): App\Controllers\PDM_controller->getRejectionPart()
#5 C:\xampp\htdocs\oee-module\system\CodeIgniter.php(412): CodeIgniter\CodeIgniter->runController(Object(App\Controllers\PDM_controller))
#6 C:\xampp\htdocs\oee-module\system\CodeIgniter.php(320): CodeIgniter\CodeIgniter->handleRequest(NULL, Object(Config\Cache), false)
#7 C:\xampp\htdocs\oee-module\index.php(37): CodeIgniter\CodeIgniter->run()
#8 {main}
CRITICAL - 2022-06-19 22:32:10 --> Undefined array key "part_id"
#0 C:\xampp\htdocs\oee-module\app\Models\PDM_Model.php(199): CodeIgniter\Debug\Exceptions->errorHandler(2, 'Undefined array...', 'C:\\xampp\\htdocs...', 199)
#1 C:\xampp\htdocs\oee-module\app\Controllers\PDM_controller.php(127): App\Models\PDM_Model->getRejectionData(Array)
#2 C:\xampp\htdocs\oee-module\system\CodeIgniter.php(825): App\Controllers\PDM_controller->getRejectionData()
#3 C:\xampp\htdocs\oee-module\system\CodeIgniter.php(412): CodeIgniter\CodeIgniter->runController(Object(App\Controllers\PDM_controller))
#4 C:\xampp\htdocs\oee-module\system\CodeIgniter.php(320): CodeIgniter\CodeIgniter->handleRequest(NULL, Object(Config\Cache), false)
#5 C:\xampp\htdocs\oee-module\index.php(37): CodeIgniter\CodeIgniter->run()
#6 {main}
