CRITICAL - 2022-03-10 01:29:06 --> Undefined variable $build
#0 C:\xampp\htdocs\SmartTech\app\Models\MainModel.php(1112): CodeIgniter\Debug\Exceptions->errorHandler(2, 'Undefined varia...', 'C:\\xampp\\htdocs...', 1112)
#1 C:\xampp\htdocs\SmartTech\app\Controllers\Home.php(1116): App\Models\MainModel->updateUserData(Array, 'Operator')
#2 C:\xampp\htdocs\SmartTech\system\CodeIgniter.php(825): App\Controllers\Home->updateUserData()
#3 C:\xampp\htdocs\SmartTech\system\CodeIgniter.php(412): CodeIgniter\CodeIgniter->runController(Object(App\Controllers\Home))
#4 C:\xampp\htdocs\SmartTech\system\CodeIgniter.php(320): CodeIgniter\CodeIgniter->handleRequest(NULL, Object(Config\Cache), false)
#5 C:\xampp\htdocs\SmartTech\index.php(37): CodeIgniter\CodeIgniter->run()
#6 {main}
CRITICAL - 2022-03-10 03:11:47 --> Undefined array key 1
#0 C:\xampp\htdocs\SmartTech\app\Models\MainModel.php(629): CodeIgniter\Debug\Exceptions->errorHandler(2, 'Undefined array...', 'C:\\xampp\\htdocs...', 629)
#1 C:\xampp\htdocs\SmartTech\app\Controllers\Home.php(1139): App\Models\MainModel->getSiteUser('manikanmani2000...')
#2 C:\xampp\htdocs\SmartTech\system\CodeIgniter.php(825): App\Controllers\Home->getSiteUser()
#3 C:\xampp\htdocs\SmartTech\system\CodeIgniter.php(412): CodeIgniter\CodeIgniter->runController(Object(App\Controllers\Home))
#4 C:\xampp\htdocs\SmartTech\system\CodeIgniter.php(320): CodeIgniter\CodeIgniter->handleRequest(NULL, Object(Config\Cache), false)
#5 C:\xampp\htdocs\SmartTech\index.php(37): CodeIgniter\CodeIgniter->run()
#6 {main}
CRITICAL - 2022-03-10 03:12:18 --> Undefined array key 2
#0 C:\xampp\htdocs\SmartTech\app\Models\MainModel.php(629): CodeIgniter\Debug\Exceptions->errorHandler(2, 'Undefined array...', 'C:\\xampp\\htdocs...', 629)
#1 C:\xampp\htdocs\SmartTech\app\Controllers\Home.php(1139): App\Models\MainModel->getSiteUser('admin@gmail.com')
#2 C:\xampp\htdocs\SmartTech\system\CodeIgniter.php(825): App\Controllers\Home->getSiteUser()
#3 C:\xampp\htdocs\SmartTech\system\CodeIgniter.php(412): CodeIgniter\CodeIgniter->runController(Object(App\Controllers\Home))
#4 C:\xampp\htdocs\SmartTech\system\CodeIgniter.php(320): CodeIgniter\CodeIgniter->handleRequest(NULL, Object(Config\Cache), false)
#5 C:\xampp\htdocs\SmartTech\index.php(37): CodeIgniter\CodeIgniter->run()
#6 {main}
CRITICAL - 2022-03-10 03:13:14 --> Unclosed '[' does not match ')'
#0 C:\xampp\htdocs\SmartTech\system\Autoloader\Autoloader.php(241): CodeIgniter\Autoloader\Autoloader->includeFile('C:\\xampp\\htdocs...')
#1 C:\xampp\htdocs\SmartTech\system\Autoloader\Autoloader.php(219): CodeIgniter\Autoloader\Autoloader->loadInNamespace('App\\Models\\Main...')
#2 C:\xampp\htdocs\SmartTech\app\Controllers\Home.php(14): CodeIgniter\Autoloader\Autoloader->loadClass('App\\Models\\Main...')
#3 C:\xampp\htdocs\SmartTech\system\CodeIgniter.php(802): App\Controllers\Home->__construct()
#4 C:\xampp\htdocs\SmartTech\system\CodeIgniter.php(403): CodeIgniter\CodeIgniter->createController()
#5 C:\xampp\htdocs\SmartTech\system\CodeIgniter.php(320): CodeIgniter\CodeIgniter->handleRequest(NULL, Object(Config\Cache), false)
#6 C:\xampp\htdocs\SmartTech\index.php(37): CodeIgniter\CodeIgniter->run()
#7 {main}
CRITICAL - 2022-03-10 04:04:55 --> Undefined array key 4
#0 C:\xampp\htdocs\SmartTech\app\Models\MainModel.php(657): CodeIgniter\Debug\Exceptions->errorHandler(2, 'Undefined array...', 'C:\\xampp\\htdocs...', 657)
#1 C:\xampp\htdocs\SmartTech\app\Controllers\Home.php(1139): App\Models\MainModel->getSiteUser('admin@gmail.com')
#2 C:\xampp\htdocs\SmartTech\system\CodeIgniter.php(825): App\Controllers\Home->getSiteUser()
#3 C:\xampp\htdocs\SmartTech\system\CodeIgniter.php(412): CodeIgniter\CodeIgniter->runController(Object(App\Controllers\Home))
#4 C:\xampp\htdocs\SmartTech\system\CodeIgniter.php(320): CodeIgniter\CodeIgniter->handleRequest(NULL, Object(Config\Cache), false)
#5 C:\xampp\htdocs\SmartTech\index.php(37): CodeIgniter\CodeIgniter->run()
#6 {main}
CRITICAL - 2022-03-10 04:05:17 --> Undefined array key 4
#0 C:\xampp\htdocs\SmartTech\app\Models\MainModel.php(657): CodeIgniter\Debug\Exceptions->errorHandler(2, 'Undefined array...', 'C:\\xampp\\htdocs...', 657)
#1 C:\xampp\htdocs\SmartTech\app\Controllers\Home.php(1139): App\Models\MainModel->getSiteUser('admin@gmail.com')
#2 C:\xampp\htdocs\SmartTech\system\CodeIgniter.php(825): App\Controllers\Home->getSiteUser()
#3 C:\xampp\htdocs\SmartTech\system\CodeIgniter.php(412): CodeIgniter\CodeIgniter->runController(Object(App\Controllers\Home))
#4 C:\xampp\htdocs\SmartTech\system\CodeIgniter.php(320): CodeIgniter\CodeIgniter->handleRequest(NULL, Object(Config\Cache), false)
#5 C:\xampp\htdocs\SmartTech\index.php(37): CodeIgniter\CodeIgniter->run()
#6 {main}
CRITICAL - 2022-03-10 05:03:37 --> Undefined array key "Site_Name"
#0 C:\xampp\htdocs\SmartTech\app\Views\Settings_Users.php(1317): CodeIgniter\Debug\Exceptions->errorHandler(2, 'Undefined array...', 'C:\\xampp\\htdocs...', 1317)
#1 C:\xampp\htdocs\SmartTech\system\View\View.php(210): include('C:\\xampp\\htdocs...')
#2 C:\xampp\htdocs\SmartTech\system\View\View.php(213): CodeIgniter\View\View->CodeIgniter\View\{closure}()
#3 C:\xampp\htdocs\SmartTech\system\Common.php(1089): CodeIgniter\View\View->render('Settings_Users', Array, true)
#4 C:\xampp\htdocs\SmartTech\app\Views\Grafana_Home.php(183): view('Settings_Users', Array)
#5 C:\xampp\htdocs\SmartTech\system\View\View.php(210): include('C:\\xampp\\htdocs...')
#6 C:\xampp\htdocs\SmartTech\system\View\View.php(213): CodeIgniter\View\View->CodeIgniter\View\{closure}()
#7 C:\xampp\htdocs\SmartTech\system\Common.php(1089): CodeIgniter\View\View->render('Grafana_Home', Array, true)
#8 C:\xampp\htdocs\SmartTech\app\Controllers\Home.php(36): view('Grafana_Home', Array)
#9 C:\xampp\htdocs\SmartTech\system\CodeIgniter.php(825): App\Controllers\Home->dashboard('Settings_Users')
#10 C:\xampp\htdocs\SmartTech\system\CodeIgniter.php(412): CodeIgniter\CodeIgniter->runController(Object(App\Controllers\Home))
#11 C:\xampp\htdocs\SmartTech\system\CodeIgniter.php(320): CodeIgniter\CodeIgniter->handleRequest(NULL, Object(Config\Cache), false)
#12 C:\xampp\htdocs\SmartTech\index.php(37): CodeIgniter\CodeIgniter->run()
#13 {main}
CRITICAL - 2022-03-10 06:01:56 --> syntax error, unexpected token "}", expecting ";"
#0 C:\xampp\htdocs\SmartTech\system\Autoloader\Autoloader.php(241): CodeIgniter\Autoloader\Autoloader->includeFile('C:\\xampp\\htdocs...')
#1 C:\xampp\htdocs\SmartTech\system\Autoloader\Autoloader.php(219): CodeIgniter\Autoloader\Autoloader->loadInNamespace('App\\Models\\Main...')
#2 C:\xampp\htdocs\SmartTech\app\Controllers\Home.php(14): CodeIgniter\Autoloader\Autoloader->loadClass('App\\Models\\Main...')
#3 C:\xampp\htdocs\SmartTech\system\CodeIgniter.php(802): App\Controllers\Home->__construct()
#4 C:\xampp\htdocs\SmartTech\system\CodeIgniter.php(403): CodeIgniter\CodeIgniter->createController()
#5 C:\xampp\htdocs\SmartTech\system\CodeIgniter.php(320): CodeIgniter\CodeIgniter->handleRequest(NULL, Object(Config\Cache), false)
#6 C:\xampp\htdocs\SmartTech\index.php(37): CodeIgniter\CodeIgniter->run()
#7 {main}
CRITICAL - 2022-03-10 06:41:32 --> syntax error, unexpected token "echo", expecting "function" or "const"
#0 C:\xampp\htdocs\SmartTech\system\Router\Router.php(175): CodeIgniter\Router\Router->autoRoute('/Home/dashboard...')
#1 C:\xampp\htdocs\SmartTech\system\CodeIgniter.php(719): CodeIgniter\Router\Router->handle('/Home/dashboard...')
#2 C:\xampp\htdocs\SmartTech\system\CodeIgniter.php(361): CodeIgniter\CodeIgniter->tryToRouteIt(Object(CodeIgniter\Router\RouteCollection))
#3 C:\xampp\htdocs\SmartTech\system\CodeIgniter.php(320): CodeIgniter\CodeIgniter->handleRequest(NULL, Object(Config\Cache), false)
#4 C:\xampp\htdocs\SmartTech\index.php(37): CodeIgniter\CodeIgniter->run()
#5 {main}
CRITICAL - 2022-03-10 06:42:41 --> Call to undefined function App\Controllers\random_color()
#0 C:\xampp\htdocs\SmartTech\system\CodeIgniter.php(825): App\Controllers\Home->color()
#1 C:\xampp\htdocs\SmartTech\system\CodeIgniter.php(412): CodeIgniter\CodeIgniter->runController(Object(App\Controllers\Home))
#2 C:\xampp\htdocs\SmartTech\system\CodeIgniter.php(320): CodeIgniter\CodeIgniter->handleRequest(NULL, Object(Config\Cache), false)
#3 C:\xampp\htdocs\SmartTech\index.php(37): CodeIgniter\CodeIgniter->run()
#4 {main}
CRITICAL - 2022-03-10 06:43:06 --> Call to undefined function App\Controllers\random_color_part()
#0 C:\xampp\htdocs\SmartTech\app\Controllers\Home.php(1380): App\Controllers\Home->random_color()
#1 C:\xampp\htdocs\SmartTech\system\CodeIgniter.php(825): App\Controllers\Home->color()
#2 C:\xampp\htdocs\SmartTech\system\CodeIgniter.php(412): CodeIgniter\CodeIgniter->runController(Object(App\Controllers\Home))
#3 C:\xampp\htdocs\SmartTech\system\CodeIgniter.php(320): CodeIgniter\CodeIgniter->handleRequest(NULL, Object(Config\Cache), false)
#4 C:\xampp\htdocs\SmartTech\index.php(37): CodeIgniter\CodeIgniter->run()
#5 {main}
CRITICAL - 2022-03-10 06:43:24 --> Call to undefined function App\Controllers\random_color_part()
#0 C:\xampp\htdocs\SmartTech\app\Controllers\Home.php(1380): App\Controllers\Home->random_color()
#1 C:\xampp\htdocs\SmartTech\system\CodeIgniter.php(825): App\Controllers\Home->color()
#2 C:\xampp\htdocs\SmartTech\system\CodeIgniter.php(412): CodeIgniter\CodeIgniter->runController(Object(App\Controllers\Home))
#3 C:\xampp\htdocs\SmartTech\system\CodeIgniter.php(320): CodeIgniter\CodeIgniter->handleRequest(NULL, Object(Config\Cache), false)
#4 C:\xampp\htdocs\SmartTech\index.php(37): CodeIgniter\CodeIgniter->run()
#5 {main}
