ERROR - 2022-01-30 05:35:27 --> Error connecting to the database: No connection could be made because the target machine actively refused it
CRITICAL - 2022-01-30 05:35:27 --> Unable to connect to the database.
Main connection [MySQLi]: No connection could be made because the target machine actively refused it
#0 C:\xampp\htdocs\Grafana\system\Database\BaseConnection.php(577): CodeIgniter\Database\BaseConnection->initialize()
#1 C:\xampp\htdocs\Grafana\app\Models\MainModel.php(64): CodeIgniter\Database\BaseConnection->query('SELECT * FROM R...')
#2 C:\xampp\htdocs\Grafana\app\Controllers\Grafana.php(23): App\Models\MainModel->get_Raw_Data_Export()
#3 C:\xampp\htdocs\Grafana\system\CodeIgniter.php(825): App\Controllers\Grafana->dashboard()
#4 C:\xampp\htdocs\Grafana\system\CodeIgniter.php(412): CodeIgniter\CodeIgniter->runController(Object(App\Controllers\Grafana))
#5 C:\xampp\htdocs\Grafana\system\CodeIgniter.php(320): CodeIgniter\CodeIgniter->handleRequest(NULL, Object(Config\Cache), false)
#6 C:\xampp\htdocs\Grafana\index.php(37): CodeIgniter\CodeIgniter->run()
#7 {main}
ERROR - 2022-01-30 05:37:06 --> Error connecting to the database: No connection could be made because the target machine actively refused it
CRITICAL - 2022-01-30 05:37:06 --> Unable to connect to the database.
Main connection [MySQLi]: No connection could be made because the target machine actively refused it
#0 C:\xampp\htdocs\Grafana\system\Database\BaseConnection.php(577): CodeIgniter\Database\BaseConnection->initialize()
#1 C:\xampp\htdocs\Grafana\app\Models\MainModel.php(64): CodeIgniter\Database\BaseConnection->query('SELECT * FROM R...')
#2 C:\xampp\htdocs\Grafana\app\Controllers\Grafana.php(23): App\Models\MainModel->get_Raw_Data_Export()
#3 C:\xampp\htdocs\Grafana\system\CodeIgniter.php(825): App\Controllers\Grafana->dashboard()
#4 C:\xampp\htdocs\Grafana\system\CodeIgniter.php(412): CodeIgniter\CodeIgniter->runController(Object(App\Controllers\Grafana))
#5 C:\xampp\htdocs\Grafana\system\CodeIgniter.php(320): CodeIgniter\CodeIgniter->handleRequest(NULL, Object(Config\Cache), false)
#6 C:\xampp\htdocs\Grafana\index.php(37): CodeIgniter\CodeIgniter->run()
#7 {main}
ERROR - 2022-01-30 05:37:21 --> Error connecting to the database: No connection could be made because the target machine actively refused it
CRITICAL - 2022-01-30 05:37:21 --> Unable to connect to the database.
Main connection [MySQLi]: No connection could be made because the target machine actively refused it
#0 C:\xampp\htdocs\Grafana\system\Database\BaseConnection.php(577): CodeIgniter\Database\BaseConnection->initialize()
#1 C:\xampp\htdocs\Grafana\app\Models\MainModel.php(64): CodeIgniter\Database\BaseConnection->query('SELECT * FROM R...')
#2 C:\xampp\htdocs\Grafana\app\Controllers\Grafana.php(23): App\Models\MainModel->get_Raw_Data_Export()
#3 C:\xampp\htdocs\Grafana\system\CodeIgniter.php(825): App\Controllers\Grafana->dashboard()
#4 C:\xampp\htdocs\Grafana\system\CodeIgniter.php(412): CodeIgniter\CodeIgniter->runController(Object(App\Controllers\Grafana))
#5 C:\xampp\htdocs\Grafana\system\CodeIgniter.php(320): CodeIgniter\CodeIgniter->handleRequest(NULL, Object(Config\Cache), false)
#6 C:\xampp\htdocs\Grafana\index.php(37): CodeIgniter\CodeIgniter->run()
#7 {main}
ERROR - 2022-01-30 11:12:49 --> Table 'oee_monitoring.raw_data_export' doesn't exist in engine
CRITICAL - 2022-01-30 11:12:49 --> Call to a member function getResultArray() on bool
#0 C:\xampp\htdocs\Grafana\app\Controllers\Grafana.php(23): App\Models\MainModel->get_Raw_Data_Export()
#1 C:\xampp\htdocs\Grafana\system\CodeIgniter.php(825): App\Controllers\Grafana->dashboard()
#2 C:\xampp\htdocs\Grafana\system\CodeIgniter.php(412): CodeIgniter\CodeIgniter->runController(Object(App\Controllers\Grafana))
#3 C:\xampp\htdocs\Grafana\system\CodeIgniter.php(320): CodeIgniter\CodeIgniter->handleRequest(NULL, Object(Config\Cache), false)
#4 C:\xampp\htdocs\Grafana\index.php(37): CodeIgniter\CodeIgniter->run()
#5 {main}
ERROR - 2022-01-30 11:13:06 --> Table 'oee_monitoring.raw_data_export' doesn't exist in engine
CRITICAL - 2022-01-30 11:13:06 --> Call to a member function getResultArray() on bool
#0 C:\xampp\htdocs\Grafana\app\Controllers\Grafana.php(23): App\Models\MainModel->get_Raw_Data_Export()
#1 C:\xampp\htdocs\Grafana\system\CodeIgniter.php(825): App\Controllers\Grafana->dashboard()
#2 C:\xampp\htdocs\Grafana\system\CodeIgniter.php(412): CodeIgniter\CodeIgniter->runController(Object(App\Controllers\Grafana))
#3 C:\xampp\htdocs\Grafana\system\CodeIgniter.php(320): CodeIgniter\CodeIgniter->handleRequest(NULL, Object(Config\Cache), false)
#4 C:\xampp\htdocs\Grafana\index.php(37): CodeIgniter\CodeIgniter->run()
#5 {main}
ERROR - 2022-01-30 11:19:32 --> Table 'oee_monitoring.raw_data_export' doesn't exist in engine
CRITICAL - 2022-01-30 11:19:32 --> Call to a member function getResultArray() on bool
#0 C:\xampp\htdocs\Grafana\app\Controllers\Grafana.php(23): App\Models\MainModel->get_Raw_Data_Export()
#1 C:\xampp\htdocs\Grafana\system\CodeIgniter.php(825): App\Controllers\Grafana->dashboard()
#2 C:\xampp\htdocs\Grafana\system\CodeIgniter.php(412): CodeIgniter\CodeIgniter->runController(Object(App\Controllers\Grafana))
#3 C:\xampp\htdocs\Grafana\system\CodeIgniter.php(320): CodeIgniter\CodeIgniter->handleRequest(NULL, Object(Config\Cache), false)
#4 C:\xampp\htdocs\Grafana\index.php(37): CodeIgniter\CodeIgniter->run()
#5 {main}
ERROR - 2022-01-30 11:25:38 --> Table 'oee_monitoring.raw_data_export' doesn't exist in engine
CRITICAL - 2022-01-30 11:25:38 --> Call to a member function getResultArray() on bool
#0 C:\xampp\htdocs\Grafana\app\Controllers\Grafana.php(23): App\Models\MainModel->get_Raw_Data_Export()
#1 C:\xampp\htdocs\Grafana\system\CodeIgniter.php(825): App\Controllers\Grafana->dashboard()
#2 C:\xampp\htdocs\Grafana\system\CodeIgniter.php(412): CodeIgniter\CodeIgniter->runController(Object(App\Controllers\Grafana))
#3 C:\xampp\htdocs\Grafana\system\CodeIgniter.php(320): CodeIgniter\CodeIgniter->handleRequest(NULL, Object(Config\Cache), false)
#4 C:\xampp\htdocs\Grafana\index.php(37): CodeIgniter\CodeIgniter->run()
#5 {main}
ERROR - 2022-01-30 11:26:44 --> Table 'oee_monitoring.raw_data_export' doesn't exist in engine
CRITICAL - 2022-01-30 11:26:44 --> Call to a member function getResultArray() on bool
#0 C:\xampp\htdocs\Grafana\app\Controllers\Grafana.php(23): App\Models\MainModel->get_Raw_Data_Export()
#1 C:\xampp\htdocs\Grafana\system\CodeIgniter.php(825): App\Controllers\Grafana->dashboard()
#2 C:\xampp\htdocs\Grafana\system\CodeIgniter.php(412): CodeIgniter\CodeIgniter->runController(Object(App\Controllers\Grafana))
#3 C:\xampp\htdocs\Grafana\system\CodeIgniter.php(320): CodeIgniter\CodeIgniter->handleRequest(NULL, Object(Config\Cache), false)
#4 C:\xampp\htdocs\Grafana\index.php(37): CodeIgniter\CodeIgniter->run()
#5 {main}
ERROR - 2022-01-30 22:38:33 --> Table 'oee_monitoring.raw_data_export' doesn't exist in engine
CRITICAL - 2022-01-30 22:38:34 --> Call to a member function getResultArray() on bool
#0 C:\xampp\htdocs\Grafana\app\Controllers\Grafana.php(23): App\Models\MainModel->get_Raw_Data_Export()
#1 C:\xampp\htdocs\Grafana\system\CodeIgniter.php(825): App\Controllers\Grafana->dashboard()
#2 C:\xampp\htdocs\Grafana\system\CodeIgniter.php(412): CodeIgniter\CodeIgniter->runController(Object(App\Controllers\Grafana))
#3 C:\xampp\htdocs\Grafana\system\CodeIgniter.php(320): CodeIgniter\CodeIgniter->handleRequest(NULL, Object(Config\Cache), false)
#4 C:\xampp\htdocs\Grafana\index.php(37): CodeIgniter\CodeIgniter->run()
#5 {main}
CRITICAL - 2022-01-30 22:40:52 --> Undefined variable $select_opt
#0 C:\xampp\htdocs\Grafana\app\Views\Grafana_Home.php(266): CodeIgniter\Debug\Exceptions->errorHandler(2, 'Undefined varia...', 'C:\\xampp\\htdocs...', 266)
#1 C:\xampp\htdocs\Grafana\system\View\View.php(210): include('C:\\xampp\\htdocs...')
#2 C:\xampp\htdocs\Grafana\system\View\View.php(213): CodeIgniter\View\View->CodeIgniter\View\{closure}()
#3 C:\xampp\htdocs\Grafana\system\Common.php(1089): CodeIgniter\View\View->render('Grafana_Home', Array, true)
#4 C:\xampp\htdocs\Grafana\app\Controllers\Grafana.php(33): view('Grafana_Home', Array)
#5 C:\xampp\htdocs\Grafana\system\CodeIgniter.php(825): App\Controllers\Grafana->dashboard()
#6 C:\xampp\htdocs\Grafana\system\CodeIgniter.php(412): CodeIgniter\CodeIgniter->runController(Object(App\Controllers\Grafana))
#7 C:\xampp\htdocs\Grafana\system\CodeIgniter.php(320): CodeIgniter\CodeIgniter->handleRequest(NULL, Object(Config\Cache), false)
#8 C:\xampp\htdocs\Grafana\index.php(37): CodeIgniter\CodeIgniter->run()
#9 {main}
ERROR - 2022-01-30 22:43:04 --> Table 'oee_monitoring.raw_data_export' doesn't exist in engine
CRITICAL - 2022-01-30 22:43:04 --> Call to a member function getResultArray() on bool
#0 C:\xampp\htdocs\Grafana\app\Controllers\Grafana.php(23): App\Models\MainModel->get_Raw_Data_Export()
#1 C:\xampp\htdocs\Grafana\system\CodeIgniter.php(825): App\Controllers\Grafana->dashboard()
#2 C:\xampp\htdocs\Grafana\system\CodeIgniter.php(412): CodeIgniter\CodeIgniter->runController(Object(App\Controllers\Grafana))
#3 C:\xampp\htdocs\Grafana\system\CodeIgniter.php(320): CodeIgniter\CodeIgniter->handleRequest(NULL, Object(Config\Cache), false)
#4 C:\xampp\htdocs\Grafana\index.php(37): CodeIgniter\CodeIgniter->run()
#5 {main}
ERROR - 2022-01-30 22:50:05 --> Table 'oee_monitoring.raw_data_export' doesn't exist in engine
CRITICAL - 2022-01-30 22:50:05 --> Call to a member function getResultArray() on bool
#0 C:\xampp\htdocs\Grafana\app\Controllers\Grafana.php(23): App\Models\MainModel->get_Raw_Data_Export()
#1 C:\xampp\htdocs\Grafana\system\CodeIgniter.php(825): App\Controllers\Grafana->dashboard()
#2 C:\xampp\htdocs\Grafana\system\CodeIgniter.php(412): CodeIgniter\CodeIgniter->runController(Object(App\Controllers\Grafana))
#3 C:\xampp\htdocs\Grafana\system\CodeIgniter.php(320): CodeIgniter\CodeIgniter->handleRequest(NULL, Object(Config\Cache), false)
#4 C:\xampp\htdocs\Grafana\index.php(37): CodeIgniter\CodeIgniter->run()
#5 {main}
CRITICAL - 2022-01-30 22:51:06 --> Undefined variable $query
#0 C:\xampp\htdocs\Grafana\app\Models\MainModel.php(65): CodeIgniter\Debug\Exceptions->errorHandler(2, 'Undefined varia...', 'C:\\xampp\\htdocs...', 65)
#1 C:\xampp\htdocs\Grafana\app\Controllers\Grafana.php(23): App\Models\MainModel->get_Raw_Data_Export()
#2 C:\xampp\htdocs\Grafana\system\CodeIgniter.php(825): App\Controllers\Grafana->dashboard()
#3 C:\xampp\htdocs\Grafana\system\CodeIgniter.php(412): CodeIgniter\CodeIgniter->runController(Object(App\Controllers\Grafana))
#4 C:\xampp\htdocs\Grafana\system\CodeIgniter.php(320): CodeIgniter\CodeIgniter->handleRequest(NULL, Object(Config\Cache), false)
#5 C:\xampp\htdocs\Grafana\index.php(37): CodeIgniter\CodeIgniter->run()
#6 {main}
CRITICAL - 2022-01-30 22:51:29 --> Call to undefined method CodeIgniter\Database\MySQLi\Connection::get()
#0 C:\xampp\htdocs\Grafana\app\Controllers\Grafana.php(23): App\Models\MainModel->get_Raw_Data_Export()
#1 C:\xampp\htdocs\Grafana\system\CodeIgniter.php(825): App\Controllers\Grafana->dashboard()
#2 C:\xampp\htdocs\Grafana\system\CodeIgniter.php(412): CodeIgniter\CodeIgniter->runController(Object(App\Controllers\Grafana))
#3 C:\xampp\htdocs\Grafana\system\CodeIgniter.php(320): CodeIgniter\CodeIgniter->handleRequest(NULL, Object(Config\Cache), false)
#4 C:\xampp\htdocs\Grafana\index.php(37): CodeIgniter\CodeIgniter->run()
#5 {main}
