ERROR - 2022-05-31 01:32:26 --> Unknown column 'user_access.site_id' in 'on clause'
CRITICAL - 2022-05-31 01:32:26 --> Call to a member function getResultArray() on bool
#0 C:\xampp\htdocs\oee-module3\app\Controllers\User_controller.php(370): App\Models\User_Model->getUserDataInfo(Array)
#1 C:\xampp\htdocs\oee-module3\system\CodeIgniter.php(825): App\Controllers\User_controller->getUserData()
#2 C:\xampp\htdocs\oee-module3\system\CodeIgniter.php(412): CodeIgniter\CodeIgniter->runController(Object(App\Controllers\User_controller))
#3 C:\xampp\htdocs\oee-module3\system\CodeIgniter.php(320): CodeIgniter\CodeIgniter->handleRequest(NULL, Object(Config\Cache), false)
#4 C:\xampp\htdocs\oee-module3\index.php(37): CodeIgniter\CodeIgniter->run()
#5 {main}
ERROR - 2022-05-31 02:12:53 --> Unknown column 'user_access.site_id' in 'on clause'
CRITICAL - 2022-05-31 02:12:53 --> Call to a member function getResultArray() on bool
#0 C:\xampp\htdocs\oee-module3\app\Controllers\User_controller.php(370): App\Models\User_Model->getUserDataInfo(Array)
#1 C:\xampp\htdocs\oee-module3\system\CodeIgniter.php(825): App\Controllers\User_controller->getUserData()
#2 C:\xampp\htdocs\oee-module3\system\CodeIgniter.php(412): CodeIgniter\CodeIgniter->runController(Object(App\Controllers\User_controller))
#3 C:\xampp\htdocs\oee-module3\system\CodeIgniter.php(320): CodeIgniter\CodeIgniter->handleRequest(NULL, Object(Config\Cache), false)
#4 C:\xampp\htdocs\oee-module3\index.php(37): CodeIgniter\CodeIgniter->run()
#5 {main}
ERROR - 2022-05-31 02:21:29 --> Unknown column 'user_access.site_id' in 'on clause'
CRITICAL - 2022-05-31 02:21:29 --> Call to a member function getResultArray() on bool
#0 C:\xampp\htdocs\oee-module3\app\Controllers\User_controller.php(370): App\Models\User_Model->getUserDataInfo(Array)
#1 C:\xampp\htdocs\oee-module3\system\CodeIgniter.php(825): App\Controllers\User_controller->getUserData()
#2 C:\xampp\htdocs\oee-module3\system\CodeIgniter.php(412): CodeIgniter\CodeIgniter->runController(Object(App\Controllers\User_controller))
#3 C:\xampp\htdocs\oee-module3\system\CodeIgniter.php(320): CodeIgniter\CodeIgniter->handleRequest(NULL, Object(Config\Cache), false)
#4 C:\xampp\htdocs\oee-module3\index.php(37): CodeIgniter\CodeIgniter->run()
#5 {main}
ERROR - 2022-05-31 02:26:53 --> Table 'dub.user' doesn't exist
CRITICAL - 2022-05-31 02:26:53 --> Call to a member function getResultArray() on bool
#0 C:\xampp\htdocs\oee-module3\app\Controllers\User_controller.php(370): App\Models\User_Model->getUserDataInfo(Array)
#1 C:\xampp\htdocs\oee-module3\system\CodeIgniter.php(825): App\Controllers\User_controller->getUserData()
#2 C:\xampp\htdocs\oee-module3\system\CodeIgniter.php(412): CodeIgniter\CodeIgniter->runController(Object(App\Controllers\User_controller))
#3 C:\xampp\htdocs\oee-module3\system\CodeIgniter.php(320): CodeIgniter\CodeIgniter->handleRequest(NULL, Object(Config\Cache), false)
#4 C:\xampp\htdocs\oee-module3\index.php(37): CodeIgniter\CodeIgniter->run()
#5 {main}
ERROR - 2022-05-31 02:29:39 --> Table 'dub.user' doesn't exist
CRITICAL - 2022-05-31 02:29:39 --> Call to a member function getResultArray() on bool
#0 C:\xampp\htdocs\oee-module3\app\Controllers\User_controller.php(370): App\Models\User_Model->getUserDataInfo(Array)
#1 C:\xampp\htdocs\oee-module3\system\CodeIgniter.php(825): App\Controllers\User_controller->getUserData()
#2 C:\xampp\htdocs\oee-module3\system\CodeIgniter.php(412): CodeIgniter\CodeIgniter->runController(Object(App\Controllers\User_controller))
#3 C:\xampp\htdocs\oee-module3\system\CodeIgniter.php(320): CodeIgniter\CodeIgniter->handleRequest(NULL, Object(Config\Cache), false)
#4 C:\xampp\htdocs\oee-module3\index.php(37): CodeIgniter\CodeIgniter->run()
#5 {main}
ERROR - 2022-05-31 02:30:20 --> Table 'dub.user' doesn't exist
CRITICAL - 2022-05-31 02:30:20 --> Call to a member function getResultArray() on bool
#0 C:\xampp\htdocs\oee-module3\app\Controllers\User_controller.php(370): App\Models\User_Model->getUserDataInfo(Array)
#1 C:\xampp\htdocs\oee-module3\system\CodeIgniter.php(825): App\Controllers\User_controller->getUserData()
#2 C:\xampp\htdocs\oee-module3\system\CodeIgniter.php(412): CodeIgniter\CodeIgniter->runController(Object(App\Controllers\User_controller))
#3 C:\xampp\htdocs\oee-module3\system\CodeIgniter.php(320): CodeIgniter\CodeIgniter->handleRequest(NULL, Object(Config\Cache), false)
#4 C:\xampp\htdocs\oee-module3\index.php(37): CodeIgniter\CodeIgniter->run()
#5 {main}
ERROR - 2022-05-31 02:34:00 --> Table 'dub.user' doesn't exist
CRITICAL - 2022-05-31 02:34:00 --> Call to a member function getResultArray() on bool
#0 C:\xampp\htdocs\oee-module3\app\Controllers\User_controller.php(370): App\Models\User_Model->getUserDataInfo(Array)
#1 C:\xampp\htdocs\oee-module3\system\CodeIgniter.php(825): App\Controllers\User_controller->getUserData()
#2 C:\xampp\htdocs\oee-module3\system\CodeIgniter.php(412): CodeIgniter\CodeIgniter->runController(Object(App\Controllers\User_controller))
#3 C:\xampp\htdocs\oee-module3\system\CodeIgniter.php(320): CodeIgniter\CodeIgniter->handleRequest(NULL, Object(Config\Cache), false)
#4 C:\xampp\htdocs\oee-module3\index.php(37): CodeIgniter\CodeIgniter->run()
#5 {main}
ERROR - 2022-05-31 02:35:34 --> Table 'dub.user' doesn't exist
CRITICAL - 2022-05-31 02:35:34 --> Call to a member function getResultArray() on bool
#0 C:\xampp\htdocs\oee-module3\app\Controllers\User_controller.php(370): App\Models\User_Model->getUserDataInfo(Array)
#1 C:\xampp\htdocs\oee-module3\system\CodeIgniter.php(825): App\Controllers\User_controller->getUserData()
#2 C:\xampp\htdocs\oee-module3\system\CodeIgniter.php(412): CodeIgniter\CodeIgniter->runController(Object(App\Controllers\User_controller))
#3 C:\xampp\htdocs\oee-module3\system\CodeIgniter.php(320): CodeIgniter\CodeIgniter->handleRequest(NULL, Object(Config\Cache), false)
#4 C:\xampp\htdocs\oee-module3\index.php(37): CodeIgniter\CodeIgniter->run()
#5 {main}
CRITICAL - 2022-05-31 02:41:46 --> You must set the database table to be used with your query.
#0 C:\xampp\htdocs\oee-module3\system\Model.php(545): CodeIgniter\Database\BaseConnection->table(NULL)
#1 C:\xampp\htdocs\oee-module3\system\Model.php(722): CodeIgniter\Model->builder()
#2 C:\xampp\htdocs\oee-module3\app\Controllers\Home.php(1350): CodeIgniter\Model->__call('EditUserRoleMas...', Array)
#3 C:\xampp\htdocs\oee-module3\system\CodeIgniter.php(825): App\Controllers\Home->EditUserRoleMaster()
#4 C:\xampp\htdocs\oee-module3\system\CodeIgniter.php(412): CodeIgniter\CodeIgniter->runController(Object(App\Controllers\Home))
#5 C:\xampp\htdocs\oee-module3\system\CodeIgniter.php(320): CodeIgniter\CodeIgniter->handleRequest(NULL, Object(Config\Cache), false)
#6 C:\xampp\htdocs\oee-module3\index.php(37): CodeIgniter\CodeIgniter->run()
#7 {main}
CRITICAL - 2022-05-31 02:49:00 --> You must set the database table to be used with your query.
#0 C:\xampp\htdocs\oee-module3\system\Model.php(545): CodeIgniter\Database\BaseConnection->table(NULL)
#1 C:\xampp\htdocs\oee-module3\system\Model.php(722): CodeIgniter\Model->builder()
#2 C:\xampp\htdocs\oee-module3\app\Controllers\Home.php(1350): CodeIgniter\Model->__call('EditUserRoleMas...', Array)
#3 C:\xampp\htdocs\oee-module3\system\CodeIgniter.php(825): App\Controllers\Home->EditUserRoleMaster()
#4 C:\xampp\htdocs\oee-module3\system\CodeIgniter.php(412): CodeIgniter\CodeIgniter->runController(Object(App\Controllers\Home))
#5 C:\xampp\htdocs\oee-module3\system\CodeIgniter.php(320): CodeIgniter\CodeIgniter->handleRequest(NULL, Object(Config\Cache), false)
#6 C:\xampp\htdocs\oee-module3\index.php(37): CodeIgniter\CodeIgniter->run()
#7 {main}
CRITICAL - 2022-05-31 02:50:23 --> You must set the database table to be used with your query.
#0 C:\xampp\htdocs\oee-module3\system\Model.php(545): CodeIgniter\Database\BaseConnection->table(NULL)
#1 C:\xampp\htdocs\oee-module3\system\Model.php(722): CodeIgniter\Model->builder()
#2 C:\xampp\htdocs\oee-module3\app\Controllers\Home.php(1350): CodeIgniter\Model->__call('EditUserRoleMas...', Array)
#3 C:\xampp\htdocs\oee-module3\system\CodeIgniter.php(825): App\Controllers\Home->EditUserRoleMaster()
#4 C:\xampp\htdocs\oee-module3\system\CodeIgniter.php(412): CodeIgniter\CodeIgniter->runController(Object(App\Controllers\Home))
#5 C:\xampp\htdocs\oee-module3\system\CodeIgniter.php(320): CodeIgniter\CodeIgniter->handleRequest(NULL, Object(Config\Cache), false)
#6 C:\xampp\htdocs\oee-module3\index.php(37): CodeIgniter\CodeIgniter->run()
#7 {main}
ERROR - 2022-05-31 23:57:06 --> Unknown column 'u.user_id' in 'on clause'
CRITICAL - 2022-05-31 23:57:06 --> Call to a member function getResultArray() on bool
#0 C:\xampp\htdocs\oee-module3\app\Controllers\User_controller.php(296): App\Models\User_Model->getSiteUser(Array)
#1 C:\xampp\htdocs\oee-module3\system\CodeIgniter.php(825): App\Controllers\User_controller->getSiteUser()
#2 C:\xampp\htdocs\oee-module3\system\CodeIgniter.php(412): CodeIgniter\CodeIgniter->runController(Object(App\Controllers\User_controller))
#3 C:\xampp\htdocs\oee-module3\system\CodeIgniter.php(320): CodeIgniter\CodeIgniter->handleRequest(NULL, Object(Config\Cache), false)
#4 C:\xampp\htdocs\oee-module3\index.php(37): CodeIgniter\CodeIgniter->run()
#5 {main}
ERROR - 2022-05-31 23:57:13 --> Unknown column 'u.user_id' in 'on clause'
CRITICAL - 2022-05-31 23:57:13 --> Call to a member function getResultArray() on bool
#0 C:\xampp\htdocs\oee-module3\app\Controllers\User_controller.php(296): App\Models\User_Model->getSiteUser(Array)
#1 C:\xampp\htdocs\oee-module3\system\CodeIgniter.php(825): App\Controllers\User_controller->getSiteUser()
#2 C:\xampp\htdocs\oee-module3\system\CodeIgniter.php(412): CodeIgniter\CodeIgniter->runController(Object(App\Controllers\User_controller))
#3 C:\xampp\htdocs\oee-module3\system\CodeIgniter.php(320): CodeIgniter\CodeIgniter->handleRequest(NULL, Object(Config\Cache), false)
#4 C:\xampp\htdocs\oee-module3\index.php(37): CodeIgniter\CodeIgniter->run()
#5 {main}
ERROR - 2022-05-31 23:57:19 --> Unknown column 'u.user_id' in 'on clause'
CRITICAL - 2022-05-31 23:57:19 --> Call to a member function getResultArray() on bool
#0 C:\xampp\htdocs\oee-module3\app\Controllers\User_controller.php(296): App\Models\User_Model->getSiteUser(Array)
#1 C:\xampp\htdocs\oee-module3\system\CodeIgniter.php(825): App\Controllers\User_controller->getSiteUser()
#2 C:\xampp\htdocs\oee-module3\system\CodeIgniter.php(412): CodeIgniter\CodeIgniter->runController(Object(App\Controllers\User_controller))
#3 C:\xampp\htdocs\oee-module3\system\CodeIgniter.php(320): CodeIgniter\CodeIgniter->handleRequest(NULL, Object(Config\Cache), false)
#4 C:\xampp\htdocs\oee-module3\index.php(37): CodeIgniter\CodeIgniter->run()
#5 {main}
